#
# A fatal error has been detected by the Java Runtime Environment:
#
#  EXCEPTION_ACCESS_VIOLATION (0xc0000005) at pc=0x0000000056afba43, pid=12536, tid=33676
#
# JRE version: OpenJDK Runtime Environment Microsoft-11933218 (21.0.8+9) (build 21.0.8+9-LTS)
# Java VM: OpenJDK 64-Bit Server VM Microsoft-11933218 (21.0.8+9-LTS, mixed mode, sharing, tiered, compressed oops, compressed class ptrs, g1 gc, windows-amd64)
# Problematic frame:
# C  [gdx-box2d64.dll+0xba43]
#
# No core dump will be written. Minidumps are not enabled by default on client versions of Windows
#
# If you would like to submit a bug report, please visit:
#   https://github.com/microsoft/openjdk/issues
# The crash happened outside the Java Virtual Machine in native code.
# See problematic frame for where to report the bug.
#

---------------  S U M M A R Y ------------

Command Line: -Dfile.encoding=UTF-8 -Duser.country=US -Duser.language=en -Duser.variant com.csse3200.game.desktop.DesktopLauncher

Host: 13th Gen Intel(R) Core(TM) i9-13900HX, 32 cores, 15G,  Windows 11 , 64 bit Build 26100 (10.0.26100.5074)
Time: Wed Sep 10 21:28:02 2025 E. Australia Standard Time elapsed time: 20.187315 seconds (0d 0h 0m 20s)

---------------  T H R E A D  ---------------

Current thread (0x0000026f1757b830):  JavaThread "main"             [_thread_in_native, id=33676, stack(0x000000a877700000,0x000000a877800000) (1024K)]

Stack: [0x000000a877700000,0x000000a877800000],  sp=0x000000a8777feaf0,  free space=1018k
Native frames: (J=compiled Java code, j=interpreted, Vv=VM code, C=native code)
C  [gdx-box2d64.dll+0xba43]

Java frames: (J=compiled Java code, j=interpreted, Vv=VM code)
J 2879  com.badlogic.gdx.physics.box2d.World.jniCreateBody(JIFFFFFFFFZZZZZF)J (0 bytes) @ 0x0000026f279d395f [0x0000026f279d38a0+0x00000000000000bf]
j  com.badlogic.gdx.physics.box2d.World.createBody(Lcom/badlogic/gdx/physics/box2d/BodyDef;)Lcom/badlogic/gdx/physics/box2d/Body;+80
j  com.csse3200.game.physics.PhysicsEngine.createBody(Lcom/badlogic/gdx/physics/box2d/BodyDef;)Lcom/badlogic/gdx/physics/box2d/Body;+16
j  com.csse3200.game.physics.components.PhysicsComponent.<init>(Lcom/csse3200/game/physics/PhysicsEngine;)V+51
j  com.csse3200.game.physics.components.PhysicsComponent.<init>()V+7
j  com.csse3200.game.entities.factories.system.ObstacleFactory.createLongFloor()Lcom/csse3200/game/entities/Entity;+23
j  com.csse3200.game.areas.GameArea.spawnFloor()V+18
j  com.csse3200.game.areas.Floor2GameArea.create()V+21
j  com.csse3200.game.areas.Floor4GameArea.loadBackToFloor2()V+74
j  com.csse3200.game.areas.Floor4GameArea$$Lambda+0x0000026f3a0fdc88.run()V+4
j  com.badlogic.gdx.backends.lwjgl3.Lwjgl3Application.loop()V+247
j  com.badlogic.gdx.backends.lwjgl3.Lwjgl3Application.<init>(Lcom/badlogic/gdx/ApplicationListener;Lcom/badlogic/gdx/backends/lwjgl3/Lwjgl3ApplicationConfiguration;)V+269
j  com.csse3200.game.desktop.DesktopLauncher.main([Ljava/lang/String;)V+20
v  ~StubRoutines::call_stub 0x0000026f2708100d

siginfo: EXCEPTION_ACCESS_VIOLATION (0xc0000005), reading address 0x0000026c7f9e0ee0


Registers:
RAX=0x0000000056b3f060, RBX=0x0000026c7f9e0ee0, RCX=0x0000026f080271b0, RDX=0x00000000000000b8
RSP=0x000000a8777feaf0, RBP=0x0000026f080271e0, RSI=0x0000026f080271b0, RDI=0x0000000000000001
R8 =0x0000026f080271b0, R9 =0x0000000000000002, R10=0x0000000000000001, R11=0x0000000000000001
R12=0x0000000000000006, R13=0x000000003f800000, R14=0x000000a8777fee28, R15=0x0000026f1757b830
RIP=0x0000000056afba43, EFLAGS=0x0000000000010202

XMM[0]=0x0000000000000000 0x000000003f800000
XMM[1]=0x0000000000000000 0x0000000000000000
XMM[2]=0x0000000000000000 0x0000000000000000
XMM[3]=0x0000000000000000 0x0000000000000000
XMM[4]=0x0000000000000000 0x0000000000000000
XMM[5]=0x0000000000000000 0x0000000000000000
XMM[6]=0x0000000000000000 0x0000000040a00000
XMM[7]=0x0000000000000000 0x0000000000000000
XMM[8]=0x0000000000000000 0x0000000044c80000
XMM[9]=0x0000000000000000 0x000000003aa3d70a
XMM[10]=0x0000000000000000 0x000000003f800000
XMM[11]=0x0000000000000000 0x00000000c0000000
XMM[12]=0x0000000000000000 0x0000000000000000
XMM[13]=0x0000000000000000 0x0000000000000000
XMM[14]=0x0000000000000000 0x0000000000000000
XMM[15]=0x0000000000000000 0x0000000000000000
  MXCSR=0x00001fa0


Register to memory mapping:

RAX=0x0000000056b3f060 gdx-box2d64.dll
RBX=0x0000026c7f9e0ee0 is an unknown value
RCX=0x0000026f080271b0 points into unknown readable memory: 0x0000026f7fa2f790 | 90 f7 a2 7f 6f 02 00 00
RDX=0x00000000000000b8 is an unknown value
RSP=0x000000a8777feaf0 is pointing into the stack for thread: 0x0000026f1757b830
RBP=0x0000026f080271e0 points into unknown readable memory: 0x0000000000000000 | 00 00 00 00 00 00 00 00
RSI=0x0000026f080271b0 points into unknown readable memory: 0x0000026f7fa2f790 | 90 f7 a2 7f 6f 02 00 00
RDI=0x0000000000000001 is an unknown value
R8 =0x0000026f080271b0 points into unknown readable memory: 0x0000026f7fa2f790 | 90 f7 a2 7f 6f 02 00 00
R9 =0x0000000000000002 is an unknown value
R10=0x0000000000000001 is an unknown value
R11=0x0000000000000001 is an unknown value
R12=0x0000000000000006 is an unknown value
R13=0x000000003f800000 is an unknown value
R14=0x000000a8777fee28 is pointing into the stack for thread: 0x0000026f1757b830
R15=0x0000026f1757b830 is a thread

Top of Stack: (sp=0x000000a8777feaf0)
0x000000a8777feaf0:   0000000000000000 0000000056b0f73d
0x000000a8777feb00:   0000000000000000 0000000056b0f528
0x000000a8777feb10:   0000026f1757b830 00007ffe7f9dfa48
0x000000a8777feb20:   0000000714178a40 0000026f080271b0
0x000000a8777feb30:   000000a8777febd0 0000000000000001
0x000000a8777feb40:   000000a8777fecf0 0000000000000000
0x000000a8777feb50:   000000003f800000 0000000056b10e22
0x000000a8777feb60:   0000000714178730 0000026f3a0d8620
0x000000a8777feb70:   0000000000000000 0000026f278e2e94
0x000000a8777feb80:   0000000000000000 0000026f7a9b9330
0x000000a8777feb90:   0000000000000004 0000000000000001
0x000000a8777feba0:   0000000000000001 0000000056b166e6
0x000000a8777febb0:   0000026f1757b830 0000000100000000
0x000000a8777febc0:   0000000714178a88 00007ffe7f9dfb4d
0x000000a8777febd0:   0000000000000002 0000000000000000
0x000000a8777febe0:   0000000000000000 40a0000000000000
0x000000a8777febf0:   0001010100000000 00007ffe7fbcd400
0x000000a8777fec00:   0000000000000000 0000026f3f800000
0x000000a8777fec10:   0000026f7a92b5d8 0000026f279d39fa
0x000000a8777fec20:   0000026f373216f0 0000026f1757b830
0x000000a8777fec30:   000000073e4ccccd 0000026f00000000
0x000000a8777fec40:   0000000700000000 0000000000000000
0x000000a8777fec50:   0000000000000000 0000000000000000
0x000000a8777fec60:   0000000000000000 00007ffe00000000
0x000000a8777fec70:   0000000040a00000 0000026f00000000
0x000000a8777fec80:   0000000000000001 0000000000000001
0x000000a8777fec90:   0000000000000001 0000000000000000
0x000000a8777feca0:   0000000000000000 000000003f800000
0x000000a8777fecb0:   00000007120a6730 0000026f15021570
0x000000a8777fecc0:   000000a8777fed20 0000026f1757b830
0x000000a8777fecd0:   000000a8777fed00 0000026f15020000
0x000000a8777fece0:   000000071218f0f8 0000026f1757b800 

Instructions: (pc=0x0000000056afba43)
0x0000000056afb943:   f6 48 8d 2d b5 16 03 00 48 8d 3d 0e 37 04 00 4c
0x0000000056afb953:   8d 2d f7 31 03 00 4c 8d 25 55 32 03 00 eb 1a 83
0x0000000056afb963:   fe 0d 7e 11 41 b8 49 00 00 00 4c 89 ea 4c 89 e1
0x0000000056afb973:   e8 18 82 02 00 48 83 c3 01 48 63 c6 39 5c 85 00
0x0000000056afb983:   7d 03 83 c6 01 48 81 fb 80 02 00 00 40 88 34 1f
0x0000000056afb993:   75 cd c6 05 a4 36 04 00 01 48 83 c4 28 5b 5e 5f
0x0000000056afb9a3:   5d 41 5c 41 5d c3 90 66 0f 1f 44 00 00 57 56 53
0x0000000056afb9b3:   48 83 ec 20 8b 41 08 48 89 cf 85 c0 7e 1d 31 f6
0x0000000056afb9c3:   31 db 48 8b 07 83 c3 01 48 8b 4c 30 08 48 83 c6
0x0000000056afb9d3:   10 e8 a7 08 00 00 39 5f 08 7f e7 48 8b 0f 48 83
0x0000000056afb9e3:   c4 20 5b 5e 5f e9 93 08 00 00 90 66 90 41 55 41
0x0000000056afb9f3:   54 55 57 56 53 48 83 ec 38 48 63 da 48 89 ce 83
0x0000000056afba03:   fb 00 0f 84 95 01 00 00 0f 8e 6f 01 00 00 81 fb
0x0000000056afba13:   80 02 00 00 0f 8f 23 01 00 00 48 8d 05 3c 36 04
0x0000000056afba23:   00 44 0f b6 24 18 41 80 fc 0d 4c 89 e3 0f 87 da
0x0000000056afba33:   00 00 00 48 8d 2c de 48 8b 5d 10 48 85 db 74 1d
0x0000000056afba43:   48 8b 03 48 89 45 10 48 89 d8 48 83 c4 38 5b 5e
0x0000000056afba53:   5f 5d 41 5c 41 5d c3 66 0f 1f 44 00 00 48 63 46
0x0000000056afba63:   08 4c 8b 2e 3b 46 0c 0f 84 40 01 00 00 48 c1 e0
0x0000000056afba73:   04 b9 00 40 00 00 4d 63 e4 49 8d 7c 05 00 e8 ea
0x0000000056afba83:   07 00 00 48 89 c3 48 89 47 08 48 8d 05 6c 15 03
0x0000000056afba93:   00 46 8b 24 a0 b8 00 40 00 00 99 41 f7 fc 45 89
0x0000000056afbaa3:   e5 44 89 27 44 0f af e8 41 81 fd 00 40 00 00 0f
0x0000000056afbab3:   8f 9b 00 00 00 83 f8 01 7e 23 49 63 d4 83 e8 01
0x0000000056afbac3:   45 31 c0 49 89 d1 48 8d 0c 13 49 f7 d9 41 83 c0
0x0000000056afbad3:   01 4a 89 0c 09 48 01 d1 41 39 c0 75 f0 45 29 e5
0x0000000056afbae3:   4d 63 ed 4a c7 04 2b 00 00 00 00 48 8b 03 48 89
0x0000000056afbaf3:   45 10 83 46 08 01 48 89 d8 48 83 c4 38 5b 5e 5f
0x0000000056afbb03:   5d 41 5c 41 5d c3 0f 1f 80 00 00 00 00 48 8d 15
0x0000000056afbb13:   39 30 03 00 48 8d 0d b2 30 03 00 48 8d 2c de 41
0x0000000056afbb23:   b8 70 00 00 00 e8 63 80 02 00 48 8b 5d 10 48 85
0x0000000056afbb33:   db 0f 85 09 ff ff ff e9 21 ff ff ff 90 89 d9 48 


Stack slot to memory mapping:

stack at sp + 0 slots: 0x0 is null
stack at sp + 1 slots: 0x0000000056b0f73d gdx-box2d64.dll
stack at sp + 2 slots: 0x0 is null
stack at sp + 3 slots: 0x0000000056b0f528 gdx-box2d64.dll
stack at sp + 4 slots: 0x0000026f1757b830 is a thread
stack at sp + 5 slots: 0x00007ffe7f9dfa48 jvm.dll
stack at sp + 6 slots: 0x0000000714178a40 is an oop: com.csse3200.game.physics.components.PhysicsComponent$$Lambda/0x0000026f3a0d8620 
{0x0000000714178a40} - klass: 'com/csse3200/game/physics/components/PhysicsComponent$$Lambda+0x0000026f3a0d8620'
 - ---- fields (total size 2 words):
 - private final 'arg$1' 'Lcom/csse3200/game/physics/components/PhysicsComponent;' @12  a 'com/csse3200/game/physics/components/PhysicsComponent'{0x0000000714178778} (0xe282f0ef)
stack at sp + 7 slots: 0x0000026f080271b0 points into unknown readable memory: 0x0000026f7fa2f790 | 90 f7 a2 7f 6f 02 00 00


Compiled method (n/a) 20230 2879     n 0       com.badlogic.gdx.physics.box2d.World::jniCreateBody (native)
 total in heap  [0x0000026f279d3710,0x0000026f279d3b40] = 1072
 relocation     [0x0000026f279d3870,0x0000026f279d38a0] = 48
 main code      [0x0000026f279d38a0,0x0000026f279d3b36] = 662
 stub code      [0x0000026f279d3b36,0x0000026f279d3b38] = 2
 oops           [0x0000026f279d3b38,0x0000026f279d3b40] = 8

[Constant Pool (empty)]

[MachCode]
[Entry Point]
  # {method} {0x0000026f7a92b5e0} 'jniCreateBody' '(JIFFFFFFFFZZZZZF)J' in 'com/badlogic/gdx/physics/box2d/World'
  # this:     rdx:rdx   = 'com/badlogic/gdx/physics/box2d/World'
  # parm0:    r8:r8     = long
  # parm1:    r9        = int
  # parm2:    xmm0      = float
  # parm3:    xmm1      = float
  # parm4:    xmm2      = float
  # parm5:    xmm3      = float
  # parm6:    xmm4      = float
  # parm7:    xmm5      = float
  # parm8:    xmm6      = float
  # parm9:    xmm7      = float
  # parm10:   rdi       = boolean
  # parm11:   rsi       = boolean
  # parm12:   rcx       = boolean
  # parm13:   [sp+0xe0]   = boolean  (sp of caller)
  # parm14:   [sp+0xe8]   = boolean
  # parm15:   [sp+0xf0]   = float
  0x0000026f279d38a0: 448b 5208 | 49bb 0000 | 0039 6f02 | 0000 4d03 | d349 3bc2 | 0f84 0600 

  0x0000026f279d38b8: ;   {runtime_call ic_miss_stub}
  0x0000026f279d38b8: 0000 e9c1 | ae6f ff90 
[Verified Entry Point]
  0x0000026f279d38c0: 8984 2400 | 80ff ff55 | 488b ec48 | 81ec d000 | 0000 6690 | 4181 7f20 | 0100 0000 

  0x0000026f279d38dc: ;   {runtime_call StubRoutines (final stubs)}
  0x0000026f279d38dc: 7405 e87d | 146e ff8b | 4520 4889 | 8424 8800 | 0000 4863 | 4518 4889 | 8424 8000 | 0000 4863 
  0x0000026f279d38fc: 4510 4889 | 4424 7848 | 894c 2470 | 4889 7424 | 6848 897c | 2460 c5fa | 117c 2458 | c5fa 1174 
  0x0000026f279d391c: 2450 c5fa | 116c 2448 | c5fa 1164 | 2440 c5fa | 115c 2438 | c5fa 1154 | 2430 c5fa | 114c 2428 
  0x0000026f279d393c: c5fa 1144 | 2420 4889 | 9424 9000 | 0000 4883 | fa00 488d | 9424 9000 | 0000 480f | 4494 2490 
  0x0000026f279d395c: 0000 00c5 

  0x0000026f279d3960: ;   {internal_word}
  0x0000026f279d3960: f877 49ba | 5f39 9d27 | 6f02 0000 | 4d89 97a0 | 0300 0049 | 89a7 9803 

  0x0000026f279d3978: ;   {external_word}
  0x0000026f279d3978: 0000 49ba | 691e 2c80 | fe7f 0000 | 4180 3a00 | 0f84 4e00 | 0000 5241 

  0x0000026f279d3990: ;   {metadata({method} {0x0000026f7a92b5e0} 'jniCreateBody' '(JIFFFFFFFFZZZZZF)J' in 'com/badlogic/gdx/physics/box2d/World')}
  0x0000026f279d3990: 5041 5148 | bad8 b592 | 7a6f 0200 | 0049 8bcf | 4883 ec20 | 40f6 c40f | 0f84 1900 | 0000 4883 
  0x0000026f279d39b0: ;   {runtime_call}
  0x0000026f279d39b0: ec08 48b8 | 008c d57f | fe7f 0000 | ffd0 4883 | c408 e90c 

  0x0000026f279d39c4: ;   {runtime_call}
  0x0000026f279d39c4: 0000 0048 | b800 8cd5 | 7ffe 7f00 | 00ff d048 | 83c4 2041 | 5941 585a | 498d 8fb8 | 0300 0041 
  0x0000026f279d39e4: c787 4404 | 0000 0400 

  0x0000026f279d39ec: ;   {runtime_call}
  0x0000026f279d39ec: 0000 48b8 | e065 b156 | 0000 0000 | ffd0 c5f8 | 7741 c787 | 4404 0000 | 0500 0000 | f083 4424 
  0x0000026f279d3a0c: c000 493b | af48 0400 | 000f 870e | 0000 0041 | 83bf 4004 | 0000 000f | 842b 0000 | 00c5 f877 
  0x0000026f279d3a2c: 4889 45f8 | 498b cf4c | 8be4 4883 | ec20 4883 

  0x0000026f279d3a3c: ;   {runtime_call}
  0x0000026f279d3a3c: e4f0 48b8 | a0e1 a07f | fe7f 0000 | ffd0 498b | e44d 33e4 | 488b 45f8 | 41c7 8744 | 0400 0008 
  0x0000026f279d3a5c: 0000 0041 | 83bf c004 | 0000 020f | 849c 0000 

  0x0000026f279d3a6c: ;   {external_word}
  0x0000026f279d3a6c: 0049 ba69 | 1e2c 80fe | 7f00 0041 | 803a 000f | 844c 0000 | 0048 8945 

  0x0000026f279d3a84: ;   {metadata({method} {0x0000026f7a92b5e0} 'jniCreateBody' '(JIFFFFFFFFZZZZZF)J' in 'com/badlogic/gdx/physics/box2d/World')}
  0x0000026f279d3a84: f848 bad8 | b592 7a6f | 0200 0049 | 8bcf 4883 | ec20 40f6 | c40f 0f84 | 1900 0000 | 4883 ec08 
  0x0000026f279d3aa4: ;   {runtime_call}
  0x0000026f279d3aa4: 48b8 008c | d57f fe7f | 0000 ffd0 | 4883 c408 | e90c 0000 

  0x0000026f279d3ab8: ;   {runtime_call}
  0x0000026f279d3ab8: 0048 b800 | 8cd5 7ffe | 7f00 00ff | d048 83c4 | 2048 8b45 | f849 c787 | 9803 0000 | 0000 0000 
  0x0000026f279d3ad8: 49c7 87a0 | 0300 0000 | 0000 00c5 | f877 498b | 8f28 0400 | 00c7 8100 | 0100 0000 | 0000 00c9 
  0x0000026f279d3af8: 4983 7f08 | 000f 8501 | 0000 00c3 

  0x0000026f279d3b04: ;   {runtime_call StubRoutines (initial stubs)}
  0x0000026f279d3b04: e9f7 d36a | ffc5 f877 | 4889 45f8 | 4c8b e448 | 83ec 2048 

  0x0000026f279d3b18: ;   {runtime_call}
  0x0000026f279d3b18: 83e4 f048 | b830 c3d5 | 7ffe 7f00 | 00ff d049 | 8be4 4d33 | e448 8b45 | f8e9 37ff | ffff f4f4 
[/MachCode]


---------------  P R O C E S S  ---------------

Threads class SMR info:
_java_thread_list=0x0000026f00f83ea0, length=17, elements={
0x0000026f1757b830, 0x0000026f37335260, 0x0000026f37339ec0, 0x0000026f3733ee30,
0x0000026f3733f880, 0x0000026f373402d0, 0x0000026f37342d30, 0x0000026f37346c00,
0x0000026f373478f0, 0x0000026f38c03480, 0x0000026f38c37c50, 0x0000026f06e95030,
0x0000026f070a5030, 0x0000026f06eacd50, 0x0000026f072e2d50, 0x0000026f07286100,
0x0000026f0070bd40
}

Java Threads: ( => current thread )
=>0x0000026f1757b830 JavaThread "main"                              [_thread_in_native, id=33676, stack(0x000000a877700000,0x000000a877800000) (1024K)]
  0x0000026f37335260 JavaThread "Reference Handler"          daemon [_thread_blocked, id=30596, stack(0x000000a877f00000,0x000000a878000000) (1024K)]
  0x0000026f37339ec0 JavaThread "Finalizer"                  daemon [_thread_blocked, id=27540, stack(0x000000a878000000,0x000000a878100000) (1024K)]
  0x0000026f3733ee30 JavaThread "Signal Dispatcher"          daemon [_thread_blocked, id=33104, stack(0x000000a878100000,0x000000a878200000) (1024K)]
  0x0000026f3733f880 JavaThread "Attach Listener"            daemon [_thread_blocked, id=11720, stack(0x000000a878200000,0x000000a878300000) (1024K)]
  0x0000026f373402d0 JavaThread "Service Thread"             daemon [_thread_blocked, id=42464, stack(0x000000a878300000,0x000000a878400000) (1024K)]
  0x0000026f37342d30 JavaThread "Monitor Deflation Thread"   daemon [_thread_blocked, id=5036, stack(0x000000a878400000,0x000000a878500000) (1024K)]
  0x0000026f37346c00 JavaThread "C2 CompilerThread0"         daemon [_thread_blocked, id=32820, stack(0x000000a878500000,0x000000a878600000) (1024K)]
  0x0000026f373478f0 JavaThread "C1 CompilerThread0"         daemon [_thread_blocked, id=33212, stack(0x000000a878600000,0x000000a878700000) (1024K)]
  0x0000026f38c03480 JavaThread "Notification Thread"        daemon [_thread_blocked, id=36728, stack(0x000000a878a00000,0x000000a878b00000) (1024K)]
  0x0000026f38c37c50 JavaThread "Common-Cleaner"             daemon [_thread_blocked, id=5888, stack(0x000000a878b00000,0x000000a878c00000) (1024K)]
  0x0000026f06e95030 JavaThread "AssetManager"               daemon [_thread_blocked, id=45992, stack(0x000000a879800000,0x000000a879900000) (1024K)]
  0x0000026f070a5030 JavaThread "LWJGL3 Timer"               daemon [_thread_blocked, id=44552, stack(0x000000a87a200000,0x000000a87a300000) (1024K)]
  0x0000026f06eacd50 JavaThread "AssetManager"               daemon [_thread_blocked, id=4956, stack(0x000000a878c00000,0x000000a878d00000) (1024K)]
  0x0000026f072e2d50 JavaThread "Timer"                      daemon [_thread_blocked, id=42328, stack(0x000000a87a300000,0x000000a87a400000) (1024K)]
  0x0000026f07286100 JavaThread "AssetManager"               daemon [_thread_blocked, id=6792, stack(0x000000a879700000,0x000000a879800000) (1024K)]
  0x0000026f0070bd40 JavaThread "AssetManager"               daemon [_thread_blocked, id=44252, stack(0x000000a878800000,0x000000a878900000) (1024K)]
Total: 17

Other Threads:
  0x0000026f3731d690 VMThread "VM Thread"                           [id=43220, stack(0x000000a877e00000,0x000000a877f00000) (1024K)]
  0x0000026f3730d310 WatcherThread "VM Periodic Task Thread"        [id=12852, stack(0x000000a877d00000,0x000000a877e00000) (1024K)]
  0x0000026f175e55a0 WorkerThread "GC Thread#0"                     [id=45004, stack(0x000000a877800000,0x000000a877900000) (1024K)]
  0x0000026f000bb180 WorkerThread "GC Thread#1"                     [id=5260, stack(0x000000a879900000,0x000000a879a00000) (1024K)]
  0x0000026f000bc3a0 WorkerThread "GC Thread#2"                     [id=43904, stack(0x000000a879a00000,0x000000a879b00000) (1024K)]
  0x0000026f000bc740 WorkerThread "GC Thread#3"                     [id=5896, stack(0x000000a879b00000,0x000000a879c00000) (1024K)]
  0x0000026f000bb520 WorkerThread "GC Thread#4"                     [id=5904, stack(0x000000a879c00000,0x000000a879d00000) (1024K)]
  0x0000026f000bbc60 WorkerThread "GC Thread#5"                     [id=40684, stack(0x000000a879d00000,0x000000a879e00000) (1024K)]
  0x0000026f000bc000 WorkerThread "GC Thread#6"                     [id=17292, stack(0x000000a879e00000,0x000000a879f00000) (1024K)]
  0x0000026f000bb8c0 WorkerThread "GC Thread#7"                     [id=42512, stack(0x000000a879f00000,0x000000a87a000000) (1024K)]
  0x0000026f06fafe10 WorkerThread "GC Thread#8"                     [id=37904, stack(0x000000a87a000000,0x000000a87a100000) (1024K)]
  0x0000026f06fb30d0 WorkerThread "GC Thread#9"                     [id=40512, stack(0x000000a87a100000,0x000000a87a200000) (1024K)]
  0x0000026f06fb25f0 WorkerThread "GC Thread#10"                    [id=40528, stack(0x000000a879600000,0x000000a879700000) (1024K)]
  0x0000026f175f6150 ConcurrentGCThread "G1 Main Marker"            [id=13356, stack(0x000000a877900000,0x000000a877a00000) (1024K)]
  0x0000026f175f7460 WorkerThread "G1 Conc#0"                       [id=36092, stack(0x000000a877a00000,0x000000a877b00000) (1024K)]
  0x0000026f37261510 ConcurrentGCThread "G1 Refine#0"               [id=45268, stack(0x000000a877b00000,0x000000a877c00000) (1024K)]
  0x0000026f37261f20 ConcurrentGCThread "G1 Service"                [id=44812, stack(0x000000a877c00000,0x000000a877d00000) (1024K)]
Total: 17

Threads with active compile tasks:
Total: 0

VM state: not at safepoint (normal execution)

VM Mutex/Monitor currently owned by a thread: None

Heap address: 0x0000000704e00000, size: 4018 MB, Compressed Oops mode: Zero based, Oop shift amount: 3

CDS archive(s) mapped at: [0x0000026f39000000-0x0000026f39c80000-0x0000026f39c80000), size 13107200, SharedBaseAddress: 0x0000026f39000000, ArchiveRelocationMode: 1.
Compressed class space mapped at: 0x0000026f3a000000-0x0000026f7a000000, reserved size: 1073741824
Narrow klass base: 0x0000026f39000000, Narrow klass shift: 0, Narrow klass range: 0x100000000

GC Precious Log:
 CardTable entry size: 512
 Card Set container configuration: InlinePtr #cards 4 size 8 Array Of Cards #cards 16 size 48 Howl #buckets 8 coarsen threshold 3686 Howl Bitmap #cards 512 size 80 coarsen threshold 460 Card regions per heap region 1 cards per card region 4096
 CPUs: 32 total, 32 available
 Memory: 16068M
 Large Page Support: Disabled
 NUMA Support: Disabled
 Compressed Oops: Enabled (Zero based)
 Heap Region Size: 2M
 Heap Min Capacity: 8M
 Heap Initial Capacity: 252M
 Heap Max Capacity: 4018M
 Pre-touch: Disabled
 Parallel Workers: 23
 Concurrent Workers: 6
 Concurrent Refinement Workers: 23
 Periodic GC: Disabled

Heap:
 garbage-first heap   total 258048K, used 17311K [0x0000000704e00000, 0x0000000800000000)
  region size 2048K, 6 young (12288K), 1 survivors (2048K)
 Metaspace       used 10650K, committed 10880K, reserved 1114112K
  class space    used 912K, committed 1024K, reserved 1048576K

Heap Regions: E=young(eden), S=young(survivor), O=old, HS=humongous(starts), HC=humongous(continues), CS=collection set, F=free, TAMS=top-at-mark-start, PB=parsable bottom
|   0|0x0000000704e00000, 0x0000000705000000, 0x0000000705000000|100%|HS|  |TAMS 0x0000000704e00000| PB 0x0000000704e00000| Complete 
|   1|0x0000000705000000, 0x0000000705200000, 0x0000000705200000|100%|HS|  |TAMS 0x0000000705000000| PB 0x0000000705000000| Complete 
|   2|0x0000000705200000, 0x0000000705400000, 0x0000000705400000|100%|HC|  |TAMS 0x0000000705200000| PB 0x0000000705200000| Complete 
|   3|0x0000000705400000, 0x0000000705400000, 0x0000000705600000|  0%| F|  |TAMS 0x0000000705400000| PB 0x0000000705400000| Untracked 
|   4|0x0000000705600000, 0x0000000705600000, 0x0000000705800000|  0%| F|  |TAMS 0x0000000705600000| PB 0x0000000705600000| Untracked 
|   5|0x0000000705800000, 0x0000000705800000, 0x0000000705a00000|  0%| F|  |TAMS 0x0000000705800000| PB 0x0000000705800000| Untracked 
|   6|0x0000000705a00000, 0x0000000705a00000, 0x0000000705c00000|  0%| F|  |TAMS 0x0000000705a00000| PB 0x0000000705a00000| Untracked 
|   7|0x0000000705c00000, 0x0000000705c00000, 0x0000000705e00000|  0%| F|  |TAMS 0x0000000705c00000| PB 0x0000000705c00000| Untracked 
|   8|0x0000000705e00000, 0x0000000705e00000, 0x0000000706000000|  0%| F|  |TAMS 0x0000000705e00000| PB 0x0000000705e00000| Untracked 
|   9|0x0000000706000000, 0x0000000706000000, 0x0000000706200000|  0%| F|  |TAMS 0x0000000706000000| PB 0x0000000706000000| Untracked 
|  10|0x0000000706200000, 0x0000000706200000, 0x0000000706400000|  0%| F|  |TAMS 0x0000000706200000| PB 0x0000000706200000| Untracked 
|  11|0x0000000706400000, 0x0000000706400000, 0x0000000706600000|  0%| F|  |TAMS 0x0000000706400000| PB 0x0000000706400000| Untracked 
|  12|0x0000000706600000, 0x0000000706600000, 0x0000000706800000|  0%| F|  |TAMS 0x0000000706600000| PB 0x0000000706600000| Untracked 
|  13|0x0000000706800000, 0x0000000706800000, 0x0000000706a00000|  0%| F|  |TAMS 0x0000000706800000| PB 0x0000000706800000| Untracked 
|  14|0x0000000706a00000, 0x0000000706a00000, 0x0000000706c00000|  0%| F|  |TAMS 0x0000000706a00000| PB 0x0000000706a00000| Untracked 
|  15|0x0000000706c00000, 0x0000000706c00000, 0x0000000706e00000|  0%| F|  |TAMS 0x0000000706c00000| PB 0x0000000706c00000| Untracked 
|  16|0x0000000706e00000, 0x0000000706e00000, 0x0000000707000000|  0%| F|  |TAMS 0x0000000706e00000| PB 0x0000000706e00000| Untracked 
|  17|0x0000000707000000, 0x0000000707000000, 0x0000000707200000|  0%| F|  |TAMS 0x0000000707000000| PB 0x0000000707000000| Untracked 
|  18|0x0000000707200000, 0x0000000707400000, 0x0000000707400000|100%| O|  |TAMS 0x0000000707200000| PB 0x0000000707200000| Untracked 
|  19|0x0000000707400000, 0x000000070751e1a0, 0x0000000707600000| 55%| O|  |TAMS 0x0000000707400000| PB 0x0000000707400000| Untracked 
|  20|0x0000000707600000, 0x0000000707600000, 0x0000000707800000|  0%| F|  |TAMS 0x0000000707600000| PB 0x0000000707600000| Untracked 
|  21|0x0000000707800000, 0x0000000707800000, 0x0000000707a00000|  0%| F|  |TAMS 0x0000000707800000| PB 0x0000000707800000| Untracked 
|  22|0x0000000707a00000, 0x0000000707a00000, 0x0000000707c00000|  0%| F|  |TAMS 0x0000000707a00000| PB 0x0000000707a00000| Untracked 
|  23|0x0000000707c00000, 0x0000000707c00000, 0x0000000707e00000|  0%| F|  |TAMS 0x0000000707c00000| PB 0x0000000707c00000| Untracked 
|  24|0x0000000707e00000, 0x0000000707e00000, 0x0000000708000000|  0%| F|  |TAMS 0x0000000707e00000| PB 0x0000000707e00000| Untracked 
|  25|0x0000000708000000, 0x0000000708000000, 0x0000000708200000|  0%| F|  |TAMS 0x0000000708000000| PB 0x0000000708000000| Untracked 
|  26|0x0000000708200000, 0x0000000708200000, 0x0000000708400000|  0%| F|  |TAMS 0x0000000708200000| PB 0x0000000708200000| Untracked 
|  27|0x0000000708400000, 0x0000000708400000, 0x0000000708600000|  0%| F|  |TAMS 0x0000000708400000| PB 0x0000000708400000| Untracked 
|  28|0x0000000708600000, 0x0000000708600000, 0x0000000708800000|  0%| F|  |TAMS 0x0000000708600000| PB 0x0000000708600000| Untracked 
|  29|0x0000000708800000, 0x0000000708800000, 0x0000000708a00000|  0%| F|  |TAMS 0x0000000708800000| PB 0x0000000708800000| Untracked 
|  30|0x0000000708a00000, 0x0000000708a00000, 0x0000000708c00000|  0%| F|  |TAMS 0x0000000708a00000| PB 0x0000000708a00000| Untracked 
|  31|0x0000000708c00000, 0x0000000708c00000, 0x0000000708e00000|  0%| F|  |TAMS 0x0000000708c00000| PB 0x0000000708c00000| Untracked 
|  32|0x0000000708e00000, 0x0000000708e00000, 0x0000000709000000|  0%| F|  |TAMS 0x0000000708e00000| PB 0x0000000708e00000| Untracked 
|  33|0x0000000709000000, 0x0000000709000000, 0x0000000709200000|  0%| F|  |TAMS 0x0000000709000000| PB 0x0000000709000000| Untracked 
|  34|0x0000000709200000, 0x0000000709200000, 0x0000000709400000|  0%| F|  |TAMS 0x0000000709200000| PB 0x0000000709200000| Untracked 
|  35|0x0000000709400000, 0x0000000709400000, 0x0000000709600000|  0%| F|  |TAMS 0x0000000709400000| PB 0x0000000709400000| Untracked 
|  36|0x0000000709600000, 0x0000000709600000, 0x0000000709800000|  0%| F|  |TAMS 0x0000000709600000| PB 0x0000000709600000| Untracked 
|  37|0x0000000709800000, 0x0000000709800000, 0x0000000709a00000|  0%| F|  |TAMS 0x0000000709800000| PB 0x0000000709800000| Untracked 
|  38|0x0000000709a00000, 0x0000000709a00000, 0x0000000709c00000|  0%| F|  |TAMS 0x0000000709a00000| PB 0x0000000709a00000| Untracked 
|  39|0x0000000709c00000, 0x0000000709c00000, 0x0000000709e00000|  0%| F|  |TAMS 0x0000000709c00000| PB 0x0000000709c00000| Untracked 
|  40|0x0000000709e00000, 0x0000000709e00000, 0x000000070a000000|  0%| F|  |TAMS 0x0000000709e00000| PB 0x0000000709e00000| Untracked 
|  41|0x000000070a000000, 0x000000070a000000, 0x000000070a200000|  0%| F|  |TAMS 0x000000070a000000| PB 0x000000070a000000| Untracked 
|  42|0x000000070a200000, 0x000000070a200000, 0x000000070a400000|  0%| F|  |TAMS 0x000000070a200000| PB 0x000000070a200000| Untracked 
|  43|0x000000070a400000, 0x000000070a400000, 0x000000070a600000|  0%| F|  |TAMS 0x000000070a400000| PB 0x000000070a400000| Untracked 
|  44|0x000000070a600000, 0x000000070a600000, 0x000000070a800000|  0%| F|  |TAMS 0x000000070a600000| PB 0x000000070a600000| Untracked 
|  45|0x000000070a800000, 0x000000070a800000, 0x000000070aa00000|  0%| F|  |TAMS 0x000000070a800000| PB 0x000000070a800000| Untracked 
|  46|0x000000070aa00000, 0x000000070aa00000, 0x000000070ac00000|  0%| F|  |TAMS 0x000000070aa00000| PB 0x000000070aa00000| Untracked 
|  47|0x000000070ac00000, 0x000000070ac00000, 0x000000070ae00000|  0%| F|  |TAMS 0x000000070ac00000| PB 0x000000070ac00000| Untracked 
|  48|0x000000070ae00000, 0x000000070ae00000, 0x000000070b000000|  0%| F|  |TAMS 0x000000070ae00000| PB 0x000000070ae00000| Untracked 
|  49|0x000000070b000000, 0x000000070b000000, 0x000000070b200000|  0%| F|  |TAMS 0x000000070b000000| PB 0x000000070b000000| Untracked 
|  50|0x000000070b200000, 0x000000070b200000, 0x000000070b400000|  0%| F|  |TAMS 0x000000070b200000| PB 0x000000070b200000| Untracked 
|  51|0x000000070b400000, 0x000000070b400000, 0x000000070b600000|  0%| F|  |TAMS 0x000000070b400000| PB 0x000000070b400000| Untracked 
|  52|0x000000070b600000, 0x000000070b600000, 0x000000070b800000|  0%| F|  |TAMS 0x000000070b600000| PB 0x000000070b600000| Untracked 
|  53|0x000000070b800000, 0x000000070b800000, 0x000000070ba00000|  0%| F|  |TAMS 0x000000070b800000| PB 0x000000070b800000| Untracked 
|  54|0x000000070ba00000, 0x000000070ba00000, 0x000000070bc00000|  0%| F|  |TAMS 0x000000070ba00000| PB 0x000000070ba00000| Untracked 
|  55|0x000000070bc00000, 0x000000070bc00000, 0x000000070be00000|  0%| F|  |TAMS 0x000000070bc00000| PB 0x000000070bc00000| Untracked 
|  56|0x000000070be00000, 0x000000070be00000, 0x000000070c000000|  0%| F|  |TAMS 0x000000070be00000| PB 0x000000070be00000| Untracked 
|  57|0x000000070c000000, 0x000000070c000000, 0x000000070c200000|  0%| F|  |TAMS 0x000000070c000000| PB 0x000000070c000000| Untracked 
|  58|0x000000070c200000, 0x000000070c200000, 0x000000070c400000|  0%| F|  |TAMS 0x000000070c200000| PB 0x000000070c200000| Untracked 
|  59|0x000000070c400000, 0x000000070c400000, 0x000000070c600000|  0%| F|  |TAMS 0x000000070c400000| PB 0x000000070c400000| Untracked 
|  60|0x000000070c600000, 0x000000070c600000, 0x000000070c800000|  0%| F|  |TAMS 0x000000070c600000| PB 0x000000070c600000| Untracked 
|  61|0x000000070c800000, 0x000000070c800000, 0x000000070ca00000|  0%| F|  |TAMS 0x000000070c800000| PB 0x000000070c800000| Untracked 
|  62|0x000000070ca00000, 0x000000070ca00000, 0x000000070cc00000|  0%| F|  |TAMS 0x000000070ca00000| PB 0x000000070ca00000| Untracked 
|  63|0x000000070cc00000, 0x000000070cc00000, 0x000000070ce00000|  0%| F|  |TAMS 0x000000070cc00000| PB 0x000000070cc00000| Untracked 
|  64|0x000000070ce00000, 0x000000070ce00000, 0x000000070d000000|  0%| F|  |TAMS 0x000000070ce00000| PB 0x000000070ce00000| Untracked 
|  65|0x000000070d000000, 0x000000070d000000, 0x000000070d200000|  0%| F|  |TAMS 0x000000070d000000| PB 0x000000070d000000| Untracked 
|  66|0x000000070d200000, 0x000000070d200000, 0x000000070d400000|  0%| F|  |TAMS 0x000000070d200000| PB 0x000000070d200000| Untracked 
|  67|0x000000070d400000, 0x000000070d400000, 0x000000070d600000|  0%| F|  |TAMS 0x000000070d400000| PB 0x000000070d400000| Untracked 
|  68|0x000000070d600000, 0x000000070d600000, 0x000000070d800000|  0%| F|  |TAMS 0x000000070d600000| PB 0x000000070d600000| Untracked 
|  69|0x000000070d800000, 0x000000070d800000, 0x000000070da00000|  0%| F|  |TAMS 0x000000070d800000| PB 0x000000070d800000| Untracked 
|  70|0x000000070da00000, 0x000000070da00000, 0x000000070dc00000|  0%| F|  |TAMS 0x000000070da00000| PB 0x000000070da00000| Untracked 
|  71|0x000000070dc00000, 0x000000070dc00000, 0x000000070de00000|  0%| F|  |TAMS 0x000000070dc00000| PB 0x000000070dc00000| Untracked 
|  72|0x000000070de00000, 0x000000070de00000, 0x000000070e000000|  0%| F|  |TAMS 0x000000070de00000| PB 0x000000070de00000| Untracked 
|  73|0x000000070e000000, 0x000000070e000000, 0x000000070e200000|  0%| F|  |TAMS 0x000000070e000000| PB 0x000000070e000000| Untracked 
|  74|0x000000070e200000, 0x000000070e200000, 0x000000070e400000|  0%| F|  |TAMS 0x000000070e200000| PB 0x000000070e200000| Untracked 
|  75|0x000000070e400000, 0x000000070e400000, 0x000000070e600000|  0%| F|  |TAMS 0x000000070e400000| PB 0x000000070e400000| Untracked 
|  76|0x000000070e600000, 0x000000070e600000, 0x000000070e800000|  0%| F|  |TAMS 0x000000070e600000| PB 0x000000070e600000| Untracked 
|  77|0x000000070e800000, 0x000000070e800000, 0x000000070ea00000|  0%| F|  |TAMS 0x000000070e800000| PB 0x000000070e800000| Untracked 
|  78|0x000000070ea00000, 0x000000070ea00000, 0x000000070ec00000|  0%| F|  |TAMS 0x000000070ea00000| PB 0x000000070ea00000| Untracked 
|  79|0x000000070ec00000, 0x000000070ec00000, 0x000000070ee00000|  0%| F|  |TAMS 0x000000070ec00000| PB 0x000000070ec00000| Untracked 
|  80|0x000000070ee00000, 0x000000070ee00000, 0x000000070f000000|  0%| F|  |TAMS 0x000000070ee00000| PB 0x000000070ee00000| Untracked 
|  81|0x000000070f000000, 0x000000070f000000, 0x000000070f200000|  0%| F|  |TAMS 0x000000070f000000| PB 0x000000070f000000| Untracked 
|  82|0x000000070f200000, 0x000000070f200000, 0x000000070f400000|  0%| F|  |TAMS 0x000000070f200000| PB 0x000000070f200000| Untracked 
|  83|0x000000070f400000, 0x000000070f400000, 0x000000070f600000|  0%| F|  |TAMS 0x000000070f400000| PB 0x000000070f400000| Untracked 
|  84|0x000000070f600000, 0x000000070f600000, 0x000000070f800000|  0%| F|  |TAMS 0x000000070f600000| PB 0x000000070f600000| Untracked 
|  85|0x000000070f800000, 0x000000070f800000, 0x000000070fa00000|  0%| F|  |TAMS 0x000000070f800000| PB 0x000000070f800000| Untracked 
|  86|0x000000070fa00000, 0x000000070fa00000, 0x000000070fc00000|  0%| F|  |TAMS 0x000000070fa00000| PB 0x000000070fa00000| Untracked 
|  87|0x000000070fc00000, 0x000000070fc00000, 0x000000070fe00000|  0%| F|  |TAMS 0x000000070fc00000| PB 0x000000070fc00000| Untracked 
|  88|0x000000070fe00000, 0x000000070fe00000, 0x0000000710000000|  0%| F|  |TAMS 0x000000070fe00000| PB 0x000000070fe00000| Untracked 
|  89|0x0000000710000000, 0x0000000710000000, 0x0000000710200000|  0%| F|  |TAMS 0x0000000710000000| PB 0x0000000710000000| Untracked 
|  90|0x0000000710200000, 0x0000000710200000, 0x0000000710400000|  0%| F|  |TAMS 0x0000000710200000| PB 0x0000000710200000| Untracked 
|  91|0x0000000710400000, 0x0000000710400000, 0x0000000710600000|  0%| F|  |TAMS 0x0000000710400000| PB 0x0000000710400000| Untracked 
|  92|0x0000000710600000, 0x0000000710600000, 0x0000000710800000|  0%| F|  |TAMS 0x0000000710600000| PB 0x0000000710600000| Untracked 
|  93|0x0000000710800000, 0x0000000710800000, 0x0000000710a00000|  0%| F|  |TAMS 0x0000000710800000| PB 0x0000000710800000| Untracked 
|  94|0x0000000710a00000, 0x0000000710a00000, 0x0000000710c00000|  0%| F|  |TAMS 0x0000000710a00000| PB 0x0000000710a00000| Untracked 
|  95|0x0000000710c00000, 0x0000000710c00000, 0x0000000710e00000|  0%| F|  |TAMS 0x0000000710c00000| PB 0x0000000710c00000| Untracked 
|  96|0x0000000710e00000, 0x0000000710e00000, 0x0000000711000000|  0%| F|  |TAMS 0x0000000710e00000| PB 0x0000000710e00000| Untracked 
|  97|0x0000000711000000, 0x0000000711000000, 0x0000000711200000|  0%| F|  |TAMS 0x0000000711000000| PB 0x0000000711000000| Untracked 
|  98|0x0000000711200000, 0x0000000711200000, 0x0000000711400000|  0%| F|  |TAMS 0x0000000711200000| PB 0x0000000711200000| Untracked 
|  99|0x0000000711400000, 0x0000000711400000, 0x0000000711600000|  0%| F|  |TAMS 0x0000000711400000| PB 0x0000000711400000| Untracked 
| 100|0x0000000711600000, 0x0000000711600000, 0x0000000711800000|  0%| F|  |TAMS 0x0000000711600000| PB 0x0000000711600000| Untracked 
| 101|0x0000000711800000, 0x0000000711800000, 0x0000000711a00000|  0%| F|  |TAMS 0x0000000711800000| PB 0x0000000711800000| Untracked 
| 102|0x0000000711a00000, 0x0000000711a00000, 0x0000000711c00000|  0%| F|  |TAMS 0x0000000711a00000| PB 0x0000000711a00000| Untracked 
| 103|0x0000000711c00000, 0x0000000711c00000, 0x0000000711e00000|  0%| F|  |TAMS 0x0000000711c00000| PB 0x0000000711c00000| Untracked 
| 104|0x0000000711e00000, 0x0000000711e00000, 0x0000000712000000|  0%| F|  |TAMS 0x0000000711e00000| PB 0x0000000711e00000| Untracked 
| 105|0x0000000712000000, 0x00000007121c9d78, 0x0000000712200000| 89%| S|CS|TAMS 0x0000000712000000| PB 0x0000000712000000| Complete 
| 106|0x0000000712200000, 0x0000000712200000, 0x0000000712400000|  0%| F|  |TAMS 0x0000000712200000| PB 0x0000000712200000| Untracked 
| 107|0x0000000712400000, 0x0000000712400000, 0x0000000712600000|  0%| F|  |TAMS 0x0000000712400000| PB 0x0000000712400000| Untracked 
| 108|0x0000000712600000, 0x0000000712600000, 0x0000000712800000|  0%| F|  |TAMS 0x0000000712600000| PB 0x0000000712600000| Untracked 
| 109|0x0000000712800000, 0x0000000712800000, 0x0000000712a00000|  0%| F|  |TAMS 0x0000000712800000| PB 0x0000000712800000| Untracked 
| 110|0x0000000712a00000, 0x0000000712a00000, 0x0000000712c00000|  0%| F|  |TAMS 0x0000000712a00000| PB 0x0000000712a00000| Untracked 
| 111|0x0000000712c00000, 0x0000000712c00000, 0x0000000712e00000|  0%| F|  |TAMS 0x0000000712c00000| PB 0x0000000712c00000| Untracked 
| 112|0x0000000712e00000, 0x0000000712e00000, 0x0000000713000000|  0%| F|  |TAMS 0x0000000712e00000| PB 0x0000000712e00000| Untracked 
| 113|0x0000000713000000, 0x0000000713000000, 0x0000000713200000|  0%| F|  |TAMS 0x0000000713000000| PB 0x0000000713000000| Untracked 
| 114|0x0000000713200000, 0x0000000713200000, 0x0000000713400000|  0%| F|  |TAMS 0x0000000713200000| PB 0x0000000713200000| Untracked 
| 115|0x0000000713400000, 0x0000000713400000, 0x0000000713600000|  0%| F|  |TAMS 0x0000000713400000| PB 0x0000000713400000| Untracked 
| 116|0x0000000713600000, 0x0000000713600000, 0x0000000713800000|  0%| F|  |TAMS 0x0000000713600000| PB 0x0000000713600000| Untracked 
| 117|0x0000000713800000, 0x0000000713800000, 0x0000000713a00000|  0%| F|  |TAMS 0x0000000713800000| PB 0x0000000713800000| Untracked 
| 118|0x0000000713a00000, 0x0000000713a00000, 0x0000000713c00000|  0%| F|  |TAMS 0x0000000713a00000| PB 0x0000000713a00000| Untracked 
| 119|0x0000000713c00000, 0x0000000713c00000, 0x0000000713e00000|  0%| F|  |TAMS 0x0000000713c00000| PB 0x0000000713c00000| Untracked 
| 120|0x0000000713e00000, 0x0000000713e00000, 0x0000000714000000|  0%| F|  |TAMS 0x0000000713e00000| PB 0x0000000713e00000| Untracked 
| 121|0x0000000714000000, 0x00000007141b0f28, 0x0000000714200000| 84%| E|  |TAMS 0x0000000714000000| PB 0x0000000714000000| Complete 
| 122|0x0000000714200000, 0x0000000714400000, 0x0000000714400000|100%| E|  |TAMS 0x0000000714200000| PB 0x0000000714200000| Complete 
| 123|0x0000000714400000, 0x0000000714600000, 0x0000000714600000|100%| E|CS|TAMS 0x0000000714400000| PB 0x0000000714400000| Complete 
| 124|0x0000000714600000, 0x0000000714800000, 0x0000000714800000|100%| E|CS|TAMS 0x0000000714600000| PB 0x0000000714600000| Complete 
| 125|0x0000000714800000, 0x0000000714a00000, 0x0000000714a00000|100%| E|CS|TAMS 0x0000000714800000| PB 0x0000000714800000| Complete 

Card table byte_map: [0x0000026f30770000,0x0000026f30f50000] _byte_map_base: 0x0000026f2cf49000

Marking Bits: (CMBitMap*) 0x0000026f175e5ca0
 Bits: [0x0000026f30f50000, 0x0000026f34e18000)

Polling page: 0x0000026f14fd0000

Metaspace:

Usage:
  Non-class:      9.51 MB used.
      Class:    912.67 KB used.
       Both:     10.40 MB used.

Virtual space:
  Non-class space:       64.00 MB reserved,       9.62 MB ( 15%) committed,  1 nodes.
      Class space:        1.00 GB reserved,       1.00 MB ( <1%) committed,  1 nodes.
             Both:        1.06 GB reserved,      10.62 MB ( <1%) committed. 

Chunk freelists:
   Non-Class:  5.28 MB
       Class:  15.01 MB
        Both:  20.29 MB

MaxMetaspaceSize: unlimited
CompressedClassSpaceSize: 1.00 GB
Initial GC threshold: 21.00 MB
Current GC threshold: 21.00 MB
CDS: on
 - commit_granule_bytes: 65536.
 - commit_granule_words: 8192.
 - virtual_space_node_default_size: 8388608.
 - enlarge_chunks_in_place: 1.
 - use_allocation_guard: 0.


Internal statistics:

num_allocs_failed_limit: 0.
num_arena_births: 176.
num_arena_deaths: 0.
num_vsnodes_births: 2.
num_vsnodes_deaths: 0.
num_space_committed: 168.
num_space_uncommitted: 0.
num_chunks_returned_to_freelist: 0.
num_chunks_taken_from_freelist: 485.
num_chunk_merges: 0.
num_chunk_splits: 346.
num_chunks_enlarged: 273.
num_inconsistent_stats: 0.

CodeHeap 'non-profiled nmethods': size=118848Kb used=1771Kb max_used=1771Kb free=117076Kb
 bounds [0x0000026f27860000, 0x0000026f27ad0000, 0x0000026f2ec70000]
CodeHeap 'profiled nmethods': size=118848Kb used=5309Kb max_used=5309Kb free=113538Kb
 bounds [0x0000026f1fc70000, 0x0000026f201a0000, 0x0000026f27080000]
CodeHeap 'non-nmethods': size=8064Kb used=2166Kb max_used=4439Kb free=5897Kb
 bounds [0x0000026f27080000, 0x0000026f274e0000, 0x0000026f27860000]
CodeCache: size=245760Kb, used=9246Kb, max_used=11519Kb, free=236511Kb
 total_blobs=4073, nmethods=2950, adapters=1028, full_count=0
Compilation: enabled, stopped_count=0, restarted_count=0

Compilation events (20 events):
Event: 17.992 Thread 0x0000026f37346c00 2938       4       com.csse3200.game.entities.EntityService::update (95 bytes)
Event: 18.021 Thread 0x0000026f37346c00 nmethod 2938 0x0000026f27a0c210 code [0x0000026f27a0c580, 0x0000026f27a0e8b8]
Event: 18.059 Thread 0x0000026f37346c00 2939       4       jdk.internal.misc.Unsafe::copyMemory (33 bytes)
Event: 18.061 Thread 0x0000026f37346c00 nmethod 2939 0x0000026f27a0f790 code [0x0000026f27a0f940, 0x0000026f27a0fd08]
Event: 18.243 Thread 0x0000026f37346c00 2940       4       com.badlogic.gdx.scenes.scene2d.Stage::act (236 bytes)
Event: 18.257 Thread 0x0000026f37346c00 nmethod 2940 0x0000026f27a10090 code [0x0000026f27a103a0, 0x0000026f27a11948]
Event: 18.759 Thread 0x0000026f37346c00 2941       4       com.badlogic.gdx.maps.tiled.renderers.OrthogonalTiledMapRenderer::renderTileLayer (995 bytes)
Event: 18.775 Thread 0x0000026f37346c00 nmethod 2941 0x0000026f27a12410 code [0x0000026f27a126c0, 0x0000026f27a138c8]
Event: 19.460 Thread 0x0000026f37346c00 2942       4       com.badlogic.gdx.scenes.scene2d.ui.Image::draw (200 bytes)
Event: 19.467 Thread 0x0000026f37346c00 nmethod 2942 0x0000026f27a14810 code [0x0000026f27a14ac0, 0x0000026f27a15890]
Event: 19.826 Thread 0x0000026f37346c00 2943       4       com.badlogic.gdx.scenes.scene2d.ui.Label::draw (140 bytes)
Event: 19.849 Thread 0x0000026f37346c00 nmethod 2943 0x0000026f27a16310 code [0x0000026f27a166e0, 0x0000026f27a18430]
Event: 20.178 Thread 0x0000026f373478f0 2944       1       com.badlogic.gdx.physics.box2d.Body::getJointList (5 bytes)
Event: 20.178 Thread 0x0000026f373478f0 nmethod 2944 0x0000026f27a19d10 code [0x0000026f27a19ea0, 0x0000026f27a19f70]
Event: 20.179 Thread 0x0000026f37346c00 2946       4       com.csse3200.game.services.ServiceLocator::getRenderService (4 bytes)
Event: 20.179 Thread 0x0000026f37346c00 nmethod 2946 0x0000026f27a1a010 code [0x0000026f27a1a1a0, 0x0000026f27a1a220]
Event: 20.179 Thread 0x0000026f373478f0 2947       3       com.badlogic.gdx.graphics.g2d.TextureRegion::<init> (5 bytes)
Event: 20.179 Thread 0x0000026f373478f0 nmethod 2947 0x0000026f2019ec90 code [0x0000026f2019ee40, 0x0000026f2019efa8]
Event: 20.179 Thread 0x0000026f373478f0 2948       3       com.badlogic.gdx.graphics.g2d.TextureRegion::setRegion (29 bytes)
Event: 20.179 Thread 0x0000026f373478f0 nmethod 2948 0x0000026f2019f090 code [0x0000026f2019f240, 0x0000026f2019f498]

GC Heap History (4 events):
Event: 0.829 GC heap before
{Heap before GC invocations=0 (full 0):
 garbage-first heap   total 258048K, used 26624K [0x0000000704e00000, 0x0000000800000000)
  region size 2048K, 11 young (22528K), 0 survivors (0K)
 Metaspace       used 6893K, committed 7168K, reserved 1114112K
  class space    used 519K, committed 640K, reserved 1048576K
}
Event: 0.832 GC heap after
{Heap after GC invocations=1 (full 0):
 garbage-first heap   total 258048K, used 3765K [0x0000000704e00000, 0x0000000800000000)
  region size 2048K, 2 young (4096K), 2 survivors (4096K)
 Metaspace       used 6893K, committed 7168K, reserved 1114112K
  class space    used 519K, committed 640K, reserved 1048576K
}
Event: 8.103 GC heap before
{Heap before GC invocations=1 (full 0):
 garbage-first heap   total 258048K, used 75445K [0x0000000704e00000, 0x0000000800000000)
  region size 2048K, 20 young (40960K), 2 survivors (4096K)
 Metaspace       used 10433K, committed 10688K, reserved 1114112K
  class space    used 902K, committed 1024K, reserved 1048576K
}
Event: 8.106 GC heap after
{Heap after GC invocations=2 (full 0):
 garbage-first heap   total 258048K, used 5023K [0x0000000704e00000, 0x0000000800000000)
  region size 2048K, 1 young (2048K), 1 survivors (2048K)
 Metaspace       used 10433K, committed 10688K, reserved 1114112K
  class space    used 902K, committed 1024K, reserved 1048576K
}

Dll operation events (11 events):
Event: 0.004 Loaded shared library C:\Users\darie\.jdks\ms-21.0.8\bin\java.dll
Event: 0.020 Loaded shared library C:\Users\darie\.jdks\ms-21.0.8\bin\jsvml.dll
Event: 0.044 Loaded shared library C:\Users\darie\.jdks\ms-21.0.8\bin\net.dll
Event: 0.045 Loaded shared library C:\Users\darie\.jdks\ms-21.0.8\bin\nio.dll
Event: 0.047 Loaded shared library C:\Users\darie\.jdks\ms-21.0.8\bin\zip.dll
Event: 0.076 Loaded shared library C:\Users\darie\.jdks\ms-21.0.8\bin\verify.dll
Event: 0.079 Loaded shared library C:\Users\darie\.jdks\ms-21.0.8\bin\jimage.dll
Event: 0.099 Loaded shared library C:\Users\darie\AppData\Local\Temp\libgdxAbdul Qadir\e787ab0a\gdx64.dll
Event: 0.131 Loaded shared library C:\Users\darie\AppData\Local\Temp\lwjglAbdul Qadir\3.3.1-build-7\lwjgl.dll
Event: 0.314 Loaded shared library C:\Users\darie\AppData\Local\Temp\lwjglAbdul Qadir\3.3.1-build-7\lwjgl_opengl.dll
Event: 1.448 Loaded shared library C:\Users\darie\AppData\Local\Temp\libgdxAbdul Qadir\888fe1bc\gdx-box2d64.dll

Deoptimization events (20 events):
Event: 13.866 Thread 0x0000026f1757b830 Uncommon trap: trap_request=0xffffff45 fr.pc=0x0000026f279cdb2c relative=0x0000000000000b4c
Event: 13.866 Thread 0x0000026f1757b830 Uncommon trap: reason=unstable_if action=reinterpret pc=0x0000026f279cdb2c method=sun.nio.cs.SingleByte$Encoder.encodeArrayLoop(Ljava/nio/CharBuffer;Ljava/nio/ByteBuffer;)Ljava/nio/charset/CoderResult; @ 122 c2
Event: 13.866 Thread 0x0000026f1757b830 DEOPT PACKING pc=0x0000026f279cdb2c sp=0x000000a8777febd0
Event: 13.866 Thread 0x0000026f1757b830 DEOPT UNPACKING pc=0x0000026f270d46a2 sp=0x000000a8777fe890 mode 2
Event: 17.176 Thread 0x0000026f1757b830 Uncommon trap: trap_request=0xffffff45 fr.pc=0x0000026f279ba774 relative=0x0000000000000354
Event: 17.176 Thread 0x0000026f1757b830 Uncommon trap: reason=unstable_if action=reinterpret pc=0x0000026f279ba774 method=com.badlogic.gdx.graphics.g2d.SpriteBatch.draw(Lcom/badlogic/gdx/graphics/Texture;[FII)V @ 33 c2
Event: 17.176 Thread 0x0000026f1757b830 DEOPT PACKING pc=0x0000026f279ba774 sp=0x000000a8777fece0
Event: 17.176 Thread 0x0000026f1757b830 DEOPT UNPACKING pc=0x0000026f270d46a2 sp=0x000000a8777fec88 mode 2
Event: 17.709 Thread 0x0000026f1757b830 Uncommon trap: trap_request=0xffffffbe fr.pc=0x0000026f27a07900 relative=0x0000000000000a40
Event: 17.709 Thread 0x0000026f1757b830 Uncommon trap: reason=profile_predicate action=maybe_recompile pc=0x0000026f27a07900 method=java.lang.Iterable.forEach(Ljava/util/function/Consumer;)V @ 18 c2
Event: 17.709 Thread 0x0000026f1757b830 DEOPT PACKING pc=0x0000026f27a07900 sp=0x000000a8777fed00
Event: 17.709 Thread 0x0000026f1757b830 DEOPT UNPACKING pc=0x0000026f270d46a2 sp=0x000000a8777febf0 mode 2
Event: 18.142 Thread 0x0000026f1757b830 Uncommon trap: trap_request=0xffffffbe fr.pc=0x0000026f27a07900 relative=0x0000000000000a40
Event: 18.142 Thread 0x0000026f1757b830 Uncommon trap: reason=profile_predicate action=maybe_recompile pc=0x0000026f27a07900 method=java.lang.Iterable.forEach(Ljava/util/function/Consumer;)V @ 18 c2
Event: 18.142 Thread 0x0000026f1757b830 DEOPT PACKING pc=0x0000026f27a07900 sp=0x000000a8777fed00
Event: 18.142 Thread 0x0000026f1757b830 DEOPT UNPACKING pc=0x0000026f270d46a2 sp=0x000000a8777febf0 mode 2
Event: 18.743 Thread 0x0000026f1757b830 Uncommon trap: trap_request=0xffffffbe fr.pc=0x0000026f27a07900 relative=0x0000000000000a40
Event: 18.743 Thread 0x0000026f1757b830 Uncommon trap: reason=profile_predicate action=maybe_recompile pc=0x0000026f27a07900 method=java.lang.Iterable.forEach(Ljava/util/function/Consumer;)V @ 18 c2
Event: 18.743 Thread 0x0000026f1757b830 DEOPT PACKING pc=0x0000026f27a07900 sp=0x000000a8777fed00
Event: 18.743 Thread 0x0000026f1757b830 DEOPT UNPACKING pc=0x0000026f270d46a2 sp=0x000000a8777febf0 mode 2

Classes loaded (20 events):
Event: 2.382 Loading class java/io/ClassCache$1
Event: 2.382 Loading class java/io/ClassCache$1 done
Event: 2.382 Loading class java/io/ObjectStreamClass$Caches$2
Event: 2.382 Loading class java/io/ObjectStreamClass$Caches$2 done
Event: 2.382 Loading class java/lang/reflect/Proxy
Event: 2.382 Loading class java/lang/reflect/Proxy done
Event: 2.382 Loading class java/lang/reflect/InvocationHandler
Event: 2.382 Loading class java/lang/reflect/InvocationHandler done
Event: 2.382 Loading class java/lang/reflect/Proxy$1
Event: 2.382 Loading class java/lang/reflect/Proxy$1 done
Event: 2.383 Loading class java/io/ObjectStreamClass$2
Event: 2.383 Loading class java/io/ObjectStreamClass$2 done
Event: 2.383 Loading class java/io/ClassCache$CacheRef
Event: 2.383 Loading class java/io/ClassCache$CacheRef done
Event: 2.383 Loading class java/io/ObjectStreamClass$FieldReflectorKey
Event: 2.383 Loading class java/io/ObjectStreamClass$FieldReflectorKey done
Event: 2.383 Loading class java/io/ObjectStreamClass$FieldReflector
Event: 2.383 Loading class java/io/ObjectStreamClass$FieldReflector done
Event: 2.383 Loading class java/io/ObjectStreamClass$ExceptionInfo
Event: 2.383 Loading class java/io/ObjectStreamClass$ExceptionInfo done

Classes unloaded (0 events):
No events

Classes redefined (0 events):
No events

Internal exceptions (20 events):
Event: 0.311 Thread 0x0000026f1757b830 Exception <a 'java/lang/NoSuchMethodError'{0x0000000713c1abf8}: 'void java.lang.System.loadLibrary(java.lang.String, java.lang.Class)'> (0x0000000713c1abf8) 
thrown [s\src\hotspot\share\interpreter\linkResolver.cpp, line 773]
Event: 0.313 Thread 0x0000026f1757b830 Exception <a 'sun/nio/fs/WindowsException'{0x0000000713c2a858}> (0x0000000713c2a858) 
thrown [s\src\hotspot\share\prims\jni.cpp, line 520]
Event: 0.313 Thread 0x0000026f1757b830 Exception <a 'sun/nio/fs/WindowsException'{0x0000000713c2ac18}> (0x0000000713c2ac18) 
thrown [s\src\hotspot\share\prims\jni.cpp, line 520]
Event: 0.314 Thread 0x0000026f1757b830 Exception <a 'sun/nio/fs/WindowsException'{0x0000000713c312d0}> (0x0000000713c312d0) 
thrown [s\src\hotspot\share\prims\jni.cpp, line 520]
Event: 0.314 Thread 0x0000026f1757b830 Exception <a 'sun/nio/fs/WindowsException'{0x0000000713c315d0}> (0x0000000713c315d0) 
thrown [s\src\hotspot\share\prims\jni.cpp, line 520]
Event: 0.537 Thread 0x0000026f1757b830 Exception <a 'java/lang/ClassNotFoundException'{0x0000000713b2e110}: sun/util/logging/resources/spi/loggingProvider> (0x0000000713b2e110) 
thrown [s\src\hotspot\share\classfile\systemDictionary.cpp, line 312]
Event: 0.547 Thread 0x0000026f1757b830 Exception <a 'java/io/FileNotFoundException'{0x000000071381e958}> (0x000000071381e958) 
thrown [s\src\hotspot\share\prims\jni.cpp, line 520]
Event: 0.567 Thread 0x0000026f1757b830 Exception <a 'java/lang/NoSuchMethodError'{0x0000000713880078}: 'int java.lang.invoke.DirectMethodHandle$Holder.invokeVirtual(java.lang.Object, java.lang.Object)'> (0x0000000713880078) 
thrown [s\src\hotspot\share\interpreter\linkResolver.cpp, line 773]
Event: 0.568 Thread 0x0000026f1757b830 Exception <a 'java/lang/NoSuchMethodError'{0x0000000713889a28}: 'java.lang.Object java.lang.invoke.Invokers$Holder.invokeExact_MT(java.lang.Object, java.lang.Object, java.lang.Object, java.lang.Object, java.lang.Object, java.lang.Object)'> (0x0000000713889a28) 
thrown [s\src\hotspot\share\interpreter\linkResolver.cpp, line 773]
Event: 0.883 Thread 0x0000026f1757b830 Exception <a 'java/lang/NoSuchMethodError'{0x000000071474edc8}: 'void java.lang.invoke.Invokers$Holder.invokeExact_MT(java.lang.Object, java.lang.Object, java.lang.Object, java.lang.Object)'> (0x000000071474edc8) 
thrown [s\src\hotspot\share\interpreter\linkResolver.cpp, line 773]
Event: 1.452 Thread 0x0000026f1757b830 Exception <a 'java/lang/NoSuchMethodError'{0x00000007145fdae0}: 'void java.lang.invoke.DirectMethodHandle$Holder.invokeStatic(java.lang.Object, java.lang.Object, java.lang.Object)'> (0x00000007145fdae0) 
thrown [s\src\hotspot\share\interpreter\linkResolver.cpp, line 773]
Event: 2.349 Thread 0x0000026f1757b830 Exception <a 'java/lang/NoSuchMethodError'{0x00000007137e9f68}: 'void java.lang.invoke.DelegatingMethodHandle$Holder.reinvoke_L(java.lang.Object, java.lang.Object, int)'> (0x00000007137e9f68) 
thrown [s\src\hotspot\share\interpreter\linkResolver.cpp, line 773]
Event: 2.350 Thread 0x0000026f1757b830 Exception <a 'java/lang/NoSuchMethodError'{0x00000007137f0888}: 'void java.lang.invoke.Invokers$Holder.invokeExact_MT(java.lang.Object, java.lang.Object, int, java.lang.Object)'> (0x00000007137f0888) 
thrown [s\src\hotspot\share\interpreter\linkResolver.cpp, line 773]
Event: 2.353 Thread 0x0000026f1757b830 Exception <a 'java/lang/NoSuchMethodError'{0x0000000713421368}: 'void java.lang.invoke.DirectMethodHandle$Holder.invokeStatic(java.lang.Object, java.lang.Object, java.lang.Object, java.lang.Object)'> (0x0000000713421368) 
thrown [s\src\hotspot\share\interpreter\linkResolver.cpp, line 773]
Event: 2.353 Thread 0x0000026f1757b830 Exception <a 'java/lang/NoSuchMethodError'{0x000000071342a240}: 'void java.lang.invoke.DirectMethodHandle$Holder.invokeVirtual(java.lang.Object, java.lang.Object)'> (0x000000071342a240) 
thrown [s\src\hotspot\share\interpreter\linkResolver.cpp, line 773]
Event: 2.355 Thread 0x0000026f1757b830 Exception <a 'java/lang/NoSuchMethodError'{0x0000000713441f48}: 'void java.lang.invoke.DirectMethodHandle$Holder.invokeVirtual(java.lang.Object, java.lang.Object, int)'> (0x0000000713441f48) 
thrown [s\src\hotspot\share\interpreter\linkResolver.cpp, line 773]
Event: 2.358 Thread 0x0000026f1757b830 Exception <a 'java/lang/NoSuchMethodError'{0x0000000713462700}: 'void java.lang.invoke.DirectMethodHandle$Holder.invokeVirtual(java.lang.Object, java.lang.Object, int, java.lang.Object)'> (0x0000000713462700) 
thrown [s\src\hotspot\share\interpreter\linkResolver.cpp, line 773]
Event: 2.359 Thread 0x0000026f1757b830 Exception <a 'java/lang/NoSuchMethodError'{0x0000000713478b00}: 'void java.lang.invoke.DirectMethodHandle$Holder.invokeSpecial(java.lang.Object, java.lang.Object, int)'> (0x0000000713478b00) 
thrown [s\src\hotspot\share\interpreter\linkResolver.cpp, line 773]
Event: 2.409 Thread 0x0000026f1757b830 Exception <a 'java/lang/NoSuchMethodError'{0x0000000712e70438}: 'int java.lang.invoke.DirectMethodHandle$Holder.invokeInterface(java.lang.Object, java.lang.Object)'> (0x0000000712e70438) 
thrown [s\src\hotspot\share\interpreter\linkResolver.cpp, line 773]
Event: 13.866 Thread 0x0000026f1757b830 Implicit null exception at 0x0000026f279b3be3 to 0x0000026f279b3dfc

ZGC Phase Switch (0 events):
No events

VM Operations (20 events):
Event: 9.107 Executing VM operation: Cleanup
Event: 9.107 Executing VM operation: Cleanup done
Event: 10.108 Executing VM operation: Cleanup
Event: 10.108 Executing VM operation: Cleanup done
Event: 11.109 Executing VM operation: Cleanup
Event: 11.109 Executing VM operation: Cleanup done
Event: 12.110 Executing VM operation: Cleanup
Event: 12.110 Executing VM operation: Cleanup done
Event: 13.111 Executing VM operation: Cleanup
Event: 13.111 Executing VM operation: Cleanup done
Event: 14.111 Executing VM operation: Cleanup
Event: 14.111 Executing VM operation: Cleanup done
Event: 16.112 Executing VM operation: Cleanup
Event: 16.112 Executing VM operation: Cleanup done
Event: 17.112 Executing VM operation: Cleanup
Event: 17.112 Executing VM operation: Cleanup done
Event: 18.113 Executing VM operation: Cleanup
Event: 18.113 Executing VM operation: Cleanup done
Event: 19.114 Executing VM operation: Cleanup
Event: 19.114 Executing VM operation: Cleanup done

Memory protections (0 events):
No events

Nmethod flushes (0 events):
No events

Events (20 events):
Event: 7.417 Thread 0x0000026f1757b830 Thread added: 0x0000026f0070bd40
Event: 8.022 Thread 0x0000026f3737e3c0 Thread added: 0x0000026f00b93790
Event: 8.301 Thread 0x0000026f3737e3c0 Thread added: 0x0000026f7e75a4a0
Event: 8.301 Thread 0x0000026f3737e3c0 Thread added: 0x0000026f073afcb0
Event: 8.334 Thread 0x0000026f3737e3c0 Thread added: 0x0000026f0081e780
Event: 8.334 Thread 0x0000026f3737e3c0 Thread added: 0x0000026f077513a0
Event: 8.515 Thread 0x0000026f073afcb0 Thread exited: 0x0000026f073afcb0
Event: 8.515 Thread 0x0000026f7e75a4a0 Thread exited: 0x0000026f7e75a4a0
Event: 9.231 Thread 0x0000026f077513a0 Thread exited: 0x0000026f077513a0
Event: 9.231 Thread 0x0000026f0081e780 Thread exited: 0x0000026f0081e780
Event: 9.365 Thread 0x0000026f00b93790 Thread exited: 0x0000026f00b93790
Event: 9.369 Thread 0x0000026f37346c00 Thread added: 0x0000026f0081e780
Event: 9.598 Thread 0x0000026f0081e780 Thread exited: 0x0000026f0081e780
Event: 12.048 Thread 0x0000026f3737e3c0 Thread exited: 0x0000026f3737e3c0
Event: 13.407 Thread 0x0000026f37346c00 Thread added: 0x0000026f076c07c0
Event: 13.408 Thread 0x0000026f37346c00 Thread added: 0x0000026f00bab760
Event: 13.533 Thread 0x0000026f00bab760 Thread exited: 0x0000026f00bab760
Event: 13.533 Thread 0x0000026f076c07c0 Thread exited: 0x0000026f076c07c0
Event: 15.541 Thread 0x0000026f37346c00 Thread added: 0x0000026f00b32930
Event: 16.343 Thread 0x0000026f00b32930 Thread exited: 0x0000026f00b32930


Dynamic libraries:
0x00007ff72e670000 - 0x00007ff72e67e000 	C:\Users\darie\.jdks\ms-21.0.8\bin\java.exe
0x00007fff8dde0000 - 0x00007fff8e049000 	C:\WINDOWS\SYSTEM32\ntdll.dll
0x00007fff8c1c0000 - 0x00007fff8c289000 	C:\WINDOWS\System32\KERNEL32.DLL
0x00007fff8b3b0000 - 0x00007fff8b7a3000 	C:\WINDOWS\System32\KERNELBASE.dll
0x00007fff8b8e0000 - 0x00007fff8ba2b000 	C:\WINDOWS\System32\ucrtbase.dll
0x00007fff69630000 - 0x00007fff69648000 	C:\Users\darie\.jdks\ms-21.0.8\bin\jli.dll
0x00007fff58290000 - 0x00007fff582ae000 	C:\Users\darie\.jdks\ms-21.0.8\bin\VCRUNTIME140.dll
0x00007fff8c560000 - 0x00007fff8c724000 	C:\WINDOWS\System32\USER32.dll
0x00007fff6c8e0000 - 0x00007fff6cb73000 	C:\WINDOWS\WinSxS\amd64_microsoft.windows.common-controls_6595b64144ccf1df_6.0.26100.5074_none_3e0d6f78e32fd63f\COMCTL32.dll
0x00007fff8baf0000 - 0x00007fff8bb17000 	C:\WINDOWS\System32\win32u.dll
0x00007fff8db90000 - 0x00007fff8dc39000 	C:\WINDOWS\System32\msvcrt.dll
0x00007fff8c530000 - 0x00007fff8c55b000 	C:\WINDOWS\System32\GDI32.dll
0x00007fff8b7b0000 - 0x00007fff8b8dd000 	C:\WINDOWS\System32\gdi32full.dll
0x00007fff8b010000 - 0x00007fff8b0b3000 	C:\WINDOWS\System32\msvcp_win.dll
0x00007fff8dd60000 - 0x00007fff8dd8f000 	C:\WINDOWS\System32\IMM32.DLL
0x00007fff817d0000 - 0x00007fff817dc000 	C:\Users\darie\.jdks\ms-21.0.8\bin\vcruntime140_1.dll
0x00007ffee5e80000 - 0x00007ffee5f09000 	C:\Users\darie\.jdks\ms-21.0.8\bin\msvcp140.dll
0x00007ffe7f610000 - 0x00007ffe803bc000 	C:\Users\darie\.jdks\ms-21.0.8\bin\server\jvm.dll
0x00007fff8c460000 - 0x00007fff8c514000 	C:\WINDOWS\System32\ADVAPI32.dll
0x00007fff8d920000 - 0x00007fff8d9c6000 	C:\WINDOWS\System32\sechost.dll
0x00007fff8dc40000 - 0x00007fff8dd58000 	C:\WINDOWS\System32\RPCRT4.dll
0x00007fff8c2e0000 - 0x00007fff8c354000 	C:\WINDOWS\System32\WS2_32.dll
0x00007fff89bb0000 - 0x00007fff89c0e000 	C:\WINDOWS\SYSTEM32\POWRPROF.dll
0x00007fff80720000 - 0x00007fff8072b000 	C:\WINDOWS\SYSTEM32\VERSION.dll
0x00007fff7d0e0000 - 0x00007fff7d115000 	C:\WINDOWS\SYSTEM32\WINMM.dll
0x00007fff89b90000 - 0x00007fff89ba4000 	C:\WINDOWS\SYSTEM32\UMPDC.dll
0x00007fff89e70000 - 0x00007fff89e8b000 	C:\WINDOWS\SYSTEM32\kernel.appcore.dll
0x00007fff7fdf0000 - 0x00007fff7fdfa000 	C:\Users\darie\.jdks\ms-21.0.8\bin\jimage.dll
0x00007fff884c0000 - 0x00007fff88702000 	C:\WINDOWS\SYSTEM32\DBGHELP.DLL
0x00007fff8bbb0000 - 0x00007fff8bf2b000 	C:\WINDOWS\System32\combase.dll
0x00007fff8d070000 - 0x00007fff8d147000 	C:\WINDOWS\System32\OLEAUT32.dll
0x00007fff4dad0000 - 0x00007fff4db0d000 	C:\WINDOWS\SYSTEM32\dbgcore.DLL
0x00007fff8af70000 - 0x00007fff8b009000 	C:\WINDOWS\System32\bcryptPrimitives.dll
0x00007fff15890000 - 0x00007fff158b1000 	C:\Users\darie\.jdks\ms-21.0.8\bin\java.dll
0x00007fff8c7c0000 - 0x00007fff8cf0d000 	C:\WINDOWS\System32\SHELL32.dll
0x00007fff8b240000 - 0x00007fff8b3ac000 	C:\WINDOWS\System32\wintypes.dll
0x00007fff88bc0000 - 0x00007fff89419000 	C:\WINDOWS\SYSTEM32\windows.storage.dll
0x00007fff8c360000 - 0x00007fff8c450000 	C:\WINDOWS\System32\SHCORE.dll
0x00007fff8d820000 - 0x00007fff8d882000 	C:\WINDOWS\System32\shlwapi.dll
0x00007fff8ae90000 - 0x00007fff8aeb9000 	C:\WINDOWS\SYSTEM32\profapi.dll
0x00007ffee2960000 - 0x00007ffee2a36000 	C:\Users\darie\.jdks\ms-21.0.8\bin\jsvml.dll
0x00007fff45090000 - 0x00007fff450a1000 	C:\Users\darie\.jdks\ms-21.0.8\bin\net.dll
0x00007fff81fe0000 - 0x00007fff820ff000 	C:\WINDOWS\SYSTEM32\WINHTTP.dll
0x00007fff8a3f0000 - 0x00007fff8a45b000 	C:\WINDOWS\system32\mswsock.dll
0x00007fff3c9a0000 - 0x00007fff3c9b6000 	C:\Users\darie\.jdks\ms-21.0.8\bin\nio.dll
0x00007fff4a350000 - 0x00007fff4a368000 	C:\Users\darie\.jdks\ms-21.0.8\bin\zip.dll
0x00007fff5c9c0000 - 0x00007fff5c9d0000 	C:\Users\darie\.jdks\ms-21.0.8\bin\verify.dll
0x0000000056b50000 - 0x0000000056b79000 	C:\Users\darie\AppData\Local\Temp\libgdxAbdul Qadir\e787ab0a\gdx64.dll
0x00007ffee5aa0000 - 0x00007ffee5b15000 	C:\Users\darie\AppData\Local\Temp\lwjglAbdul Qadir\3.3.1-build-7\lwjgl.dll
0x00007ffeb12a0000 - 0x00007ffeb14f9000 	C:\Users\darie\AppData\Local\Temp\lwjglAbdul Qadir\3.3.1-build-7\jemalloc.dll
0x00007ffee5a30000 - 0x00007ffee5a91000 	C:\Users\darie\AppData\Local\Temp\lwjglAbdul Qadir\3.3.1-build-7\glfw.dll
0x00007ffee59e0000 - 0x00007ffee5a2b000 	C:\WINDOWS\SYSTEM32\dinput8.dll
0x00007fff7fbb0000 - 0x00007fff7fbc2000 	C:\WINDOWS\SYSTEM32\xinput1_4.dll
0x00007fff8abf0000 - 0x00007fff8ac47000 	C:\WINDOWS\SYSTEM32\cfgmgr32.dll
0x00007fff8ac50000 - 0x00007fff8ac7d000 	C:\WINDOWS\SYSTEM32\DEVOBJ.dll
0x00007fff87f00000 - 0x00007fff87f2b000 	C:\WINDOWS\SYSTEM32\dwmapi.dll
0x00007fff6ff80000 - 0x00007fff7015a000 	C:\WINDOWS\SYSTEM32\inputhost.dll
0x00007fff83ff0000 - 0x00007fff84115000 	C:\WINDOWS\SYSTEM32\CoreMessaging.dll
0x00007fff85350000 - 0x00007fff853f8000 	C:\WINDOWS\system32\uxtheme.dll
0x00007fff8a6b0000 - 0x00007fff8a6bc000 	C:\WINDOWS\SYSTEM32\CRYPTBASE.DLL
0x00007fff8cf10000 - 0x00007fff8d068000 	C:\WINDOWS\System32\MSCTF.dll
0x00007ffea2e00000 - 0x00007ffea2f97000 	C:\Users\darie\AppData\Local\Temp\lwjglAbdul Qadir\3.3.1-build-7\OpenAL.dll
0x00007fff8d150000 - 0x00007fff8d2e8000 	C:\WINDOWS\System32\ole32.dll
0x00007fff8d9d0000 - 0x00007fff8da81000 	C:\WINDOWS\System32\clbcatq.dll
0x00007fff801e0000 - 0x00007fff80279000 	C:\WINDOWS\System32\MMDevApi.dll
0x00007fff74b50000 - 0x00007fff74d0b000 	C:\WINDOWS\SYSTEM32\AUDIOSES.DLL
0x00007fff88890000 - 0x00007fff888a4000 	C:\WINDOWS\SYSTEM32\resourcepolicyclient.dll
0x00007ffee60e0000 - 0x00007ffee61ec000 	C:\WINDOWS\SYSTEM32\opengl32.dll
0x00007fff69730000 - 0x00007fff6975d000 	C:\WINDOWS\SYSTEM32\GLU32.dll
0x00007fff88190000 - 0x00007fff881d4000 	C:\WINDOWS\SYSTEM32\dxcore.dll
0x00007fff810b0000 - 0x00007fff81110000 	C:\WINDOWS\SYSTEM32\directxdatabasehelper.dll
0x00007fff72f80000 - 0x00007fff72f9a000 	C:\WINDOWS\SYSTEM32\windows.staterepositorycore.dll
0x00007ffe4a2c0000 - 0x00007ffe4b830000 	C:\WINDOWS\System32\DriverStore\FileRepository\iigd_dch.inf_amd64_7138826cfb63f3f9\igxelpicd64.dll
0x00007fff85620000 - 0x00007fff8575a000 	C:\WINDOWS\SYSTEM32\dxgi.dll
0x00007ffecf200000 - 0x00007ffecf223000 	C:\WINDOWS\SYSTEM32\d3d12.dll
0x00007fff184a0000 - 0x00007fff18642000 	C:\WINDOWS\System32\DriverStore\FileRepository\iigd_dch.inf_amd64_7138826cfb63f3f9\igdml64.dll
0x00007fff7c790000 - 0x00007fff7cd3a000 	C:\WINDOWS\System32\DriverStore\FileRepository\iigd_dch.inf_amd64_7138826cfb63f3f9\igdgmm64.dll
0x00007fff77120000 - 0x00007fff7c394000 	C:\WINDOWS\System32\DriverStore\FileRepository\iigd_dch.inf_amd64_7138826cfb63f3f9\igc64.dll
0x00007ffee2fd0000 - 0x00007ffee302d000 	C:\Users\darie\AppData\Local\Temp\lwjglAbdul Qadir\3.3.1-build-7\lwjgl_opengl.dll
0x00007fff70c50000 - 0x00007fff70d99000 	C:\WINDOWS\SYSTEM32\textinputframework.dll
0x00007fff7f180000 - 0x00007fff7f463000 	C:\WINDOWS\SYSTEM32\CoreUIComponents.dll
0x0000000056af0000 - 0x0000000056b4a000 	C:\Users\darie\AppData\Local\Temp\libgdxAbdul Qadir\888fe1bc\gdx-box2d64.dll

JVMTI agents: none

dbghelp: loaded successfully - version: 4.0.5 - missing functions: none
symbol engine: initialized successfully - sym options: 0x614 - pdb path: .;C:\Users\darie\.jdks\ms-21.0.8\bin;C:\WINDOWS\SYSTEM32;C:\WINDOWS\WinSxS\amd64_microsoft.windows.common-controls_6595b64144ccf1df_6.0.26100.5074_none_3e0d6f78e32fd63f;C:\Users\darie\.jdks\ms-21.0.8\bin\server;C:\Users\darie\AppData\Local\Temp\libgdxAbdul Qadir\e787ab0a;C:\Users\darie\AppData\Local\Temp\lwjglAbdul Qadir\3.3.1-build-7;C:\WINDOWS\System32\DriverStore\FileRepository\iigd_dch.inf_amd64_7138826cfb63f3f9;C:\Users\darie\AppData\Local\Temp\libgdxAbdul Qadir\888fe1bc

VM Arguments:
jvm_args: -Dfile.encoding=UTF-8 -Duser.country=US -Duser.language=en -Duser.variant 
java_command: com.csse3200.game.desktop.DesktopLauncher
java_class_path (initial): F:\Github Class\New PR git\source\desktop\build\classes\java\main;F:\Github Class\New PR git\source\desktop\build\resources\main;C:\Users\darie\.gradle\caches\modules-2\files-2.1\com.badlogicgames.gdx\gdx-backend-lwjgl3\1.11.0\58a96db4cd349be4292d547856aa1e1c5f065f4e\gdx-backend-lwjgl3-1.11.0.jar;C:\Users\darie\.gradle\caches\modules-2\files-2.1\com.badlogicgames.gdx\gdx-platform\1.11.0\697fb13eada6d3c6ca648c9788692b0159add126\gdx-platform-1.11.0-natives-desktop.jar;C:\Users\darie\.gradle\caches\modules-2\files-2.1\com.badlogicgames.gdx\gdx-box2d-platform\1.11.0\62ff9baa1e57a11e0a4428a38c9660bf9f312fdc\gdx-box2d-platform-1.11.0-natives-desktop.jar;C:\Users\darie\.gradle\caches\modules-2\files-2.1\com.badlogicgames.gdx\gdx-tools\1.11.0\a5d30eafd0f2fbab314efdf6d98ebc27388b7c0a\gdx-tools-1.11.0.jar;C:\Users\darie\.gradle\caches\modules-2\files-2.1\com.badlogicgames.gdx-controllers\gdx-controllers-desktop\2.2.2\625b3bdbe803e9c4af181b4791202cfcf776d805\gdx-controllers-desktop-2.2.2.jar;F:\Github Class\New PR git\source\core\build\libs\core-1.0.jar;C:\Users\darie\.gradle\caches\modules-2\files-2.1\com.badlogicgames.gdx\gdx-backend-lwjgl\1.11.0\33555a2cf8b4d9db4122b2fe42e7674b343d8b4\gdx-backend-lwjgl-1.11.0.jar;C:\Users\darie\.gradle\caches\modules-2\files-2.1\com.badlogicgames.gdx\gdx-freetype\1.11.0\a3634ad2e6c56d251268d6ab5c0f66eee2841f2c\gdx-freetype-1.11.0.jar;C:\Users\darie\.gradle\caches\modules-2\files-2.1\com.badlogicgames.gdx\gdx-backend-headless\1.11.0\3c3d0c951db72891d894df1725d09179fd0bca00\gdx-backend-headless-1.11.0.jar;C:\Users\darie\.gradle\caches\modules-2\files-2.1\com.badlogicgames.gdx-controllers\gdx-controllers-core\2.2.2\25473efe9273912a03a4871a9e1469b41d86face\gdx-controllers-core-2.2.2.jar;C:\Users\darie\.gradle\caches\modules-2\files-2.1\net.dermetfan.libgdx-utils\libgdx-utils-box2d\0.13.4\918d79a20ea3c898cdb3611782c5b2bfa6ec575b\libgdx-utils-box2d-0.13.4.jar;C:\Users\darie\.gradle\caches\modules-2\files-2.1\com.badlogicgames.gdx\gdx-box2d\1.11.0\ad4facee800dd945d6d6e93dea2936bc135b5f\gdx-box2d-1.11.0.jar;C:\Users\darie\.gradle\caches\modules-2\files-2.1\net.dermetfan.libgdx-utils\libgdx-utils\0.13.4\27affad2873d1c9c366a2290fc51f3927f3a5f83\libgdx-utils-0.13.4.jar;C:\Users\darie\.gradle\caches\modules-2\files-2.1\com.badlogicgames.gdx\gdx\1.11.0\ffe1206d1004cd9e40027e28964be0fea0399af7\gdx-1.11.0.jar;C:\Users\darie\.gradle\caches\modules-2\files-2.1\org.lwjgl\lwjgl-glfw\3.3.1\cbac1b8d30cb4795149c1ef540f912671a8616d0\lwjgl-glfw-3.3.1.jar;C:\Users\darie\.gradle\caches\modules-2\files-2.1\org.lwjgl\lwjgl-glfw\3.3.1\81716978214ecbda15050ca394b06ef61501a49e\lwjgl-glfw-3.3.1-natives-linux.jar;C:\Users\darie\.gradle\caches\modules-2\files-2.1\org.lwjgl\lwjgl-glfw\3.3.1\816d935933f2dd743074c4e717cc25b55720f294\lwjgl-glfw-3.3.1-natives-linux-arm32.jar;C:\Users\darie\.gradle\caches\modules-2\files-2.1\org.lwjgl\lwjgl-glfw\3.3.1\513eb39b866d0fe131a18d5c517087805433b029\lwjgl-glfw-3.3.1-natives-linux-arm64.jar;C:\Users\darie\.gradle\caches\modules-2\files-2.1\org.lwjgl\lwjgl-glfw\3.3.1\9ec4ce1fc8c85fdef03ef4ff2aace6f5775fb280\lwjgl-glfw-3.3.1-natives-macos.jar;C:\Users\darie\.gradle\caches\modules-2\files-2.1\org.lwjgl\lwjgl-glfw\3.3.1\cac0d3f712a3da7641fa174735a5f315de7ffe0a\lwjgl-glfw-3.3.1-natives-macos-arm64.jar;C:\Users\darie\.gradle\caches\modules-2\files-2.1\org.lwjgl\lwjgl-glfw\3.3.1\ed892f945cf7e79c8756796f32d00fa4ceaf573b\lwjgl-glfw-3.3.1-natives-windows.jar;C:\Users\darie\.gradle\caches\modules-2\files-2.1\org.lwjgl\lwjgl-glfw\3.3.1\b997e3391d6ce8f05487e7335d95c606043884a1\lwjgl-glfw-3.3.1-natives-windows-x86.jar;C:\Users\darie\.gradle\caches\modules-2\files-2.1\org.lwjgl\lwjgl-jemalloc\3.3.1\a817bcf213db49f710603677457567c37d53e103\lwjgl-jemalloc-3.3.1.jar;C:\Users\darie\.gradle\caches\modules-2\files-2.1\org.lwjgl\lwjgl-jemalloc\3.3.1\33dbb017b6ed6b25f993ad9d56741a49e7937718\lwjgl-jemalloc-3.3.1-natives-linux.jar;C:\Users\darie\.gradle\caches\modules-2\files-2.1\org.lwjgl\lwjgl-jemalloc\3.3.1\a96a6d6cb3876d7813fcee53c3c24f246aeba3b3\lwjgl-jemalloc-3.3.1-natives-linux-arm32.jar;C:\Users\darie\.gradle\caches\modules-2\files-2.1\org.lwjgl\lwjgl-jemalloc\3.3.1\c6606e57db075ad218a2e78d2416c159a53b6a0c\lwjgl-jemalloc-3.3.1-natives-linux-arm64.jar;C:\Users\darie\.gradle\caches\modules-2\files-2.1\org.lwjgl\lwjgl-jemalloc\3.3.1\56424dc8db3cfb8e7b594aa6d59a4f4387b7f544\lwjgl-jemalloc-3.3.1-natives-macos.jar;C:\Users\darie\.gradle\caches\modules-2\files-2.1\org.lwjgl\lwjgl-jemalloc\3.3.1\e577b87d8ad2ade361aaea2fcf226c660b15dee8\lwjgl-jemalloc-3.3.1-natives-macos-arm64.jar;C:\Users\darie\.gradle\caches\modules-2\files-2.1\org.lwjgl\lwjgl-jemalloc\3.3.1\948a89b76a16aa324b046ae9308891216ffce5f9\lwjgl-jemalloc-3.3.1-natives-windows.jar;C:\Users\darie\.gradle\caches\modules-2\files-2.1\org.lwjgl\lwjgl-jemalloc\3.3.1\fb476c8ec110e1c137ad3ce8a7f7bfe6b11c6324\lwjgl-jemalloc-3.3.1-natives-windows-x86.jar;C:\Users\darie\.gradle\caches\modules-2\files-2.1\org.lwjgl\lwjgl-openal\3.3.1\2623a6b8ae1dfcd880738656a9f0243d2e6840bd\lwjgl-openal-3.3.1.jar;C:\Users\darie\.gradle\caches\modules-2\files-2.1\org.lwjgl\lwjgl-openal\3.3.1\f906b6439f6daa66001182ea7727e3467a93681b\lwjgl-openal-3.3.1-natives-linux.jar;C:\Users\darie\.gradle\caches\modules-2\files-2.1\org.lwjgl\lwjgl-openal\3.3.1\ffbe35d7fa5ec9b7eca136a7c71f24d4025a510b\lwjgl-openal-3.3.1-natives-linux-arm32.jar;C:\Users\darie\.gradle\caches\modules-2\files-2.1\org.lwjgl\lwjgl-openal\3.3.1\cf4e303257e82981b8b2e31bba3d7f8f7b8f42b2\lwjgl-openal-3.3.1-natives-linux-arm64.jar;C:\Users\darie\.gradle\caches\modules-2\files-2.1\org.lwjgl\lwjgl-openal\3.3.1\3a57b8911835fb58b5e558d0ca0d28157e263d45\lwjgl-openal-3.3.1-natives-macos.jar;C:\Users\darie\.gradle\caches\modules-2\files-2.1\org.lwjgl\lwjgl-openal\3.3.1\23d55e7490b57495320f6c9e1936d78fd72c4ef8\lwjgl-openal-3.3.1-natives-macos-arm64.jar;C:\Users\darie\.gradle\caches\modules-2\files-2.1\org.lwjgl\lwjgl-openal\3.3.1\30a474d0e57193d7bc128849a3ab66bc9316fdb1\lwjgl-openal-3.3.1-natives-windows.jar;C:\Users\darie\.gradle\caches\modules-2\files-2.1\org.lwjgl\lwjgl-openal\3.3.1\888349f7b1be6fbae58bf8edfb9ef12def04c4e3\lwjgl-openal-3.3.1-natives-windows-x86.jar;C:\Users\darie\.gradle\caches\modules-2\files-2.1\org.lwjgl\lwjgl-opengl\3.3.1\831a5533a21a5f4f81bbc51bb13e9899319b5411\lwjgl-opengl-3.3.1.jar;C:\Users\darie\.gradle\caches\modules-2\files-2.1\org.lwjgl\lwjgl-opengl\3.3.1\ab9ab6fde3743e3550fa5d46d785ecb45b047d99\lwjgl-opengl-3.3.1-natives-linux.jar;C:\Users\darie\.gradle\caches\modules-2\files-2.1\org.lwjgl\lwjgl-opengl\3.3.1\e3550fa91097fd56e361b4370fa822220fef3595\lwjgl-opengl-3.3.1-natives-linux-arm32.jar;C:\Users\darie\.gradle\caches\modules-2\files-2.1\org.lwjgl\lwjgl-opengl\3.3.1\1c528fb258a6e63e8fceb4482d8db0f3af10a634\lwjgl-opengl-3.3.1-natives-linux-arm64.jar;C:\Users\darie\.gradle\caches\modules-2\files-2.1\org.lwjgl\lwjgl-opengl\3.3.1\a0d12697ea019a7362eff26475b0531340e876a6\lwjgl-opengl-3.3.1-natives-macos.jar;C:\Users\darie\.gradle\caches\modules-2\files-2.1\org.lwjgl\lwjgl-opengl\3.3.1\eafe34b871d966292e8db0f1f3d6b8b110d4e91d\lwjgl-opengl-3.3.1-natives-macos-arm64.jar;C:\Users\darie\.gradle\caches\modules-2\files-2.1\org.lwjgl\lwjgl-opengl\3.3.1\c1807e9bd571402787d7e37e3029776ae2513bb8\lwjgl-opengl-3.3.1-natives-windows.jar;C:\Users\darie\.gradle\caches\modules-2\files-2.1\org.lwjgl\lwjgl-opengl\3.3.1\deef3eb9b178ff2ff3ce893cc72ae741c3a17974\lwjgl-opengl-3.3.1-natives-windows-x86.jar;C:\Users\darie\.gradle\caches\modules-2\files-2.1\org.lwjgl\lwjgl-stb\3.3.1\b119297cf8ed01f247abe8685857f8e7fcf5980f\lwjgl-stb-3.3.1.jar;C:\Users\darie\.gradle\caches\modules-2\files-2.1\org.lwjgl\lwjgl-stb\3.3.1\3ee7aec8686e52867677110415566a5342a80230\lwjgl-stb-3.3.1-natives-linux.jar;C:\Users\darie\.gradle\caches\modules-2\files-2.1\org.lwjgl\lwjgl-stb\3.3.1\b08226bab162c06ae69337d8a1b0ee0a3fdf0b90\lwjgl-stb-3.3.1-natives-linux-arm32.jar;C:\Users\darie\.gradle\caches\modules-2\files-2.1\org.lwjgl\lwjgl-stb\3.3.1\8e8348a1813aad7f30aaf75ea197151ebb7beba9\lwjgl-stb-3.3.1-natives-linux-arm64.jar;C:\Users\darie\.gradle\caches\modules-2\files-2.1\org.lwjgl\lwjgl-stb\3.3.1\def8879b8d38a47a4cc1d48b1f9a7b772e51258e\lwjgl-stb-3.3.1-natives-macos.jar;C:\Users\darie\.gradle\caches\modules-2\files-2.1\org.lwjgl\lwjgl-stb\3.3.1\fcf073ed911752abdca5f0b00a53cfdf17ff8e8b\lwjgl-stb-3.3.1-natives-macos-arm64.jar;C:\Users\darie\.gradle\caches\modules-2\files-2.1\org.lwjgl\lwjgl-stb\3.3.1\86315914ac119efdb02dc9e8e978ade84f1702af\lwjgl-stb-3.3.1-natives-windows.jar;C:\Users\darie\.gradle\caches\modules-2\files-2.1\org.lwjgl\lwjgl-stb\3.3.1\a8d41f419eecb430b7c91ea2ce2c5c451cae2091\lwjgl-stb-3.3.1-natives-windows-x86.jar;C:\Users\darie\.gradle\caches\modules-2\files-2.1\org.lwjgl\lwjgl\3.3.1\ae58664f88e18a9bb2c77b063833ca7aaec484cb\lwjgl-3.3.1.jar;C:\Users\darie\.gradle\caches\modules-2\files-2.1\org.lwjgl\lwjgl\3.3.1\1de885aba434f934201b99f2f1afb142036ac189\lwjgl-3.3.1-natives-linux.jar;C:\Users\darie\.gradle\caches\modules-2\files-2.1\org.lwjgl\lwjgl\3.3.1\41a3c1dd15d6b964eb8196dde69720a3e3e5e969\lwjgl-3.3.1-natives-linux-arm32.jar;C:\Users\darie\.gradle\caches\modules-2\files-2.1\org.lwjgl\lwjgl\3.3.1\b597401014acb7196c76d97e15a6288f54f1f692\lwjgl-3.3.1-natives-linux-arm64.jar;C:\Users\darie\.gradle\caches\modules-2\files-2.1\org.lwjgl\lwjgl\3.3.1\fc6bb723dec2cd031557dccb2a95f0ab80acb9db\lwjgl-3.3.1-natives-macos.jar;C:\Users\darie\.gradle\caches\modules-2\files-2.1\org.lwjgl\lwjgl\3.3.1\71d0d5e469c9c95351eb949064497e3391616ac9\lwjgl-3.3.1-natives-macos-arm64.jar;C:\Users\darie\.gradle\caches\modules-2\files-2.1\org.lwjgl\lwjgl\3.3.1\36c37f16ab611b3aa11f3bcf80b1d509b4ce6b\lwjgl-3.3.1-natives-windows.jar;C:\Users\darie\.gradle\caches\modules-2\files-2.1\org.lwjgl\lwjgl\3.3.1\3b14f4beae9dd39791ec9e12190a9380cd8a3ce6\lwjgl-3.3.1-natives-windows-x86.jar;C:\Users\darie\.gradle\caches\modules-2\files-2.1\com.badlogicgames.jlayer\jlayer\1.0.1-gdx\7cca83cec5c1b2f011362f4d85aabd71a73b049d\jlayer-1.0.1-gdx.jar;C:\Users\darie\.gradle\caches\modules-2\files-2.1\org.jcraft\jorbis\0.0.17\8872d22b293e8f5d7d56ff92be966e6dc28ebdc6\jorbis-0.0.17.jar;C:\Users\darie\.gradle\caches\modules-2\files-2.1\com.badlogicgames.jamepad\jamepad\2.0.20.0\55eb0007fd55c9914d106dac3387b9d444572cab\jamepad-2.0.20.0.jar;C:\Users\darie\.gradle\caches\modules-2\files-2.1\org.slf4j\slf4j-jdk14\1.7.36\4a18af6554bfe48b0f76eec98119c417da23c7e1\slf4j-jdk14-1.7.36.jar;C:\Users\darie\.gradle\caches\modules-2\files-2.1\org.slf4j\slf4j-api\1.7.36\6c62681a2f655b49963a5983b8b0950a6120ae14\slf4j-api-1.7.36.jar;C:\Users\darie\.gradle\caches\modules-2\files-2.1\com.badlogicgames.gdx\gdx-jnigen-loader\2.3.1\2d472f69243631fbcb3d4c3f93dd2e137a6cb084\gdx-jnigen-loader-2.3.1.jar;C:\Users\darie\.gradle\caches\modules-2\files-2.1\org.lwjgl.lwjgl\lwjgl\2.9.3\3df168ac74e4a8c96562cdff24ad352e255bf89c\lwjgl-2.9.3.jar;C:\Users\darie\.gradle\caches\modules-2\files-2.1\org.lwjgl.lwjgl\lwjgl-platform\2.9.3\fbc2afb3e288578e9942578decb6291a490549a0\lwjgl-platform-2.9.3-natives-windows.jar;C:\Users\darie\.gradle\caches\modules-2\files-2.1\org.lwjgl.lwjgl\lwjgl-platform\2.9.3\b1eafe80093381c56415731e1d64279e6140bcd0\lwjgl-platform-2.9.3-natives-linux.jar;C:\Users\darie\.gradle\caches\modules-2\files-2.1\org.lwjgl.lwjgl\lwjgl-platform\2.9.3\6686cf6ddaa20b4290aa6599a09bc0d17369be05\lwjgl-platform-2.9.3-natives-osx.jar;C:\Users\darie\.gradle\caches\modules-2\files-2.1\net.java.jinput\jinput\2.0.5\39c7796b469a600f72380316f6b1f11db6c2c7c4\jinput-2.0.5.jar;C:\Users\darie\.gradle\caches\modules-2\files-2.1\net.java.jutils\jutils\1.0.0\e12fe1fda814bd348c1579329c86943d2cd3c6a6\jutils-1.0.0.jar;C:\Users\darie\.gradle\caches\modules-2\files-2.1\net.java.jinput\jinput-platform\2.0.5\7ff832a6eb9ab6a767f1ade2b548092d0fa64795\jinput-platform-2.0.5-natives-linux.jar;C:\Users\darie\.gradle\caches\modules-2\files-2.1\net.java.jinput\jinput-platform\2.0.5\385ee093e01f587f30ee1c8a2ee7d408fd732e16\jinput-platform-2.0.5-natives-windows.jar;C:\Users\darie\.gradle\caches\modules-2\files-2.1\net.java.jinput\jinput-platform\2.0.5\53f9c919f34d2ca9de8c51fc4e1e8282029a9232\jinput-platform-2.0.5-natives-osx.jar
Launcher Type: SUN_STANDARD

[Global flags]
     intx CICompilerCount                          = 15                                        {product} {ergonomic}
     uint ConcGCThreads                            = 6                                         {product} {ergonomic}
     uint G1ConcRefinementThreads                  = 23                                        {product} {ergonomic}
   size_t G1HeapRegionSize                         = 2097152                                   {product} {ergonomic}
    uintx GCDrainStackTargetSize                   = 64                                        {product} {ergonomic}
   size_t InitialHeapSize                          = 264241152                                 {product} {ergonomic}
   size_t MarkStackSize                            = 4194304                                   {product} {ergonomic}
   size_t MaxHeapSize                              = 4213178368                                {product} {ergonomic}
   size_t MaxNewSize                               = 2527068160                                {product} {ergonomic}
   size_t MinHeapDeltaBytes                        = 2097152                                   {product} {ergonomic}
   size_t MinHeapSize                              = 8388608                                   {product} {ergonomic}
    uintx NonNMethodCodeHeapSize                   = 8192380                                {pd product} {ergonomic}
    uintx NonProfiledCodeHeapSize                  = 121732930                              {pd product} {ergonomic}
    uintx ProfiledCodeHeapSize                     = 121732930                              {pd product} {ergonomic}
    uintx ReservedCodeCacheSize                    = 251658240                              {pd product} {ergonomic}
     bool SegmentedCodeCache                       = true                                      {product} {ergonomic}
   size_t SoftMaxHeapSize                          = 4213178368                             {manageable} {ergonomic}
     bool UseCompressedOops                        = true                           {product lp64_product} {ergonomic}
     bool UseG1GC                                  = true                                      {product} {ergonomic}
     bool UseLargePagesIndividualAllocation        = false                                  {pd product} {ergonomic}

Logging:
Log output configuration:
 #0: stdout all=warning uptime,level,tags foldmultilines=false
 #1: stderr all=off uptime,level,tags foldmultilines=false

Environment Variables:
PATH=C:\Windows\system32;C:\Windows;C:\Windows\System32\Wbem;C:\Windows\System32\WindowsPowerShell\v1.0\;C:\Windows\System32\OpenSSH\;C:\Program Files\dotnet\;C:\Program Files (x86)\NVIDIA Corporation\PhysX\Common;C:\Program Files\NVIDIA Corporation\NVIDIA NvDLISR;C:\Program Files\nodejs\;C:\WINDOWS\system32;C:\WINDOWS;C:\WINDOWS\System32\Wbem;C:\WINDOWS\System32\WindowsPowerShell\v1.0\;C:\WINDOWS\System32\OpenSSH\;C:\Program Files\Git\cmd;C:\Program Files (x86)\sox-14-4-2\sox.exe;C:\Users\darie\AppData\Local\Microsoft\WindowsApps;C:\Users\darie\AppData\Local\Programs\cursor\resources\app\bin;C:\Users\darie\AppData\Roaming\npm;C:\Users\darie\AppData\Local\Programs\Microsoft VS Code\bin;;C:\ghcup\bin;C:\Program Files\JetBrains\IntelliJ IDEA 2025.2\bin
USERNAME=Abdul Qadir
OS=Windows_NT
PROCESSOR_IDENTIFIER=Intel64 Family 6 Model 183 Stepping 1, GenuineIntel
TMP=C:\Users\darie\AppData\Local\Temp
TEMP=C:\Users\darie\AppData\Local\Temp




Periodic native trim disabled

---------------  S Y S T E M  ---------------

OS:
 Windows 11 , 64 bit Build 26100 (10.0.26100.5074)
OS uptime: 0 days 22:33 hours
Hyper-V role detected

CPU: total 32 (initial active 32) (16 cores per cpu, 2 threads per core) family 6 model 183 stepping 1 microcode 0x12c, cx8, cmov, fxsr, ht, mmx, 3dnowpref, sse, sse2, sse3, ssse3, sse4.1, sse4.2, popcnt, lzcnt, tsc, tscinvbit, avx, avx2, aes, erms, clmul, bmi1, bmi2, adx, sha, fma, vzeroupper, clflush, clflushopt, clwb, hv, serialize, rdtscp, rdpid, fsrm, f16c, cet_ibt, cet_ss
Processor Information for processor 0
  Max Mhz: 2200, Current Mhz: 2200, Mhz Limit: 2200
Processor Information for processor 1
  Max Mhz: 2200, Current Mhz: 2200, Mhz Limit: 2200
Processor Information for processor 2
  Max Mhz: 2200, Current Mhz: 2200, Mhz Limit: 2200
Processor Information for processor 3
  Max Mhz: 2200, Current Mhz: 1466, Mhz Limit: 2200
Processor Information for processor 4
  Max Mhz: 2200, Current Mhz: 1466, Mhz Limit: 2200
Processor Information for processor 5
  Max Mhz: 2200, Current Mhz: 2200, Mhz Limit: 2200
Processor Information for processor 6
  Max Mhz: 2200, Current Mhz: 1466, Mhz Limit: 2200
Processor Information for processor 7
  Max Mhz: 2200, Current Mhz: 2200, Mhz Limit: 2200
Processor Information for processor 8
  Max Mhz: 2200, Current Mhz: 2200, Mhz Limit: 2200
Processor Information for processor 9
  Max Mhz: 2200, Current Mhz: 2200, Mhz Limit: 2200
Processor Information for processor 10
  Max Mhz: 2200, Current Mhz: 2200, Mhz Limit: 2200
Processor Information for processor 11
  Max Mhz: 2200, Current Mhz: 2200, Mhz Limit: 2200
Processor Information for processor 12
  Max Mhz: 2200, Current Mhz: 2200, Mhz Limit: 2200
Processor Information for processor 13
  Max Mhz: 2200, Current Mhz: 2200, Mhz Limit: 2200
Processor Information for processor 14
  Max Mhz: 2200, Current Mhz: 2200, Mhz Limit: 2200
Processor Information for processor 15
  Max Mhz: 2200, Current Mhz: 2200, Mhz Limit: 2200
Processor Information for processor 16
  Max Mhz: 2200, Current Mhz: 1512, Mhz Limit: 2200
Processor Information for processor 17
  Max Mhz: 2200, Current Mhz: 2200, Mhz Limit: 2200
Processor Information for processor 18
  Max Mhz: 2200, Current Mhz: 1512, Mhz Limit: 2200
Processor Information for processor 19
  Max Mhz: 2200, Current Mhz: 1512, Mhz Limit: 2200
Processor Information for processor 20
  Max Mhz: 2200, Current Mhz: 1512, Mhz Limit: 2200
Processor Information for processor 21
  Max Mhz: 2200, Current Mhz: 1512, Mhz Limit: 2200
Processor Information for processor 22
  Max Mhz: 2200, Current Mhz: 2200, Mhz Limit: 2200
Processor Information for processor 23
  Max Mhz: 2200, Current Mhz: 2200, Mhz Limit: 2200
Processor Information for processor 24
  Max Mhz: 2200, Current Mhz: 1512, Mhz Limit: 2200
Processor Information for processor 25
  Max Mhz: 2200, Current Mhz: 1512, Mhz Limit: 2200
Processor Information for processor 26
  Max Mhz: 2200, Current Mhz: 1512, Mhz Limit: 2200
Processor Information for processor 27
  Max Mhz: 2200, Current Mhz: 1512, Mhz Limit: 2200
Processor Information for processor 28
  Max Mhz: 2200, Current Mhz: 1512, Mhz Limit: 2200
Processor Information for processor 29
  Max Mhz: 2200, Current Mhz: 2200, Mhz Limit: 2200
Processor Information for processor 30
  Max Mhz: 2200, Current Mhz: 2200, Mhz Limit: 2200
Processor Information for processor 31
  Max Mhz: 2200, Current Mhz: 2200, Mhz Limit: 2200

Memory: 4k page, system-wide physical 16068M (1127M free)
TotalPageFile size 48836M (AvailPageFile size 14870M)
current process WorkingSet (physical memory assigned to process): 755M, peak: 1145M
current process commit charge ("private bytes"): 956M, peak: 1348M

vm_info: OpenJDK 64-Bit Server VM (21.0.8+9-LTS) for windows-amd64 JRE (21.0.8+9-LTS), built on 2025-07-10T20:22:44Z by "MicrosoftCorporation" with unknown MS VC++:1944

END.
