#
# A fatal error has been detected by the Java Runtime Environment:
#
#  EXCEPTION_ACCESS_VIOLATION (0xc0000005) at pc=0x000000005106ba43, pid=36480, tid=9696
#
# JRE version: Java(TM) SE Runtime Environment (21.0.8+12) (build 21.0.8+12-LTS-250)
# Java VM: Java HotSpot(TM) 64-Bit Server VM (21.0.8+12-LTS-250, mixed mode, sharing, tiered, compressed oops, compressed class ptrs, g1 gc, windows-amd64)
# Problematic frame:
# C  [gdx-box2d64.dll+0xba43]
#
# No core dump will be written. Minidumps are not enabled by default on client versions of Windows
#
# If you would like to submit a bug report, please visit:
#   https://bugreport.java.com/bugreport/crash.jsp
# The crash happened outside the Java Virtual Machine in native code.
# See problematic frame for where to report the bug.
#

---------------  S U M M A R Y ------------

Command Line: -Dfile.encoding=UTF-8 -Duser.country=AU -Duser.language=en -Duser.variant com.csse3200.game.desktop.DesktopLauncher

Host: AMD Ryzen 9 8940HX with Radeon Graphics        , 32 cores, 15G,  Windows 11 , 64 bit Build 26100 (10.0.26100.4768)
Time: Fri Sep 12 21:53:46 2025 E. Australia Standard Time elapsed time: 23.425266 seconds (0d 0h 0m 23s)

---------------  T H R E A D  ---------------

Current thread (0x00000243e8b7ed10):  JavaThread "main"             [_thread_in_native, id=9696, stack(0x000000c01c600000,0x000000c01c700000) (1024K)]

Stack: [0x000000c01c600000,0x000000c01c700000],  sp=0x000000c01c6fee40,  free space=1019k
Native frames: (J=compiled Java code, j=interpreted, Vv=VM code, C=native code)
C  [gdx-box2d64.dll+0xba43]

Java frames: (J=compiled Java code, j=interpreted, Vv=VM code)
j  com.badlogic.gdx.physics.box2d.World.jniCreateBody(JIFFFFFFFFZZZZZF)J+0
j  com.badlogic.gdx.physics.box2d.World.createBody(Lcom/badlogic/gdx/physics/box2d/BodyDef;)Lcom/badlogic/gdx/physics/box2d/Body;+80
j  com.csse3200.game.physics.PhysicsEngine.createBody(Lcom/badlogic/gdx/physics/box2d/BodyDef;)Lcom/badlogic/gdx/physics/box2d/Body;+16
j  com.csse3200.game.physics.components.PhysicsComponent.<init>(Lcom/csse3200/game/physics/PhysicsEngine;)V+51
j  com.csse3200.game.physics.components.PhysicsComponent.<init>()V+7
j  com.csse3200.game.entities.factories.system.ObstacleFactory.createLongFloor()Lcom/csse3200/game/entities/Entity;+23
j  com.csse3200.game.areas.GameArea.spawnFloor()V+18
j  com.csse3200.game.areas.Floor5GameArea.create()V+101
j  com.csse3200.game.areas.GameArea.clearAndLoad(Ljava/util/function/Supplier;)V+68
j  com.csse3200.game.areas.SecurityGameArea.loadBackToFloor5()V+7
j  com.csse3200.game.areas.SecurityGameArea$$Lambda+0x00000243900f7b10.run()V+4
j  com.badlogic.gdx.backends.lwjgl3.Lwjgl3Application.loop()V+247
j  com.badlogic.gdx.backends.lwjgl3.Lwjgl3Application.<init>(Lcom/badlogic/gdx/ApplicationListener;Lcom/badlogic/gdx/backends/lwjgl3/Lwjgl3ApplicationConfiguration;)V+269
j  com.csse3200.game.desktop.DesktopLauncher.main([Ljava/lang/String;)V+20
v  ~StubRoutines::call_stub 0x00000243874110e7

siginfo: EXCEPTION_ACCESS_VIOLATION (0xc0000005), reading address 0x00000242d420ce10


Registers:
RAX=0x00000000510af060, RBX=0x00000242d420ce10, RCX=0x00000243d41b3870, RDX=0x00000000000000b8
RSP=0x000000c01c6fee40, RBP=0x00000243d41b38a0, RSI=0x00000243d41b3870, RDI=0x0000000000000148
R8 =0x00000243d41b3870, R9 =0x0000000000000002, R10=0x0000000000000001, R11=0x0000000000000001
R12=0x0000000000000006, R13=0x00000243d09341b8, R14=0x000000c01c6ff118, R15=0x00000243e8b7ed10
RIP=0x000000005106ba43, EFLAGS=0x0000000000010202


Register to memory mapping:

RAX=0x00000000510af060 gdx-box2d64.dll
RBX=0x00000242d420ce10 is an unknown value
RCX=0x00000243d41b3870 points into unknown readable memory: 0x00000243d41883e0 | e0 83 18 d4 43 02 00 00
RDX=0x00000000000000b8 is an unknown value
RSP=0x000000c01c6fee40 is pointing into the stack for thread: 0x00000243e8b7ed10
RBP=0x00000243d41b38a0 points into unknown readable memory: 0x0000000000000000 | 00 00 00 00 00 00 00 00
RSI=0x00000243d41b3870 points into unknown readable memory: 0x00000243d41883e0 | e0 83 18 d4 43 02 00 00
RDI=0x0000000000000148 is an unknown value
R8 =0x00000243d41b3870 points into unknown readable memory: 0x00000243d41883e0 | e0 83 18 d4 43 02 00 00
R9 =0x0000000000000002 is an unknown value
R10=0x0000000000000001 is an unknown value
R11=0x0000000000000001 is an unknown value
R12=0x0000000000000006 is an unknown value
R13={method} {0x00000243d09341c0} 'jniCreateBody' '(JIFFFFFFFFZZZZZF)J' in 'com/badlogic/gdx/physics/box2d/World'
R14=0x000000c01c6ff118 is pointing into the stack for thread: 0x00000243e8b7ed10
R15=0x00000243e8b7ed10 is a thread

Top of Stack: (sp=0x000000c01c6fee40)
0x000000c01c6fee40:   0000000000000020 00000243e8b7ed10
0x000000c01c6fee50:   000000c01c6fef70 00000243d420cd50
0x000000c01c6fee60:   00000243d09341b8 00000243e8b7ed10
0x000000c01c6fee70:   00007ffcd58b7778 00000243d41b3870
0x000000c01c6fee80:   000000c01c6fef20 0000000000000148
0x000000c01c6fee90:   000000c01c6ff070 0000000000000000
0x000000c01c6feea0:   00000243d09341b8 0000000051080e22
0x000000c01c6feeb0:   000000c01c6ff088 000000c01c6ff000
0x000000c01c6feec0:   000000c01c6fef60 000000c01c6fef60
0x000000c01c6feed0:   000000c000000003 00000243d09341b8
0x000000c01c6feee0:   00000243e8b7ed10 0000000000000001
0x000000c01c6feef0:   00000243d0a69110 00000000510866e6
0x000000c01c6fef00:   00000243e8b7ed10 000000c01c6ff118
0x000000c01c6fef10:   000000c01c6ff070 0000024387418287
0x000000c01c6fef20:   0000000000000002 0000000000000000
0x000000c01c6fef30:   0000000000000000 40a0000000000000
0x000000c01c6fef40:   0001010100000000 000000c01c6ff100
0x000000c01c6fef50:   0000000000000000 000000003f800000
0x000000c01c6fef60:   00000243d09341b8 000002438741cf4b
0x000000c01c6fef70:   000000c01c6ff048 00000243803f9c94
0x000000c01c6fef80:   0000000700000004 00007ffcd547c732
0x000000c01c6fef90:   0000000000000000 0000000000000000
0x000000c01c6fefa0:   0000000000000000 0000000000000000
0x000000c01c6fefb0:   0000000000000000 0000000000000000
0x000000c01c6fefc0:   0000000040a00000 0000000000000000
0x000000c01c6fefd0:   0000000000000001 0000000000000001
0x000000c01c6fefe0:   0000000000000001 0000000000000000
0x000000c01c6feff0:   0000000000000000 000000003f800000
0x000000c01c6ff000:   00000243e8b7ed10 00007ffcd552e1c4
0x000000c01c6ff010:   0000ebb21dcb1d4c 0000000719cc6970
0x000000c01c6ff020:   000000c01c6ff178 000000c01c6ff028
0x000000c01c6ff030:   00000243d09341b8 0000000000000015 

Instructions: (pc=0x000000005106ba43)
0x000000005106b943:   f6 48 8d 2d b5 16 03 00 48 8d 3d 0e 37 04 00 4c
0x000000005106b953:   8d 2d f7 31 03 00 4c 8d 25 55 32 03 00 eb 1a 83
0x000000005106b963:   fe 0d 7e 11 41 b8 49 00 00 00 4c 89 ea 4c 89 e1
0x000000005106b973:   e8 18 82 02 00 48 83 c3 01 48 63 c6 39 5c 85 00
0x000000005106b983:   7d 03 83 c6 01 48 81 fb 80 02 00 00 40 88 34 1f
0x000000005106b993:   75 cd c6 05 a4 36 04 00 01 48 83 c4 28 5b 5e 5f
0x000000005106b9a3:   5d 41 5c 41 5d c3 90 66 0f 1f 44 00 00 57 56 53
0x000000005106b9b3:   48 83 ec 20 8b 41 08 48 89 cf 85 c0 7e 1d 31 f6
0x000000005106b9c3:   31 db 48 8b 07 83 c3 01 48 8b 4c 30 08 48 83 c6
0x000000005106b9d3:   10 e8 a7 08 00 00 39 5f 08 7f e7 48 8b 0f 48 83
0x000000005106b9e3:   c4 20 5b 5e 5f e9 93 08 00 00 90 66 90 41 55 41
0x000000005106b9f3:   54 55 57 56 53 48 83 ec 38 48 63 da 48 89 ce 83
0x000000005106ba03:   fb 00 0f 84 95 01 00 00 0f 8e 6f 01 00 00 81 fb
0x000000005106ba13:   80 02 00 00 0f 8f 23 01 00 00 48 8d 05 3c 36 04
0x000000005106ba23:   00 44 0f b6 24 18 41 80 fc 0d 4c 89 e3 0f 87 da
0x000000005106ba33:   00 00 00 48 8d 2c de 48 8b 5d 10 48 85 db 74 1d
0x000000005106ba43:   48 8b 03 48 89 45 10 48 89 d8 48 83 c4 38 5b 5e
0x000000005106ba53:   5f 5d 41 5c 41 5d c3 66 0f 1f 44 00 00 48 63 46
0x000000005106ba63:   08 4c 8b 2e 3b 46 0c 0f 84 40 01 00 00 48 c1 e0
0x000000005106ba73:   04 b9 00 40 00 00 4d 63 e4 49 8d 7c 05 00 e8 ea
0x000000005106ba83:   07 00 00 48 89 c3 48 89 47 08 48 8d 05 6c 15 03
0x000000005106ba93:   00 46 8b 24 a0 b8 00 40 00 00 99 41 f7 fc 45 89
0x000000005106baa3:   e5 44 89 27 44 0f af e8 41 81 fd 00 40 00 00 0f
0x000000005106bab3:   8f 9b 00 00 00 83 f8 01 7e 23 49 63 d4 83 e8 01
0x000000005106bac3:   45 31 c0 49 89 d1 48 8d 0c 13 49 f7 d9 41 83 c0
0x000000005106bad3:   01 4a 89 0c 09 48 01 d1 41 39 c0 75 f0 45 29 e5
0x000000005106bae3:   4d 63 ed 4a c7 04 2b 00 00 00 00 48 8b 03 48 89
0x000000005106baf3:   45 10 83 46 08 01 48 89 d8 48 83 c4 38 5b 5e 5f
0x000000005106bb03:   5d 41 5c 41 5d c3 0f 1f 80 00 00 00 00 48 8d 15
0x000000005106bb13:   39 30 03 00 48 8d 0d b2 30 03 00 48 8d 2c de 41
0x000000005106bb23:   b8 70 00 00 00 e8 63 80 02 00 48 8b 5d 10 48 85
0x000000005106bb33:   db 0f 85 09 ff ff ff e9 21 ff ff ff 90 89 d9 48 


Stack slot to memory mapping:

stack at sp + 0 slots: 0x0000000000000020 is an unknown value
stack at sp + 1 slots: 0x00000243e8b7ed10 is a thread
stack at sp + 2 slots: 0x000000c01c6fef70 is pointing into the stack for thread: 0x00000243e8b7ed10
stack at sp + 3 slots: 0x00000243d420cd50 points into unknown readable memory: 0x0000003600000000 | 00 00 00 00 36 00 00 00
stack at sp + 4 slots: {method} {0x00000243d09341c0} 'jniCreateBody' '(JIFFFFFFFFZZZZZF)J' in 'com/badlogic/gdx/physics/box2d/World'
stack at sp + 5 slots: 0x00000243e8b7ed10 is a thread
stack at sp + 6 slots: 0x00007ffcd58b7778 jvm.dll
stack at sp + 7 slots: 0x00000243d41b3870 points into unknown readable memory: 0x00000243d41883e0 | e0 83 18 d4 43 02 00 00


---------------  P R O C E S S  ---------------

Threads class SMR info:
_java_thread_list=0x00000243ff98d8f0, length=15, elements={
0x00000243e8b7ed10, 0x00000243fb7f6120, 0x00000243fb7fb080, 0x00000243fb7fdd30,
0x00000243fb7fd6a0, 0x00000243fb7ff770, 0x00000243fb800490, 0x00000243fb80e160,
0x00000243fb8128b0, 0x00000243fb7ffe00, 0x00000243fb7fea50, 0x00000243fb7fd010,
0x00000243fb7fe3c0, 0x00000243fb7ff0e0, 0x00000243ff94b6d0
}

Java Threads: ( => current thread )
=>0x00000243e8b7ed10 JavaThread "main"                              [_thread_in_native, id=9696, stack(0x000000c01c600000,0x000000c01c700000) (1024K)]
  0x00000243fb7f6120 JavaThread "Reference Handler"          daemon [_thread_blocked, id=26592, stack(0x000000c01ce00000,0x000000c01cf00000) (1024K)]
  0x00000243fb7fb080 JavaThread "Finalizer"                  daemon [_thread_blocked, id=35720, stack(0x000000c01cf00000,0x000000c01d000000) (1024K)]
  0x00000243fb7fdd30 JavaThread "Signal Dispatcher"          daemon [_thread_blocked, id=41296, stack(0x000000c01d000000,0x000000c01d100000) (1024K)]
  0x00000243fb7fd6a0 JavaThread "Attach Listener"            daemon [_thread_blocked, id=37792, stack(0x000000c01d100000,0x000000c01d200000) (1024K)]
  0x00000243fb7ff770 JavaThread "Service Thread"             daemon [_thread_blocked, id=28480, stack(0x000000c01d200000,0x000000c01d300000) (1024K)]
  0x00000243fb800490 JavaThread "Monitor Deflation Thread"   daemon [_thread_blocked, id=29456, stack(0x000000c01d300000,0x000000c01d400000) (1024K)]
  0x00000243fb80e160 JavaThread "C2 CompilerThread0"         daemon [_thread_blocked, id=41368, stack(0x000000c01d400000,0x000000c01d500000) (1024K)]
  0x00000243fb8128b0 JavaThread "C1 CompilerThread0"         daemon [_thread_blocked, id=5664, stack(0x000000c01d500000,0x000000c01d600000) (1024K)]
  0x00000243fb7ffe00 JavaThread "Notification Thread"        daemon [_thread_blocked, id=21920, stack(0x000000c01d700000,0x000000c01d800000) (1024K)]
  0x00000243fb7fea50 JavaThread "Common-Cleaner"             daemon [_thread_blocked, id=24932, stack(0x000000c01d800000,0x000000c01d900000) (1024K)]
  0x00000243fb7fd010 JavaThread "AssetManager"               daemon [_thread_blocked, id=12036, stack(0x000000c01e800000,0x000000c01e900000) (1024K)]
  0x00000243fb7fe3c0 JavaThread "LWJGL3 Timer"               daemon [_thread_blocked, id=40480, stack(0x000000c01d900000,0x000000c01da00000) (1024K)]
  0x00000243fb7ff0e0 JavaThread "AssetManager"               daemon [_thread_blocked, id=38784, stack(0x000000c01e700000,0x000000c01e800000) (1024K)]
  0x00000243ff94b6d0 JavaThread "Timer"                      daemon [_thread_blocked, id=41400, stack(0x000000c01f300000,0x000000c01f400000) (1024K)]
Total: 15

Other Threads:
  0x00000243fb7dbcc0 VMThread "VM Thread"                           [id=19008, stack(0x000000c01cd00000,0x000000c01ce00000) (1024K)]
  0x00000243fb7ca950 WatcherThread "VM Periodic Task Thread"        [id=22460, stack(0x000000c01cc00000,0x000000c01cd00000) (1024K)]
  0x00000243eaf6c010 WorkerThread "GC Thread#0"                     [id=36932, stack(0x000000c01c700000,0x000000c01c800000) (1024K)]
  0x00000243ff71bd30 WorkerThread "GC Thread#1"                     [id=32360, stack(0x000000c01e900000,0x000000c01ea00000) (1024K)]
  0x00000243ff802dd0 WorkerThread "GC Thread#2"                     [id=26840, stack(0x000000c01ea00000,0x000000c01eb00000) (1024K)]
  0x00000243ff7016f0 WorkerThread "GC Thread#3"                     [id=37656, stack(0x000000c01eb00000,0x000000c01ec00000) (1024K)]
  0x00000243ff7026c0 WorkerThread "GC Thread#4"                     [id=22236, stack(0x000000c01ec00000,0x000000c01ed00000) (1024K)]
  0x00000243ff7fed40 WorkerThread "GC Thread#5"                     [id=33660, stack(0x000000c01ed00000,0x000000c01ee00000) (1024K)]
  0x00000243ff7ff8f0 WorkerThread "GC Thread#6"                     [id=8984, stack(0x000000c01ee00000,0x000000c01ef00000) (1024K)]
  0x00000243ff8000a0 WorkerThread "GC Thread#7"                     [id=41668, stack(0x000000c01ef00000,0x000000c01f000000) (1024K)]
  0x00000243ff800440 WorkerThread "GC Thread#8"                     [id=29880, stack(0x000000c01f000000,0x000000c01f100000) (1024K)]
  0x00000243ff6ab1f0 WorkerThread "GC Thread#9"                     [id=38188, stack(0x000000c01f100000,0x000000c01f200000) (1024K)]
  0x00000243eaf7d2b0 ConcurrentGCThread "G1 Main Marker"            [id=9452, stack(0x000000c01c800000,0x000000c01c900000) (1024K)]
  0x00000243eaf7ddb0 WorkerThread "G1 Conc#0"                       [id=39836, stack(0x000000c01c900000,0x000000c01ca00000) (1024K)]
  0x00000243eafbe800 ConcurrentGCThread "G1 Refine#0"               [id=15072, stack(0x000000c01ca00000,0x000000c01cb00000) (1024K)]
  0x00000243fb70c4b0 ConcurrentGCThread "G1 Service"                [id=3900, stack(0x000000c01cb00000,0x000000c01cc00000) (1024K)]
Total: 16

Threads with active compile tasks:
Total: 0

VM state: not at safepoint (normal execution)

VM Mutex/Monitor currently owned by a thread: None

Heap address: 0x000000070c800000, size: 3896 MB, Compressed Oops mode: Zero based, Oop shift amount: 3

CDS archive(s) mapped at: [0x000002438f000000-0x000002438fc90000-0x000002438fc90000), size 13172736, SharedBaseAddress: 0x000002438f000000, ArchiveRelocationMode: 1.
Compressed class space mapped at: 0x0000024390000000-0x00000243d0000000, reserved size: 1073741824
Narrow klass base: 0x000002438f000000, Narrow klass shift: 0, Narrow klass range: 0x100000000

GC Precious Log:
 CardTable entry size: 512
 Card Set container configuration: InlinePtr #cards 4 size 8 Array Of Cards #cards 16 size 48 Howl #buckets 8 coarsen threshold 3686 Howl Bitmap #cards 512 size 80 coarsen threshold 460 Card regions per heap region 1 cards per card region 4096
 CPUs: 32 total, 32 available
 Memory: 15577M
 Large Page Support: Disabled
 NUMA Support: Disabled
 Compressed Oops: Enabled (Zero based)
 Heap Region Size: 2M
 Heap Min Capacity: 8M
 Heap Initial Capacity: 244M
 Heap Max Capacity: 3896M
 Pre-touch: Disabled
 Parallel Workers: 23
 Concurrent Workers: 6
 Concurrent Refinement Workers: 23
 Periodic GC: Disabled

Heap:
 garbage-first heap   total 249856K, used 46822K [0x000000070c800000, 0x0000000800000000)
  region size 2048K, 16 young (32768K), 2 survivors (4096K)
 Metaspace       used 10426K, committed 10688K, reserved 1114112K
  class space    used 895K, committed 1024K, reserved 1048576K

Heap Regions: E=young(eden), S=young(survivor), O=old, HS=humongous(starts), HC=humongous(continues), CS=collection set, F=free, TAMS=top-at-mark-start, PB=parsable bottom
|   0|0x000000070c800000, 0x000000070ca00000, 0x000000070ca00000|100%|HS|  |TAMS 0x000000070c800000| PB 0x000000070c800000| Complete 
|   1|0x000000070ca00000, 0x000000070cc00000, 0x000000070cc00000|100%|HS|  |TAMS 0x000000070ca00000| PB 0x000000070ca00000| Complete 
|   2|0x000000070cc00000, 0x000000070ce00000, 0x000000070ce00000|100%|HS|  |TAMS 0x000000070cc00000| PB 0x000000070cc00000| Complete 
|   3|0x000000070ce00000, 0x000000070d000000, 0x000000070d000000|100%|HS|  |TAMS 0x000000070ce00000| PB 0x000000070ce00000| Complete 
|   4|0x000000070d000000, 0x000000070d200000, 0x000000070d200000|100%|HC|  |TAMS 0x000000070d000000| PB 0x000000070d000000| Complete 
|   5|0x000000070d200000, 0x000000070d400000, 0x000000070d400000|100%|HS|  |TAMS 0x000000070d200000| PB 0x000000070d200000| Complete 
|   6|0x000000070d400000, 0x000000070d600000, 0x000000070d600000|100%|HS|  |TAMS 0x000000070d400000| PB 0x000000070d400000| Complete 
|   7|0x000000070d600000, 0x000000070d800000, 0x000000070d800000|100%|HS|  |TAMS 0x000000070d600000| PB 0x000000070d600000| Complete 
|   8|0x000000070d800000, 0x000000070da00000, 0x000000070da00000|100%|HC|  |TAMS 0x000000070d800000| PB 0x000000070d800000| Complete 
|   9|0x000000070da00000, 0x000000070da00000, 0x000000070dc00000|  0%| F|  |TAMS 0x000000070da00000| PB 0x000000070da00000| Untracked 
|  10|0x000000070dc00000, 0x000000070dc00000, 0x000000070de00000|  0%| F|  |TAMS 0x000000070dc00000| PB 0x000000070dc00000| Untracked 
|  11|0x000000070de00000, 0x000000070de00000, 0x000000070e000000|  0%| F|  |TAMS 0x000000070de00000| PB 0x000000070de00000| Untracked 
|  12|0x000000070e000000, 0x000000070e000000, 0x000000070e200000|  0%| F|  |TAMS 0x000000070e000000| PB 0x000000070e000000| Untracked 
|  13|0x000000070e200000, 0x000000070e200000, 0x000000070e400000|  0%| F|  |TAMS 0x000000070e200000| PB 0x000000070e200000| Untracked 
|  14|0x000000070e400000, 0x000000070e400000, 0x000000070e600000|  0%| F|  |TAMS 0x000000070e400000| PB 0x000000070e400000| Untracked 
|  15|0x000000070e600000, 0x000000070e600000, 0x000000070e800000|  0%| F|  |TAMS 0x000000070e600000| PB 0x000000070e600000| Untracked 
|  16|0x000000070e800000, 0x000000070e800000, 0x000000070ea00000|  0%| F|  |TAMS 0x000000070e800000| PB 0x000000070e800000| Untracked 
|  17|0x000000070ea00000, 0x000000070ea00000, 0x000000070ec00000|  0%| F|  |TAMS 0x000000070ea00000| PB 0x000000070ea00000| Untracked 
|  18|0x000000070ec00000, 0x000000070ec00000, 0x000000070ee00000|  0%| F|  |TAMS 0x000000070ec00000| PB 0x000000070ec00000| Untracked 
|  19|0x000000070ee00000, 0x000000070ee00000, 0x000000070f000000|  0%| F|  |TAMS 0x000000070ee00000| PB 0x000000070ee00000| Untracked 
|  20|0x000000070f000000, 0x000000070f000000, 0x000000070f200000|  0%| F|  |TAMS 0x000000070f000000| PB 0x000000070f000000| Untracked 
|  21|0x000000070f200000, 0x000000070f200000, 0x000000070f400000|  0%| F|  |TAMS 0x000000070f200000| PB 0x000000070f200000| Untracked 
|  22|0x000000070f400000, 0x000000070f400000, 0x000000070f600000|  0%| F|  |TAMS 0x000000070f400000| PB 0x000000070f400000| Untracked 
|  23|0x000000070f600000, 0x000000070f600000, 0x000000070f800000|  0%| F|  |TAMS 0x000000070f600000| PB 0x000000070f600000| Untracked 
|  24|0x000000070f800000, 0x000000070f800000, 0x000000070fa00000|  0%| F|  |TAMS 0x000000070f800000| PB 0x000000070f800000| Untracked 
|  25|0x000000070fa00000, 0x000000070fa00000, 0x000000070fc00000|  0%| F|  |TAMS 0x000000070fa00000| PB 0x000000070fa00000| Untracked 
|  26|0x000000070fc00000, 0x000000070fc00000, 0x000000070fe00000|  0%| F|  |TAMS 0x000000070fc00000| PB 0x000000070fc00000| Untracked 
|  27|0x000000070fe00000, 0x000000070fe00000, 0x0000000710000000|  0%| F|  |TAMS 0x000000070fe00000| PB 0x000000070fe00000| Untracked 
|  28|0x0000000710000000, 0x0000000710000000, 0x0000000710200000|  0%| F|  |TAMS 0x0000000710000000| PB 0x0000000710000000| Untracked 
|  29|0x0000000710200000, 0x0000000710200000, 0x0000000710400000|  0%| F|  |TAMS 0x0000000710200000| PB 0x0000000710200000| Untracked 
|  30|0x0000000710400000, 0x0000000710400000, 0x0000000710600000|  0%| F|  |TAMS 0x0000000710400000| PB 0x0000000710400000| Untracked 
|  31|0x0000000710600000, 0x0000000710600000, 0x0000000710800000|  0%| F|  |TAMS 0x0000000710600000| PB 0x0000000710600000| Untracked 
|  32|0x0000000710800000, 0x0000000710800000, 0x0000000710a00000|  0%| F|  |TAMS 0x0000000710800000| PB 0x0000000710800000| Untracked 
|  33|0x0000000710a00000, 0x0000000710a00000, 0x0000000710c00000|  0%| F|  |TAMS 0x0000000710a00000| PB 0x0000000710a00000| Untracked 
|  34|0x0000000710c00000, 0x0000000710c00000, 0x0000000710e00000|  0%| F|  |TAMS 0x0000000710c00000| PB 0x0000000710c00000| Untracked 
|  35|0x0000000710e00000, 0x0000000710e00000, 0x0000000711000000|  0%| F|  |TAMS 0x0000000710e00000| PB 0x0000000710e00000| Untracked 
|  36|0x0000000711000000, 0x0000000711000000, 0x0000000711200000|  0%| F|  |TAMS 0x0000000711000000| PB 0x0000000711000000| Untracked 
|  37|0x0000000711200000, 0x0000000711200000, 0x0000000711400000|  0%| F|  |TAMS 0x0000000711200000| PB 0x0000000711200000| Untracked 
|  38|0x0000000711400000, 0x0000000711400000, 0x0000000711600000|  0%| F|  |TAMS 0x0000000711400000| PB 0x0000000711400000| Untracked 
|  39|0x0000000711600000, 0x0000000711600000, 0x0000000711800000|  0%| F|  |TAMS 0x0000000711600000| PB 0x0000000711600000| Untracked 
|  40|0x0000000711800000, 0x0000000711800000, 0x0000000711a00000|  0%| F|  |TAMS 0x0000000711800000| PB 0x0000000711800000| Untracked 
|  41|0x0000000711a00000, 0x0000000711a00000, 0x0000000711c00000|  0%| F|  |TAMS 0x0000000711a00000| PB 0x0000000711a00000| Untracked 
|  42|0x0000000711c00000, 0x0000000711c00000, 0x0000000711e00000|  0%| F|  |TAMS 0x0000000711c00000| PB 0x0000000711c00000| Untracked 
|  43|0x0000000711e00000, 0x0000000711e00000, 0x0000000712000000|  0%| F|  |TAMS 0x0000000711e00000| PB 0x0000000711e00000| Untracked 
|  44|0x0000000712000000, 0x0000000712000000, 0x0000000712200000|  0%| F|  |TAMS 0x0000000712000000| PB 0x0000000712000000| Untracked 
|  45|0x0000000712200000, 0x0000000712200000, 0x0000000712400000|  0%| F|  |TAMS 0x0000000712200000| PB 0x0000000712200000| Untracked 
|  46|0x0000000712400000, 0x0000000712400000, 0x0000000712600000|  0%| F|  |TAMS 0x0000000712400000| PB 0x0000000712400000| Untracked 
|  47|0x0000000712600000, 0x0000000712600000, 0x0000000712800000|  0%| F|  |TAMS 0x0000000712600000| PB 0x0000000712600000| Untracked 
|  48|0x0000000712800000, 0x0000000712800000, 0x0000000712a00000|  0%| F|  |TAMS 0x0000000712800000| PB 0x0000000712800000| Untracked 
|  49|0x0000000712a00000, 0x0000000712a00000, 0x0000000712c00000|  0%| F|  |TAMS 0x0000000712a00000| PB 0x0000000712a00000| Untracked 
|  50|0x0000000712c00000, 0x0000000712c00000, 0x0000000712e00000|  0%| F|  |TAMS 0x0000000712c00000| PB 0x0000000712c00000| Untracked 
|  51|0x0000000712e00000, 0x0000000712e00000, 0x0000000713000000|  0%| F|  |TAMS 0x0000000712e00000| PB 0x0000000712e00000| Untracked 
|  52|0x0000000713000000, 0x0000000713000000, 0x0000000713200000|  0%| F|  |TAMS 0x0000000713000000| PB 0x0000000713000000| Untracked 
|  53|0x0000000713200000, 0x0000000713200000, 0x0000000713400000|  0%| F|  |TAMS 0x0000000713200000| PB 0x0000000713200000| Untracked 
|  54|0x0000000713400000, 0x0000000713400000, 0x0000000713600000|  0%| F|  |TAMS 0x0000000713400000| PB 0x0000000713400000| Untracked 
|  55|0x0000000713600000, 0x0000000713600000, 0x0000000713800000|  0%| F|  |TAMS 0x0000000713600000| PB 0x0000000713600000| Untracked 
|  56|0x0000000713800000, 0x0000000713800000, 0x0000000713a00000|  0%| F|  |TAMS 0x0000000713800000| PB 0x0000000713800000| Untracked 
|  57|0x0000000713a00000, 0x0000000713a00000, 0x0000000713c00000|  0%| F|  |TAMS 0x0000000713a00000| PB 0x0000000713a00000| Untracked 
|  58|0x0000000713c00000, 0x0000000713c00000, 0x0000000713e00000|  0%| F|  |TAMS 0x0000000713c00000| PB 0x0000000713c00000| Untracked 
|  59|0x0000000713e00000, 0x0000000713e00000, 0x0000000714000000|  0%| F|  |TAMS 0x0000000713e00000| PB 0x0000000713e00000| Untracked 
|  60|0x0000000714000000, 0x0000000714000000, 0x0000000714200000|  0%| F|  |TAMS 0x0000000714000000| PB 0x0000000714000000| Untracked 
|  61|0x0000000714200000, 0x0000000714200000, 0x0000000714400000|  0%| F|  |TAMS 0x0000000714200000| PB 0x0000000714200000| Untracked 
|  62|0x0000000714400000, 0x0000000714400000, 0x0000000714600000|  0%| F|  |TAMS 0x0000000714400000| PB 0x0000000714400000| Untracked 
|  63|0x0000000714600000, 0x0000000714600000, 0x0000000714800000|  0%| F|  |TAMS 0x0000000714600000| PB 0x0000000714600000| Untracked 
|  64|0x0000000714800000, 0x0000000714800000, 0x0000000714a00000|  0%| F|  |TAMS 0x0000000714800000| PB 0x0000000714800000| Untracked 
|  65|0x0000000714a00000, 0x0000000714a00000, 0x0000000714c00000|  0%| F|  |TAMS 0x0000000714a00000| PB 0x0000000714a00000| Untracked 
|  66|0x0000000714c00000, 0x0000000714c00000, 0x0000000714e00000|  0%| F|  |TAMS 0x0000000714c00000| PB 0x0000000714c00000| Untracked 
|  67|0x0000000714e00000, 0x0000000714e00000, 0x0000000715000000|  0%| F|  |TAMS 0x0000000714e00000| PB 0x0000000714e00000| Untracked 
|  68|0x0000000715000000, 0x0000000715000000, 0x0000000715200000|  0%| F|  |TAMS 0x0000000715000000| PB 0x0000000715000000| Untracked 
|  69|0x0000000715200000, 0x0000000715200000, 0x0000000715400000|  0%| F|  |TAMS 0x0000000715200000| PB 0x0000000715200000| Untracked 
|  70|0x0000000715400000, 0x0000000715400000, 0x0000000715600000|  0%| F|  |TAMS 0x0000000715400000| PB 0x0000000715400000| Untracked 
|  71|0x0000000715600000, 0x0000000715600000, 0x0000000715800000|  0%| F|  |TAMS 0x0000000715600000| PB 0x0000000715600000| Untracked 
|  72|0x0000000715800000, 0x0000000715800000, 0x0000000715a00000|  0%| F|  |TAMS 0x0000000715800000| PB 0x0000000715800000| Untracked 
|  73|0x0000000715a00000, 0x0000000715a00000, 0x0000000715c00000|  0%| F|  |TAMS 0x0000000715a00000| PB 0x0000000715a00000| Untracked 
|  74|0x0000000715c00000, 0x0000000715c00000, 0x0000000715e00000|  0%| F|  |TAMS 0x0000000715c00000| PB 0x0000000715c00000| Untracked 
|  75|0x0000000715e00000, 0x0000000715e00000, 0x0000000716000000|  0%| F|  |TAMS 0x0000000715e00000| PB 0x0000000715e00000| Untracked 
|  76|0x0000000716000000, 0x0000000716000000, 0x0000000716200000|  0%| F|  |TAMS 0x0000000716000000| PB 0x0000000716000000| Untracked 
|  77|0x0000000716200000, 0x0000000716200000, 0x0000000716400000|  0%| F|  |TAMS 0x0000000716200000| PB 0x0000000716200000| Untracked 
|  78|0x0000000716400000, 0x0000000716400000, 0x0000000716600000|  0%| F|  |TAMS 0x0000000716400000| PB 0x0000000716400000| Untracked 
|  79|0x0000000716600000, 0x0000000716600000, 0x0000000716800000|  0%| F|  |TAMS 0x0000000716600000| PB 0x0000000716600000| Untracked 
|  80|0x0000000716800000, 0x0000000716800000, 0x0000000716a00000|  0%| F|  |TAMS 0x0000000716800000| PB 0x0000000716800000| Untracked 
|  81|0x0000000716a00000, 0x0000000716a00000, 0x0000000716c00000|  0%| F|  |TAMS 0x0000000716a00000| PB 0x0000000716a00000| Untracked 
|  82|0x0000000716c00000, 0x0000000716c00000, 0x0000000716e00000|  0%| F|  |TAMS 0x0000000716c00000| PB 0x0000000716c00000| Untracked 
|  83|0x0000000716e00000, 0x0000000716e00000, 0x0000000717000000|  0%| F|  |TAMS 0x0000000716e00000| PB 0x0000000716e00000| Untracked 
|  84|0x0000000717000000, 0x0000000717000000, 0x0000000717200000|  0%| F|  |TAMS 0x0000000717000000| PB 0x0000000717000000| Untracked 
|  85|0x0000000717200000, 0x0000000717200000, 0x0000000717400000|  0%| F|  |TAMS 0x0000000717200000| PB 0x0000000717200000| Untracked 
|  86|0x0000000717400000, 0x0000000717400000, 0x0000000717600000|  0%| F|  |TAMS 0x0000000717400000| PB 0x0000000717400000| Untracked 
|  87|0x0000000717600000, 0x0000000717600000, 0x0000000717800000|  0%| F|  |TAMS 0x0000000717600000| PB 0x0000000717600000| Untracked 
|  88|0x0000000717800000, 0x0000000717800000, 0x0000000717a00000|  0%| F|  |TAMS 0x0000000717800000| PB 0x0000000717800000| Untracked 
|  89|0x0000000717a00000, 0x0000000717a00000, 0x0000000717c00000|  0%| F|  |TAMS 0x0000000717a00000| PB 0x0000000717a00000| Untracked 
|  90|0x0000000717c00000, 0x0000000717c00000, 0x0000000717e00000|  0%| F|  |TAMS 0x0000000717c00000| PB 0x0000000717c00000| Untracked 
|  91|0x0000000717e00000, 0x0000000717e00000, 0x0000000718000000|  0%| F|  |TAMS 0x0000000717e00000| PB 0x0000000717e00000| Untracked 
|  92|0x0000000718000000, 0x0000000718000000, 0x0000000718200000|  0%| F|  |TAMS 0x0000000718000000| PB 0x0000000718000000| Untracked 
|  93|0x0000000718200000, 0x0000000718200000, 0x0000000718400000|  0%| F|  |TAMS 0x0000000718200000| PB 0x0000000718200000| Untracked 
|  94|0x0000000718400000, 0x0000000718400000, 0x0000000718600000|  0%| F|  |TAMS 0x0000000718400000| PB 0x0000000718400000| Untracked 
|  95|0x0000000718600000, 0x0000000718600000, 0x0000000718800000|  0%| F|  |TAMS 0x0000000718600000| PB 0x0000000718600000| Untracked 
|  96|0x0000000718800000, 0x0000000718800000, 0x0000000718a00000|  0%| F|  |TAMS 0x0000000718800000| PB 0x0000000718800000| Untracked 
|  97|0x0000000718a00000, 0x0000000718a00000, 0x0000000718c00000|  0%| F|  |TAMS 0x0000000718a00000| PB 0x0000000718a00000| Untracked 
|  98|0x0000000718c00000, 0x0000000718c00000, 0x0000000718e00000|  0%| F|  |TAMS 0x0000000718c00000| PB 0x0000000718c00000| Untracked 
|  99|0x0000000718e00000, 0x0000000718e00000, 0x0000000719000000|  0%| F|  |TAMS 0x0000000718e00000| PB 0x0000000718e00000| Untracked 
| 100|0x0000000719000000, 0x0000000719000000, 0x0000000719200000|  0%| F|  |TAMS 0x0000000719000000| PB 0x0000000719000000| Untracked 
| 101|0x0000000719200000, 0x0000000719200000, 0x0000000719400000|  0%| F|  |TAMS 0x0000000719200000| PB 0x0000000719200000| Untracked 
| 102|0x0000000719400000, 0x0000000719400000, 0x0000000719600000|  0%| F|  |TAMS 0x0000000719400000| PB 0x0000000719400000| Untracked 
| 103|0x0000000719600000, 0x0000000719600000, 0x0000000719800000|  0%| F|  |TAMS 0x0000000719600000| PB 0x0000000719600000| Untracked 
| 104|0x0000000719800000, 0x0000000719800000, 0x0000000719a00000|  0%| F|  |TAMS 0x0000000719800000| PB 0x0000000719800000| Untracked 
| 105|0x0000000719a00000, 0x0000000719a00000, 0x0000000719c00000|  0%| F|  |TAMS 0x0000000719a00000| PB 0x0000000719a00000| Untracked 
| 106|0x0000000719c00000, 0x0000000719d11070, 0x0000000719e00000| 53%| E|  |TAMS 0x0000000719c00000| PB 0x0000000719c00000| Complete 
| 107|0x0000000719e00000, 0x000000071a000000, 0x000000071a000000|100%| E|CS|TAMS 0x0000000719e00000| PB 0x0000000719e00000| Complete 
| 108|0x000000071a000000, 0x000000071a1ff998, 0x000000071a200000| 99%| E|  |TAMS 0x000000071a000000| PB 0x000000071a000000| Complete 
| 109|0x000000071a200000, 0x000000071a3b9960, 0x000000071a400000| 86%| S|CS|TAMS 0x000000071a200000| PB 0x000000071a200000| Complete 
| 110|0x000000071a400000, 0x000000071a600000, 0x000000071a600000|100%| S|CS|TAMS 0x000000071a400000| PB 0x000000071a400000| Complete 
| 111|0x000000071a600000, 0x000000071a800000, 0x000000071a800000|100%| E|CS|TAMS 0x000000071a600000| PB 0x000000071a600000| Complete 
| 112|0x000000071a800000, 0x000000071aa00000, 0x000000071aa00000|100%| E|CS|TAMS 0x000000071a800000| PB 0x000000071a800000| Complete 
| 113|0x000000071aa00000, 0x000000071ac00000, 0x000000071ac00000|100%| E|CS|TAMS 0x000000071aa00000| PB 0x000000071aa00000| Complete 
| 114|0x000000071ac00000, 0x000000071ae00000, 0x000000071ae00000|100%| E|CS|TAMS 0x000000071ac00000| PB 0x000000071ac00000| Complete 
| 115|0x000000071ae00000, 0x000000071b000000, 0x000000071b000000|100%| E|CS|TAMS 0x000000071ae00000| PB 0x000000071ae00000| Complete 
| 116|0x000000071b000000, 0x000000071b200000, 0x000000071b200000|100%| E|CS|TAMS 0x000000071b000000| PB 0x000000071b000000| Complete 
| 117|0x000000071b200000, 0x000000071b400000, 0x000000071b400000|100%| E|CS|TAMS 0x000000071b200000| PB 0x000000071b200000| Complete 
| 118|0x000000071b400000, 0x000000071b600000, 0x000000071b600000|100%| E|CS|TAMS 0x000000071b400000| PB 0x000000071b400000| Complete 
| 119|0x000000071b600000, 0x000000071b800000, 0x000000071b800000|100%| E|CS|TAMS 0x000000071b600000| PB 0x000000071b600000| Complete 
| 120|0x000000071b800000, 0x000000071ba00000, 0x000000071ba00000|100%| E|CS|TAMS 0x000000071b800000| PB 0x000000071b800000| Complete 
| 121|0x000000071ba00000, 0x000000071bc00000, 0x000000071bc00000|100%| E|CS|TAMS 0x000000071ba00000| PB 0x000000071ba00000| Complete 

Card table byte_map: [0x00000243f4e60000,0x00000243f5600000] _byte_map_base: 0x00000243f15fc000

Marking Bits: (CMBitMap*) 0x00000243eaf6c710
 Bits: [0x00000243f5600000, 0x00000243f92e0000)

Polling page: 0x00000243e8e60000

Metaspace:

Usage:
  Non-class:      9.31 MB used.
      Class:    895.58 KB used.
       Both:     10.18 MB used.

Virtual space:
  Non-class space:       64.00 MB reserved,       9.44 MB ( 15%) committed,  1 nodes.
      Class space:        1.00 GB reserved,       1.00 MB ( <1%) committed,  1 nodes.
             Both:        1.06 GB reserved,      10.44 MB ( <1%) committed. 

Chunk freelists:
   Non-Class:  5.33 MB
       Class:  15.02 MB
        Both:  20.34 MB

MaxMetaspaceSize: unlimited
CompressedClassSpaceSize: 1.00 GB
Initial GC threshold: 21.00 MB
Current GC threshold: 21.00 MB
CDS: on
 - commit_granule_bytes: 65536.
 - commit_granule_words: 8192.
 - virtual_space_node_default_size: 8388608.
 - enlarge_chunks_in_place: 1.
 - use_allocation_guard: 0.


Internal statistics:

num_allocs_failed_limit: 0.
num_arena_births: 178.
num_arena_deaths: 0.
num_vsnodes_births: 2.
num_vsnodes_deaths: 0.
num_space_committed: 165.
num_space_uncommitted: 0.
num_chunks_returned_to_freelist: 0.
num_chunks_taken_from_freelist: 499.
num_chunk_merges: 0.
num_chunk_splits: 346.
num_chunks_enlarged: 261.
num_inconsistent_stats: 0.

CodeHeap 'non-profiled nmethods': size=118848Kb used=1331Kb max_used=1331Kb free=117516Kb
 bounds [0x0000024387bf0000, 0x0000024387e60000, 0x000002438f000000]
CodeHeap 'profiled nmethods': size=118848Kb used=4524Kb max_used=4524Kb free=114323Kb
 bounds [0x0000024380000000, 0x0000024380470000, 0x0000024387410000]
CodeHeap 'non-nmethods': size=8064Kb used=2497Kb max_used=4792Kb free=5567Kb
 bounds [0x0000024387410000, 0x00000243878d0000, 0x0000024387bf0000]
 total_blobs=3672 nmethods=2549 adapters=1028
 compilation: enabled
              stopped_count=0, restarted_count=0
 full_count=0

Compilation events (20 events):
Event: 23.414 Thread 0x00000243fb8128b0 2540       3       com.badlogic.gdx.math.RandomXS128::nextInt (8 bytes)
Event: 23.414 Thread 0x00000243fb8128b0 nmethod 2540 0x0000024380467910 code [0x0000024380467ac0, 0x0000024380467c18]
Event: 23.414 Thread 0x00000243fb80e160 2542       4       java.nio.Buffer::remaining (20 bytes)
Event: 23.414 Thread 0x00000243fb8128b0 2541       3       com.badlogic.gdx.math.RandomXS128::nextLong (47 bytes)
Event: 23.415 Thread 0x00000243fb8128b0 nmethod 2541 0x0000024380467d10 code [0x0000024380467ee0, 0x0000024380468258]
Event: 23.415 Thread 0x00000243fb80e160 nmethod 2542 0x0000024387d3cc10 code [0x0000024387d3cda0, 0x0000024387d3ce38]
Event: 23.415 Thread 0x00000243fb8128b0 2543       3       com.badlogic.gdx.graphics.g2d.TextureRegion::<init> (5 bytes)
Event: 23.415 Thread 0x00000243fb8128b0 nmethod 2543 0x0000024380468390 code [0x0000024380468540, 0x00000243804686a8]
Event: 23.415 Thread 0x00000243fb8128b0 2544       3       com.badlogic.gdx.graphics.g2d.TextureRegion::setRegion (29 bytes)
Event: 23.415 Thread 0x00000243fb8128b0 nmethod 2544 0x0000024380468790 code [0x0000024380468940, 0x0000024380468b98]
Event: 23.415 Thread 0x00000243fb8128b0 2545       3       com.csse3200.game.events.EventHandler::registerListener (58 bytes)
Event: 23.415 Thread 0x00000243fb8128b0 nmethod 2545 0x0000024380468c90 code [0x0000024380468ea0, 0x0000024380469670]
Event: 23.415 Thread 0x00000243fb8128b0 2546       3       com.badlogic.gdx.utils.IntArray::<init> (17 bytes)
Event: 23.415 Thread 0x00000243fb8128b0 nmethod 2546 0x0000024380469910 code [0x0000024380469ac0, 0x0000024380469d30]
Event: 23.415 Thread 0x00000243fb8128b0 2547       3       com.badlogic.gdx.utils.IntArray::<init> (7 bytes)
Event: 23.415 Thread 0x00000243fb8128b0 nmethod 2547 0x0000024380469e10 code [0x0000024380469fc0, 0x000002438046a290]
Event: 23.415 Thread 0x00000243fb8128b0 2548       3       com.badlogic.gdx.utils.DelayedRemovalArray::<init> (18 bytes)
Event: 23.415 Thread 0x00000243fb8128b0 nmethod 2548 0x000002438046a390 code [0x000002438046a580, 0x000002438046ab88]
Event: 23.415 Thread 0x00000243fb8128b0 2549       3       com.badlogic.gdx.math.GridPoint2::<init> (15 bytes)
Event: 23.415 Thread 0x00000243fb8128b0 nmethod 2549 0x000002438046ad90 code [0x000002438046af40, 0x000002438046b0b0]

GC Heap History (2 events):
Event: 0.875 GC heap before
{Heap before GC invocations=0 (full 0):
 garbage-first heap   total 249856K, used 26624K [0x000000070c800000, 0x0000000800000000)
  region size 2048K, 11 young (22528K), 0 survivors (0K)
 Metaspace       used 6958K, committed 7232K, reserved 1114112K
  class space    used 520K, committed 640K, reserved 1048576K
}
Event: 0.878 GC heap after
{Heap after GC invocations=1 (full 0):
 garbage-first heap   total 249856K, used 3814K [0x000000070c800000, 0x0000000800000000)
  region size 2048K, 2 young (4096K), 2 survivors (4096K)
 Metaspace       used 6958K, committed 7232K, reserved 1114112K
  class space    used 520K, committed 640K, reserved 1048576K
}

Dll operation events (11 events):
Event: 0.004 Loaded shared library C:\Program Files\Java\jdk-21\bin\java.dll
Event: 0.023 Loaded shared library C:\Program Files\Java\jdk-21\bin\jsvml.dll
Event: 0.054 Loaded shared library C:\Program Files\Java\jdk-21\bin\net.dll
Event: 0.055 Loaded shared library C:\Program Files\Java\jdk-21\bin\nio.dll
Event: 0.057 Loaded shared library C:\Program Files\Java\jdk-21\bin\zip.dll
Event: 0.091 Loaded shared library C:\Program Files\Java\jdk-21\bin\verify.dll
Event: 0.095 Loaded shared library C:\Program Files\Java\jdk-21\bin\jimage.dll
Event: 0.121 Loaded shared library C:\Users\zdhil\AppData\Local\Temp\libgdxzdhil\e787ab0a\gdx64.dll
Event: 0.162 Loaded shared library C:\Users\zdhil\AppData\Local\Temp\lwjglzdhil\3.3.1-build-7\lwjgl.dll
Event: 0.417 Loaded shared library C:\Users\zdhil\AppData\Local\Temp\lwjglzdhil\3.3.1-build-7\lwjgl_opengl.dll
Event: 1.740 Loaded shared library C:\Users\zdhil\AppData\Local\Temp\libgdxzdhil\888fe1bc\gdx-box2d64.dll

Deoptimization events (20 events):
Event: 8.624 Thread 0x00000243e8b7ed10 Uncommon trap: trap_request=0xffffff45 fr.pc=0x0000024387c0ef10 relative=0x00000000000000f0
Event: 8.624 Thread 0x00000243e8b7ed10 Uncommon trap: reason=unstable_if action=reinterpret pc=0x0000024387c0ef10 method=java.lang.String.getBytes([BIB)V @ 5 c2
Event: 8.624 Thread 0x00000243e8b7ed10 DEOPT PACKING pc=0x0000024387c0ef10 sp=0x000000c01c6feaf0
Event: 8.624 Thread 0x00000243e8b7ed10 DEOPT UNPACKING pc=0x0000024387467da2 sp=0x000000c01c6fea98 mode 2
Event: 8.624 Thread 0x00000243e8b7ed10 Uncommon trap: trap_request=0xffffff45 fr.pc=0x0000024387c68978 relative=0x0000000000000538
Event: 8.624 Thread 0x00000243e8b7ed10 Uncommon trap: reason=unstable_if action=reinterpret pc=0x0000024387c68978 method=java.lang.AbstractStringBuilder.isLatin1()Z @ 10 c2
Event: 8.624 Thread 0x00000243e8b7ed10 DEOPT PACKING pc=0x0000024387c68978 sp=0x000000c01c6fefe0
Event: 8.624 Thread 0x00000243e8b7ed10 DEOPT UNPACKING pc=0x0000024387467da2 sp=0x000000c01c6fee78 mode 2
Event: 13.546 Thread 0x00000243e8b7ed10 Uncommon trap: trap_request=0xffffff6e fr.pc=0x0000024387d19c7c relative=0x00000000000000dc
Event: 13.546 Thread 0x00000243e8b7ed10 Uncommon trap: reason=loop_limit_check action=maybe_recompile pc=0x0000024387d19c7c method=com.badlogic.gdx.scenes.scene2d.Group.hit(FFZ)Lcom/badlogic/gdx/scenes/scene2d/Actor; @ 55 c2
Event: 13.546 Thread 0x00000243e8b7ed10 DEOPT PACKING pc=0x0000024387d19c7c sp=0x000000c01c6ff0f0
Event: 13.546 Thread 0x00000243e8b7ed10 DEOPT UNPACKING pc=0x0000024387467da2 sp=0x000000c01c6ff078 mode 2
Event: 16.296 Thread 0x00000243e8b7ed10 Uncommon trap: trap_request=0xffffff45 fr.pc=0x0000024387d192fc relative=0x000000000000035c
Event: 16.296 Thread 0x00000243e8b7ed10 Uncommon trap: reason=unstable_if action=reinterpret pc=0x0000024387d192fc method=com.badlogic.gdx.graphics.g2d.SpriteBatch.draw(Lcom/badlogic/gdx/graphics/Texture;[FII)V @ 33 c2
Event: 16.296 Thread 0x00000243e8b7ed10 DEOPT PACKING pc=0x0000024387d192fc sp=0x000000c01c6ff0c0
Event: 16.296 Thread 0x00000243e8b7ed10 DEOPT UNPACKING pc=0x0000024387467da2 sp=0x000000c01c6ff068 mode 2
Event: 16.530 Thread 0x00000243e8b7ed10 Uncommon trap: trap_request=0xffffffde fr.pc=0x0000024387d1ead8 relative=0x0000000000001b78
Event: 16.530 Thread 0x00000243e8b7ed10 Uncommon trap: reason=class_check action=maybe_recompile pc=0x0000024387d1ead8 method=com.badlogic.gdx.utils.ComparableTimSort.countRunAndMakeAscending([Ljava/lang/Object;II)I @ 39 c2
Event: 16.530 Thread 0x00000243e8b7ed10 DEOPT PACKING pc=0x0000024387d1ead8 sp=0x000000c01c6ff340
Event: 16.530 Thread 0x00000243e8b7ed10 DEOPT UNPACKING pc=0x0000024387467da2 sp=0x000000c01c6ff120 mode 2

Classes loaded (20 events):
Event: 2.553 Loading class java/io/ObjectStreamClass$Caches$2
Event: 2.553 Loading class java/io/ObjectStreamClass$Caches$2 done
Event: 2.553 Loading class java/lang/reflect/Proxy
Event: 2.553 Loading class java/lang/reflect/Proxy done
Event: 2.553 Loading class java/lang/reflect/InvocationHandler
Event: 2.553 Loading class java/lang/reflect/InvocationHandler done
Event: 2.553 Loading class java/lang/reflect/Proxy$1
Event: 2.553 Loading class java/lang/reflect/Proxy$1 done
Event: 2.553 Loading class java/io/ObjectStreamClass$2
Event: 2.553 Loading class java/io/ObjectStreamClass$2 done
Event: 2.553 Loading class java/io/ClassCache$CacheRef
Event: 2.553 Loading class java/io/ClassCache$CacheRef done
Event: 2.553 Loading class java/io/ObjectStreamClass$FieldReflectorKey
Event: 2.553 Loading class java/io/ObjectStreamClass$FieldReflectorKey done
Event: 2.553 Loading class java/io/ObjectStreamClass$FieldReflector
Event: 2.553 Loading class java/io/ObjectStreamClass$FieldReflector done
Event: 2.553 Loading class java/io/ObjectStreamClass$ExceptionInfo
Event: 2.553 Loading class java/io/ObjectStreamClass$ExceptionInfo done
Event: 16.288 Loading class java/lang/invoke/MethodHandle$1
Event: 16.288 Loading class java/lang/invoke/MethodHandle$1 done

Classes unloaded (0 events):
No events

Classes redefined (0 events):
No events

Internal exceptions (20 events):
Event: 0.250 Thread 0x00000243e8b7ed10 Exception <a 'java/lang/NoSuchMethodError'{0x000000071b0057f0}: 'java.lang.Object java.lang.invoke.DirectMethodHandle$Holder.newInvokeSpecial(java.lang.Object, long)'> (0x000000071b0057f0) 
thrown [s\open\src\hotspot\share\interpreter\linkResolver.cpp, line 773]
Event: 0.414 Thread 0x00000243e8b7ed10 Exception <a 'java/lang/NoSuchMethodError'{0x000000071b0f1368}: 'void java.lang.System.load(java.lang.String, java.lang.Class)'> (0x000000071b0f1368) 
thrown [s\open\src\hotspot\share\interpreter\linkResolver.cpp, line 773]
Event: 0.414 Thread 0x00000243e8b7ed10 Exception <a 'java/lang/NoSuchMethodError'{0x000000071b0f3d28}: 'void java.lang.System.loadLibrary(java.lang.String, java.lang.Class)'> (0x000000071b0f3d28) 
thrown [s\open\src\hotspot\share\interpreter\linkResolver.cpp, line 773]
Event: 0.416 Thread 0x00000243e8b7ed10 Exception <a 'sun/nio/fs/WindowsException'{0x000000071b103898}> (0x000000071b103898) 
thrown [s\open\src\hotspot\share\prims\jni.cpp, line 520]
Event: 0.416 Thread 0x00000243e8b7ed10 Exception <a 'sun/nio/fs/WindowsException'{0x000000071b103c40}> (0x000000071b103c40) 
thrown [s\open\src\hotspot\share\prims\jni.cpp, line 520]
Event: 0.418 Thread 0x00000243e8b7ed10 Exception <a 'sun/nio/fs/WindowsException'{0x000000071b10a278}> (0x000000071b10a278) 
thrown [s\open\src\hotspot\share\prims\jni.cpp, line 520]
Event: 0.418 Thread 0x00000243e8b7ed10 Exception <a 'sun/nio/fs/WindowsException'{0x000000071b10a558}> (0x000000071b10a558) 
thrown [s\open\src\hotspot\share\prims\jni.cpp, line 520]
Event: 0.639 Thread 0x00000243e8b7ed10 Exception <a 'java/lang/ClassNotFoundException'{0x000000071ac2c960}: sun/util/logging/resources/spi/loggingProvider> (0x000000071ac2c960) 
thrown [s\open\src\hotspot\share\classfile\systemDictionary.cpp, line 312]
Event: 0.657 Thread 0x00000243e8b7ed10 Exception <a 'java/lang/NoSuchMethodError'{0x000000071aa03fe0}: 'void java.lang.invoke.DelegatingMethodHandle$Holder.reinvoke_L(java.lang.Object, java.lang.Object, int)'> (0x000000071aa03fe0) 
thrown [s\open\src\hotspot\share\interpreter\linkResolver.cpp, line 773]
Event: 0.658 Thread 0x00000243e8b7ed10 Exception <a 'java/lang/NoSuchMethodError'{0x000000071aa0a840}: 'void java.lang.invoke.Invokers$Holder.invokeExact_MT(java.lang.Object, java.lang.Object, int, java.lang.Object)'> (0x000000071aa0a840) 
thrown [s\open\src\hotspot\share\interpreter\linkResolver.cpp, line 773]
Event: 0.659 Thread 0x00000243e8b7ed10 Exception <a 'java/lang/NoSuchMethodError'{0x000000071aa1ff08}: 'void java.lang.invoke.Invokers$Holder.invokeExact_MT(java.lang.Object, java.lang.Object, java.lang.Object, java.lang.Object)'> (0x000000071aa1ff08) 
thrown [s\open\src\hotspot\share\interpreter\linkResolver.cpp, line 773]
Event: 0.681 Thread 0x00000243e8b7ed10 Exception <a 'java/lang/NoSuchMethodError'{0x000000071aaf6d60}: 'int java.lang.invoke.DirectMethodHandle$Holder.invokeVirtual(java.lang.Object, java.lang.Object)'> (0x000000071aaf6d60) 
thrown [s\open\src\hotspot\share\interpreter\linkResolver.cpp, line 773]
Event: 0.683 Thread 0x00000243e8b7ed10 Exception <a 'java/lang/NoSuchMethodError'{0x000000071ab003f0}: 'java.lang.Object java.lang.invoke.Invokers$Holder.invokeExact_MT(java.lang.Object, java.lang.Object, java.lang.Object, java.lang.Object, java.lang.Object, java.lang.Object)'> (0x000000071ab003f0) 
thrown [s\open\src\hotspot\share\interpreter\linkResolver.cpp, line 773]
Event: 1.743 Thread 0x00000243e8b7ed10 Exception <a 'java/lang/NoSuchMethodError'{0x000000071b44c1d0}: 'void java.lang.invoke.DirectMethodHandle$Holder.invokeStatic(java.lang.Object, java.lang.Object, java.lang.Object)'> (0x000000071b44c1d0) 
thrown [s\open\src\hotspot\share\interpreter\linkResolver.cpp, line 773]
Event: 2.527 Thread 0x00000243e8b7ed10 Exception <a 'java/lang/NoSuchMethodError'{0x000000071a644060}: 'void java.lang.invoke.DirectMethodHandle$Holder.invokeStatic(java.lang.Object, java.lang.Object, java.lang.Object, java.lang.Object)'> (0x000000071a644060) 
thrown [s\open\src\hotspot\share\interpreter\linkResolver.cpp, line 773]
Event: 2.527 Thread 0x00000243e8b7ed10 Exception <a 'java/lang/NoSuchMethodError'{0x000000071a64cd18}: 'void java.lang.invoke.DirectMethodHandle$Holder.invokeVirtual(java.lang.Object, java.lang.Object)'> (0x000000071a64cd18) 
thrown [s\open\src\hotspot\share\interpreter\linkResolver.cpp, line 773]
Event: 2.528 Thread 0x00000243e8b7ed10 Exception <a 'java/lang/NoSuchMethodError'{0x000000071a6646d0}: 'void java.lang.invoke.DirectMethodHandle$Holder.invokeVirtual(java.lang.Object, java.lang.Object, int)'> (0x000000071a6646d0) 
thrown [s\open\src\hotspot\share\interpreter\linkResolver.cpp, line 773]
Event: 2.531 Thread 0x00000243e8b7ed10 Exception <a 'java/lang/NoSuchMethodError'{0x000000071a682f78}: 'void java.lang.invoke.DirectMethodHandle$Holder.invokeVirtual(java.lang.Object, java.lang.Object, int, java.lang.Object)'> (0x000000071a682f78) 
thrown [s\open\src\hotspot\share\interpreter\linkResolver.cpp, line 773]
Event: 2.532 Thread 0x00000243e8b7ed10 Exception <a 'java/lang/NoSuchMethodError'{0x000000071a6988f0}: 'void java.lang.invoke.DirectMethodHandle$Holder.invokeSpecial(java.lang.Object, java.lang.Object, int)'> (0x000000071a6988f0) 
thrown [s\open\src\hotspot\share\interpreter\linkResolver.cpp, line 773]
Event: 2.587 Thread 0x00000243e8b7ed10 Exception <a 'java/lang/NoSuchMethodError'{0x000000071a0b9a60}: 'int java.lang.invoke.DirectMethodHandle$Holder.invokeInterface(java.lang.Object, java.lang.Object)'> (0x000000071a0b9a60) 
thrown [s\open\src\hotspot\share\interpreter\linkResolver.cpp, line 773]

ZGC Phase Switch (0 events):
No events

VM Operations (20 events):
Event: 8.970 Executing VM operation: Cleanup
Event: 8.971 Executing VM operation: Cleanup done
Event: 9.971 Executing VM operation: Cleanup
Event: 9.971 Executing VM operation: Cleanup done
Event: 11.972 Executing VM operation: Cleanup
Event: 11.972 Executing VM operation: Cleanup done
Event: 12.972 Executing VM operation: Cleanup
Event: 12.972 Executing VM operation: Cleanup done
Event: 13.973 Executing VM operation: Cleanup
Event: 13.973 Executing VM operation: Cleanup done
Event: 14.973 Executing VM operation: Cleanup
Event: 14.973 Executing VM operation: Cleanup done
Event: 15.973 Executing VM operation: Cleanup
Event: 15.974 Executing VM operation: Cleanup done
Event: 16.974 Executing VM operation: Cleanup
Event: 16.974 Executing VM operation: Cleanup done
Event: 17.975 Executing VM operation: Cleanup
Event: 17.975 Executing VM operation: Cleanup done
Event: 18.976 Executing VM operation: Cleanup
Event: 18.976 Executing VM operation: Cleanup done

Events (20 events):
Event: 0.718 Thread 0x00000243fb7fd010 Thread added: 0x00000243fb7fd010
Event: 1.074 Thread 0x00000243ff5d6370 Thread exited: 0x00000243ff5d6370
Event: 1.074 Thread 0x00000243fd1767a0 Thread exited: 0x00000243fd1767a0
Event: 1.075 Thread 0x00000243fb7fe3c0 Thread added: 0x00000243fb7fe3c0
Event: 1.743 Thread 0x00000243fb7ff0e0 Thread added: 0x00000243fb7ff0e0
Event: 2.496 Thread 0x00000243ffad6330 Thread added: 0x00000243ffad6330
Event: 2.527 Thread 0x00000243ff94b6d0 Thread added: 0x00000243ff94b6d0
Event: 2.973 Thread 0x00000243ffad6330 Thread exited: 0x00000243ffad6330
Event: 6.558 Thread 0x00000243ff9c8850 Thread added: 0x00000243ff9c8850
Event: 6.558 Thread 0x00000243fdaffe80 Thread added: 0x00000243fdaffe80
Event: 6.558 Thread 0x000002440480b010 Thread added: 0x000002440480b010
Event: 6.673 Thread 0x000002440480b010 Thread exited: 0x000002440480b010
Event: 6.673 Thread 0x00000243fdaffe80 Thread exited: 0x00000243fdaffe80
Event: 7.023 Thread 0x00000243ff9c8850 Thread exited: 0x00000243ff9c8850
Event: 7.557 Thread 0x00000243ff62c580 Thread exited: 0x00000243ff62c580
Event: 8.028 Thread 0x00000243ff62c580 Thread added: 0x00000243ff62c580
Event: 8.257 Thread 0x00000243ff62c580 Thread exited: 0x00000243ff62c580
Event: 9.546 Thread 0x00000243ff62bad0 Thread exited: 0x00000243ff62bad0
Event: 9.546 Thread 0x00000243ff601210 Thread exited: 0x00000243ff601210
Event: 9.929 Thread 0x00000243fcf3a820 Thread exited: 0x00000243fcf3a820


Dynamic libraries:
0x00007ff63b850000 - 0x00007ff63b860000 	C:\Program Files\Java\jdk-21\bin\java.exe
0x00007ffd90da0000 - 0x00007ffd91007000 	C:\Windows\SYSTEM32\ntdll.dll
0x00007ffd90770000 - 0x00007ffd90839000 	C:\Windows\System32\KERNEL32.DLL
0x00007ffd8e1c0000 - 0x00007ffd8e5b0000 	C:\Windows\System32\KERNELBASE.dll
0x00007ffd8e680000 - 0x00007ffd8e7cb000 	C:\Windows\System32\ucrtbase.dll
0x00007ffd75620000 - 0x00007ffd7563b000 	C:\Program Files\Java\jdk-21\bin\VCRUNTIME140.dll
0x00007ffd75580000 - 0x00007ffd75599000 	C:\Program Files\Java\jdk-21\bin\jli.dll
0x00007ffd90840000 - 0x00007ffd908f4000 	C:\Windows\System32\ADVAPI32.dll
0x00007ffd90cb0000 - 0x00007ffd90d59000 	C:\Windows\System32\msvcrt.dll
0x00007ffd90ad0000 - 0x00007ffd90b76000 	C:\Windows\System32\sechost.dll
0x00007ffd8ef10000 - 0x00007ffd8f028000 	C:\Windows\System32\RPCRT4.dll
0x00007ffd904b0000 - 0x00007ffd90675000 	C:\Windows\System32\USER32.dll
0x00007ffd73970000 - 0x00007ffd73c0a000 	C:\Windows\WinSxS\amd64_microsoft.windows.common-controls_6595b64144ccf1df_6.0.26100.4768_none_3e0c112ce331287c\COMCTL32.dll
0x00007ffd8ded0000 - 0x00007ffd8def7000 	C:\Windows\System32\win32u.dll
0x00007ffd90c00000 - 0x00007ffd90c2b000 	C:\Windows\System32\GDI32.dll
0x00007ffd8e080000 - 0x00007ffd8e1b8000 	C:\Windows\System32\gdi32full.dll
0x00007ffd8e900000 - 0x00007ffd8e9a3000 	C:\Windows\System32\msvcp_win.dll
0x00007ffd84ea0000 - 0x00007ffd84eab000 	C:\Windows\SYSTEM32\VERSION.dll
0x00007ffd8eed0000 - 0x00007ffd8eeff000 	C:\Windows\System32\IMM32.DLL
0x00007ffd76320000 - 0x00007ffd7632c000 	C:\Program Files\Java\jdk-21\bin\vcruntime140_1.dll
0x00007ffd1e660000 - 0x00007ffd1e6ee000 	C:\Program Files\Java\jdk-21\bin\msvcp140.dll
0x00007ffcd4ed0000 - 0x00007ffcd5bed000 	C:\Program Files\Java\jdk-21\bin\server\jvm.dll
0x00007ffd90b80000 - 0x00007ffd90bf4000 	C:\Windows\System32\WS2_32.dll
0x00007ffd80200000 - 0x00007ffd80235000 	C:\Windows\SYSTEM32\WINMM.dll
0x00007ffd8dd30000 - 0x00007ffd8dd8e000 	C:\Windows\SYSTEM32\POWRPROF.dll
0x00007ffd8dd10000 - 0x00007ffd8dd24000 	C:\Windows\SYSTEM32\UMPDC.dll
0x00007ffd8cc50000 - 0x00007ffd8cc6b000 	C:\Windows\SYSTEM32\kernel.appcore.dll
0x00007ffd74fc0000 - 0x00007ffd74fca000 	C:\Program Files\Java\jdk-21\bin\jimage.dll
0x00007ffd8b640000 - 0x00007ffd8b881000 	C:\Windows\SYSTEM32\DBGHELP.DLL
0x00007ffd8eb30000 - 0x00007ffd8eeb5000 	C:\Windows\System32\combase.dll
0x00007ffd90680000 - 0x00007ffd90760000 	C:\Windows\System32\OLEAUT32.dll
0x00007ffd6c770000 - 0x00007ffd6c7b3000 	C:\Windows\SYSTEM32\dbgcore.DLL
0x00007ffd8e7d0000 - 0x00007ffd8e869000 	C:\Windows\System32\bcryptPrimitives.dll
0x00007ffd74c80000 - 0x00007ffd74c9f000 	C:\Program Files\Java\jdk-21\bin\java.dll
0x00007ffd8f6b0000 - 0x00007ffd8fdfd000 	C:\Windows\System32\SHELL32.dll
0x00007ffd8e9b0000 - 0x00007ffd8eb23000 	C:\Windows\System32\wintypes.dll
0x00007ffd8ba80000 - 0x00007ffd8c2e0000 	C:\Windows\SYSTEM32\windows.storage.dll
0x00007ffd8f3e0000 - 0x00007ffd8f4d5000 	C:\Windows\System32\SHCORE.dll
0x00007ffd8f270000 - 0x00007ffd8f2da000 	C:\Windows\System32\shlwapi.dll
0x00007ffd8ddf0000 - 0x00007ffd8de19000 	C:\Windows\SYSTEM32\profapi.dll
0x00007ffce2a60000 - 0x00007ffce2b37000 	C:\Program Files\Java\jdk-21\bin\jsvml.dll
0x00007ffd74f30000 - 0x00007ffd74f40000 	C:\Program Files\Java\jdk-21\bin\net.dll
0x00007ffd87010000 - 0x00007ffd8712e000 	C:\Windows\SYSTEM32\WINHTTP.dll
0x00007ffd8d1e0000 - 0x00007ffd8d24b000 	C:\Windows\system32\mswsock.dll
0x00007ffd5fbe0000 - 0x00007ffd5fbf6000 	C:\Program Files\Java\jdk-21\bin\nio.dll
0x00007ffd63fe0000 - 0x00007ffd63ff8000 	C:\Program Files\Java\jdk-21\bin\zip.dll
0x00007ffd74da0000 - 0x00007ffd74db0000 	C:\Program Files\Java\jdk-21\bin\verify.dll
0x00000000510c0000 - 0x00000000510e9000 	C:\Users\zdhil\AppData\Local\Temp\libgdxzdhil\e787ab0a\gdx64.dll
0x00007ffd5d280000 - 0x00007ffd5d2f5000 	C:\Users\zdhil\AppData\Local\Temp\lwjglzdhil\3.3.1-build-7\lwjgl.dll
0x00007ffce2130000 - 0x00007ffce2389000 	C:\Users\zdhil\AppData\Local\Temp\lwjglzdhil\3.3.1-build-7\jemalloc.dll
0x00007ffd1e5f0000 - 0x00007ffd1e651000 	C:\Users\zdhil\AppData\Local\Temp\lwjglzdhil\3.3.1-build-7\glfw.dll
0x00007ffd12400000 - 0x00007ffd1244b000 	C:\Windows\SYSTEM32\dinput8.dll
0x00007ffd5db50000 - 0x00007ffd5db62000 	C:\Windows\SYSTEM32\xinput1_4.dll
0x00007ffd8da80000 - 0x00007ffd8daad000 	C:\Windows\SYSTEM32\DEVOBJ.dll
0x00007ffd8da20000 - 0x00007ffd8da77000 	C:\Windows\SYSTEM32\cfgmgr32.dll
0x00007ffd8b010000 - 0x00007ffd8b045000 	C:\Windows\SYSTEM32\dwmapi.dll
0x00007ffd702a0000 - 0x00007ffd70482000 	C:\Windows\SYSTEM32\inputhost.dll
0x00007ffd8a720000 - 0x00007ffd8a845000 	C:\Windows\SYSTEM32\CoreMessaging.dll
0x00007ffd8ad30000 - 0x00007ffd8addf000 	C:\Windows\system32\uxtheme.dll
0x00007ffd8f540000 - 0x00007ffd8f6a1000 	C:\Windows\System32\MSCTF.dll
0x00007ffd8d4c0000 - 0x00007ffd8d4cc000 	C:\Windows\SYSTEM32\CRYPTBASE.DLL
0x00007ffce1f90000 - 0x00007ffce2127000 	C:\Users\zdhil\AppData\Local\Temp\lwjglzdhil\3.3.1-build-7\OpenAL.dll
0x00007ffd90300000 - 0x00007ffd904a0000 	C:\Windows\System32\ole32.dll
0x00007ffd90a10000 - 0x00007ffd90ab8000 	C:\Windows\System32\clbcatq.dll
0x00007ffd85290000 - 0x00007ffd85332000 	C:\Windows\System32\MMDevApi.dll
0x00007ffd6cfa0000 - 0x00007ffd6d162000 	C:\Windows\SYSTEM32\AUDIOSES.DLL
0x00007ffd8b2c0000 - 0x00007ffd8b2d4000 	C:\Windows\SYSTEM32\resourcepolicyclient.dll
0x00007ffd4a9e0000 - 0x00007ffd4aaf8000 	C:\Windows\SYSTEM32\opengl32.dll
0x00007ffd4d910000 - 0x00007ffd4d93d000 	C:\Windows\SYSTEM32\GLU32.dll
0x00007ffd8ae50000 - 0x00007ffd8ae9d000 	C:\Windows\SYSTEM32\dxcore.dll
0x00007ffd801e0000 - 0x00007ffd801fa000 	C:\Windows\SYSTEM32\windows.staterepositorycore.dll
0x00007ffcc44d0000 - 0x00007ffcc6d66000 	C:\Windows\System32\DriverStore\FileRepository\nvami.inf_amd64_96a4aa7af1aa4613\nvoglv64.dll
0x00007ffd8fe50000 - 0x00007ffd902d6000 	C:\Windows\System32\SETUPAPI.dll
0x00007ffd8abc0000 - 0x00007ffd8abd6000 	C:\Windows\SYSTEM32\WTSAPI32.dll
0x00007ffd8d510000 - 0x00007ffd8d523000 	C:\Windows\SYSTEM32\msasn1.dll
0x00007ffd84dd0000 - 0x00007ffd84e0b000 	C:\Windows\SYSTEM32\cryptnet.dll
0x00007ffd8df00000 - 0x00007ffd8e077000 	C:\Windows\System32\CRYPT32.dll
0x00007ffd8d580000 - 0x00007ffd8d5eb000 	C:\Windows\SYSTEM32\wldp.dll
0x00007ffd84c10000 - 0x00007ffd84d8c000 	C:\Windows\SYSTEM32\drvstore.dll
0x00007ffd8e870000 - 0x00007ffd8e8f4000 	C:\Windows\System32\WINTRUST.dll
0x00007ffd8cd80000 - 0x00007ffd8cdb6000 	C:\Windows\SYSTEM32\ntmarta.dll
0x00007ffd8f030000 - 0x00007ffd8f050000 	C:\Windows\System32\imagehlp.dll
0x00007ffd8d4a0000 - 0x00007ffd8d4bb000 	C:\Windows\SYSTEM32\CRYPTSP.dll
0x00007ffd8cbb0000 - 0x00007ffd8cbeb000 	C:\Windows\system32\rsaenh.dll
0x00007ffd8ddc0000 - 0x00007ffd8dde6000 	C:\Windows\SYSTEM32\bcrypt.dll
0x00007ffd80c00000 - 0x00007ffd846b3000 	C:\Windows\System32\DriverStore\FileRepository\nvami.inf_amd64_96a4aa7af1aa4613\nvgpucomp64.dll
0x00007ffd51f60000 - 0x00007ffd52274000 	C:\Windows\system32\nvspcap64.dll
0x00007ffd8dae0000 - 0x00007ffd8db4a000 	C:\Windows\SYSTEM32\WINSTA.dll
0x00007ffd1dc00000 - 0x00007ffd1dc5d000 	C:\Users\zdhil\AppData\Local\Temp\lwjglzdhil\3.3.1-build-7\lwjgl_opengl.dll
0x00007ffd77970000 - 0x00007ffd77ac1000 	C:\Windows\SYSTEM32\textinputframework.dll
0x00007ffd85b90000 - 0x00007ffd85e73000 	C:\Windows\SYSTEM32\CoreUIComponents.dll
0x0000000051060000 - 0x00000000510ba000 	C:\Users\zdhil\AppData\Local\Temp\libgdxzdhil\888fe1bc\gdx-box2d64.dll

dbghelp: loaded successfully - version: 4.0.5 - missing functions: none
symbol engine: initialized successfully - sym options: 0x614 - pdb path: .;C:\Program Files\Java\jdk-21\bin;C:\Windows\SYSTEM32;C:\Windows\WinSxS\amd64_microsoft.windows.common-controls_6595b64144ccf1df_6.0.26100.4768_none_3e0c112ce331287c;C:\Program Files\Java\jdk-21\bin\server;C:\Users\zdhil\AppData\Local\Temp\libgdxzdhil\e787ab0a;C:\Users\zdhil\AppData\Local\Temp\lwjglzdhil\3.3.1-build-7;C:\Windows\System32\DriverStore\FileRepository\nvami.inf_amd64_96a4aa7af1aa4613;C:\Users\zdhil\AppData\Local\Temp\libgdxzdhil\888fe1bc

VM Arguments:
jvm_args: -Dfile.encoding=UTF-8 -Duser.country=AU -Duser.language=en -Duser.variant 
java_command: com.csse3200.game.desktop.DesktopLauncher
java_class_path (initial): C:\Users\zdhil\2025-studio-1\source\desktop\build\classes\java\main;C:\Users\zdhil\2025-studio-1\source\desktop\build\resources\main;C:\Users\zdhil\.gradle\caches\modules-2\files-2.1\com.badlogicgames.gdx\gdx-backend-lwjgl3\1.11.0\58a96db4cd349be4292d547856aa1e1c5f065f4e\gdx-backend-lwjgl3-1.11.0.jar;C:\Users\zdhil\.gradle\caches\modules-2\files-2.1\com.badlogicgames.gdx\gdx-platform\1.11.0\697fb13eada6d3c6ca648c9788692b0159add126\gdx-platform-1.11.0-natives-desktop.jar;C:\Users\zdhil\.gradle\caches\modules-2\files-2.1\com.badlogicgames.gdx\gdx-box2d-platform\1.11.0\62ff9baa1e57a11e0a4428a38c9660bf9f312fdc\gdx-box2d-platform-1.11.0-natives-desktop.jar;C:\Users\zdhil\.gradle\caches\modules-2\files-2.1\com.badlogicgames.gdx\gdx-tools\1.11.0\a5d30eafd0f2fbab314efdf6d98ebc27388b7c0a\gdx-tools-1.11.0.jar;C:\Users\zdhil\.gradle\caches\modules-2\files-2.1\com.badlogicgames.gdx-controllers\gdx-controllers-desktop\2.2.2\625b3bdbe803e9c4af181b4791202cfcf776d805\gdx-controllers-desktop-2.2.2.jar;C:\Users\zdhil\2025-studio-1\source\core\build\libs\core-1.0.jar;C:\Users\zdhil\.gradle\caches\modules-2\files-2.1\com.badlogicgames.gdx\gdx-backend-lwjgl\1.11.0\33555a2cf8b4d9db4122b2fe42e7674b343d8b4\gdx-backend-lwjgl-1.11.0.jar;C:\Users\zdhil\.gradle\caches\modules-2\files-2.1\com.badlogicgames.gdx\gdx-freetype\1.11.0\a3634ad2e6c56d251268d6ab5c0f66eee2841f2c\gdx-freetype-1.11.0.jar;C:\Users\zdhil\.gradle\caches\modules-2\files-2.1\com.badlogicgames.gdx\gdx-backend-headless\1.11.0\3c3d0c951db72891d894df1725d09179fd0bca00\gdx-backend-headless-1.11.0.jar;C:\Users\zdhil\.gradle\caches\modules-2\files-2.1\com.badlogicgames.gdx-controllers\gdx-controllers-core\2.2.2\25473efe9273912a03a4871a9e1469b41d86face\gdx-controllers-core-2.2.2.jar;C:\Users\zdhil\.gradle\caches\modules-2\files-2.1\net.dermetfan.libgdx-utils\libgdx-utils-box2d\0.13.4\918d79a20ea3c898cdb3611782c5b2bfa6ec575b\libgdx-utils-box2d-0.13.4.jar;C:\Users\zdhil\.gradle\caches\modules-2\files-2.1\com.badlogicgames.gdx\gdx-box2d\1.11.0\ad4facee800dd945d6d6e93dea2936bc135b5f\gdx-box2d-1.11.0.jar;C:\Users\zdhil\.gradle\caches\modules-2\files-2.1\net.dermetfan.libgdx-utils\libgdx-utils\0.13.4\27affad2873d1c9c366a2290fc51f3927f3a5f83\libgdx-utils-0.13.4.jar;C:\Users\zdhil\.gradle\caches\modules-2\files-2.1\com.badlogicgames.gdx\gdx\1.11.0\ffe1206d1004cd9e40027e28964be0fea0399af7\gdx-1.11.0.jar;C:\Users\zdhil\.gradle\caches\modules-2\files-2.1\org.lwjgl\lwjgl-glfw\3.3.1\cbac1b8d30cb4795149c1ef540f912671a8616d0\lwjgl-glfw-3.3.1.jar;C:\Users\zdhil\.gradle\caches\modules-2\files-2.1\org.lwjgl\lwjgl-glfw\3.3.1\81716978214ecbda15050ca394b06ef61501a49e\lwjgl-glfw-3.3.1-natives-linux.jar;C:\Users\zdhil\.gradle\caches\modules-2\files-2.1\org.lwjgl\lwjgl-glfw\3.3.1\816d935933f2dd743074c4e717cc25b55720f294\lwjgl-glfw-3.3.1-natives-linux-arm32.jar;C:\Users\zdhil\.gradle\caches\modules-2\files-2.1\org.lwjgl\lwjgl-glfw\3.3.1\513eb39b866d0fe131a18d5c517087805433b029\lwjgl-glfw-3.3.1-natives-linux-arm64.jar;C:\Users\zdhil\.gradle\caches\modules-2\files-2.1\org.lwjgl\lwjgl-glfw\3.3.1\9ec4ce1fc8c85fdef03ef4ff2aace6f5775fb280\lwjgl-glfw-3.3.1-natives-macos.jar;C:\Users\zdhil\.gradle\caches\modules-2\files-2.1\org.lwjgl\lwjgl-glfw\3.3.1\cac0d3f712a3da7641fa174735a5f315de7ffe0a\lwjgl-glfw-3.3.1-natives-macos-arm64.jar;C:\Users\zdhil\.gradle\caches\modules-2\files-2.1\org.lwjgl\lwjgl-glfw\3.3.1\ed892f945cf7e79c8756796f32d00fa4ceaf573b\lwjgl-glfw-3.3.1-natives-windows.jar;C:\Users\zdhil\.gradle\caches\modules-2\files-2.1\org.lwjgl\lwjgl-glfw\3.3.1\b997e3391d6ce8f05487e7335d95c606043884a1\lwjgl-glfw-3.3.1-natives-windows-x86.jar;C:\Users\zdhil\.gradle\caches\modules-2\files-2.1\org.lwjgl\lwjgl-jemalloc\3.3.1\a817bcf213db49f710603677457567c37d53e103\lwjgl-jemalloc-3.3.1.jar;C:\Users\zdhil\.gradle\caches\modules-2\files-2.1\org.lwjgl\lwjgl-jemalloc\3.3.1\33dbb017b6ed6b25f993ad9d56741a49e7937718\lwjgl-jemalloc-3.3.1-natives-linux.jar;C:\Users\zdhil\.gradle\caches\modules-2\files-2.1\org.lwjgl\lwjgl-jemalloc\3.3.1\a96a6d6cb3876d7813fcee53c3c24f246aeba3b3\lwjgl-jemalloc-3.3.1-natives-linux-arm32.jar;C:\Users\zdhil\.gradle\caches\modules-2\files-2.1\org.lwjgl\lwjgl-jemalloc\3.3.1\c6606e57db075ad218a2e78d2416c159a53b6a0c\lwjgl-jemalloc-3.3.1-natives-linux-arm64.jar;C:\Users\zdhil\.gradle\caches\modules-2\files-2.1\org.lwjgl\lwjgl-jemalloc\3.3.1\56424dc8db3cfb8e7b594aa6d59a4f4387b7f544\lwjgl-jemalloc-3.3.1-natives-macos.jar;C:\Users\zdhil\.gradle\caches\modules-2\files-2.1\org.lwjgl\lwjgl-jemalloc\3.3.1\e577b87d8ad2ade361aaea2fcf226c660b15dee8\lwjgl-jemalloc-3.3.1-natives-macos-arm64.jar;C:\Users\zdhil\.gradle\caches\modules-2\files-2.1\org.lwjgl\lwjgl-jemalloc\3.3.1\948a89b76a16aa324b046ae9308891216ffce5f9\lwjgl-jemalloc-3.3.1-natives-windows.jar;C:\Users\zdhil\.gradle\caches\modules-2\files-2.1\org.lwjgl\lwjgl-jemalloc\3.3.1\fb476c8ec110e1c137ad3ce8a7f7bfe6b11c6324\lwjgl-jemalloc-3.3.1-natives-windows-x86.jar;C:\Users\zdhil\.gradle\caches\modules-2\files-2.1\org.lwjgl\lwjgl-openal\3.3.1\2623a6b8ae1dfcd880738656a9f0243d2e6840bd\lwjgl-openal-3.3.1.jar;C:\Users\zdhil\.gradle\caches\modules-2\files-2.1\org.lwjgl\lwjgl-openal\3.3.1\f906b6439f6daa66001182ea7727e3467a93681b\lwjgl-openal-3.3.1-natives-linux.jar;C:\Users\zdhil\.gradle\caches\modules-2\files-2.1\org.lwjgl\lwjgl-openal\3.3.1\ffbe35d7fa5ec9b7eca136a7c71f24d4025a510b\lwjgl-openal-3.3.1-natives-linux-arm32.jar;C:\Users\zdhil\.gradle\caches\modules-2\files-2.1\org.lwjgl\lwjgl-openal\3.3.1\cf4e303257e82981b8b2e31bba3d7f8f7b8f42b2\lwjgl-openal-3.3.1-natives-linux-arm64.jar;C:\Users\zdhil\.gradle\caches\modules-2\files-2.1\org.lwjgl\lwjgl-openal\3.3.1\3a57b8911835fb58b5e558d0ca0d28157e263d45\lwjgl-openal-3.3.1-natives-macos.jar;C:\Users\zdhil\.gradle\caches\modules-2\files-2.1\org.lwjgl\lwjgl-openal\3.3.1\23d55e7490b57495320f6c9e1936d78fd72c4ef8\lwjgl-openal-3.3.1-natives-macos-arm64.jar;C:\Users\zdhil\.gradle\caches\modules-2\files-2.1\org.lwjgl\lwjgl-openal\3.3.1\30a474d0e57193d7bc128849a3ab66bc9316fdb1\lwjgl-openal-3.3.1-natives-windows.jar;C:\Users\zdhil\.gradle\caches\modules-2\files-2.1\org.lwjgl\lwjgl-openal\3.3.1\888349f7b1be6fbae58bf8edfb9ef12def04c4e3\lwjgl-openal-3.3.1-natives-windows-x86.jar;C:\Users\zdhil\.gradle\caches\modules-2\files-2.1\org.lwjgl\lwjgl-opengl\3.3.1\831a5533a21a5f4f81bbc51bb13e9899319b5411\lwjgl-opengl-3.3.1.jar;C:\Users\zdhil\.gradle\caches\modules-2\files-2.1\org.lwjgl\lwjgl-opengl\3.3.1\ab9ab6fde3743e3550fa5d46d785ecb45b047d99\lwjgl-opengl-3.3.1-natives-linux.jar;C:\Users\zdhil\.gradle\caches\modules-2\files-2.1\org.lwjgl\lwjgl-opengl\3.3.1\e3550fa91097fd56e361b4370fa822220fef3595\lwjgl-opengl-3.3.1-natives-linux-arm32.jar;C:\Users\zdhil\.gradle\caches\modules-2\files-2.1\org.lwjgl\lwjgl-opengl\3.3.1\1c528fb258a6e63e8fceb4482d8db0f3af10a634\lwjgl-opengl-3.3.1-natives-linux-arm64.jar;C:\Users\zdhil\.gradle\caches\modules-2\files-2.1\org.lwjgl\lwjgl-opengl\3.3.1\a0d12697ea019a7362eff26475b0531340e876a6\lwjgl-opengl-3.3.1-natives-macos.jar;C:\Users\zdhil\.gradle\caches\modules-2\files-2.1\org.lwjgl\lwjgl-opengl\3.3.1\eafe34b871d966292e8db0f1f3d6b8b110d4e91d\lwjgl-opengl-3.3.1-natives-macos-arm64.jar;C:\Users\zdhil\.gradle\caches\modules-2\files-2.1\org.lwjgl\lwjgl-opengl\3.3.1\c1807e9bd571402787d7e37e3029776ae2513bb8\lwjgl-opengl-3.3.1-natives-windows.jar;C:\Users\zdhil\.gradle\caches\modules-2\files-2.1\org.lwjgl\lwjgl-opengl\3.3.1\deef3eb9b178ff2ff3ce893cc72ae741c3a17974\lwjgl-opengl-3.3.1-natives-windows-x86.jar;C:\Users\zdhil\.gradle\caches\modules-2\files-2.1\org.lwjgl\lwjgl-stb\3.3.1\b119297cf8ed01f247abe8685857f8e7fcf5980f\lwjgl-stb-3.3.1.jar;C:\Users\zdhil\.gradle\caches\modules-2\files-2.1\org.lwjgl\lwjgl-stb\3.3.1\3ee7aec8686e52867677110415566a5342a80230\lwjgl-stb-3.3.1-natives-linux.jar;C:\Users\zdhil\.gradle\caches\modules-2\files-2.1\org.lwjgl\lwjgl-stb\3.3.1\b08226bab162c06ae69337d8a1b0ee0a3fdf0b90\lwjgl-stb-3.3.1-natives-linux-arm32.jar;C:\Users\zdhil\.gradle\caches\modules-2\files-2.1\org.lwjgl\lwjgl-stb\3.3.1\8e8348a1813aad7f30aaf75ea197151ebb7beba9\lwjgl-stb-3.3.1-natives-linux-arm64.jar;C:\Users\zdhil\.gradle\caches\modules-2\files-2.1\org.lwjgl\lwjgl-stb\3.3.1\def8879b8d38a47a4cc1d48b1f9a7b772e51258e\lwjgl-stb-3.3.1-natives-macos.jar;C:\Users\zdhil\.gradle\caches\modules-2\files-2.1\org.lwjgl\lwjgl-stb\3.3.1\fcf073ed911752abdca5f0b00a53cfdf17ff8e8b\lwjgl-stb-3.3.1-natives-macos-arm64.jar;C:\Users\zdhil\.gradle\caches\modules-2\files-2.1\org.lwjgl\lwjgl-stb\3.3.1\86315914ac119efdb02dc9e8e978ade84f1702af\lwjgl-stb-3.3.1-natives-windows.jar;C:\Users\zdhil\.gradle\caches\modules-2\files-2.1\org.lwjgl\lwjgl-stb\3.3.1\a8d41f419eecb430b7c91ea2ce2c5c451cae2091\lwjgl-stb-3.3.1-natives-windows-x86.jar;C:\Users\zdhil\.gradle\caches\modules-2\files-2.1\org.lwjgl\lwjgl\3.3.1\ae58664f88e18a9bb2c77b063833ca7aaec484cb\lwjgl-3.3.1.jar;C:\Users\zdhil\.gradle\caches\modules-2\files-2.1\org.lwjgl\lwjgl\3.3.1\1de885aba434f934201b99f2f1afb142036ac189\lwjgl-3.3.1-natives-linux.jar;C:\Users\zdhil\.gradle\caches\modules-2\files-2.1\org.lwjgl\lwjgl\3.3.1\41a3c1dd15d6b964eb8196dde69720a3e3e5e969\lwjgl-3.3.1-natives-linux-arm32.jar;C:\Users\zdhil\.gradle\caches\modules-2\files-2.1\org.lwjgl\lwjgl\3.3.1\b597401014acb7196c76d97e15a6288f54f1f692\lwjgl-3.3.1-natives-linux-arm64.jar;C:\Users\zdhil\.gradle\caches\modules-2\files-2.1\org.lwjgl\lwjgl\3.3.1\fc6bb723dec2cd031557dccb2a95f0ab80acb9db\lwjgl-3.3.1-natives-macos.jar;C:\Users\zdhil\.gradle\caches\modules-2\files-2.1\org.lwjgl\lwjgl\3.3.1\71d0d5e469c9c95351eb949064497e3391616ac9\lwjgl-3.3.1-natives-macos-arm64.jar;C:\Users\zdhil\.gradle\caches\modules-2\files-2.1\org.lwjgl\lwjgl\3.3.1\36c37f16ab611b3aa11f3bcf80b1d509b4ce6b\lwjgl-3.3.1-natives-windows.jar;C:\Users\zdhil\.gradle\caches\modules-2\files-2.1\org.lwjgl\lwjgl\3.3.1\3b14f4beae9dd39791ec9e12190a9380cd8a3ce6\lwjgl-3.3.1-natives-windows-x86.jar;C:\Users\zdhil\.gradle\caches\modules-2\files-2.1\com.badlogicgames.jlayer\jlayer\1.0.1-gdx\7cca83cec5c1b2f011362f4d85aabd71a73b049d\jlayer-1.0.1-gdx.jar;C:\Users\zdhil\.gradle\caches\modules-2\files-2.1\org.jcraft\jorbis\0.0.17\8872d22b293e8f5d7d56ff92be966e6dc28ebdc6\jorbis-0.0.17.jar;C:\Users\zdhil\.gradle\caches\modules-2\files-2.1\com.badlogicgames.jamepad\jamepad\2.0.20.0\55eb0007fd55c9914d106dac3387b9d444572cab\jamepad-2.0.20.0.jar;C:\Users\zdhil\.gradle\caches\modules-2\files-2.1\org.slf4j\slf4j-jdk14\1.7.36\4a18af6554bfe48b0f76eec98119c417da23c7e1\slf4j-jdk14-1.7.36.jar;C:\Users\zdhil\.gradle\caches\modules-2\files-2.1\org.slf4j\slf4j-api\1.7.36\6c62681a2f655b49963a5983b8b0950a6120ae14\slf4j-api-1.7.36.jar;C:\Users\zdhil\.gradle\caches\modules-2\files-2.1\com.badlogicgames.gdx\gdx-jnigen-loader\2.3.1\2d472f69243631fbcb3d4c3f93dd2e137a6cb084\gdx-jnigen-loader-2.3.1.jar;C:\Users\zdhil\.gradle\caches\modules-2\files-2.1\org.lwjgl.lwjgl\lwjgl\2.9.3\3df168ac74e4a8c96562cdff24ad352e255bf89c\lwjgl-2.9.3.jar;C:\Users\zdhil\.gradle\caches\modules-2\files-2.1\org.lwjgl.lwjgl\lwjgl-platform\2.9.3\fbc2afb3e288578e9942578decb6291a490549a0\lwjgl-platform-2.9.3-natives-windows.jar;C:\Users\zdhil\.gradle\caches\modules-2\files-2.1\org.lwjgl.lwjgl\lwjgl-platform\2.9.3\b1eafe80093381c56415731e1d64279e6140bcd0\lwjgl-platform-2.9.3-natives-linux.jar;C:\Users\zdhil\.gradle\caches\modules-2\files-2.1\org.lwjgl.lwjgl\lwjgl-platform\2.9.3\6686cf6ddaa20b4290aa6599a09bc0d17369be05\lwjgl-platform-2.9.3-natives-osx.jar;C:\Users\zdhil\.gradle\caches\modules-2\files-2.1\net.java.jinput\jinput\2.0.5\39c7796b469a600f72380316f6b1f11db6c2c7c4\jinput-2.0.5.jar;C:\Users\zdhil\.gradle\caches\modules-2\files-2.1\net.java.jutils\jutils\1.0.0\e12fe1fda814bd348c1579329c86943d2cd3c6a6\jutils-1.0.0.jar;C:\Users\zdhil\.gradle\caches\modules-2\files-2.1\net.java.jinput\jinput-platform\2.0.5\7ff832a6eb9ab6a767f1ade2b548092d0fa64795\jinput-platform-2.0.5-natives-linux.jar;C:\Users\zdhil\.gradle\caches\modules-2\files-2.1\net.java.jinput\jinput-platform\2.0.5\385ee093e01f587f30ee1c8a2ee7d408fd732e16\jinput-platform-2.0.5-natives-windows.jar;C:\Users\zdhil\.gradle\caches\modules-2\files-2.1\net.java.jinput\jinput-platform\2.0.5\53f9c919f34d2ca9de8c51fc4e1e8282029a9232\jinput-platform-2.0.5-natives-osx.jar
Launcher Type: SUN_STANDARD

[Global flags]
     intx CICompilerCount                          = 15                                        {product} {ergonomic}
     uint ConcGCThreads                            = 6                                         {product} {ergonomic}
     uint G1ConcRefinementThreads                  = 23                                        {product} {ergonomic}
   size_t G1HeapRegionSize                         = 2097152                                   {product} {ergonomic}
    uintx GCDrainStackTargetSize                   = 64                                        {product} {ergonomic}
   size_t InitialHeapSize                          = 255852544                                 {product} {ergonomic}
   size_t MarkStackSize                            = 4194304                                   {product} {ergonomic}
   size_t MaxHeapSize                              = 4085252096                                {product} {ergonomic}
   size_t MaxNewSize                               = 2449473536                                {product} {ergonomic}
   size_t MinHeapDeltaBytes                        = 2097152                                   {product} {ergonomic}
   size_t MinHeapSize                              = 8388608                                   {product} {ergonomic}
    uintx NonNMethodCodeHeapSize                   = 8192380                                {pd product} {ergonomic}
    uintx NonProfiledCodeHeapSize                  = 121732930                              {pd product} {ergonomic}
    uintx ProfiledCodeHeapSize                     = 121732930                              {pd product} {ergonomic}
    uintx ReservedCodeCacheSize                    = 251658240                              {pd product} {ergonomic}
     bool SegmentedCodeCache                       = true                                      {product} {ergonomic}
   size_t SoftMaxHeapSize                          = 4085252096                             {manageable} {ergonomic}
     bool UseCompressedOops                        = true                           {product lp64_product} {ergonomic}
     bool UseG1GC                                  = true                                      {product} {ergonomic}
     bool UseLargePagesIndividualAllocation        = false                                  {pd product} {ergonomic}

Logging:
Log output configuration:
 #0: stdout all=warning uptime,level,tags foldmultilines=false
 #1: stderr all=off uptime,level,tags foldmultilines=false

Environment Variables:
JAVA_HOME=C:\Program Files\Java\jdk-21
PATH=C:\Program Files\Common Files\Oracle\Java\javapath;C:\Windows\system32;C:\Windows;C:\Windows\System32\Wbem;C:\Windows\System32\WindowsPowerShell\v1.0\;C:\Windows\System32\OpenSSH\;C:\Program Files (x86)\NVIDIA Corporation\PhysX\Common;C:\Program Files\NVIDIA Corporation\NVIDIA app\NvDLISR;C:\Program Files\dotnet\;C:\Program Files\Git\cmd;C:\Windows\system32\config\systemprofile\AppData\Local\Muse Hub\lib;C:\Users\zdhil\AppData\Local\Microsoft\WindowsApps;
USERNAME=zdhil
OS=Windows_NT
PROCESSOR_IDENTIFIER=AMD64 Family 25 Model 97 Stepping 2, AuthenticAMD
TMP=C:\Users\zdhil\AppData\Local\Temp
TEMP=C:\Users\zdhil\AppData\Local\Temp




Periodic native trim disabled

---------------  S Y S T E M  ---------------

OS:
 Windows 11 , 64 bit Build 26100 (10.0.26100.4768)
OS uptime: 0 days 3:55 hours
Hyper-V role detected

CPU: total 32 (initial active 32) (32 cores per cpu, 2 threads per core) family 25 model 97 stepping 2 microcode 0xa60120c, cx8, cmov, fxsr, ht, mmx, 3dnowpref, sse, sse2, sse3, ssse3, sse4a, sse4.1, sse4.2, popcnt, lzcnt, tsc, tscinvbit, avx, avx2, aes, erms, clmul, bmi1, bmi2, adx, avx512f, avx512dq, avx512cd, avx512bw, avx512vl, sha, fma, vzeroupper, avx512_vpopcntdq, avx512_vpclmulqdq, avx512_vaes, avx512_vnni, clflush, clflushopt, avx512_vbmi2, avx512_vbmi, hv, rdtscp, rdpid, fsrm, gfni, avx512_bitalg, f16c, cet_ss, avx512_ifma
Processor Information for processor 0
  Max Mhz: 2401, Current Mhz: 2401, Mhz Limit: 2401
Processor Information for processor 1
  Max Mhz: 2401, Current Mhz: 1979, Mhz Limit: 2401
Processor Information for processor 2
  Max Mhz: 2401, Current Mhz: 1979, Mhz Limit: 2401
Processor Information for processor 3
  Max Mhz: 2401, Current Mhz: 1979, Mhz Limit: 2401
Processor Information for processor 4
  Max Mhz: 2401, Current Mhz: 1979, Mhz Limit: 2401
Processor Information for processor 5
  Max Mhz: 2401, Current Mhz: 1979, Mhz Limit: 2401
Processor Information for processor 6
  Max Mhz: 2401, Current Mhz: 1979, Mhz Limit: 2401
Processor Information for processor 7
  Max Mhz: 2401, Current Mhz: 1979, Mhz Limit: 2401
Processor Information for processor 8
  Max Mhz: 2401, Current Mhz: 1979, Mhz Limit: 2401
Processor Information for processor 9
  Max Mhz: 2401, Current Mhz: 1979, Mhz Limit: 2401
Processor Information for processor 10
  Max Mhz: 2401, Current Mhz: 1979, Mhz Limit: 2401
Processor Information for processor 11
  Max Mhz: 2401, Current Mhz: 1979, Mhz Limit: 2401
Processor Information for processor 12
  Max Mhz: 2401, Current Mhz: 2401, Mhz Limit: 2401
Processor Information for processor 13
  Max Mhz: 2401, Current Mhz: 1979, Mhz Limit: 2401
Processor Information for processor 14
  Max Mhz: 2401, Current Mhz: 1979, Mhz Limit: 2401
Processor Information for processor 15
  Max Mhz: 2401, Current Mhz: 1979, Mhz Limit: 2401
Processor Information for processor 16
  Max Mhz: 2401, Current Mhz: 1979, Mhz Limit: 2401
Processor Information for processor 17
  Max Mhz: 2401, Current Mhz: 1979, Mhz Limit: 2401
Processor Information for processor 18
  Max Mhz: 2401, Current Mhz: 1979, Mhz Limit: 2401
Processor Information for processor 19
  Max Mhz: 2401, Current Mhz: 1979, Mhz Limit: 2401
Processor Information for processor 20
  Max Mhz: 2401, Current Mhz: 1979, Mhz Limit: 2401
Processor Information for processor 21
  Max Mhz: 2401, Current Mhz: 1979, Mhz Limit: 2401
Processor Information for processor 22
  Max Mhz: 2401, Current Mhz: 1979, Mhz Limit: 2401
Processor Information for processor 23
  Max Mhz: 2401, Current Mhz: 1979, Mhz Limit: 2401
Processor Information for processor 24
  Max Mhz: 2401, Current Mhz: 1979, Mhz Limit: 2401
Processor Information for processor 25
  Max Mhz: 2401, Current Mhz: 1979, Mhz Limit: 2401
Processor Information for processor 26
  Max Mhz: 2401, Current Mhz: 1979, Mhz Limit: 2401
Processor Information for processor 27
  Max Mhz: 2401, Current Mhz: 1979, Mhz Limit: 2401
Processor Information for processor 28
  Max Mhz: 2401, Current Mhz: 1979, Mhz Limit: 2401
Processor Information for processor 29
  Max Mhz: 2401, Current Mhz: 1979, Mhz Limit: 2401
Processor Information for processor 30
  Max Mhz: 2401, Current Mhz: 1979, Mhz Limit: 2401
Processor Information for processor 31
  Max Mhz: 2401, Current Mhz: 1979, Mhz Limit: 2401

Memory: 4k page, system-wide physical 15577M (5331M free)
TotalPageFile size 32985M (AvailPageFile size 16134M)
current process WorkingSet (physical memory assigned to process): 188M, peak: 227M
current process commit charge ("private bytes"): 644M, peak: 880M

vm_info: Java HotSpot(TM) 64-Bit Server VM (21.0.8+12-LTS-250) for windows-amd64 JRE (21.0.8+12-LTS-250), built on 2025-06-27T08:11:22Z by "mach5one" with MS VC++ 17.6 (VS2022)

END.
