#
# A fatal error has been detected by the Java Runtime Environment:
#
#  EXCEPTION_ACCESS_VIOLATION (0xc0000005) at pc=0x00007ffd5ef46f5b, pid=38408, tid=28264
#
# JRE version: OpenJDK Runtime Environment Microsoft-11933218 (21.0.8+9) (build 21.0.8+9-LTS)
# Java VM: OpenJDK 64-Bit Server VM Microsoft-11933218 (21.0.8+9-LTS, mixed mode, sharing, tiered, compressed oops, compressed class ptrs, g1 gc, windows-amd64)
# Problematic frame:
# C  [jdwp.dll+0x26f5b]
#
# No core dump will be written. Minidumps are not enabled by default on client versions of Windows
#
# If you would like to submit a bug report, please visit:
#   https://github.com/microsoft/openjdk/issues
# The crash happened outside the Java Virtual Machine in native code.
# See problematic frame for where to report the bug.
#

---------------  S U M M A R Y ------------

Command Line: -Ddebugger.agent.enable.coroutines=true -Dkotlinx.coroutines.debug.enable.creation.stack.trace=false -Dkotlinx.coroutines.debug.enable.flows.stack.trace=true -Dkotlinx.coroutines.debug.enable.mutable.state.flows.stack.trace=true -agentlib:jdwp=transport=dt_socket,server=n,suspend=y,address=127.0.0.1:63850 -javaagent:C:\Users\darie\AppData\Local\JetBrains\IntelliJIdea2025.2\captureAgent\debugger-agent.jar=file:///C:/Users/darie/AppData/Local/Temp/capture3903452438635725531.props -Dfile.encoding=UTF-8 -Duser.country=US -Duser.language=en -Duser.variant com.csse3200.game.desktop.DesktopLauncher

Host: 13th Gen Intel(R) Core(TM) i9-13900HX, 32 cores, 15G,  Windows 11 , 64 bit Build 26100 (10.0.26100.5074)
Time: Mon Sep 15 20:45:04 2025 E. Australia Standard Time elapsed time: 0.600730 seconds (0d 0h 0m 0s)

---------------  T H R E A D  ---------------

Current thread (0x0000018da6cc0af0):  JavaThread "main"             [_thread_in_native, id=28264, stack(0x0000003293500000,0x0000003293600000) (1024K)]

Stack: [0x0000003293500000,0x0000003293600000],  sp=0x00000032935fba38,  free space=1006k
Native frames: (J=compiled Java code, j=interpreted, Vv=VM code, C=native code)
C  [jdwp.dll+0x26f5b]

Java frames: (J=compiled Java code, j=interpreted, Vv=VM code)
j  org.lwjgl.system.jemalloc.JEmalloc.nje_malloc(J)J+0
j  org.lwjgl.system.jemalloc.JEmalloc.<clinit>()V+44
v  ~StubRoutines::call_stub 0x0000018db67c100d
j  org.lwjgl.system.jemalloc.JEmallocAllocator.<clinit>()V+0
v  ~StubRoutines::call_stub 0x0000018db67c100d
j  java.lang.Class.forName0(Ljava/lang/String;ZLjava/lang/ClassLoader;Ljava/lang/Class;)Ljava/lang/Class;+0 java.base@21.0.8
j  java.lang.Class.forName(Ljava/lang/String;Ljava/lang/Class;)Ljava/lang/Class;+19 java.base@21.0.8
j  java.lang.Class.forName(Ljava/lang/String;)Ljava/lang/Class;+6 java.base@21.0.8
j  org.lwjgl.system.MemoryManage.getInstance()Lorg/lwjgl/system/MemoryUtil$MemoryAllocator;+68
j  org.lwjgl.system.MemoryUtil$LazyInit.<clinit>()V+0
v  ~StubRoutines::call_stub 0x0000018db67c100d
j  org.lwjgl.system.MemoryUtil.getAllocator(Z)Lorg/lwjgl/system/MemoryUtil$MemoryAllocator;+10
j  org.lwjgl.system.MemoryUtil.getAllocator()Lorg/lwjgl/system/MemoryUtil$MemoryAllocator;+1
j  org.lwjgl.system.Callback.<clinit>()V+217
v  ~StubRoutines::call_stub 0x0000018db67c100d
j  com.badlogic.gdx.backends.lwjgl3.Lwjgl3Application.initializeGlfw()V+21
j  com.badlogic.gdx.backends.lwjgl3.Lwjgl3Application.<init>(Lcom/badlogic/gdx/ApplicationListener;Lcom/badlogic/gdx/backends/lwjgl3/Lwjgl3ApplicationConfiguration;)V+82
j  com.csse3200.game.desktop.DesktopLauncher.main([Ljava/lang/String;)V+20
v  ~StubRoutines::call_stub 0x0000018db67c100d

siginfo: EXCEPTION_ACCESS_VIOLATION (0xc0000005), reading address 0xffffffffffffffff


Registers:
RAX=0x0000018dc8bc9980, RBX=0x0000018dc8265c80, RCX=0x0000018da6cc0ea8, RDX=0x0000018dc8265c80
RSP=0x00000032935fba38, RBP=0x0000000000000002, RSI=0x00000032935fbaf0, RDI=0x0000018da6cc0ea8
R8 =0x870001018100f400, R9 =0x00007ffc5f42ddc0, R10=0x00007ffd75830000, R11=0x00000032935fba08
R12=0x0000000000000007, R13=0x0000018da6cc10c0, R14=0x00007ffd5ef50300, R15=0x0000000000000000
RIP=0x00007ffd5ef46f5b, EFLAGS=0x0000000000010206

XMM[0]=0x0000000000000000 0x0000000000000000
XMM[1]=0x0000000000000000 0x0000000000000000
XMM[2]=0x0000000000000000 0x0000000000000000
XMM[3]=0x0000000000000000 0x0000000000000000
XMM[4]=0x0000000000000000 0x0000000000000000
XMM[5]=0x0000000000000000 0x0000000000000000
XMM[6]=0x9c1d537212c2a0bb 0x32dca3f644493af1
XMM[7]=0xca0e31af4a61e467 0x7f4881ef5486ab2d
XMM[8]=0x057316e3bd69ecf1 0x5120ff6cd2feee14
XMM[9]=0x073b7c41073b7c41 0x073b7c412b901d03
XMM[10]=0x0000000000000000 0x000000002454a0c2
XMM[11]=0xe7135f4ae7135f4a 0xe7135f4a12a37c4d
XMM[12]=0x0000000000000000 0x000000002b901d03
XMM[13]=0x0000000000000000 0x0000000000000000
XMM[14]=0x0000000000000000 0x0000000000000000
XMM[15]=0x0000000000000000 0x0000000000000000
  MXCSR=0x00001fa0


Register to memory mapping:

RAX=0x0000018dc8bc9980 points into unknown readable memory: 0x0000000000000000 | 00 00 00 00 00 00 00 00
RBX=0x0000018dc8265c80 points into unknown readable memory: 0x000000071480a690 | 90 a6 80 14 07 00 00 00
RCX=0x0000018da6cc0ea8 points into unknown readable memory: 0x0000018dc8bc9980 | 80 99 bc c8 8d 01 00 00
RDX=0x0000018dc8265c80 points into unknown readable memory: 0x000000071480a690 | 90 a6 80 14 07 00 00 00
RSP=0x00000032935fba38 is pointing into the stack for thread: 0x0000018da6cc0af0
RBP=0x0000000000000002 is an unknown value
RSI=0x00000032935fbaf0 is pointing into the stack for thread: 0x0000018da6cc0af0
RDI=0x0000018da6cc0ea8 points into unknown readable memory: 0x0000018dc8bc9980 | 80 99 bc c8 8d 01 00 00
R8 =0x870001018100f400 is an unknown value
R9 =0x00007ffc5f42ddc0 jvm.dll
R10=0x00007ffd75830000 VCRUNTIME140.dll
R11=0x00000032935fba08 is pointing into the stack for thread: 0x0000018da6cc0af0
R12=0x0000000000000007 is an unknown value
R13=0x0000018da6cc10c0 points into unknown readable memory: 0x0000018da47ff2f0 | f0 f2 7f a4 8d 01 00 00
R14=0x00007ffd5ef50300 jdwp.dll
R15=0x0 is null

Top of Stack: (sp=0x00000032935fba38)
0x00000032935fba38:   00007ffd5ef36534 0000018dc8265c80
0x00000032935fba48:   00000032935fbaf0 0000000000000000
0x00000032935fba58:   0000000000000000 0000018dc81e1fe0
0x00000032935fba68:   0000000000000000 0000018da4819f40
0x00000032935fba78:   00007ffd5ef503a0 0000018dc8265c80
0x00000032935fba88:   00007ffd5ef32b1f 0000018dc8265c80
0x00000032935fba98:   0000000000000002 0000018da6cc0ea8
0x00000032935fbaa8:   0000018dc8265c88 000000000000018d
0x00000032935fbab8:   00007ffc5f27240f 000000000000018d
0x00000032935fbac8:   0000018dc8269080 000000055fc10100
0x00000032935fbad8:   0000018dca01f6e0 00000032935fbc60
0x00000032935fbae8:   00000032935fbe00 0000000000000007
0x00000032935fbaf8:   0000018dc8265c80 0000000000000000
0x00000032935fbb08:   0000018dc8265c88 0000000000000000
0x00000032935fbb18:   0000000000000000 0000000000000000
0x00000032935fbb28:   0000000000000000 0000000000000000
0x00000032935fbb38:   0000000000000000 0000000000000000
0x00000032935fbb48:   0000018dc8331e70 0000018dca01f6e0
0x00000032935fbb58:   00007ffc5f56b14b 0000018dc8265c88
0x00000032935fbb68:   0000018dc8331e70 0000018da6cc0af0
0x00000032935fbb78:   0000000000000000 0000018da4819ef0
0x00000032935fbb88:   0000018da48cedd0 00000032935fbcf0
0x00000032935fbb98:   0000000000000005 0000018dca01f6e0
0x00000032935fbba8:   0000018e0a4dd4c8 0000ffde9278c670
0x00000032935fbbb8:   0000018dc9611e40 0000018da482c260
0x00000032935fbbc8:   0000018da6cc1150 0000018da6cc1160
0x00000032935fbbd8:   0000018da6cc1538 00000000000003d8
0x00000032935fbbe8:   0000018da6cc0af0 0000018da6cc0af0
0x00000032935fbbf8:   0000018da482bf60 0000018da4801f30
0x00000032935fbc08:   0000018da4801fa0 0000018da4802018
0x00000032935fbc18:   00000000000000d8 00000032935fbc30
0x00000032935fbc28:   00007ffc5f67eed3 0000018da6cc0af0 

Instructions: (pc=0x00007ffd5ef46f5b)
0x00007ffd5ef46e5b:   48 8b cb 4c 8b 88 00 01 00 00 48 8b 5c 24 30 48
0x00007ffd5ef46e6b:   83 c4 20 5f 49 ff e1 cc cc 48 89 5c 24 08 57 48
0x00007ffd5ef46e7b:   83 ec 20 48 8b f9 e8 8a ea ff ff 4c 8b 05 a3 02
0x00007ffd5ef46e8b:   01 00 48 8b d8 41 f6 80 10 02 00 00 02 74 33 41
0x00007ffd5ef46e9b:   b8 20 06 00 00 48 8d 15 09 bd 00 00 48 8d 0d 42
0x00007ffd5ef46eab:   55 00 00 e8 59 46 ff ff 48 8d 15 96 93 00 00 48
0x00007ffd5ef46ebb:   8d 0d 47 55 00 00 e8 ee 46 ff ff 4c 8b 05 63 02
0x00007ffd5ef46ecb:   01 00 48 8b 03 48 8b d7 4d 8b 40 38 48 8b cb 4c
0x00007ffd5ef46edb:   8b 88 00 01 00 00 48 8b 5c 24 30 48 83 c4 20 5f
0x00007ffd5ef46eeb:   49 ff e1 cc cc 48 89 5c 24 08 57 48 83 ec 20 48
0x00007ffd5ef46efb:   8b f9 e8 0e ea ff ff 48 8b 15 27 02 01 00 48 8b
0x00007ffd5ef46f0b:   d8 f6 82 10 02 00 00 02 74 2c 41 b8 12 06 00 00
0x00007ffd5ef46f1b:   48 8d 15 8e bc 00 00 48 8d 0d c7 54 00 00 e8 de
0x00007ffd5ef46f2b:   45 ff ff 48 8d 15 63 65 00 00 48 8d 0d cc 54 00
0x00007ffd5ef46f3b:   00 e8 73 46 ff ff 48 8b 03 48 8b d7 48 8b cb 4c
0x00007ffd5ef46f4b:   8b 80 50 07 00 00 48 8b 5c 24 30 48 83 c4 20 5f
0x00007ffd5ef46f5b:   49 ff e0 cc cc 48 89 5c 24 08 48 89 74 24 10 48
0x00007ffd5ef46f6b:   89 7c 24 18 41 56 48 83 ec 20 4c 63 f2 49 8b d8
0x00007ffd5ef46f7b:   48 8b d1 41 8b f9 48 8b cb 4d 8d 46 ff ff 15 e2
0x00007ffd5ef46f8b:   52 00 00 85 c0 75 3c 41 0f be 44 1e ff 3b c7 75
0x00007ffd5ef46f9b:   32 49 03 de eb 10 0f be c8 ff 15 b6 52 00 00 85
0x00007ffd5ef46fab:   c0 74 09 48 ff c3 8a 03 84 c0 75 ea 80 3b 3b 74
0x00007ffd5ef46fbb:   12 8b d7 48 8b cb e8 5c 4d 00 00 48 85 c0 0f 94
0x00007ffd5ef46fcb:   c0 eb 02 32 c0 48 8b 5c 24 30 48 8b 74 24 38 48
0x00007ffd5ef46fdb:   8b 7c 24 40 48 83 c4 20 41 5e c3 cc cc 0f b6 d1
0x00007ffd5ef46feb:   83 fa 1e 0f 87 83 00 00 00 74 7b 83 fa 07 77 41
0x00007ffd5ef46ffb:   74 39 83 ea 01 74 2e 83 ea 01 74 23 83 ea 01 74
0x00007ffd5ef4700b:   18 83 ea 01 74 0d 83 fa 02 0f 85 8a 00 00 00 8d
0x00007ffd5ef4701b:   42 03 c3 b8 04 00 00 00 c3 b8 03 00 00 00 c3 b8
0x00007ffd5ef4702b:   02 00 00 00 c3 b8 01 00 00 00 c3 b8 06 00 00 00
0x00007ffd5ef4703b:   c3 b8 08 00 00 00 2b d0 74 26 83 ea 01 0f 84 88
0x00007ffd5ef4704b:   00 00 00 83 ea 01 74 12 b8 0a 00 00 00 2b d0 74 


Stack slot to memory mapping:

stack at sp + 0 slots: 0x00007ffd5ef36534 jdwp.dll
stack at sp + 1 slots: 0x0000018dc8265c80 points into unknown readable memory: 0x000000071480a690 | 90 a6 80 14 07 00 00 00
stack at sp + 2 slots: 0x00000032935fbaf0 is pointing into the stack for thread: 0x0000018da6cc0af0
stack at sp + 3 slots: 0x0 is null
stack at sp + 4 slots: 0x0 is null
stack at sp + 5 slots: 0x0000018dc81e1fe0 points into unknown readable memory: 0x0000018daf3b0490 | 90 04 3b af 8d 01 00 00
stack at sp + 6 slots: 0x0 is null
stack at sp + 7 slots: 0x0000018da4819f40 points into unknown readable memory: 0x8000001200000001 | 01 00 00 00 12 00 00 80


---------------  P R O C E S S  ---------------

Threads class SMR info:
_java_thread_list=0x0000018dc83f2db0, length=18, elements={
0x0000018da6cc0af0, 0x0000018dc6a804a0, 0x0000018dc6a810a0, 0x0000018dc6a84c60,
0x0000018dc6a866c0, 0x0000018dc6a87880, 0x0000018dc6a882d0, 0x0000018dc6a89200,
0x0000018dc6a9b4f0, 0x0000018dc8257d20, 0x0000018dc83056b0, 0x0000018dc830c960,
0x0000018dc83cefe0, 0x0000018dc83d04d0, 0x0000018dc8411c70, 0x0000018dc85a7680,
0x0000018dc8462420, 0x0000018dc873f990
}

Java Threads: ( => current thread )
=>0x0000018da6cc0af0 JavaThread "main"                              [_thread_in_native, id=28264, stack(0x0000003293500000,0x0000003293600000) (1024K)]
  0x0000018dc6a804a0 JavaThread "Reference Handler"          daemon [_thread_blocked, id=46704, stack(0x0000003293d00000,0x0000003293e00000) (1024K)]
  0x0000018dc6a810a0 JavaThread "Finalizer"                  daemon [_thread_blocked, id=12544, stack(0x0000003293e00000,0x0000003293f00000) (1024K)]
  0x0000018dc6a84c60 JavaThread "Signal Dispatcher"          daemon [_thread_blocked, id=47800, stack(0x0000003293f00000,0x0000003294000000) (1024K)]
  0x0000018dc6a866c0 JavaThread "Attach Listener"            daemon [_thread_blocked, id=48784, stack(0x0000003294000000,0x0000003294100000) (1024K)]
  0x0000018dc6a87880 JavaThread "Service Thread"             daemon [_thread_blocked, id=49348, stack(0x0000003294100000,0x0000003294200000) (1024K)]
  0x0000018dc6a882d0 JavaThread "Monitor Deflation Thread"   daemon [_thread_blocked, id=50248, stack(0x0000003294200000,0x0000003294300000) (1024K)]
  0x0000018dc6a89200 JavaThread "C2 CompilerThread0"         daemon [_thread_blocked, id=49408, stack(0x0000003294300000,0x0000003294400000) (1024K)]
  0x0000018dc6a9b4f0 JavaThread "C1 CompilerThread0"         daemon [_thread_blocked, id=12524, stack(0x0000003294400000,0x0000003294500000) (1024K)]
  0x0000018dc8257d20 JavaThread "C1 CompilerThread1"         daemon [_thread_blocked, id=22380, stack(0x0000003294500000,0x0000003294600000) (1024K)]
  0x0000018dc83056b0 JavaThread "Common-Cleaner"             daemon [_thread_blocked, id=23944, stack(0x0000003294600000,0x0000003294700000) (1024K)]
  0x0000018dc830c960 JavaThread "C1 CompilerThread2"         daemon [_thread_blocked, id=7444, stack(0x0000003294700000,0x0000003294800000) (1024K)]
  0x0000018dc83cefe0 JavaThread "JDWP Transport Listener: dt_socket" daemon [_thread_blocked, id=14180, stack(0x0000003294800000,0x0000003294900000) (1024K)]
  0x0000018dc83d04d0 JavaThread "JDWP Event Helper Thread"   daemon [_thread_blocked, id=36668, stack(0x0000003294900000,0x0000003294a00000) (1024K)]
  0x0000018dc8411c70 JavaThread "JDWP Command Reader"        daemon [_thread_in_native, id=6688, stack(0x0000003294a00000,0x0000003294b00000) (1024K)]
  0x0000018dc85a7680 JavaThread "IntelliJ Suspend Helper"    daemon [_thread_blocked, id=23784, stack(0x0000003294b00000,0x0000003294c00000) (1024K)]
  0x0000018dc8462420 JavaThread "Notification Thread"        daemon [_thread_blocked, id=35824, stack(0x0000003294c00000,0x0000003294d00000) (1024K)]
  0x0000018dc873f990 JavaThread "C2 CompilerThread1"         daemon [_thread_blocked, id=41452, stack(0x0000003294d00000,0x0000003294e00000) (1024K)]
Total: 18

Other Threads:
  0x0000018dc6a632a0 VMThread "VM Thread"                           [id=48072, stack(0x0000003293c00000,0x0000003293d00000) (1024K)]
  0x0000018dc6a54510 WatcherThread "VM Periodic Task Thread"        [id=19316, stack(0x0000003293b00000,0x0000003293c00000) (1024K)]
  0x0000018da6d2d720 WorkerThread "GC Thread#0"                     [id=25424, stack(0x0000003293600000,0x0000003293700000) (1024K)]
  0x0000018da6d3f130 ConcurrentGCThread "G1 Main Marker"            [id=47244, stack(0x0000003293700000,0x0000003293800000) (1024K)]
  0x0000018da6d41870 WorkerThread "G1 Conc#0"                       [id=51040, stack(0x0000003293800000,0x0000003293900000) (1024K)]
  0x0000018dc699c0c0 ConcurrentGCThread "G1 Refine#0"               [id=44396, stack(0x0000003293900000,0x0000003293a00000) (1024K)]
  0x0000018dc699c8e0 ConcurrentGCThread "G1 Service"                [id=34848, stack(0x0000003293a00000,0x0000003293b00000) (1024K)]
Total: 7

Threads with active compile tasks:
Total: 0

VM state: not at safepoint (normal execution)

VM Mutex/Monitor currently owned by a thread: None

Heap address: 0x0000000704e00000, size: 4018 MB, Compressed Oops mode: Zero based, Oop shift amount: 3

CDS archive(s) mapped at: [0x0000018dc9000000-0x0000018dc9c80000-0x0000018dc9c80000), size 13107200, SharedBaseAddress: 0x0000018dc9000000, ArchiveRelocationMode: 1.
Compressed class space mapped at: 0x0000018dca000000-0x0000018e0a000000, reserved size: 1073741824
Narrow klass base: 0x0000018dc9000000, Narrow klass shift: 0, Narrow klass range: 0x100000000

GC Precious Log:
 CardTable entry size: 512
 Card Set container configuration: InlinePtr #cards 4 size 8 Array Of Cards #cards 16 size 48 Howl #buckets 8 coarsen threshold 3686 Howl Bitmap #cards 512 size 80 coarsen threshold 460 Card regions per heap region 1 cards per card region 4096
 CPUs: 32 total, 32 available
 Memory: 16068M
 Large Page Support: Disabled
 NUMA Support: Disabled
 Compressed Oops: Enabled (Zero based)
 Heap Region Size: 2M
 Heap Min Capacity: 8M
 Heap Initial Capacity: 252M
 Heap Max Capacity: 4018M
 Pre-touch: Disabled
 Parallel Workers: 23
 Concurrent Workers: 6
 Concurrent Refinement Workers: 23
 Periodic GC: Disabled

Heap:
 garbage-first heap   total 258048K, used 12288K [0x0000000704e00000, 0x0000000800000000)
  region size 2048K, 7 young (14336K), 0 survivors (0K)
 Metaspace       used 5108K, committed 5248K, reserved 1114112K
  class space    used 445K, committed 512K, reserved 1048576K

Heap Regions: E=young(eden), S=young(survivor), O=old, HS=humongous(starts), HC=humongous(continues), CS=collection set, F=free, TAMS=top-at-mark-start, PB=parsable bottom
|   0|0x0000000704e00000, 0x0000000704e00000, 0x0000000705000000|  0%| F|  |TAMS 0x0000000704e00000| PB 0x0000000704e00000| Untracked 
|   1|0x0000000705000000, 0x0000000705000000, 0x0000000705200000|  0%| F|  |TAMS 0x0000000705000000| PB 0x0000000705000000| Untracked 
|   2|0x0000000705200000, 0x0000000705200000, 0x0000000705400000|  0%| F|  |TAMS 0x0000000705200000| PB 0x0000000705200000| Untracked 
|   3|0x0000000705400000, 0x0000000705400000, 0x0000000705600000|  0%| F|  |TAMS 0x0000000705400000| PB 0x0000000705400000| Untracked 
|   4|0x0000000705600000, 0x0000000705600000, 0x0000000705800000|  0%| F|  |TAMS 0x0000000705600000| PB 0x0000000705600000| Untracked 
|   5|0x0000000705800000, 0x0000000705800000, 0x0000000705a00000|  0%| F|  |TAMS 0x0000000705800000| PB 0x0000000705800000| Untracked 
|   6|0x0000000705a00000, 0x0000000705a00000, 0x0000000705c00000|  0%| F|  |TAMS 0x0000000705a00000| PB 0x0000000705a00000| Untracked 
|   7|0x0000000705c00000, 0x0000000705c00000, 0x0000000705e00000|  0%| F|  |TAMS 0x0000000705c00000| PB 0x0000000705c00000| Untracked 
|   8|0x0000000705e00000, 0x0000000705e00000, 0x0000000706000000|  0%| F|  |TAMS 0x0000000705e00000| PB 0x0000000705e00000| Untracked 
|   9|0x0000000706000000, 0x0000000706000000, 0x0000000706200000|  0%| F|  |TAMS 0x0000000706000000| PB 0x0000000706000000| Untracked 
|  10|0x0000000706200000, 0x0000000706200000, 0x0000000706400000|  0%| F|  |TAMS 0x0000000706200000| PB 0x0000000706200000| Untracked 
|  11|0x0000000706400000, 0x0000000706400000, 0x0000000706600000|  0%| F|  |TAMS 0x0000000706400000| PB 0x0000000706400000| Untracked 
|  12|0x0000000706600000, 0x0000000706600000, 0x0000000706800000|  0%| F|  |TAMS 0x0000000706600000| PB 0x0000000706600000| Untracked 
|  13|0x0000000706800000, 0x0000000706800000, 0x0000000706a00000|  0%| F|  |TAMS 0x0000000706800000| PB 0x0000000706800000| Untracked 
|  14|0x0000000706a00000, 0x0000000706a00000, 0x0000000706c00000|  0%| F|  |TAMS 0x0000000706a00000| PB 0x0000000706a00000| Untracked 
|  15|0x0000000706c00000, 0x0000000706c00000, 0x0000000706e00000|  0%| F|  |TAMS 0x0000000706c00000| PB 0x0000000706c00000| Untracked 
|  16|0x0000000706e00000, 0x0000000706e00000, 0x0000000707000000|  0%| F|  |TAMS 0x0000000706e00000| PB 0x0000000706e00000| Untracked 
|  17|0x0000000707000000, 0x0000000707000000, 0x0000000707200000|  0%| F|  |TAMS 0x0000000707000000| PB 0x0000000707000000| Untracked 
|  18|0x0000000707200000, 0x0000000707200000, 0x0000000707400000|  0%| F|  |TAMS 0x0000000707200000| PB 0x0000000707200000| Untracked 
|  19|0x0000000707400000, 0x0000000707400000, 0x0000000707600000|  0%| F|  |TAMS 0x0000000707400000| PB 0x0000000707400000| Untracked 
|  20|0x0000000707600000, 0x0000000707600000, 0x0000000707800000|  0%| F|  |TAMS 0x0000000707600000| PB 0x0000000707600000| Untracked 
|  21|0x0000000707800000, 0x0000000707800000, 0x0000000707a00000|  0%| F|  |TAMS 0x0000000707800000| PB 0x0000000707800000| Untracked 
|  22|0x0000000707a00000, 0x0000000707a00000, 0x0000000707c00000|  0%| F|  |TAMS 0x0000000707a00000| PB 0x0000000707a00000| Untracked 
|  23|0x0000000707c00000, 0x0000000707c00000, 0x0000000707e00000|  0%| F|  |TAMS 0x0000000707c00000| PB 0x0000000707c00000| Untracked 
|  24|0x0000000707e00000, 0x0000000707e00000, 0x0000000708000000|  0%| F|  |TAMS 0x0000000707e00000| PB 0x0000000707e00000| Untracked 
|  25|0x0000000708000000, 0x0000000708000000, 0x0000000708200000|  0%| F|  |TAMS 0x0000000708000000| PB 0x0000000708000000| Untracked 
|  26|0x0000000708200000, 0x0000000708200000, 0x0000000708400000|  0%| F|  |TAMS 0x0000000708200000| PB 0x0000000708200000| Untracked 
|  27|0x0000000708400000, 0x0000000708400000, 0x0000000708600000|  0%| F|  |TAMS 0x0000000708400000| PB 0x0000000708400000| Untracked 
|  28|0x0000000708600000, 0x0000000708600000, 0x0000000708800000|  0%| F|  |TAMS 0x0000000708600000| PB 0x0000000708600000| Untracked 
|  29|0x0000000708800000, 0x0000000708800000, 0x0000000708a00000|  0%| F|  |TAMS 0x0000000708800000| PB 0x0000000708800000| Untracked 
|  30|0x0000000708a00000, 0x0000000708a00000, 0x0000000708c00000|  0%| F|  |TAMS 0x0000000708a00000| PB 0x0000000708a00000| Untracked 
|  31|0x0000000708c00000, 0x0000000708c00000, 0x0000000708e00000|  0%| F|  |TAMS 0x0000000708c00000| PB 0x0000000708c00000| Untracked 
|  32|0x0000000708e00000, 0x0000000708e00000, 0x0000000709000000|  0%| F|  |TAMS 0x0000000708e00000| PB 0x0000000708e00000| Untracked 
|  33|0x0000000709000000, 0x0000000709000000, 0x0000000709200000|  0%| F|  |TAMS 0x0000000709000000| PB 0x0000000709000000| Untracked 
|  34|0x0000000709200000, 0x0000000709200000, 0x0000000709400000|  0%| F|  |TAMS 0x0000000709200000| PB 0x0000000709200000| Untracked 
|  35|0x0000000709400000, 0x0000000709400000, 0x0000000709600000|  0%| F|  |TAMS 0x0000000709400000| PB 0x0000000709400000| Untracked 
|  36|0x0000000709600000, 0x0000000709600000, 0x0000000709800000|  0%| F|  |TAMS 0x0000000709600000| PB 0x0000000709600000| Untracked 
|  37|0x0000000709800000, 0x0000000709800000, 0x0000000709a00000|  0%| F|  |TAMS 0x0000000709800000| PB 0x0000000709800000| Untracked 
|  38|0x0000000709a00000, 0x0000000709a00000, 0x0000000709c00000|  0%| F|  |TAMS 0x0000000709a00000| PB 0x0000000709a00000| Untracked 
|  39|0x0000000709c00000, 0x0000000709c00000, 0x0000000709e00000|  0%| F|  |TAMS 0x0000000709c00000| PB 0x0000000709c00000| Untracked 
|  40|0x0000000709e00000, 0x0000000709e00000, 0x000000070a000000|  0%| F|  |TAMS 0x0000000709e00000| PB 0x0000000709e00000| Untracked 
|  41|0x000000070a000000, 0x000000070a000000, 0x000000070a200000|  0%| F|  |TAMS 0x000000070a000000| PB 0x000000070a000000| Untracked 
|  42|0x000000070a200000, 0x000000070a200000, 0x000000070a400000|  0%| F|  |TAMS 0x000000070a200000| PB 0x000000070a200000| Untracked 
|  43|0x000000070a400000, 0x000000070a400000, 0x000000070a600000|  0%| F|  |TAMS 0x000000070a400000| PB 0x000000070a400000| Untracked 
|  44|0x000000070a600000, 0x000000070a600000, 0x000000070a800000|  0%| F|  |TAMS 0x000000070a600000| PB 0x000000070a600000| Untracked 
|  45|0x000000070a800000, 0x000000070a800000, 0x000000070aa00000|  0%| F|  |TAMS 0x000000070a800000| PB 0x000000070a800000| Untracked 
|  46|0x000000070aa00000, 0x000000070aa00000, 0x000000070ac00000|  0%| F|  |TAMS 0x000000070aa00000| PB 0x000000070aa00000| Untracked 
|  47|0x000000070ac00000, 0x000000070ac00000, 0x000000070ae00000|  0%| F|  |TAMS 0x000000070ac00000| PB 0x000000070ac00000| Untracked 
|  48|0x000000070ae00000, 0x000000070ae00000, 0x000000070b000000|  0%| F|  |TAMS 0x000000070ae00000| PB 0x000000070ae00000| Untracked 
|  49|0x000000070b000000, 0x000000070b000000, 0x000000070b200000|  0%| F|  |TAMS 0x000000070b000000| PB 0x000000070b000000| Untracked 
|  50|0x000000070b200000, 0x000000070b200000, 0x000000070b400000|  0%| F|  |TAMS 0x000000070b200000| PB 0x000000070b200000| Untracked 
|  51|0x000000070b400000, 0x000000070b400000, 0x000000070b600000|  0%| F|  |TAMS 0x000000070b400000| PB 0x000000070b400000| Untracked 
|  52|0x000000070b600000, 0x000000070b600000, 0x000000070b800000|  0%| F|  |TAMS 0x000000070b600000| PB 0x000000070b600000| Untracked 
|  53|0x000000070b800000, 0x000000070b800000, 0x000000070ba00000|  0%| F|  |TAMS 0x000000070b800000| PB 0x000000070b800000| Untracked 
|  54|0x000000070ba00000, 0x000000070ba00000, 0x000000070bc00000|  0%| F|  |TAMS 0x000000070ba00000| PB 0x000000070ba00000| Untracked 
|  55|0x000000070bc00000, 0x000000070bc00000, 0x000000070be00000|  0%| F|  |TAMS 0x000000070bc00000| PB 0x000000070bc00000| Untracked 
|  56|0x000000070be00000, 0x000000070be00000, 0x000000070c000000|  0%| F|  |TAMS 0x000000070be00000| PB 0x000000070be00000| Untracked 
|  57|0x000000070c000000, 0x000000070c000000, 0x000000070c200000|  0%| F|  |TAMS 0x000000070c000000| PB 0x000000070c000000| Untracked 
|  58|0x000000070c200000, 0x000000070c200000, 0x000000070c400000|  0%| F|  |TAMS 0x000000070c200000| PB 0x000000070c200000| Untracked 
|  59|0x000000070c400000, 0x000000070c400000, 0x000000070c600000|  0%| F|  |TAMS 0x000000070c400000| PB 0x000000070c400000| Untracked 
|  60|0x000000070c600000, 0x000000070c600000, 0x000000070c800000|  0%| F|  |TAMS 0x000000070c600000| PB 0x000000070c600000| Untracked 
|  61|0x000000070c800000, 0x000000070c800000, 0x000000070ca00000|  0%| F|  |TAMS 0x000000070c800000| PB 0x000000070c800000| Untracked 
|  62|0x000000070ca00000, 0x000000070ca00000, 0x000000070cc00000|  0%| F|  |TAMS 0x000000070ca00000| PB 0x000000070ca00000| Untracked 
|  63|0x000000070cc00000, 0x000000070cc00000, 0x000000070ce00000|  0%| F|  |TAMS 0x000000070cc00000| PB 0x000000070cc00000| Untracked 
|  64|0x000000070ce00000, 0x000000070ce00000, 0x000000070d000000|  0%| F|  |TAMS 0x000000070ce00000| PB 0x000000070ce00000| Untracked 
|  65|0x000000070d000000, 0x000000070d000000, 0x000000070d200000|  0%| F|  |TAMS 0x000000070d000000| PB 0x000000070d000000| Untracked 
|  66|0x000000070d200000, 0x000000070d200000, 0x000000070d400000|  0%| F|  |TAMS 0x000000070d200000| PB 0x000000070d200000| Untracked 
|  67|0x000000070d400000, 0x000000070d400000, 0x000000070d600000|  0%| F|  |TAMS 0x000000070d400000| PB 0x000000070d400000| Untracked 
|  68|0x000000070d600000, 0x000000070d600000, 0x000000070d800000|  0%| F|  |TAMS 0x000000070d600000| PB 0x000000070d600000| Untracked 
|  69|0x000000070d800000, 0x000000070d800000, 0x000000070da00000|  0%| F|  |TAMS 0x000000070d800000| PB 0x000000070d800000| Untracked 
|  70|0x000000070da00000, 0x000000070da00000, 0x000000070dc00000|  0%| F|  |TAMS 0x000000070da00000| PB 0x000000070da00000| Untracked 
|  71|0x000000070dc00000, 0x000000070dc00000, 0x000000070de00000|  0%| F|  |TAMS 0x000000070dc00000| PB 0x000000070dc00000| Untracked 
|  72|0x000000070de00000, 0x000000070de00000, 0x000000070e000000|  0%| F|  |TAMS 0x000000070de00000| PB 0x000000070de00000| Untracked 
|  73|0x000000070e000000, 0x000000070e000000, 0x000000070e200000|  0%| F|  |TAMS 0x000000070e000000| PB 0x000000070e000000| Untracked 
|  74|0x000000070e200000, 0x000000070e200000, 0x000000070e400000|  0%| F|  |TAMS 0x000000070e200000| PB 0x000000070e200000| Untracked 
|  75|0x000000070e400000, 0x000000070e400000, 0x000000070e600000|  0%| F|  |TAMS 0x000000070e400000| PB 0x000000070e400000| Untracked 
|  76|0x000000070e600000, 0x000000070e600000, 0x000000070e800000|  0%| F|  |TAMS 0x000000070e600000| PB 0x000000070e600000| Untracked 
|  77|0x000000070e800000, 0x000000070e800000, 0x000000070ea00000|  0%| F|  |TAMS 0x000000070e800000| PB 0x000000070e800000| Untracked 
|  78|0x000000070ea00000, 0x000000070ea00000, 0x000000070ec00000|  0%| F|  |TAMS 0x000000070ea00000| PB 0x000000070ea00000| Untracked 
|  79|0x000000070ec00000, 0x000000070ec00000, 0x000000070ee00000|  0%| F|  |TAMS 0x000000070ec00000| PB 0x000000070ec00000| Untracked 
|  80|0x000000070ee00000, 0x000000070ee00000, 0x000000070f000000|  0%| F|  |TAMS 0x000000070ee00000| PB 0x000000070ee00000| Untracked 
|  81|0x000000070f000000, 0x000000070f000000, 0x000000070f200000|  0%| F|  |TAMS 0x000000070f000000| PB 0x000000070f000000| Untracked 
|  82|0x000000070f200000, 0x000000070f200000, 0x000000070f400000|  0%| F|  |TAMS 0x000000070f200000| PB 0x000000070f200000| Untracked 
|  83|0x000000070f400000, 0x000000070f400000, 0x000000070f600000|  0%| F|  |TAMS 0x000000070f400000| PB 0x000000070f400000| Untracked 
|  84|0x000000070f600000, 0x000000070f600000, 0x000000070f800000|  0%| F|  |TAMS 0x000000070f600000| PB 0x000000070f600000| Untracked 
|  85|0x000000070f800000, 0x000000070f800000, 0x000000070fa00000|  0%| F|  |TAMS 0x000000070f800000| PB 0x000000070f800000| Untracked 
|  86|0x000000070fa00000, 0x000000070fa00000, 0x000000070fc00000|  0%| F|  |TAMS 0x000000070fa00000| PB 0x000000070fa00000| Untracked 
|  87|0x000000070fc00000, 0x000000070fc00000, 0x000000070fe00000|  0%| F|  |TAMS 0x000000070fc00000| PB 0x000000070fc00000| Untracked 
|  88|0x000000070fe00000, 0x000000070fe00000, 0x0000000710000000|  0%| F|  |TAMS 0x000000070fe00000| PB 0x000000070fe00000| Untracked 
|  89|0x0000000710000000, 0x0000000710000000, 0x0000000710200000|  0%| F|  |TAMS 0x0000000710000000| PB 0x0000000710000000| Untracked 
|  90|0x0000000710200000, 0x0000000710200000, 0x0000000710400000|  0%| F|  |TAMS 0x0000000710200000| PB 0x0000000710200000| Untracked 
|  91|0x0000000710400000, 0x0000000710400000, 0x0000000710600000|  0%| F|  |TAMS 0x0000000710400000| PB 0x0000000710400000| Untracked 
|  92|0x0000000710600000, 0x0000000710600000, 0x0000000710800000|  0%| F|  |TAMS 0x0000000710600000| PB 0x0000000710600000| Untracked 
|  93|0x0000000710800000, 0x0000000710800000, 0x0000000710a00000|  0%| F|  |TAMS 0x0000000710800000| PB 0x0000000710800000| Untracked 
|  94|0x0000000710a00000, 0x0000000710a00000, 0x0000000710c00000|  0%| F|  |TAMS 0x0000000710a00000| PB 0x0000000710a00000| Untracked 
|  95|0x0000000710c00000, 0x0000000710c00000, 0x0000000710e00000|  0%| F|  |TAMS 0x0000000710c00000| PB 0x0000000710c00000| Untracked 
|  96|0x0000000710e00000, 0x0000000710e00000, 0x0000000711000000|  0%| F|  |TAMS 0x0000000710e00000| PB 0x0000000710e00000| Untracked 
|  97|0x0000000711000000, 0x0000000711000000, 0x0000000711200000|  0%| F|  |TAMS 0x0000000711000000| PB 0x0000000711000000| Untracked 
|  98|0x0000000711200000, 0x0000000711200000, 0x0000000711400000|  0%| F|  |TAMS 0x0000000711200000| PB 0x0000000711200000| Untracked 
|  99|0x0000000711400000, 0x0000000711400000, 0x0000000711600000|  0%| F|  |TAMS 0x0000000711400000| PB 0x0000000711400000| Untracked 
| 100|0x0000000711600000, 0x0000000711600000, 0x0000000711800000|  0%| F|  |TAMS 0x0000000711600000| PB 0x0000000711600000| Untracked 
| 101|0x0000000711800000, 0x0000000711800000, 0x0000000711a00000|  0%| F|  |TAMS 0x0000000711800000| PB 0x0000000711800000| Untracked 
| 102|0x0000000711a00000, 0x0000000711a00000, 0x0000000711c00000|  0%| F|  |TAMS 0x0000000711a00000| PB 0x0000000711a00000| Untracked 
| 103|0x0000000711c00000, 0x0000000711c00000, 0x0000000711e00000|  0%| F|  |TAMS 0x0000000711c00000| PB 0x0000000711c00000| Untracked 
| 104|0x0000000711e00000, 0x0000000711e00000, 0x0000000712000000|  0%| F|  |TAMS 0x0000000711e00000| PB 0x0000000711e00000| Untracked 
| 105|0x0000000712000000, 0x0000000712000000, 0x0000000712200000|  0%| F|  |TAMS 0x0000000712000000| PB 0x0000000712000000| Untracked 
| 106|0x0000000712200000, 0x0000000712200000, 0x0000000712400000|  0%| F|  |TAMS 0x0000000712200000| PB 0x0000000712200000| Untracked 
| 107|0x0000000712400000, 0x0000000712400000, 0x0000000712600000|  0%| F|  |TAMS 0x0000000712400000| PB 0x0000000712400000| Untracked 
| 108|0x0000000712600000, 0x0000000712600000, 0x0000000712800000|  0%| F|  |TAMS 0x0000000712600000| PB 0x0000000712600000| Untracked 
| 109|0x0000000712800000, 0x0000000712800000, 0x0000000712a00000|  0%| F|  |TAMS 0x0000000712800000| PB 0x0000000712800000| Untracked 
| 110|0x0000000712a00000, 0x0000000712a00000, 0x0000000712c00000|  0%| F|  |TAMS 0x0000000712a00000| PB 0x0000000712a00000| Untracked 
| 111|0x0000000712c00000, 0x0000000712c00000, 0x0000000712e00000|  0%| F|  |TAMS 0x0000000712c00000| PB 0x0000000712c00000| Untracked 
| 112|0x0000000712e00000, 0x0000000712e00000, 0x0000000713000000|  0%| F|  |TAMS 0x0000000712e00000| PB 0x0000000712e00000| Untracked 
| 113|0x0000000713000000, 0x0000000713000000, 0x0000000713200000|  0%| F|  |TAMS 0x0000000713000000| PB 0x0000000713000000| Untracked 
| 114|0x0000000713200000, 0x0000000713200000, 0x0000000713400000|  0%| F|  |TAMS 0x0000000713200000| PB 0x0000000713200000| Untracked 
| 115|0x0000000713400000, 0x0000000713400000, 0x0000000713600000|  0%| F|  |TAMS 0x0000000713400000| PB 0x0000000713400000| Untracked 
| 116|0x0000000713600000, 0x0000000713600000, 0x0000000713800000|  0%| F|  |TAMS 0x0000000713600000| PB 0x0000000713600000| Untracked 
| 117|0x0000000713800000, 0x0000000713800000, 0x0000000713a00000|  0%| F|  |TAMS 0x0000000713800000| PB 0x0000000713800000| Untracked 
| 118|0x0000000713a00000, 0x0000000713a00000, 0x0000000713c00000|  0%| F|  |TAMS 0x0000000713a00000| PB 0x0000000713a00000| Untracked 
| 119|0x0000000713c00000, 0x0000000713d51fc8, 0x0000000713e00000| 66%| E|  |TAMS 0x0000000713c00000| PB 0x0000000713c00000| Complete 
| 120|0x0000000713e00000, 0x0000000714000000, 0x0000000714000000|100%| E|CS|TAMS 0x0000000713e00000| PB 0x0000000713e00000| Complete 
| 121|0x0000000714000000, 0x0000000714200000, 0x0000000714200000|100%| E|CS|TAMS 0x0000000714000000| PB 0x0000000714000000| Complete 
| 122|0x0000000714200000, 0x0000000714400000, 0x0000000714400000|100%| E|CS|TAMS 0x0000000714200000| PB 0x0000000714200000| Complete 
| 123|0x0000000714400000, 0x0000000714600000, 0x0000000714600000|100%| E|CS|TAMS 0x0000000714400000| PB 0x0000000714400000| Complete 
| 124|0x0000000714600000, 0x0000000714800000, 0x0000000714800000|100%| E|CS|TAMS 0x0000000714600000| PB 0x0000000714600000| Complete 
| 125|0x0000000714800000, 0x0000000714a00000, 0x0000000714a00000|100%| E|CS|TAMS 0x0000000714800000| PB 0x0000000714800000| Complete 

Card table byte_map: [0x0000018dbfeb0000,0x0000018dc0690000] _byte_map_base: 0x0000018dbc689000

Marking Bits: (CMBitMap*) 0x0000018da6d2dd30
 Bits: [0x0000018dc0690000, 0x0000018dc4558000)

Polling page: 0x0000018da4ac0000

Metaspace:

Usage:
  Non-class:      4.55 MB used.
      Class:    445.79 KB used.
       Both:      4.99 MB used.

Virtual space:
  Non-class space:       64.00 MB reserved,       4.62 MB (  7%) committed,  1 nodes.
      Class space:        1.00 GB reserved,     512.00 KB ( <1%) committed,  1 nodes.
             Both:        1.06 GB reserved,       5.12 MB ( <1%) committed. 

Chunk freelists:
   Non-Class:  11.12 MB
       Class:  15.51 MB
        Both:  26.63 MB

MaxMetaspaceSize: unlimited
CompressedClassSpaceSize: 1.00 GB
Initial GC threshold: 21.00 MB
Current GC threshold: 21.00 MB
CDS: on
 - commit_granule_bytes: 65536.
 - commit_granule_words: 8192.
 - virtual_space_node_default_size: 8388608.
 - enlarge_chunks_in_place: 1.
 - use_allocation_guard: 0.


Internal statistics:

num_allocs_failed_limit: 0.
num_arena_births: 76.
num_arena_deaths: 0.
num_vsnodes_births: 2.
num_vsnodes_deaths: 0.
num_space_committed: 82.
num_space_uncommitted: 0.
num_chunks_returned_to_freelist: 0.
num_chunks_taken_from_freelist: 130.
num_chunk_merges: 0.
num_chunk_splits: 86.
num_chunks_enlarged: 58.
num_inconsistent_stats: 0.

CodeHeap 'non-profiled nmethods': size=118848Kb used=245Kb max_used=245Kb free=118602Kb
 bounds [0x0000018db6fa0000, 0x0000018db7210000, 0x0000018dbe3b0000]
CodeHeap 'profiled nmethods': size=118848Kb used=1210Kb max_used=1210Kb free=117637Kb
 bounds [0x0000018daf3b0000, 0x0000018daf620000, 0x0000018db67c0000]
CodeHeap 'non-nmethods': size=8064Kb used=2532Kb max_used=2549Kb free=5531Kb
 bounds [0x0000018db67c0000, 0x0000018db6a40000, 0x0000018db6fa0000]
CodeCache: size=245760Kb, used=3987Kb, max_used=4004Kb, free=241770Kb
 total_blobs=1208, nmethods=757, adapters=354, full_count=0
Compilation: enabled, stopped_count=0, restarted_count=0

Compilation events (20 events):
Event: 0.595 Thread 0x0000018dc8257d20 nmethod 753 0x0000018daf4d9190 code [0x0000018daf4d9340, 0x0000018daf4d9500]
Event: 0.595 Thread 0x0000018dc830c960 nmethod 752 0x0000018daf4d9590 code [0x0000018daf4d9780, 0x0000018daf4d9c28]
Event: 0.595 Thread 0x0000018dc830c960  755       3       java.io.FilterInputStream::<init> (10 bytes)
Event: 0.595 Thread 0x0000018dc830c960 nmethod 755 0x0000018daf4d9d90 code [0x0000018daf4d9f40, 0x0000018daf4da170]
Event: 0.596 Thread 0x0000018dc873f990 nmethod 748% 0x0000018db6fdb410 code [0x0000018db6fdb5c0, 0x0000018db6fdba28]
Event: 0.596 Thread 0x0000018dc873f990  746       4       java.lang.Math::min (11 bytes)
Event: 0.596 Thread 0x0000018dc873f990 nmethod 746 0x0000018db6fdbc90 code [0x0000018db6fdbe00, 0x0000018db6fdbe70]
Event: 0.596 Thread 0x0000018dc873f990  742       4       java.lang.String::startsWith (123 bytes)
Event: 0.596 Thread 0x0000018dc6a89200 nmethod 750 0x0000018db6fdbf90 code [0x0000018db6fdc140, 0x0000018db6fdc340]
Event: 0.596 Thread 0x0000018dc6a89200  743       4       java.lang.String::toString (2 bytes)
Event: 0.596 Thread 0x0000018dc6a89200 nmethod 743 0x0000018db6fdc590 code [0x0000018db6fdc720, 0x0000018db6fdc7a8]
Event: 0.598 Thread 0x0000018dc6a9b4f0  759       3       jdk.internal.jimage.ImageStringsReader::stringFromByteBufferMatches (138 bytes)
Event: 0.598 Thread 0x0000018dc830c960  757       3       jdk.internal.jimage.ImageStringsReader::match (11 bytes)
Event: 0.598 Thread 0x0000018dc8257d20  758       3       jdk.internal.jimage.BasicImageReader::match (37 bytes)
Event: 0.598 Thread 0x0000018dc830c960 nmethod 757 0x0000018daf4da290 code [0x0000018daf4da440, 0x0000018daf4da638]
Event: 0.598 Thread 0x0000018dc830c960  760       3       jdk.internal.jimage.ImageLocation::verifyName (161 bytes)
Event: 0.598 Thread 0x0000018dc8257d20 nmethod 758 0x0000018daf4da710 code [0x0000018daf4da8e0, 0x0000018daf4dabb8]
Event: 0.598 Thread 0x0000018dc873f990 nmethod 742 0x0000018db6fdcd10 code [0x0000018db6fdcec0, 0x0000018db6fdd2c0]
Event: 0.598 Thread 0x0000018dc6a9b4f0 nmethod 759 0x0000018daf4dad10 code [0x0000018daf4db000, 0x0000018daf4dc108]
Event: 0.598 Thread 0x0000018dc830c960 nmethod 760 0x0000018daf4dc810 code [0x0000018daf4dcb60, 0x0000018daf4de128]

GC Heap History (0 events):
No events

Dll operation events (11 events):
Event: 0.091 Loaded shared library C:\Users\darie\.jdks\ms-21.0.8\bin\java.dll
Event: 0.092 Loaded shared library C:\Users\darie\.jdks\ms-21.0.8\bin\zip.dll
Event: 0.127 Loaded shared library C:\Users\darie\.jdks\ms-21.0.8\bin\jsvml.dll
Event: 0.263 Loaded shared library C:\Users\darie\.jdks\ms-21.0.8\bin\instrument.dll
Event: 0.370 Loaded shared library C:\Users\darie\.jdks\ms-21.0.8\bin\net.dll
Event: 0.372 Loaded shared library C:\Users\darie\.jdks\ms-21.0.8\bin\nio.dll
Event: 0.389 Loaded shared library C:\Users\darie\.jdks\ms-21.0.8\bin\zip.dll
Event: 0.456 Loaded shared library C:\Users\darie\.jdks\ms-21.0.8\bin\verify.dll
Event: 0.470 Loaded shared library C:\Users\darie\.jdks\ms-21.0.8\bin\jimage.dll
Event: 0.527 Loaded shared library C:\Users\darie\AppData\Local\Temp\libgdxAbdul Qadir\e787ab0a\gdx64.dll
Event: 0.575 Loaded shared library C:\Users\darie\AppData\Local\Temp\lwjglAbdul Qadir\3.3.1-build-7\lwjgl.dll

Deoptimization events (16 events):
Event: 0.330 Thread 0x0000018da6cc0af0 Uncommon trap: trap_request=0xffffff45 fr.pc=0x0000018db6fa217c relative=0x00000000000000dc
Event: 0.330 Thread 0x0000018da6cc0af0 Uncommon trap: reason=unstable_if action=reinterpret pc=0x0000018db6fa217c method=java.lang.String.isLatin1()Z @ 10 c2
Event: 0.330 Thread 0x0000018da6cc0af0 DEOPT PACKING pc=0x0000018db6fa217c sp=0x00000032935fede0
Event: 0.330 Thread 0x0000018da6cc0af0 DEOPT UNPACKING pc=0x0000018db68146a2 sp=0x00000032935fed30 mode 2
Event: 0.401 Thread 0x0000018da6cc0af0 DEOPT PACKING pc=0x0000018daf3bc6cf sp=0x00000032935fa4c0
Event: 0.401 Thread 0x0000018da6cc0af0 DEOPT UNPACKING pc=0x0000018db6814e42 sp=0x00000032935f98e0 mode 0
Event: 0.420 Thread 0x0000018da6cc0af0 DEOPT PACKING pc=0x0000018daf40ab49 sp=0x00000032935fa4a0
Event: 0.420 Thread 0x0000018da6cc0af0 DEOPT UNPACKING pc=0x0000018db6814e42 sp=0x00000032935f9910 mode 0
Event: 0.524 Thread 0x0000018da6cc0af0 Uncommon trap: trap_request=0xffffff45 fr.pc=0x0000018db6fbce94 relative=0x0000000000000074
Event: 0.524 Thread 0x0000018da6cc0af0 Uncommon trap: reason=unstable_if action=reinterpret pc=0x0000018db6fbce94 method=java.io.WinNTFileSystem.isSlash(C)Z @ 9 c2
Event: 0.524 Thread 0x0000018da6cc0af0 DEOPT PACKING pc=0x0000018db6fbce94 sp=0x00000032935fe850
Event: 0.524 Thread 0x0000018da6cc0af0 DEOPT UNPACKING pc=0x0000018db68146a2 sp=0x00000032935fe7e8 mode 2
Event: 0.573 Thread 0x0000018da6cc0af0 Uncommon trap: trap_request=0xffffff45 fr.pc=0x0000018db6fc04f0 relative=0x0000000000000050
Event: 0.573 Thread 0x0000018da6cc0af0 Uncommon trap: reason=unstable_if action=reinterpret pc=0x0000018db6fc04f0 method=sun.nio.fs.WindowsPathParser.isSlash(C)Z @ 9 c2
Event: 0.573 Thread 0x0000018da6cc0af0 DEOPT PACKING pc=0x0000018db6fc04f0 sp=0x00000032935fbc40
Event: 0.573 Thread 0x0000018da6cc0af0 DEOPT UNPACKING pc=0x0000018db68146a2 sp=0x00000032935fbbd8 mode 2

Classes loaded (20 events):
Event: 0.591 Loading class org/lwjgl/system/MemoryUtil$MemoryAllocator
Event: 0.591 Loading class org/lwjgl/system/MemoryUtil$MemoryAllocator done
Event: 0.591 Loading class org/lwjgl/system/MemoryManage
Event: 0.591 Loading class org/lwjgl/system/MemoryManage done
Event: 0.591 Loading class org/lwjgl/system/jemalloc/JEmallocAllocator
Event: 0.591 Loading class org/lwjgl/system/jemalloc/JEmallocAllocator done
Event: 0.592 Loading class org/lwjgl/system/jemalloc/JEmalloc
Event: 0.592 Loading class org/lwjgl/system/jemalloc/JEmalloc done
Event: 0.595 Loading class org/lwjgl/system/APIUtil$1
Event: 0.595 Loading class org/lwjgl/system/APIUtil$1 done
Event: 0.595 Loading class org/lwjgl/system/windows/WindowsLibrary
Event: 0.595 Loading class org/lwjgl/system/windows/WindowsLibrary done
Event: 0.596 Loading class org/lwjgl/system/SharedLibrary$Default
Event: 0.596 Loading class org/lwjgl/system/SharedLibrary$Default done
Event: 0.596 Loading class org/lwjgl/system/windows/WinBase
Event: 0.596 Loading class org/lwjgl/system/windows/WinBase done
Event: 0.596 Loading class org/lwjgl/system/ThreadLocalUtil
Event: 0.596 Loading class org/lwjgl/system/ThreadLocalUtil done
Event: 0.598 Loading class org/lwjgl/system/jemalloc/JEmalloc$Functions
Event: 0.598 Loading class org/lwjgl/system/jemalloc/JEmalloc$Functions done

Classes unloaded (0 events):
No events

Classes redefined (1 events):
Event: 0.319 Thread 0x0000018dc6a632a0 redefined class name=java.lang.Throwable, count=1

Internal exceptions (19 events):
Event: 0.266 Thread 0x0000018da6cc0af0 Exception <a 'java/lang/NoSuchMethodError'{0x000000071478da58}: 'void java.lang.invoke.DirectMethodHandle$Holder.invokeStatic(java.lang.Object, java.lang.Object, java.lang.Object)'> (0x000000071478da58) 
thrown [s\src\hotspot\share\interpreter\linkResolver.cpp, line 773]
Event: 0.272 Thread 0x0000018da6cc0af0 Exception <a 'java/lang/NoSuchMethodError'{0x00000007147a5570}: 'java.lang.Object java.lang.invoke.Invokers$Holder.invokeExact_MT(java.lang.Object, java.lang.Object, java.lang.Object, java.lang.Object, java.lang.Object)'> (0x00000007147a5570) 
thrown [s\src\hotspot\share\interpreter\linkResolver.cpp, line 773]
Event: 0.546 Thread 0x0000018da6cc0af0 Exception <a 'java/lang/NoSuchMethodError'{0x0000000713eb54c8}: 'void java.lang.invoke.DirectMethodHandle$Holder.invokeStatic(java.lang.Object, java.lang.Object)'> (0x0000000713eb54c8) 
thrown [s\src\hotspot\share\interpreter\linkResolver.cpp, line 773]
Event: 0.548 Thread 0x0000018da6cc0af0 Exception <a 'java/lang/NoSuchMethodError'{0x0000000713ec55e8}: 'void java.lang.System.load(java.lang.String, java.lang.Class)'> (0x0000000713ec55e8) 
thrown [s\src\hotspot\share\interpreter\linkResolver.cpp, line 773]
Event: 0.548 Thread 0x0000018da6cc0af0 Exception <a 'java/lang/NoSuchMethodError'{0x0000000713ec6038}: 'void java.lang.invoke.DirectMethodHandle$Holder.invokeSpecial(java.lang.Object, java.lang.Object, java.lang.Object)'> (0x0000000713ec6038) 
thrown [s\src\hotspot\share\interpreter\linkResolver.cpp, line 773]
Event: 0.551 Thread 0x0000018da6cc0af0 Exception <a 'java/lang/NoSuchMethodError'{0x0000000713ed9940}: 'java.lang.Object java.lang.invoke.DirectMethodHandle$Holder.invokeStatic(java.lang.Object, java.lang.Object, int)'> (0x0000000713ed9940) 
thrown [s\src\hotspot\share\interpreter\linkResolver.cpp, line 773]
Event: 0.553 Thread 0x0000018da6cc0af0 Exception <a 'java/lang/NoSuchMethodError'{0x0000000713ee5110}: 'void java.lang.invoke.DelegatingMethodHandle$Holder.delegate(java.lang.Object, java.lang.Object, int, java.lang.Object)'> (0x0000000713ee5110) 
thrown [s\src\hotspot\share\interpreter\linkResolver.cpp, line 773]
Event: 0.553 Thread 0x0000018da6cc0af0 Exception <a 'java/lang/NoSuchMethodError'{0x0000000713ee8e80}: 'int java.lang.invoke.DirectMethodHandle$Holder.invokeSpecial(java.lang.Object, java.lang.Object, java.lang.Object)'> (0x0000000713ee8e80) 
thrown [s\src\hotspot\share\interpreter\linkResolver.cpp, line 773]
Event: 0.557 Thread 0x0000018da6cc0af0 Exception <a 'java/lang/NoSuchMethodError'{0x0000000713f05320}: 'void java.lang.System.loadLibrary(java.lang.String, java.lang.Class)'> (0x0000000713f05320) 
thrown [s\src\hotspot\share\interpreter\linkResolver.cpp, line 773]
Event: 0.573 Thread 0x0000018da6cc0af0 Exception <a 'sun/nio/fs/WindowsException'{0x0000000713fa3618}> (0x0000000713fa3618) 
thrown [s\src\hotspot\share\prims\jni.cpp, line 520]
Event: 0.574 Thread 0x0000018da6cc0af0 Exception <a 'sun/nio/fs/WindowsException'{0x0000000713fa4c88}> (0x0000000713fa4c88) 
thrown [s\src\hotspot\share\prims\jni.cpp, line 520]
Event: 0.582 Thread 0x0000018da6cc0af0 Exception <a 'java/lang/NoSuchMethodError'{0x0000000713c000f8}: 'int java.lang.invoke.DirectMethodHandle$Holder.invokeStaticInit(java.lang.Object, java.lang.Object, int, long)'> (0x0000000713c000f8) 
thrown [s\src\hotspot\share\interpreter\linkResolver.cpp, line 773]
Event: 0.583 Thread 0x0000018da6cc0af0 Exception <a 'java/lang/NoSuchMethodError'{0x0000000713c05240}: 'java.lang.Object java.lang.invoke.DirectMethodHandle$Holder.newInvokeSpecial(java.lang.Object, java.lang.Object, int)'> (0x0000000713c05240) 
thrown [s\src\hotspot\share\interpreter\linkResolver.cpp, line 773]
Event: 0.584 Thread 0x0000018da6cc0af0 Exception <a 'java/lang/NoSuchMethodError'{0x0000000713c1b9d8}: 'int java.lang.invoke.DirectMethodHandle$Holder.invokeStaticInit(java.lang.Object, java.lang.Object, long, long)'> (0x0000000713c1b9d8) 
thrown [s\src\hotspot\share\interpreter\linkResolver.cpp, line 773]
Event: 0.585 Thread 0x0000018da6cc0af0 Exception <a 'java/lang/NoSuchMethodError'{0x0000000713c214a0}: 'java.lang.Object java.lang.invoke.DirectMethodHandle$Holder.newInvokeSpecial(java.lang.Object, java.lang.Object, long)'> (0x0000000713c214a0) 
thrown [s\src\hotspot\share\interpreter\linkResolver.cpp, line 773]
Event: 0.585 Thread 0x0000018da6cc0af0 Exception <a 'java/lang/NoSuchMethodError'{0x0000000713c25378}: 'java.lang.Object java.lang.invoke.Invokers$Holder.linkToTargetMethod(java.lang.Object, long, java.lang.Object)'> (0x0000000713c25378) 
thrown [s\src\hotspot\share\interpreter\linkResolver.cpp, line 773]
Event: 0.585 Thread 0x0000018da6cc0af0 Exception <a 'java/lang/NoSuchMethodError'{0x0000000713c2c5e0}: 'int java.lang.invoke.DirectMethodHandle$Holder.invokeStaticInit(java.lang.Object, java.lang.Object, java.lang.Object, long)'> (0x0000000713c2c5e0) 
thrown [s\src\hotspot\share\interpreter\linkResolver.cpp, line 773]
Event: 0.595 Thread 0x0000018da6cc0af0 Exception <a 'sun/nio/fs/WindowsException'{0x0000000713cc5060}> (0x0000000713cc5060) 
thrown [s\src\hotspot\share\prims\jni.cpp, line 520]
Event: 0.595 Thread 0x0000018da6cc0af0 Exception <a 'sun/nio/fs/WindowsException'{0x0000000713cc5440}> (0x0000000713cc5440) 
thrown [s\src\hotspot\share\prims\jni.cpp, line 520]

ZGC Phase Switch (0 events):
No events

VM Operations (14 events):
Event: 0.256 Executing VM operation: ChangeBreakpoints
Event: 0.256 Executing VM operation: ChangeBreakpoints done
Event: 0.258 Executing VM operation: ChangeBreakpoints
Event: 0.258 Executing VM operation: ChangeBreakpoints done
Event: 0.319 Executing VM operation: RedefineClasses
Event: 0.322 Executing VM operation: RedefineClasses done
Event: 0.323 Executing VM operation: get/set locals
Event: 0.324 Executing VM operation: get/set locals done
Event: 0.519 Executing VM operation: HandshakeAllThreads (Deoptimize)
Event: 0.519 Executing VM operation: HandshakeAllThreads (Deoptimize) done
Event: 0.523 Executing VM operation: HandshakeAllThreads (Deoptimize)
Event: 0.524 Executing VM operation: HandshakeAllThreads (Deoptimize) done
Event: 0.551 Executing VM operation: HandshakeAllThreads (Deoptimize)
Event: 0.551 Executing VM operation: HandshakeAllThreads (Deoptimize) done

Memory protections (0 events):
No events

Nmethod flushes (0 events):
No events

Events (18 events):
Event: 0.110 Thread 0x0000018da6cc0af0 Thread added: 0x0000018da6cc0af0
Event: 0.123 Thread 0x0000018da6cc0af0 Thread added: 0x0000018dc6a804a0
Event: 0.124 Thread 0x0000018da6cc0af0 Thread added: 0x0000018dc6a810a0
Event: 0.125 Thread 0x0000018da6cc0af0 Thread added: 0x0000018dc6a84c60
Event: 0.125 Thread 0x0000018da6cc0af0 Thread added: 0x0000018dc6a866c0
Event: 0.125 Thread 0x0000018da6cc0af0 Thread added: 0x0000018dc6a87880
Event: 0.125 Thread 0x0000018da6cc0af0 Thread added: 0x0000018dc6a882d0
Event: 0.125 Thread 0x0000018da6cc0af0 Thread added: 0x0000018dc6a89200
Event: 0.126 Thread 0x0000018da6cc0af0 Thread added: 0x0000018dc6a9b4f0
Event: 0.130 Thread 0x0000018dc6a9b4f0 Thread added: 0x0000018dc8257d20
Event: 0.177 Thread 0x0000018da6cc0af0 Thread added: 0x0000018dc83056b0
Event: 0.186 Thread 0x0000018dc8257d20 Thread added: 0x0000018dc830c960
Event: 0.209 Thread 0x0000018da6cc0af0 Thread added: 0x0000018dc83cefe0
Event: 0.209 Thread 0x0000018da6cc0af0 Thread added: 0x0000018dc83d04d0
Event: 0.210 Thread 0x0000018dc83cefe0 Thread added: 0x0000018dc8411c70
Event: 0.325 Thread 0x0000018da6cc0af0 Thread added: 0x0000018dc85a7680
Event: 0.328 Thread 0x0000018da6cc0af0 Thread added: 0x0000018dc8462420
Event: 0.426 Thread 0x0000018dc830c960 Thread added: 0x0000018dc873f990


Dynamic libraries:
0x00007ff65b870000 - 0x00007ff65b87e000 	C:\Users\darie\.jdks\ms-21.0.8\bin\java.exe
0x00007ffd83bc0000 - 0x00007ffd83e29000 	C:\WINDOWS\SYSTEM32\ntdll.dll
0x00007ffd82aa0000 - 0x00007ffd82b69000 	C:\WINDOWS\System32\KERNEL32.DLL
0x00007ffd81590000 - 0x00007ffd81983000 	C:\WINDOWS\System32\KERNELBASE.dll
0x00007ffd811e0000 - 0x00007ffd8132b000 	C:\WINDOWS\System32\ucrtbase.dll
0x00007ffd75830000 - 0x00007ffd7584e000 	C:\Users\darie\.jdks\ms-21.0.8\bin\VCRUNTIME140.dll
0x00007ffd765e0000 - 0x00007ffd765f8000 	C:\Users\darie\.jdks\ms-21.0.8\bin\jli.dll
0x00007ffd839b0000 - 0x00007ffd83b74000 	C:\WINDOWS\System32\USER32.dll
0x00007ffd5ec60000 - 0x00007ffd5eef3000 	C:\WINDOWS\WinSxS\amd64_microsoft.windows.common-controls_6595b64144ccf1df_6.0.26100.5074_none_3e0d6f78e32fd63f\COMCTL32.dll
0x00007ffd81040000 - 0x00007ffd81067000 	C:\WINDOWS\System32\win32u.dll
0x00007ffd83810000 - 0x00007ffd838b9000 	C:\WINDOWS\System32\msvcrt.dll
0x00007ffd834a0000 - 0x00007ffd834cb000 	C:\WINDOWS\System32\GDI32.dll
0x00007ffd81460000 - 0x00007ffd8158d000 	C:\WINDOWS\System32\gdi32full.dll
0x00007ffd80d50000 - 0x00007ffd80df3000 	C:\WINDOWS\System32\msvcp_win.dll
0x00007ffd825d0000 - 0x00007ffd825ff000 	C:\WINDOWS\System32\IMM32.DLL
0x00007ffd7a690000 - 0x00007ffd7a69c000 	C:\Users\darie\.jdks\ms-21.0.8\bin\vcruntime140_1.dll
0x00007ffd20fa0000 - 0x00007ffd21029000 	C:\Users\darie\.jdks\ms-21.0.8\bin\msvcp140.dll
0x00007ffc5efd0000 - 0x00007ffc5fd7c000 	C:\Users\darie\.jdks\ms-21.0.8\bin\server\jvm.dll
0x00007ffd82130000 - 0x00007ffd821e4000 	C:\WINDOWS\System32\ADVAPI32.dll
0x00007ffd82380000 - 0x00007ffd82426000 	C:\WINDOWS\System32\sechost.dll
0x00007ffd836c0000 - 0x00007ffd837d8000 	C:\WINDOWS\System32\RPCRT4.dll
0x00007ffd822f0000 - 0x00007ffd82364000 	C:\WINDOWS\System32\WS2_32.dll
0x00007ffd7f990000 - 0x00007ffd7f9ee000 	C:\WINDOWS\SYSTEM32\POWRPROF.dll
0x00007ffd75140000 - 0x00007ffd75175000 	C:\WINDOWS\SYSTEM32\WINMM.dll
0x00007ffd76040000 - 0x00007ffd7604b000 	C:\WINDOWS\SYSTEM32\VERSION.dll
0x00007ffd7f970000 - 0x00007ffd7f984000 	C:\WINDOWS\SYSTEM32\UMPDC.dll
0x00007ffd7fc50000 - 0x00007ffd7fc6b000 	C:\WINDOWS\SYSTEM32\kernel.appcore.dll
0x00007ffd75920000 - 0x00007ffd7592a000 	C:\Users\darie\.jdks\ms-21.0.8\bin\jimage.dll
0x00007ffd7e390000 - 0x00007ffd7e5d2000 	C:\WINDOWS\SYSTEM32\DBGHELP.DLL
0x00007ffd81db0000 - 0x00007ffd8212b000 	C:\WINDOWS\System32\combase.dll
0x00007ffd83570000 - 0x00007ffd83647000 	C:\WINDOWS\System32\OLEAUT32.dll
0x00007ffd42aa0000 - 0x00007ffd42add000 	C:\WINDOWS\SYSTEM32\dbgcore.DLL
0x00007ffd813c0000 - 0x00007ffd81459000 	C:\WINDOWS\System32\bcryptPrimitives.dll
0x00007ffd5ef20000 - 0x00007ffd5ef5c000 	C:\Users\darie\.jdks\ms-21.0.8\bin\jdwp.dll
0x00007ffd75820000 - 0x00007ffd75830000 	C:\Users\darie\.jdks\ms-21.0.8\bin\instrument.dll
0x00007ffd66fa0000 - 0x00007ffd66fc1000 	C:\Users\darie\.jdks\ms-21.0.8\bin\java.dll
0x00007ffd66610000 - 0x00007ffd66628000 	C:\Users\darie\.jdks\ms-21.0.8\bin\zip.dll
0x00007ffd82d50000 - 0x00007ffd8349d000 	C:\WINDOWS\System32\SHELL32.dll
0x00007ffd81070000 - 0x00007ffd811dc000 	C:\WINDOWS\System32\wintypes.dll
0x00007ffd7e9b0000 - 0x00007ffd7f209000 	C:\WINDOWS\SYSTEM32\windows.storage.dll
0x00007ffd81990000 - 0x00007ffd81a80000 	C:\WINDOWS\System32\SHCORE.dll
0x00007ffd83650000 - 0x00007ffd836b2000 	C:\WINDOWS\System32\shlwapi.dll
0x00007ffd80c70000 - 0x00007ffd80c99000 	C:\WINDOWS\SYSTEM32\profapi.dll
0x00007ffd03610000 - 0x00007ffd036e6000 	C:\Users\darie\.jdks\ms-21.0.8\bin\jsvml.dll
0x00007ffd676e0000 - 0x00007ffd676ec000 	C:\Users\darie\.jdks\ms-21.0.8\bin\dt_socket.dll
0x00007ffd7f670000 - 0x00007ffd7f6a4000 	C:\WINDOWS\SYSTEM32\IPHLPAPI.DLL
0x00007ffd801d0000 - 0x00007ffd8023b000 	C:\WINDOWS\system32\mswsock.dll
0x00007ffd431a0000 - 0x00007ffd431b1000 	C:\Users\darie\.jdks\ms-21.0.8\bin\net.dll
0x00007ffd77510000 - 0x00007ffd7762f000 	C:\WINDOWS\SYSTEM32\WINHTTP.dll
0x00007ffd2b3b0000 - 0x00007ffd2b3c6000 	C:\Users\darie\.jdks\ms-21.0.8\bin\nio.dll
0x00007ffd75810000 - 0x00007ffd75820000 	C:\Users\darie\.jdks\ms-21.0.8\bin\verify.dll
0x000000006c990000 - 0x000000006c9b9000 	C:\Users\darie\AppData\Local\Temp\libgdxAbdul Qadir\e787ab0a\gdx64.dll
0x00007ffd54550000 - 0x00007ffd545c5000 	C:\Users\darie\AppData\Local\Temp\lwjglAbdul Qadir\3.3.1-build-7\lwjgl.dll
0x00007ffcff850000 - 0x00007ffcffaa9000 	C:\Users\darie\AppData\Local\Temp\lwjglAbdul Qadir\3.3.1-build-7\jemalloc.dll

JVMTI agents:
jdwp path:C:\Users\darie\.jdks\ms-21.0.8\bin\jdwp.dll, loaded, initialized, options:transport=dt_socket,server=n,suspend=y,address=127.0.0.1:63850
C:\Users\darie\AppData\Local\JetBrains\IntelliJIdea2025.2\captureAgent\debugger-agent.jar path:C:\Users\darie\.jdks\ms-21.0.8\bin\instrument.dll, loaded, initialized, instrumentlib options:file:///C:/Users/darie/AppData/Local/Temp/capture3903452438635725531.props

dbghelp: loaded successfully - version: 4.0.5 - missing functions: none
symbol engine: initialized successfully - sym options: 0x614 - pdb path: .;C:\Users\darie\.jdks\ms-21.0.8\bin;C:\WINDOWS\SYSTEM32;C:\WINDOWS\WinSxS\amd64_microsoft.windows.common-controls_6595b64144ccf1df_6.0.26100.5074_none_3e0d6f78e32fd63f;C:\Users\darie\.jdks\ms-21.0.8\bin\server;C:\Users\darie\AppData\Local\Temp\libgdxAbdul Qadir\e787ab0a;C:\Users\darie\AppData\Local\Temp\lwjglAbdul Qadir\3.3.1-build-7

VM Arguments:
jvm_args: -Ddebugger.agent.enable.coroutines=true -Dkotlinx.coroutines.debug.enable.creation.stack.trace=false -Dkotlinx.coroutines.debug.enable.flows.stack.trace=true -Dkotlinx.coroutines.debug.enable.mutable.state.flows.stack.trace=true -agentlib:jdwp=transport=dt_socket,server=n,suspend=y,address=127.0.0.1:63850 -javaagent:C:\Users\darie\AppData\Local\JetBrains\IntelliJIdea2025.2\captureAgent\debugger-agent.jar=file:///C:/Users/darie/AppData/Local/Temp/capture3903452438635725531.props -Dfile.encoding=UTF-8 -Duser.country=US -Duser.language=en -Duser.variant 
java_command: com.csse3200.game.desktop.DesktopLauncher
java_class_path (initial): F:\Github Class\Floor\source\desktop\build\classes\java\main;F:\Github Class\Floor\source\desktop\build\resources\main;C:\Users\darie\.gradle\caches\modules-2\files-2.1\com.badlogicgames.gdx\gdx-backend-lwjgl3\1.11.0\58a96db4cd349be4292d547856aa1e1c5f065f4e\gdx-backend-lwjgl3-1.11.0.jar;C:\Users\darie\.gradle\caches\modules-2\files-2.1\com.badlogicgames.gdx\gdx-platform\1.11.0\697fb13eada6d3c6ca648c9788692b0159add126\gdx-platform-1.11.0-natives-desktop.jar;C:\Users\darie\.gradle\caches\modules-2\files-2.1\com.badlogicgames.gdx\gdx-box2d-platform\1.11.0\62ff9baa1e57a11e0a4428a38c9660bf9f312fdc\gdx-box2d-platform-1.11.0-natives-desktop.jar;C:\Users\darie\.gradle\caches\modules-2\files-2.1\com.badlogicgames.gdx\gdx-tools\1.11.0\a5d30eafd0f2fbab314efdf6d98ebc27388b7c0a\gdx-tools-1.11.0.jar;C:\Users\darie\.gradle\caches\modules-2\files-2.1\com.badlogicgames.gdx-controllers\gdx-controllers-desktop\2.2.2\625b3bdbe803e9c4af181b4791202cfcf776d805\gdx-controllers-desktop-2.2.2.jar;C:\Users\darie\.gradle\caches\modules-2\files-2.1\com.badlogicgames.gdx\gdx-freetype-platform\1.11.0\420e2c2c206843a0d51010be28a141a1eb946235\gdx-freetype-platform-1.11.0-natives-desktop.jar;F:\Github Class\Floor\source\core\build\libs\core-1.0.jar;C:\Users\darie\.gradle\caches\modules-2\files-2.1\com.badlogicgames.gdx\gdx-backend-lwjgl\1.11.0\33555a2cf8b4d9db4122b2fe42e7674b343d8b4\gdx-backend-lwjgl-1.11.0.jar;C:\Users\darie\.gradle\caches\modules-2\files-2.1\com.badlogicgames.gdx\gdx-freetype\1.11.0\a3634ad2e6c56d251268d6ab5c0f66eee2841f2c\gdx-freetype-1.11.0.jar;C:\Users\darie\.gradle\caches\modules-2\files-2.1\com.badlogicgames.gdx\gdx-backend-headless\1.11.0\3c3d0c951db72891d894df1725d09179fd0bca00\gdx-backend-headless-1.11.0.jar;C:\Users\darie\.gradle\caches\modules-2\files-2.1\com.badlogicgames.gdx-controllers\gdx-controllers-core\2.2.2\25473efe9273912a03a4871a9e1469b41d86face\gdx-controllers-core-2.2.2.jar;C:\Users\darie\.gradle\caches\modules-2\files-2.1\net.dermetfan.libgdx-utils\libgdx-utils-box2d\0.13.4\918d79a20ea3c898cdb3611782c5b2bfa6ec575b\libgdx-utils-box2d-0.13.4.jar;C:\Users\darie\.gradle\caches\modules-2\files-2.1\com.badlogicgames.gdx\gdx-box2d\1.11.0\ad4facee800dd945d6d6e93dea2936bc135b5f\gdx-box2d-1.11.0.jar;C:\Users\darie\.gradle\caches\modules-2\files-2.1\net.dermetfan.libgdx-utils\libgdx-utils\0.13.4\27affad2873d1c9c366a2290fc51f3927f3a5f83\libgdx-utils-0.13.4.jar;C:\Users\darie\.gradle\caches\modules-2\files-2.1\com.badlogicgames.gdx\gdx\1.11.0\ffe1206d1004cd9e40027e28964be0fea0399af7\gdx-1.11.0.jar;C:\Users\darie\.gradle\caches\modules-2\files-2.1\org.lwjgl\lwjgl-glfw\3.3.1\cbac1b8d30cb4795149c1ef540f912671a8616d0\lwjgl-glfw-3.3.1.jar;C:\Users\darie\.gradle\caches\modules-2\files-2.1\org.lwjgl\lwjgl-glfw\3.3.1\81716978214ecbda15050ca394b06ef61501a49e\lwjgl-glfw-3.3.1-natives-linux.jar;C:\Users\darie\.gradle\caches\modules-2\files-2.1\org.lwjgl\lwjgl-glfw\3.3.1\816d935933f2dd743074c4e717cc25b55720f294\lwjgl-glfw-3.3.1-natives-linux-arm32.jar;C:\Users\darie\.gradle\caches\modules-2\files-2.1\org.lwjgl\lwjgl-glfw\3.3.1\513eb39b866d0fe131a18d5c517087805433b029\lwjgl-glfw-3.3.1-natives-linux-arm64.jar;C:\Users\darie\.gradle\caches\modules-2\files-2.1\org.lwjgl\lwjgl-glfw\3.3.1\9ec4ce1fc8c85fdef03ef4ff2aace6f5775fb280\lwjgl-glfw-3.3.1-natives-macos.jar;C:\Users\darie\.gradle\caches\modules-2\files-2.1\org.lwjgl\lwjgl-glfw\3.3.1\cac0d3f712a3da7641fa174735a5f315de7ffe0a\lwjgl-glfw-3.3.1-natives-macos-arm64.jar;C:\Users\darie\.gradle\caches\modules-2\files-2.1\org.lwjgl\lwjgl-glfw\3.3.1\ed892f945cf7e79c8756796f32d00fa4ceaf573b\lwjgl-glfw-3.3.1-natives-windows.jar;C:\Users\darie\.gradle\caches\modules-2\files-2.1\org.lwjgl\lwjgl-glfw\3.3.1\b997e3391d6ce8f05487e7335d95c606043884a1\lwjgl-glfw-3.3.1-natives-windows-x86.jar;C:\Users\darie\.gradle\caches\modules-2\files-2.1\org.lwjgl\lwjgl-jemalloc\3.3.1\a817bcf213db49f710603677457567c37d53e103\lwjgl-jemalloc-3.3.1.jar;C:\Users\darie\.gradle\caches\modules-2\files-2.1\org.lwjgl\lwjgl-jemalloc\3.3.1\33dbb017b6ed6b25f993ad9d56741a49e7937718\lwjgl-jemalloc-3.3.1-natives-linux.jar;C:\Users\darie\.gradle\caches\modules-2\files-2.1\org.lwjgl\lwjgl-jemalloc\3.3.1\a96a6d6cb3876d7813fcee53c3c24f246aeba3b3\lwjgl-jemalloc-3.3.1-natives-linux-arm32.jar;C:\Users\darie\.gradle\caches\modules-2\files-2.1\org.lwjgl\lwjgl-jemalloc\3.3.1\c6606e57db075ad218a2e78d2416c159a53b6a0c\lwjgl-jemalloc-3.3.1-natives-linux-arm64.jar;C:\Users\darie\.gradle\caches\modules-2\files-2.1\org.lwjgl\lwjgl-jemalloc\3.3.1\56424dc8db3cfb8e7b594aa6d59a4f4387b7f544\lwjgl-jemalloc-3.3.1-natives-macos.jar;C:\Users\darie\.gradle\caches\modules-2\files-2.1\org.lwjgl\lwjgl-jemalloc\3.3.1\e577b87d8ad2ade361aaea2fcf226c660b15dee8\lwjgl-jemalloc-3.3.1-natives-macos-arm64.jar;C:\Users\darie\.gradle\caches\modules-2\files-2.1\org.lwjgl\lwjgl-jemalloc\3.3.1\948a89b76a16aa324b046ae9308891216ffce5f9\lwjgl-jemalloc-3.3.1-natives-windows.jar;C:\Users\darie\.gradle\caches\modules-2\files-2.1\org.lwjgl\lwjgl-jemalloc\3.3.1\fb476c8ec110e1c137ad3ce8a7f7bfe6b11c6324\lwjgl-jemalloc-3.3.1-natives-windows-x86.jar;C:\Users\darie\.gradle\caches\modules-2\files-2.1\org.lwjgl\lwjgl-openal\3.3.1\2623a6b8ae1dfcd880738656a9f0243d2e6840bd\lwjgl-openal-3.3.1.jar;C:\Users\darie\.gradle\caches\modules-2\files-2.1\org.lwjgl\lwjgl-openal\3.3.1\f906b6439f6daa66001182ea7727e3467a93681b\lwjgl-openal-3.3.1-natives-linux.jar;C:\Users\darie\.gradle\caches\modules-2\files-2.1\org.lwjgl\lwjgl-openal\3.3.1\ffbe35d7fa5ec9b7eca136a7c71f24d4025a510b\lwjgl-openal-3.3.1-natives-linux-arm32.jar;C:\Users\darie\.gradle\caches\modules-2\files-2.1\org.lwjgl\lwjgl-openal\3.3.1\cf4e303257e82981b8b2e31bba3d7f8f7b8f42b2\lwjgl-openal-3.3.1-natives-linux-arm64.jar;C:\Users\darie\.gradle\caches\modules-2\files-2.1\org.lwjgl\lwjgl-openal\3.3.1\3a57b8911835fb58b5e558d0ca0d28157e263d45\lwjgl-openal-3.3.1-natives-macos.jar;C:\Users\darie\.gradle\caches\modules-2\files-2.1\org.lwjgl\lwjgl-openal\3.3.1\23d55e7490b57495320f6c9e1936d78fd72c4ef8\lwjgl-openal-3.3.1-natives-macos-arm64.jar;C:\Users\darie\.gradle\caches\modules-2\files-2.1\org.lwjgl\lwjgl-openal\3.3.1\30a474d0e57193d7bc128849a3ab66bc9316fdb1\lwjgl-openal-3.3.1-natives-windows.jar;C:\Users\darie\.gradle\caches\modules-2\files-2.1\org.lwjgl\lwjgl-openal\3.3.1\888349f7b1be6fbae58bf8edfb9ef12def04c4e3\lwjgl-openal-3.3.1-natives-windows-x86.jar;C:\Users\darie\.gradle\caches\modules-2\files-2.1\org.lwjgl\lwjgl-opengl\3.3.1\831a5533a21a5f4f81bbc51bb13e9899319b5411\lwjgl-opengl-3.3.1.jar;C:\Users\darie\.gradle\caches\modules-2\files-2.1\org.lwjgl\lwjgl-opengl\3.3.1\ab9ab6fde3743e3550fa5d46d785ecb45b047d99\lwjgl-opengl-3.3.1-natives-linux.jar;C:\Users\darie\.gradle\caches\modules-2\files-2.1\org.lwjgl\lwjgl-opengl\3.3.1\e3550fa91097fd56e361b4370fa822220fef3595\lwjgl-opengl-3.3.1-natives-linux-arm32.jar;C:\Users\darie\.gradle\caches\modules-2\files-2.1\org.lwjgl\lwjgl-opengl\3.3.1\1c528fb258a6e63e8fceb4482d8db0f3af10a634\lwjgl-opengl-3.3.1-natives-linux-arm64.jar;C:\Users\darie\.gradle\caches\modules-2\files-2.1\org.lwjgl\lwjgl-opengl\3.3.1\a0d12697ea019a7362eff26475b0531340e876a6\lwjgl-opengl-3.3.1-natives-macos.jar;C:\Users\darie\.gradle\caches\modules-2\files-2.1\org.lwjgl\lwjgl-opengl\3.3.1\eafe34b871d966292e8db0f1f3d6b8b110d4e91d\lwjgl-opengl-3.3.1-natives-macos-arm64.jar;C:\Users\darie\.gradle\caches\modules-2\files-2.1\org.lwjgl\lwjgl-opengl\3.3.1\c1807e9bd571402787d7e37e3029776ae2513bb8\lwjgl-opengl-3.3.1-natives-windows.jar;C:\Users\darie\.gradle\caches\modules-2\files-2.1\org.lwjgl\lwjgl-opengl\3.3.1\deef3eb9b178ff2ff3ce893cc72ae741c3a17974\lwjgl-opengl-3.3.1-natives-windows-x86.jar;C:\Users\darie\.gradle\caches\modules-2\files-2.1\org.lwjgl\lwjgl-stb\3.3.1\b119297cf8ed01f247abe8685857f8e7fcf5980f\lwjgl-stb-3.3.1.jar;C:\Users\darie\.gradle\caches\modules-2\files-2.1\org.lwjgl\lwjgl-stb\3.3.1\3ee7aec8686e52867677110415566a5342a80230\lwjgl-stb-3.3.1-natives-linux.jar;C:\Users\darie\.gradle\caches\modules-2\files-2.1\org.lwjgl\lwjgl-stb\3.3.1\b08226bab162c06ae69337d8a1b0ee0a3fdf0b90\lwjgl-stb-3.3.1-natives-linux-arm32.jar;C:\Users\darie\.gradle\caches\modules-2\files-2.1\org.lwjgl\lwjgl-stb\3.3.1\8e8348a1813aad7f30aaf75ea197151ebb7beba9\lwjgl-stb-3.3.1-natives-linux-arm64.jar;C:\Users\darie\.gradle\caches\modules-2\files-2.1\org.lwjgl\lwjgl-stb\3.3.1\def8879b8d38a47a4cc1d48b1f9a7b772e51258e\lwjgl-stb-3.3.1-natives-macos.jar;C:\Users\darie\.gradle\caches\modules-2\files-2.1\org.lwjgl\lwjgl-stb\3.3.1\fcf073ed911752abdca5f0b00a53cfdf17ff8e8b\lwjgl-stb-3.3.1-natives-macos-arm64.jar;C:\Users\darie\.gradle\caches\modules-2\files-2.1\org.lwjgl\lwjgl-stb\3.3.1\86315914ac119efdb02dc9e8e978ade84f1702af\lwjgl-stb-3.3.1-natives-windows.jar;C:\Users\darie\.gradle\caches\modules-2\files-2.1\org.lwjgl\lwjgl-stb\3.3.1\a8d41f419eecb430b7c91ea2ce2c5c451cae2091\lwjgl-stb-3.3.1-natives-windows-x86.jar;C:\Users\darie\.gradle\caches\modules-2\files-2.1\org.lwjgl\lwjgl\3.3.1\ae58664f88e18a9bb2c77b063833ca7aaec484cb\lwjgl-3.3.1.jar;C:\Users\darie\.gradle\caches\modules-2\files-2.1\org.lwjgl\lwjgl\3.3.1\1de885aba434f934201b99f2f1afb142036ac189\lwjgl-3.3.1-natives-linux.jar;C:\Users\darie\.gradle\caches\modules-2\files-2.1\org.lwjgl\lwjgl\3.3.1\41a3c1dd15d6b964eb8196dde69720a3e3e5e969\lwjgl-3.3.1-natives-linux-arm32.jar;C:\Users\darie\.gradle\caches\modules-2\files-2.1\org.lwjgl\lwjgl\3.3.1\b597401014acb7196c76d97e15a6288f54f1f692\lwjgl-3.3.1-natives-linux-arm64.jar;C:\Users\darie\.gradle\caches\modules-2\files-2.1\org.lwjgl\lwjgl\3.3.1\fc6bb723dec2cd031557dccb2a95f0ab80acb9db\lwjgl-3.3.1-natives-macos.jar;C:\Users\darie\.gradle\caches\modules-2\files-2.1\org.lwjgl\lwjgl\3.3.1\71d0d5e469c9c95351eb949064497e3391616ac9\lwjgl-3.3.1-natives-macos-arm64.jar;C:\Users\darie\.gradle\caches\modules-2\files-2.1\org.lwjgl\lwjgl\3.3.1\36c37f16ab611b3aa11f3bcf80b1d509b4ce6b\lwjgl-3.3.1-natives-windows.jar;C:\Users\darie\.gradle\caches\modules-2\files-2.1\org.lwjgl\lwjgl\3.3.1\3b14f4beae9dd39791ec9e12190a9380cd8a3ce6\lwjgl-3.3.1-natives-windows-x86.jar;C:\Users\darie\.gradle\caches\modules-2\files-2.1\com.badlogicgames.jlayer\jlayer\1.0.1-gdx\7cca83cec5c1b2f011362f4d85aabd71a73b049d\jlayer-1.0.1-gdx.jar;C:\Users\darie\.gradle\caches\modules-2\files-2.1\org.jcraft\jorbis\0.0.17\8872d22b293e8f5d7d56ff92be966e6dc28ebdc6\jorbis-0.0.17.jar;C:\Users\darie\.gradle\caches\modules-2\files-2.1\com.badlogicgames.jamepad\jamepad\2.0.20.0\55eb0007fd55c9914d106dac3387b9d444572cab\jamepad-2.0.20.0.jar;C:\Users\darie\.gradle\caches\modules-2\files-2.1\org.slf4j\slf4j-jdk14\1.7.36\4a18af6554bfe48b0f76eec98119c417da23c7e1\slf4j-jdk14-1.7.36.jar;C:\Users\darie\.gradle\caches\modules-2\files-2.1\org.slf4j\slf4j-api\1.7.36\6c62681a2f655b49963a5983b8b0950a6120ae14\slf4j-api-1.7.36.jar;C:\Users\darie\.gradle\caches\modules-2\files-2.1\com.badlogicgames.gdx\gdx-jnigen-loader\2.3.1\2d472f69243631fbcb3d4c3f93dd2e137a6cb084\gdx-jnigen-loader-2.3.1.jar;C:\Users\darie\.gradle\caches\modules-2\files-2.1\org.lwjgl.lwjgl\lwjgl\2.9.3\3df168ac74e4a8c96562cdff24ad352e255bf89c\lwjgl-2.9.3.jar;C:\Users\darie\.gradle\caches\modules-2\files-2.1\org.lwjgl.lwjgl\lwjgl-platform\2.9.3\fbc2afb3e288578e9942578decb6291a490549a0\lwjgl-platform-2.9.3-natives-windows.jar;C:\Users\darie\.gradle\caches\modules-2\files-2.1\org.lwjgl.lwjgl\lwjgl-platform\2.9.3\b1eafe80093381c56415731e1d64279e6140bcd0\lwjgl-platform-2.9.3-natives-linux.jar;C:\Users\darie\.gradle\caches\modules-2\files-2.1\org.lwjgl.lwjgl\lwjgl-platform\2.9.3\6686cf6ddaa20b4290aa6599a09bc0d17369be05\lwjgl-platform-2.9.3-natives-osx.jar;C:\Users\darie\.gradle\caches\modules-2\files-2.1\net.java.jinput\jinput\2.0.5\39c7796b469a600f72380316f6b1f11db6c2c7c4\jinput-2.0.5.jar;C:\Users\darie\.gradle\caches\modules-2\files-2.1\net.java.jutils\jutils\1.0.0\e12fe1fda814bd348c1579329c86943d2cd3c6a6\jutils-1.0.0.jar;C:\Users\darie\.gradle\caches\modules-2\files-2.1\net.java.jinput\jinput-platform\2.0.5\7ff832a6eb9ab6a767f1ade2b548092d0fa64795\jinput-platform-2.0.5-natives-linux.jar;C:\Users\darie\.gradle\caches\modules-2\files-2.1\net.java.jinput\jinput-platform\2.0.5\385ee093e01f587f30ee1c8a2ee7d408fd732e16\jinput-platform-2.0.5-natives-windows.jar;C:\Users\darie\.gradle\caches\modules-2\files-2.1\net.java.jinput\jinput-platform\2.0.5\53f9c919f34d2ca9de8c51fc4e1e8282029a9232\jinput-platform-2.0.5-natives-osx.jar
Launcher Type: SUN_STANDARD

[Global flags]
     intx CICompilerCount                          = 15                                        {product} {ergonomic}
     uint ConcGCThreads                            = 6                                         {product} {ergonomic}
     uint G1ConcRefinementThreads                  = 23                                        {product} {ergonomic}
   size_t G1HeapRegionSize                         = 2097152                                   {product} {ergonomic}
    uintx GCDrainStackTargetSize                   = 64                                        {product} {ergonomic}
   size_t InitialHeapSize                          = 264241152                                 {product} {ergonomic}
   size_t MarkStackSize                            = 4194304                                   {product} {ergonomic}
   size_t MaxHeapSize                              = 4213178368                                {product} {ergonomic}
   size_t MaxNewSize                               = 2527068160                                {product} {ergonomic}
   size_t MinHeapDeltaBytes                        = 2097152                                   {product} {ergonomic}
   size_t MinHeapSize                              = 8388608                                   {product} {ergonomic}
    uintx NonNMethodCodeHeapSize                   = 8192380                                {pd product} {ergonomic}
    uintx NonProfiledCodeHeapSize                  = 121732930                              {pd product} {ergonomic}
    uintx ProfiledCodeHeapSize                     = 121732930                              {pd product} {ergonomic}
    uintx ReservedCodeCacheSize                    = 251658240                              {pd product} {ergonomic}
     bool SegmentedCodeCache                       = true                                      {product} {ergonomic}
   size_t SoftMaxHeapSize                          = 4213178368                             {manageable} {ergonomic}
     bool UseCompressedOops                        = true                           {product lp64_product} {ergonomic}
     bool UseG1GC                                  = true                                      {product} {ergonomic}
     bool UseLargePagesIndividualAllocation        = false                                  {pd product} {ergonomic}

Logging:
Log output configuration:
 #0: stdout all=warning uptime,level,tags foldmultilines=false
 #1: stderr all=off uptime,level,tags foldmultilines=false

Environment Variables:
PATH=C:\Windows\system32;C:\Windows;C:\Windows\System32\Wbem;C:\Windows\System32\WindowsPowerShell\v1.0\;C:\Windows\System32\OpenSSH\;C:\Program Files\dotnet\;C:\Program Files (x86)\NVIDIA Corporation\PhysX\Common;C:\Program Files\NVIDIA Corporation\NVIDIA NvDLISR;C:\Program Files\nodejs\;C:\WINDOWS\system32;C:\WINDOWS;C:\WINDOWS\System32\Wbem;C:\WINDOWS\System32\WindowsPowerShell\v1.0\;C:\WINDOWS\System32\OpenSSH\;C:\Program Files\Git\cmd;C:\Program Files (x86)\sox-14-4-2\sox.exe;C:\Users\darie\AppData\Local\Microsoft\WindowsApps;C:\Users\darie\AppData\Local\Programs\cursor\resources\app\bin;C:\Users\darie\AppData\Roaming\npm;C:\Users\darie\AppData\Local\Programs\Microsoft VS Code\bin;;C:\ghcup\bin;C:\Program Files\JetBrains\IntelliJ IDEA 2025.2\bin
USERNAME=Abdul Qadir
OS=Windows_NT
PROCESSOR_IDENTIFIER=Intel64 Family 6 Model 183 Stepping 1, GenuineIntel
TMP=C:\Users\darie\AppData\Local\Temp
TEMP=C:\Users\darie\AppData\Local\Temp




Periodic native trim disabled

---------------  S Y S T E M  ---------------

OS:
 Windows 11 , 64 bit Build 26100 (10.0.26100.5074)
OS uptime: 1 days 20:19 hours
Hyper-V role detected

CPU: total 32 (initial active 32) (16 cores per cpu, 2 threads per core) family 6 model 183 stepping 1 microcode 0x12c, cx8, cmov, fxsr, ht, mmx, 3dnowpref, sse, sse2, sse3, ssse3, sse4.1, sse4.2, popcnt, lzcnt, tsc, tscinvbit, avx, avx2, aes, erms, clmul, bmi1, bmi2, adx, sha, fma, vzeroupper, clflush, clflushopt, clwb, hv, serialize, rdtscp, rdpid, fsrm, f16c, cet_ibt, cet_ss
Processor Information for processor 0
  Max Mhz: 2200, Current Mhz: 2200, Mhz Limit: 2200
Processor Information for processor 1
  Max Mhz: 2200, Current Mhz: 2200, Mhz Limit: 2200
Processor Information for processor 2
  Max Mhz: 2200, Current Mhz: 2200, Mhz Limit: 2200
Processor Information for processor 3
  Max Mhz: 2200, Current Mhz: 2200, Mhz Limit: 2200
Processor Information for processor 4
  Max Mhz: 2200, Current Mhz: 2200, Mhz Limit: 2200
Processor Information for processor 5
  Max Mhz: 2200, Current Mhz: 2200, Mhz Limit: 2200
Processor Information for processor 6
  Max Mhz: 2200, Current Mhz: 2200, Mhz Limit: 2200
Processor Information for processor 7
  Max Mhz: 2200, Current Mhz: 2200, Mhz Limit: 2200
Processor Information for processor 8
  Max Mhz: 2200, Current Mhz: 2200, Mhz Limit: 2200
Processor Information for processor 9
  Max Mhz: 2200, Current Mhz: 2200, Mhz Limit: 2200
Processor Information for processor 10
  Max Mhz: 2200, Current Mhz: 2200, Mhz Limit: 2200
Processor Information for processor 11
  Max Mhz: 2200, Current Mhz: 2200, Mhz Limit: 2200
Processor Information for processor 12
  Max Mhz: 2200, Current Mhz: 2200, Mhz Limit: 2200
Processor Information for processor 13
  Max Mhz: 2200, Current Mhz: 1466, Mhz Limit: 2200
Processor Information for processor 14
  Max Mhz: 2200, Current Mhz: 2200, Mhz Limit: 2200
Processor Information for processor 15
  Max Mhz: 2200, Current Mhz: 2200, Mhz Limit: 2200
Processor Information for processor 16
  Max Mhz: 2200, Current Mhz: 2200, Mhz Limit: 2200
Processor Information for processor 17
  Max Mhz: 2200, Current Mhz: 2200, Mhz Limit: 2200
Processor Information for processor 18
  Max Mhz: 2200, Current Mhz: 2200, Mhz Limit: 2200
Processor Information for processor 19
  Max Mhz: 2200, Current Mhz: 1512, Mhz Limit: 2200
Processor Information for processor 20
  Max Mhz: 2200, Current Mhz: 2200, Mhz Limit: 2200
Processor Information for processor 21
  Max Mhz: 2200, Current Mhz: 2200, Mhz Limit: 2200
Processor Information for processor 22
  Max Mhz: 2200, Current Mhz: 2200, Mhz Limit: 2200
Processor Information for processor 23
  Max Mhz: 2200, Current Mhz: 2200, Mhz Limit: 2200
Processor Information for processor 24
  Max Mhz: 2200, Current Mhz: 1512, Mhz Limit: 2200
Processor Information for processor 25
  Max Mhz: 2200, Current Mhz: 1512, Mhz Limit: 2200
Processor Information for processor 26
  Max Mhz: 2200, Current Mhz: 1512, Mhz Limit: 2200
Processor Information for processor 27
  Max Mhz: 2200, Current Mhz: 2200, Mhz Limit: 2200
Processor Information for processor 28
  Max Mhz: 2200, Current Mhz: 1512, Mhz Limit: 2200
Processor Information for processor 29
  Max Mhz: 2200, Current Mhz: 1512, Mhz Limit: 2200
Processor Information for processor 30
  Max Mhz: 2200, Current Mhz: 1512, Mhz Limit: 2200
Processor Information for processor 31
  Max Mhz: 2200, Current Mhz: 1512, Mhz Limit: 2200

Memory: 4k page, system-wide physical 16068M (1312M free)
TotalPageFile size 48836M (AvailPageFile size 6539M)
current process WorkingSet (physical memory assigned to process): 65M, peak: 65M
current process commit charge ("private bytes"): 383M, peak: 383M

vm_info: OpenJDK 64-Bit Server VM (21.0.8+9-LTS) for windows-amd64 JRE (21.0.8+9-LTS), built on 2025-07-10T20:22:44Z by "MicrosoftCorporation" with unknown MS VC++:1944

END.
