#
# A fatal error has been detected by the Java Runtime Environment:
#
#  EXCEPTION_ACCESS_VIOLATION (0xc0000005) at pc=0x00007ffa36436918, pid=29372, tid=25684
#
# JRE version: Java(TM) SE Runtime Environment Oracle GraalVM 21.0.4+8.1 (21.0.4+8) (build 21.0.4+8-LTS-jvmci-23.1-b41)
# Java VM: Java HotSpot(TM) 64-Bit Server VM Oracle GraalVM 21.0.4+8.1 (21.0.4+8-LTS-jvmci-23.1-b41, mixed mode, sharing, tiered, jvmci, jvmci compiler, compressed oops, compressed class ptrs, g1 gc, windows-amd64)
# Problematic frame:
# C  [jdwp.dll+0x26918]
#
# No core dump will be written. Minidumps are not enabled by default on client versions of Windows
#
# If you would like to submit a bug report, please visit:
#   https://bugreport.java.com/bugreport/crash.jsp
# The crash happened outside the Java Virtual Machine in native code.
# See problematic frame for where to report the bug.
#

---------------  S U M M A R Y ------------

Command Line: -XX:ThreadPriorityPolicy=1 -XX:+UnlockExperimentalVMOptions -XX:+EnableJVMCIProduct -XX:-UnlockExperimentalVMOptions -agentlib:jdwp=transport=dt_socket,server=n,suspend=y,address=127.0.0.1:54899 -Dfile.encoding=windows-1252 -Duser.country=AU -Duser.language=en -Duser.variant com.csse3200.game.desktop.DesktopLauncher

Host: Intel(R) Core(TM) i7-10610U CPU @ 1.80GHz, 8 cores, 15G,  Windows 11 , 64 bit Build 26100 (10.0.26100.5074)
Time: Sun Sep 14 20:03:37 2025 E. Australia Standard Time elapsed time: 0.871231 seconds (0d 0h 0m 0s)

---------------  T H R E A D  ---------------

Current thread (0x000001fd052a35f0):  JavaThread "main"             [_thread_in_native, id=25684, stack(0x000000c313500000,0x000000c313600000) (1024K)]

Stack: [0x000000c313500000,0x000000c313600000],  sp=0x000000c3135fbaf8,  free space=1006k
Native frames: (J=compiled Java code, j=interpreted, Vv=VM code, C=native code)
C  [jdwp.dll+0x26918]

Java frames: (J=compiled Java code, j=interpreted, Vv=VM code)
j  org.lwjgl.system.jemalloc.JEmalloc.nje_malloc(J)J+0
j  org.lwjgl.system.jemalloc.JEmalloc.<clinit>()V+44
v  ~StubRoutines::call_stub 0x000001fd17f4100d
j  org.lwjgl.system.jemalloc.JEmallocAllocator.<clinit>()V+0
v  ~StubRoutines::call_stub 0x000001fd17f4100d
j  java.lang.Class.forName0(Ljava/lang/String;ZLjava/lang/ClassLoader;Ljava/lang/Class;)Ljava/lang/Class;+0 java.base@21.0.4
j  java.lang.Class.forName(Ljava/lang/String;Ljava/lang/Class;)Ljava/lang/Class;+19 java.base@21.0.4
j  java.lang.Class.forName(Ljava/lang/String;)Ljava/lang/Class;+6 java.base@21.0.4
j  org.lwjgl.system.MemoryManage.getInstance()Lorg/lwjgl/system/MemoryUtil$MemoryAllocator;+68
j  org.lwjgl.system.MemoryUtil$LazyInit.<clinit>()V+0
v  ~StubRoutines::call_stub 0x000001fd17f4100d
j  org.lwjgl.system.MemoryUtil.getAllocator(Z)Lorg/lwjgl/system/MemoryUtil$MemoryAllocator;+10
j  org.lwjgl.system.MemoryUtil.getAllocator()Lorg/lwjgl/system/MemoryUtil$MemoryAllocator;+1
j  org.lwjgl.system.Callback.<clinit>()V+217
v  ~StubRoutines::call_stub 0x000001fd17f4100d
j  com.badlogic.gdx.backends.lwjgl3.Lwjgl3Application.initializeGlfw()V+21
j  com.badlogic.gdx.backends.lwjgl3.Lwjgl3Application.<init>(Lcom/badlogic/gdx/ApplicationListener;Lcom/badlogic/gdx/backends/lwjgl3/Lwjgl3ApplicationConfiguration;)V+82
j  com.csse3200.game.desktop.DesktopLauncher.main([Ljava/lang/String;)V+20
v  ~StubRoutines::call_stub 0x000001fd17f4100d

siginfo: EXCEPTION_ACCESS_VIOLATION (0xc0000005), reading address 0xffffffffffffffff


Registers:
RAX=0x000001fd003cb580, RBX=0x000001fd6d26dd50, RCX=0x000001fd052a39a8, RDX=0x000001fd6d26dd50
RSP=0x000000c3135fbaf8, RBP=0x0000000000000002, RSI=0x000000c3135fbba0, RDI=0x000001fd052a39a8
R8 =0x0000000000010002, R9 =0x0000000000000000, R10=0x00007ffa4c0b0000, R11=0x000000c3135fbac8
R12=0x0000000000000007, R13=0x000001fd6d26dd50, R14=0x00007ffa36440400, R15=0x0000000000000000
RIP=0x00007ffa36436918, EFLAGS=0x0000000000010206


Register to memory mapping:

RAX=0x000001fd003cb580 points into unknown readable memory: 0x0000000000000000 | 00 00 00 00 00 00 00 00
RBX=0x000001fd6d26dd50 points into unknown readable memory: 0x0000000713409cc0 | c0 9c 40 13 07 00 00 00
RCX=0x000001fd052a39a8 points into unknown readable memory: 0x000001fd003cb580 | 80 b5 3c 00 fd 01 00 00
RDX=0x000001fd6d26dd50 points into unknown readable memory: 0x0000000713409cc0 | c0 9c 40 13 07 00 00 00
RSP=0x000000c3135fbaf8 is pointing into the stack for thread: 0x000001fd052a35f0
RBP=0x0000000000000002 is an unknown value
RSI=0x000000c3135fbba0 is pointing into the stack for thread: 0x000001fd052a35f0
RDI=0x000001fd052a39a8 points into unknown readable memory: 0x000001fd003cb580 | 80 b5 3c 00 fd 01 00 00
R8 =0x0000000000010002 is an unknown value
R9 =0x0 is null
R10=0x00007ffa4c0b0000 VCRUNTIME140.dll
R11=0x000000c3135fbac8 is pointing into the stack for thread: 0x000001fd052a35f0
R12=0x0000000000000007 is an unknown value
R13=0x000001fd6d26dd50 points into unknown readable memory: 0x0000000713409cc0 | c0 9c 40 13 07 00 00 00
R14=0x00007ffa36440400 jdwp.dll
R15=0x0 is null

Top of Stack: (sp=0x000000c3135fbaf8)
0x000000c3135fbaf8:   00007ffa364261bf 000001fd6d26dd50
0x000000c3135fbb08:   000000c3135fbba0 0000000000000000
0x000000c3135fbb18:   0000000000000000 0000000200000007
0x000000c3135fbb28:   000001fd002ecef0 000001fd052a9250
0x000000c3135fbb38:   00007ffa36440428 000001fd052a3bc8
0x000000c3135fbb48:   00007ffa3642283f 000001fd6d26dd50
0x000000c3135fbb58:   0000000000000002 000001fd052a39a8
0x000000c3135fbb68:   000001fd6d26dd58 000000c3135fbd60
0x000000c3135fbb78:   000001fd25528d30 000000056d1b0100
0x000000c3135fbb88:   000001fd2901e690 0000000000000000
0x000000c3135fbb98:   0000000bffffffff 0000000000000007
0x000000c3135fbba8:   000001fd6d26dd50 0000000000000000
0x000000c3135fbbb8:   000001fd6d26dd58 0000000000000000
0x000000c3135fbbc8:   0000000000000000 0000000000000000
0x000000c3135fbbd8:   0000000000000000 0000000000000000
0x000000c3135fbbe8:   0000000000000000 0000000000000000
0x000000c3135fbbf8:   000001fd052a3bc8 000001fd2901e690
0x000000c3135fbc08:   00007ff99e8f18f7 000001fd6d26dd58
0x000000c3135fbc18:   000001fd6d2b4710 000001fd052a35f0
0x000000c3135fbc28:   00007ff99e5f33e2 00003eb5fab2ad74
0x000000c3135fbc38:   000001fd056d12c0 000001fd052a35f0
0x000000c3135fbc48:   000001fd694d2601 000000c3135fbce0
0x000000c3135fbc58:   00007ff99e5efc80 000001fd2901e690
0x000000c3135fbc68:   0000000000000000 000001fd05290f00
0x000000c3135fbc78:   000001fd056dce20 000001fd056dce30
0x000000c3135fbc88:   000001fd056dd208 00000000000003d8
0x000000c3135fbc98:   000001fd052a35f0 000001fd052a35f0
0x000000c3135fbca8:   000001fd05291100 000001fd05275260
0x000000c3135fbcb8:   000001fd052752a0 000001fd05275348
0x000000c3135fbcc8:   00000000000000d8 000000c3135fbce0
0x000000c3135fbcd8:   00007ff99e5ea031 000001fd052a35f0
0x000000c3135fbce8:   000001fd05291100 000001fd05275260 

Instructions: (pc=0x00007ffa36436918)
0x00007ffa36436818:   05 e3 08 01 00 48 8b 03 48 8b d7 4d 8b 40 30 48
0x00007ffa36436828:   8b cb 48 8b 5c 24 30 48 83 c4 20 5f 48 ff a0 00
0x00007ffa36436838:   01 00 00 cc 48 89 5c 24 08 57 48 83 ec 20 48 8b
0x00007ffa36436848:   f9 e8 f2 ea ff ff 4c 8b 05 ab 08 01 00 48 8b d8
0x00007ffa36436858:   41 f6 80 10 02 00 00 02 74 33 41 b8 20 06 00 00
0x00007ffa36436868:   48 8d 15 19 c4 00 00 48 8d 0d 8e 5b 00 00 e8 d9
0x00007ffa36436878:   48 ff ff 48 8d 15 56 9a 00 00 48 8d 0d 8f 5b 00
0x00007ffa36436888:   00 e8 6e 49 ff ff 4c 8b 05 6b 08 01 00 48 8b 03
0x00007ffa36436898:   48 8b d7 4d 8b 40 38 48 8b cb 48 8b 5c 24 30 48
0x00007ffa364368a8:   83 c4 20 5f 48 ff a0 00 01 00 00 cc 48 89 5c 24
0x00007ffa364368b8:   08 57 48 83 ec 20 48 8b f9 e8 7a ea ff ff 48 8b
0x00007ffa364368c8:   15 33 08 01 00 48 8b d8 f6 82 10 02 00 00 02 74
0x00007ffa364368d8:   2c 41 b8 12 06 00 00 48 8d 15 a2 c3 00 00 48 8d
0x00007ffa364368e8:   0d 17 5b 00 00 e8 62 48 ff ff 48 8d 15 f7 6b 00
0x00007ffa364368f8:   00 48 8d 0d 18 5b 00 00 e8 f7 48 ff ff 48 8b 03
0x00007ffa36436908:   48 8b d7 48 8b cb 48 8b 5c 24 30 48 83 c4 20 5f
0x00007ffa36436918:   48 ff a0 50 07 00 00 cc 48 89 5c 24 08 48 89 74
0x00007ffa36436928:   24 10 48 89 7c 24 18 41 56 48 83 ec 20 4c 63 f2
0x00007ffa36436938:   49 8b d8 48 8b d1 41 8b f9 48 8b cb 4d 8d 46 ff
0x00007ffa36436948:   ff 15 22 59 00 00 85 c0 75 3c 41 0f be 44 1e ff
0x00007ffa36436958:   3b c7 75 32 49 03 de eb 10 0f be c8 ff 15 f6 58
0x00007ffa36436968:   00 00 85 c0 74 09 48 ff c3 8a 03 84 c0 75 ea 80
0x00007ffa36436978:   3b 3b 74 12 8b d7 48 8b cb e8 2c 4b 00 00 48 85
0x00007ffa36436988:   c0 0f 94 c0 eb 02 32 c0 48 8b 5c 24 30 48 8b 74
0x00007ffa36436998:   24 38 48 8b 7c 24 40 48 83 c4 20 41 5e c3 cc cc
0x00007ffa364369a8:   0f b6 d1 83 fa 1e 0f 87 83 00 00 00 74 7b 83 fa
0x00007ffa364369b8:   07 77 41 74 39 83 ea 01 74 2e 83 ea 01 74 23 83
0x00007ffa364369c8:   ea 01 74 18 83 ea 01 74 0d 83 fa 02 0f 85 8a 00
0x00007ffa364369d8:   00 00 8d 42 03 c3 b8 04 00 00 00 c3 b8 03 00 00
0x00007ffa364369e8:   00 c3 b8 02 00 00 00 c3 b8 01 00 00 00 c3 b8 06
0x00007ffa364369f8:   00 00 00 c3 b8 08 00 00 00 2b d0 74 26 83 ea 01
0x00007ffa36436a08:   0f 84 88 00 00 00 83 ea 01 74 12 b8 0a 00 00 00 


Stack slot to memory mapping:

stack at sp + 0 slots: 0x00007ffa364261bf jdwp.dll
stack at sp + 1 slots: 0x000001fd6d26dd50 points into unknown readable memory: 0x0000000713409cc0 | c0 9c 40 13 07 00 00 00
stack at sp + 2 slots: 0x000000c3135fbba0 is pointing into the stack for thread: 0x000001fd052a35f0
stack at sp + 3 slots: 0x0 is null
stack at sp + 4 slots: 0x0 is null
stack at sp + 5 slots: 0x0000000200000007 is an unknown value
stack at sp + 6 slots: 0x000001fd002ecef0 points into unknown readable memory: 0x000001fd1860df90 | 90 df 60 18 fd 01 00 00
stack at sp + 7 slots: 0x000001fd052a9250 points into unknown readable memory: 0x8000001200000001 | 01 00 00 00 12 00 00 80


---------------  P R O C E S S  ---------------

Threads class SMR info:
_java_thread_list=0x000001fd6d320d60, length=16, elements={
0x000001fd052a35f0, 0x000001fd6d11a8a0, 0x000001fd6d11c220, 0x000001fd6d12c1d0,
0x000001fd6d126ff0, 0x000001fd6d1262d0, 0x000001fd6d127680, 0x000001fd6d1462a0,
0x000001fd6d147740, 0x000001fd6d124200, 0x000001fd6d147e10, 0x000001fd6d147070,
0x000001fd6d32bc40, 0x000001fd6d30ae30, 0x000001fd6d32cf20, 0x000001fd6d125c40
}

Java Threads: ( => current thread )
=>0x000001fd052a35f0 JavaThread "main"                              [_thread_in_native, id=25684, stack(0x000000c313500000,0x000000c313600000) (1024K)]
  0x000001fd6d11a8a0 JavaThread "Reference Handler"          daemon [_thread_blocked, id=8980, stack(0x000000c313d00000,0x000000c313e00000) (1024K)]
  0x000001fd6d11c220 JavaThread "Finalizer"                  daemon [_thread_blocked, id=8520, stack(0x000000c313e00000,0x000000c313f00000) (1024K)]
  0x000001fd6d12c1d0 JavaThread "Signal Dispatcher"          daemon [_thread_blocked, id=28684, stack(0x000000c313f00000,0x000000c314000000) (1024K)]
  0x000001fd6d126ff0 JavaThread "Attach Listener"            daemon [_thread_blocked, id=27452, stack(0x000000c314000000,0x000000c314100000) (1024K)]
  0x000001fd6d1262d0 JavaThread "Service Thread"             daemon [_thread_blocked, id=2808, stack(0x000000c314100000,0x000000c314200000) (1024K)]
  0x000001fd6d127680 JavaThread "Monitor Deflation Thread"   daemon [_thread_blocked, id=30604, stack(0x000000c314200000,0x000000c314300000) (1024K)]
  0x000001fd6d1462a0 JavaThread "JVMCI-native CompilerThread0" daemon [_thread_blocked, id=18816, stack(0x000000c314300000,0x000000c314400000) (1024K)]
  0x000001fd6d147740 JavaThread "C1 CompilerThread0"         daemon [_thread_blocked, id=25708, stack(0x000000c314400000,0x000000c314500000) (1024K)]
  0x000001fd6d124200 JavaThread "Common-Cleaner"             daemon [_thread_blocked, id=32640, stack(0x000000c314500000,0x000000c314600000) (1024K)]
  0x000001fd6d147e10 JavaThread "C1 CompilerThread1"         daemon [_thread_blocked, id=25320, stack(0x000000c314600000,0x000000c314700000) (1024K)]
  0x000001fd6d147070 JavaThread "C1 CompilerThread2"         daemon [_thread_blocked, id=25536, stack(0x000000c314700000,0x000000c314800000) (1024K)]
  0x000001fd6d32bc40 JavaThread "JDWP Transport Listener: dt_socket" daemon [_thread_blocked, id=30088, stack(0x000000c314800000,0x000000c314900000) (1024K)]
  0x000001fd6d30ae30 JavaThread "JDWP Event Helper Thread"   daemon [_thread_blocked, id=17316, stack(0x000000c314900000,0x000000c314a00000) (1024K)]
  0x000001fd6d32cf20 JavaThread "JDWP Command Reader"        daemon [_thread_in_native, id=21540, stack(0x000000c314a00000,0x000000c314b00000) (1024K)]
  0x000001fd6d125c40 JavaThread "Notification Thread"        daemon [_thread_blocked, id=10528, stack(0x000000c314b00000,0x000000c314c00000) (1024K)]
Total: 16

Other Threads:
  0x000001fd2568f470 VMThread "VM Thread"                           [id=14332, stack(0x000000c313c00000,0x000000c313d00000) (1024K)]
  0x000001fd25673c60 WatcherThread "VM Periodic Task Thread"        [id=7256, stack(0x000000c313b00000,0x000000c313c00000) (1024K)]
  0x000001fd05742f40 WorkerThread "GC Thread#0"                     [id=2528, stack(0x000000c313600000,0x000000c313700000) (1024K)]
  0x000001fd05751300 ConcurrentGCThread "G1 Main Marker"            [id=5396, stack(0x000000c313700000,0x000000c313800000) (1024K)]
  0x000001fd254e27b0 WorkerThread "G1 Conc#0"                       [id=26512, stack(0x000000c313800000,0x000000c313900000) (1024K)]
  0x000001fd255414c0 ConcurrentGCThread "G1 Refine#0"               [id=32508, stack(0x000000c313900000,0x000000c313a00000) (1024K)]
  0x000001fd25542cf0 ConcurrentGCThread "G1 Service"                [id=4088, stack(0x000000c313a00000,0x000000c313b00000) (1024K)]
Total: 7

Threads with active compile tasks:
Total: 0

VM state: not at safepoint (normal execution)

VM Mutex/Monitor currently owned by a thread: None

Heap address: 0x0000000703800000, size: 4040 MB, Compressed Oops mode: Zero based, Oop shift amount: 3

CDS archive(s) mapped at: [0x000001fd28000000-0x000001fd28c90000-0x000001fd28c90000), size 13172736, SharedBaseAddress: 0x000001fd28000000, ArchiveRelocationMode: 1.
Compressed class space mapped at: 0x000001fd29000000-0x000001fd69000000, reserved size: 1073741824
Narrow klass base: 0x000001fd28000000, Narrow klass shift: 0, Narrow klass range: 0x100000000

GC Precious Log:
 CardTable entry size: 512
 Card Set container configuration: InlinePtr #cards 4 size 8 Array Of Cards #cards 16 size 48 Howl #buckets 8 coarsen threshold 3686 Howl Bitmap #cards 512 size 80 coarsen threshold 460 Card regions per heap region 1 cards per card region 4096
 CPUs: 8 total, 8 available
 Memory: 16157M
 Large Page Support: Disabled
 NUMA Support: Disabled
 Compressed Oops: Enabled (Zero based)
 Heap Region Size: 2M
 Heap Min Capacity: 8M
 Heap Initial Capacity: 254M
 Heap Max Capacity: 4040M
 Pre-touch: Disabled
 Parallel Workers: 8
 Concurrent Workers: 2
 Concurrent Refinement Workers: 8
 Periodic GC: Disabled

Heap:
 garbage-first heap   total 260096K, used 10240K [0x0000000703800000, 0x0000000800000000)
  region size 2048K, 6 young (12288K), 0 survivors (0K)
 Metaspace       used 2836K, committed 2944K, reserved 1114112K
  class space    used 220K, committed 256K, reserved 1048576K

Heap Regions: E=young(eden), S=young(survivor), O=old, HS=humongous(starts), HC=humongous(continues), CS=collection set, F=free, TAMS=top-at-mark-start, PB=parsable bottom
|   0|0x0000000703800000, 0x0000000703800000, 0x0000000703a00000|  0%| F|  |TAMS 0x0000000703800000| PB 0x0000000703800000| Untracked 
|   1|0x0000000703a00000, 0x0000000703a00000, 0x0000000703c00000|  0%| F|  |TAMS 0x0000000703a00000| PB 0x0000000703a00000| Untracked 
|   2|0x0000000703c00000, 0x0000000703c00000, 0x0000000703e00000|  0%| F|  |TAMS 0x0000000703c00000| PB 0x0000000703c00000| Untracked 
|   3|0x0000000703e00000, 0x0000000703e00000, 0x0000000704000000|  0%| F|  |TAMS 0x0000000703e00000| PB 0x0000000703e00000| Untracked 
|   4|0x0000000704000000, 0x0000000704000000, 0x0000000704200000|  0%| F|  |TAMS 0x0000000704000000| PB 0x0000000704000000| Untracked 
|   5|0x0000000704200000, 0x0000000704200000, 0x0000000704400000|  0%| F|  |TAMS 0x0000000704200000| PB 0x0000000704200000| Untracked 
|   6|0x0000000704400000, 0x0000000704400000, 0x0000000704600000|  0%| F|  |TAMS 0x0000000704400000| PB 0x0000000704400000| Untracked 
|   7|0x0000000704600000, 0x0000000704600000, 0x0000000704800000|  0%| F|  |TAMS 0x0000000704600000| PB 0x0000000704600000| Untracked 
|   8|0x0000000704800000, 0x0000000704800000, 0x0000000704a00000|  0%| F|  |TAMS 0x0000000704800000| PB 0x0000000704800000| Untracked 
|   9|0x0000000704a00000, 0x0000000704a00000, 0x0000000704c00000|  0%| F|  |TAMS 0x0000000704a00000| PB 0x0000000704a00000| Untracked 
|  10|0x0000000704c00000, 0x0000000704c00000, 0x0000000704e00000|  0%| F|  |TAMS 0x0000000704c00000| PB 0x0000000704c00000| Untracked 
|  11|0x0000000704e00000, 0x0000000704e00000, 0x0000000705000000|  0%| F|  |TAMS 0x0000000704e00000| PB 0x0000000704e00000| Untracked 
|  12|0x0000000705000000, 0x0000000705000000, 0x0000000705200000|  0%| F|  |TAMS 0x0000000705000000| PB 0x0000000705000000| Untracked 
|  13|0x0000000705200000, 0x0000000705200000, 0x0000000705400000|  0%| F|  |TAMS 0x0000000705200000| PB 0x0000000705200000| Untracked 
|  14|0x0000000705400000, 0x0000000705400000, 0x0000000705600000|  0%| F|  |TAMS 0x0000000705400000| PB 0x0000000705400000| Untracked 
|  15|0x0000000705600000, 0x0000000705600000, 0x0000000705800000|  0%| F|  |TAMS 0x0000000705600000| PB 0x0000000705600000| Untracked 
|  16|0x0000000705800000, 0x0000000705800000, 0x0000000705a00000|  0%| F|  |TAMS 0x0000000705800000| PB 0x0000000705800000| Untracked 
|  17|0x0000000705a00000, 0x0000000705a00000, 0x0000000705c00000|  0%| F|  |TAMS 0x0000000705a00000| PB 0x0000000705a00000| Untracked 
|  18|0x0000000705c00000, 0x0000000705c00000, 0x0000000705e00000|  0%| F|  |TAMS 0x0000000705c00000| PB 0x0000000705c00000| Untracked 
|  19|0x0000000705e00000, 0x0000000705e00000, 0x0000000706000000|  0%| F|  |TAMS 0x0000000705e00000| PB 0x0000000705e00000| Untracked 
|  20|0x0000000706000000, 0x0000000706000000, 0x0000000706200000|  0%| F|  |TAMS 0x0000000706000000| PB 0x0000000706000000| Untracked 
|  21|0x0000000706200000, 0x0000000706200000, 0x0000000706400000|  0%| F|  |TAMS 0x0000000706200000| PB 0x0000000706200000| Untracked 
|  22|0x0000000706400000, 0x0000000706400000, 0x0000000706600000|  0%| F|  |TAMS 0x0000000706400000| PB 0x0000000706400000| Untracked 
|  23|0x0000000706600000, 0x0000000706600000, 0x0000000706800000|  0%| F|  |TAMS 0x0000000706600000| PB 0x0000000706600000| Untracked 
|  24|0x0000000706800000, 0x0000000706800000, 0x0000000706a00000|  0%| F|  |TAMS 0x0000000706800000| PB 0x0000000706800000| Untracked 
|  25|0x0000000706a00000, 0x0000000706a00000, 0x0000000706c00000|  0%| F|  |TAMS 0x0000000706a00000| PB 0x0000000706a00000| Untracked 
|  26|0x0000000706c00000, 0x0000000706c00000, 0x0000000706e00000|  0%| F|  |TAMS 0x0000000706c00000| PB 0x0000000706c00000| Untracked 
|  27|0x0000000706e00000, 0x0000000706e00000, 0x0000000707000000|  0%| F|  |TAMS 0x0000000706e00000| PB 0x0000000706e00000| Untracked 
|  28|0x0000000707000000, 0x0000000707000000, 0x0000000707200000|  0%| F|  |TAMS 0x0000000707000000| PB 0x0000000707000000| Untracked 
|  29|0x0000000707200000, 0x0000000707200000, 0x0000000707400000|  0%| F|  |TAMS 0x0000000707200000| PB 0x0000000707200000| Untracked 
|  30|0x0000000707400000, 0x0000000707400000, 0x0000000707600000|  0%| F|  |TAMS 0x0000000707400000| PB 0x0000000707400000| Untracked 
|  31|0x0000000707600000, 0x0000000707600000, 0x0000000707800000|  0%| F|  |TAMS 0x0000000707600000| PB 0x0000000707600000| Untracked 
|  32|0x0000000707800000, 0x0000000707800000, 0x0000000707a00000|  0%| F|  |TAMS 0x0000000707800000| PB 0x0000000707800000| Untracked 
|  33|0x0000000707a00000, 0x0000000707a00000, 0x0000000707c00000|  0%| F|  |TAMS 0x0000000707a00000| PB 0x0000000707a00000| Untracked 
|  34|0x0000000707c00000, 0x0000000707c00000, 0x0000000707e00000|  0%| F|  |TAMS 0x0000000707c00000| PB 0x0000000707c00000| Untracked 
|  35|0x0000000707e00000, 0x0000000707e00000, 0x0000000708000000|  0%| F|  |TAMS 0x0000000707e00000| PB 0x0000000707e00000| Untracked 
|  36|0x0000000708000000, 0x0000000708000000, 0x0000000708200000|  0%| F|  |TAMS 0x0000000708000000| PB 0x0000000708000000| Untracked 
|  37|0x0000000708200000, 0x0000000708200000, 0x0000000708400000|  0%| F|  |TAMS 0x0000000708200000| PB 0x0000000708200000| Untracked 
|  38|0x0000000708400000, 0x0000000708400000, 0x0000000708600000|  0%| F|  |TAMS 0x0000000708400000| PB 0x0000000708400000| Untracked 
|  39|0x0000000708600000, 0x0000000708600000, 0x0000000708800000|  0%| F|  |TAMS 0x0000000708600000| PB 0x0000000708600000| Untracked 
|  40|0x0000000708800000, 0x0000000708800000, 0x0000000708a00000|  0%| F|  |TAMS 0x0000000708800000| PB 0x0000000708800000| Untracked 
|  41|0x0000000708a00000, 0x0000000708a00000, 0x0000000708c00000|  0%| F|  |TAMS 0x0000000708a00000| PB 0x0000000708a00000| Untracked 
|  42|0x0000000708c00000, 0x0000000708c00000, 0x0000000708e00000|  0%| F|  |TAMS 0x0000000708c00000| PB 0x0000000708c00000| Untracked 
|  43|0x0000000708e00000, 0x0000000708e00000, 0x0000000709000000|  0%| F|  |TAMS 0x0000000708e00000| PB 0x0000000708e00000| Untracked 
|  44|0x0000000709000000, 0x0000000709000000, 0x0000000709200000|  0%| F|  |TAMS 0x0000000709000000| PB 0x0000000709000000| Untracked 
|  45|0x0000000709200000, 0x0000000709200000, 0x0000000709400000|  0%| F|  |TAMS 0x0000000709200000| PB 0x0000000709200000| Untracked 
|  46|0x0000000709400000, 0x0000000709400000, 0x0000000709600000|  0%| F|  |TAMS 0x0000000709400000| PB 0x0000000709400000| Untracked 
|  47|0x0000000709600000, 0x0000000709600000, 0x0000000709800000|  0%| F|  |TAMS 0x0000000709600000| PB 0x0000000709600000| Untracked 
|  48|0x0000000709800000, 0x0000000709800000, 0x0000000709a00000|  0%| F|  |TAMS 0x0000000709800000| PB 0x0000000709800000| Untracked 
|  49|0x0000000709a00000, 0x0000000709a00000, 0x0000000709c00000|  0%| F|  |TAMS 0x0000000709a00000| PB 0x0000000709a00000| Untracked 
|  50|0x0000000709c00000, 0x0000000709c00000, 0x0000000709e00000|  0%| F|  |TAMS 0x0000000709c00000| PB 0x0000000709c00000| Untracked 
|  51|0x0000000709e00000, 0x0000000709e00000, 0x000000070a000000|  0%| F|  |TAMS 0x0000000709e00000| PB 0x0000000709e00000| Untracked 
|  52|0x000000070a000000, 0x000000070a000000, 0x000000070a200000|  0%| F|  |TAMS 0x000000070a000000| PB 0x000000070a000000| Untracked 
|  53|0x000000070a200000, 0x000000070a200000, 0x000000070a400000|  0%| F|  |TAMS 0x000000070a200000| PB 0x000000070a200000| Untracked 
|  54|0x000000070a400000, 0x000000070a400000, 0x000000070a600000|  0%| F|  |TAMS 0x000000070a400000| PB 0x000000070a400000| Untracked 
|  55|0x000000070a600000, 0x000000070a600000, 0x000000070a800000|  0%| F|  |TAMS 0x000000070a600000| PB 0x000000070a600000| Untracked 
|  56|0x000000070a800000, 0x000000070a800000, 0x000000070aa00000|  0%| F|  |TAMS 0x000000070a800000| PB 0x000000070a800000| Untracked 
|  57|0x000000070aa00000, 0x000000070aa00000, 0x000000070ac00000|  0%| F|  |TAMS 0x000000070aa00000| PB 0x000000070aa00000| Untracked 
|  58|0x000000070ac00000, 0x000000070ac00000, 0x000000070ae00000|  0%| F|  |TAMS 0x000000070ac00000| PB 0x000000070ac00000| Untracked 
|  59|0x000000070ae00000, 0x000000070ae00000, 0x000000070b000000|  0%| F|  |TAMS 0x000000070ae00000| PB 0x000000070ae00000| Untracked 
|  60|0x000000070b000000, 0x000000070b000000, 0x000000070b200000|  0%| F|  |TAMS 0x000000070b000000| PB 0x000000070b000000| Untracked 
|  61|0x000000070b200000, 0x000000070b200000, 0x000000070b400000|  0%| F|  |TAMS 0x000000070b200000| PB 0x000000070b200000| Untracked 
|  62|0x000000070b400000, 0x000000070b400000, 0x000000070b600000|  0%| F|  |TAMS 0x000000070b400000| PB 0x000000070b400000| Untracked 
|  63|0x000000070b600000, 0x000000070b600000, 0x000000070b800000|  0%| F|  |TAMS 0x000000070b600000| PB 0x000000070b600000| Untracked 
|  64|0x000000070b800000, 0x000000070b800000, 0x000000070ba00000|  0%| F|  |TAMS 0x000000070b800000| PB 0x000000070b800000| Untracked 
|  65|0x000000070ba00000, 0x000000070ba00000, 0x000000070bc00000|  0%| F|  |TAMS 0x000000070ba00000| PB 0x000000070ba00000| Untracked 
|  66|0x000000070bc00000, 0x000000070bc00000, 0x000000070be00000|  0%| F|  |TAMS 0x000000070bc00000| PB 0x000000070bc00000| Untracked 
|  67|0x000000070be00000, 0x000000070be00000, 0x000000070c000000|  0%| F|  |TAMS 0x000000070be00000| PB 0x000000070be00000| Untracked 
|  68|0x000000070c000000, 0x000000070c000000, 0x000000070c200000|  0%| F|  |TAMS 0x000000070c000000| PB 0x000000070c000000| Untracked 
|  69|0x000000070c200000, 0x000000070c200000, 0x000000070c400000|  0%| F|  |TAMS 0x000000070c200000| PB 0x000000070c200000| Untracked 
|  70|0x000000070c400000, 0x000000070c400000, 0x000000070c600000|  0%| F|  |TAMS 0x000000070c400000| PB 0x000000070c400000| Untracked 
|  71|0x000000070c600000, 0x000000070c600000, 0x000000070c800000|  0%| F|  |TAMS 0x000000070c600000| PB 0x000000070c600000| Untracked 
|  72|0x000000070c800000, 0x000000070c800000, 0x000000070ca00000|  0%| F|  |TAMS 0x000000070c800000| PB 0x000000070c800000| Untracked 
|  73|0x000000070ca00000, 0x000000070ca00000, 0x000000070cc00000|  0%| F|  |TAMS 0x000000070ca00000| PB 0x000000070ca00000| Untracked 
|  74|0x000000070cc00000, 0x000000070cc00000, 0x000000070ce00000|  0%| F|  |TAMS 0x000000070cc00000| PB 0x000000070cc00000| Untracked 
|  75|0x000000070ce00000, 0x000000070ce00000, 0x000000070d000000|  0%| F|  |TAMS 0x000000070ce00000| PB 0x000000070ce00000| Untracked 
|  76|0x000000070d000000, 0x000000070d000000, 0x000000070d200000|  0%| F|  |TAMS 0x000000070d000000| PB 0x000000070d000000| Untracked 
|  77|0x000000070d200000, 0x000000070d200000, 0x000000070d400000|  0%| F|  |TAMS 0x000000070d200000| PB 0x000000070d200000| Untracked 
|  78|0x000000070d400000, 0x000000070d400000, 0x000000070d600000|  0%| F|  |TAMS 0x000000070d400000| PB 0x000000070d400000| Untracked 
|  79|0x000000070d600000, 0x000000070d600000, 0x000000070d800000|  0%| F|  |TAMS 0x000000070d600000| PB 0x000000070d600000| Untracked 
|  80|0x000000070d800000, 0x000000070d800000, 0x000000070da00000|  0%| F|  |TAMS 0x000000070d800000| PB 0x000000070d800000| Untracked 
|  81|0x000000070da00000, 0x000000070da00000, 0x000000070dc00000|  0%| F|  |TAMS 0x000000070da00000| PB 0x000000070da00000| Untracked 
|  82|0x000000070dc00000, 0x000000070dc00000, 0x000000070de00000|  0%| F|  |TAMS 0x000000070dc00000| PB 0x000000070dc00000| Untracked 
|  83|0x000000070de00000, 0x000000070de00000, 0x000000070e000000|  0%| F|  |TAMS 0x000000070de00000| PB 0x000000070de00000| Untracked 
|  84|0x000000070e000000, 0x000000070e000000, 0x000000070e200000|  0%| F|  |TAMS 0x000000070e000000| PB 0x000000070e000000| Untracked 
|  85|0x000000070e200000, 0x000000070e200000, 0x000000070e400000|  0%| F|  |TAMS 0x000000070e200000| PB 0x000000070e200000| Untracked 
|  86|0x000000070e400000, 0x000000070e400000, 0x000000070e600000|  0%| F|  |TAMS 0x000000070e400000| PB 0x000000070e400000| Untracked 
|  87|0x000000070e600000, 0x000000070e600000, 0x000000070e800000|  0%| F|  |TAMS 0x000000070e600000| PB 0x000000070e600000| Untracked 
|  88|0x000000070e800000, 0x000000070e800000, 0x000000070ea00000|  0%| F|  |TAMS 0x000000070e800000| PB 0x000000070e800000| Untracked 
|  89|0x000000070ea00000, 0x000000070ea00000, 0x000000070ec00000|  0%| F|  |TAMS 0x000000070ea00000| PB 0x000000070ea00000| Untracked 
|  90|0x000000070ec00000, 0x000000070ec00000, 0x000000070ee00000|  0%| F|  |TAMS 0x000000070ec00000| PB 0x000000070ec00000| Untracked 
|  91|0x000000070ee00000, 0x000000070ee00000, 0x000000070f000000|  0%| F|  |TAMS 0x000000070ee00000| PB 0x000000070ee00000| Untracked 
|  92|0x000000070f000000, 0x000000070f000000, 0x000000070f200000|  0%| F|  |TAMS 0x000000070f000000| PB 0x000000070f000000| Untracked 
|  93|0x000000070f200000, 0x000000070f200000, 0x000000070f400000|  0%| F|  |TAMS 0x000000070f200000| PB 0x000000070f200000| Untracked 
|  94|0x000000070f400000, 0x000000070f400000, 0x000000070f600000|  0%| F|  |TAMS 0x000000070f400000| PB 0x000000070f400000| Untracked 
|  95|0x000000070f600000, 0x000000070f600000, 0x000000070f800000|  0%| F|  |TAMS 0x000000070f600000| PB 0x000000070f600000| Untracked 
|  96|0x000000070f800000, 0x000000070f800000, 0x000000070fa00000|  0%| F|  |TAMS 0x000000070f800000| PB 0x000000070f800000| Untracked 
|  97|0x000000070fa00000, 0x000000070fa00000, 0x000000070fc00000|  0%| F|  |TAMS 0x000000070fa00000| PB 0x000000070fa00000| Untracked 
|  98|0x000000070fc00000, 0x000000070fc00000, 0x000000070fe00000|  0%| F|  |TAMS 0x000000070fc00000| PB 0x000000070fc00000| Untracked 
|  99|0x000000070fe00000, 0x000000070fe00000, 0x0000000710000000|  0%| F|  |TAMS 0x000000070fe00000| PB 0x000000070fe00000| Untracked 
| 100|0x0000000710000000, 0x0000000710000000, 0x0000000710200000|  0%| F|  |TAMS 0x0000000710000000| PB 0x0000000710000000| Untracked 
| 101|0x0000000710200000, 0x0000000710200000, 0x0000000710400000|  0%| F|  |TAMS 0x0000000710200000| PB 0x0000000710200000| Untracked 
| 102|0x0000000710400000, 0x0000000710400000, 0x0000000710600000|  0%| F|  |TAMS 0x0000000710400000| PB 0x0000000710400000| Untracked 
| 103|0x0000000710600000, 0x0000000710600000, 0x0000000710800000|  0%| F|  |TAMS 0x0000000710600000| PB 0x0000000710600000| Untracked 
| 104|0x0000000710800000, 0x0000000710800000, 0x0000000710a00000|  0%| F|  |TAMS 0x0000000710800000| PB 0x0000000710800000| Untracked 
| 105|0x0000000710a00000, 0x0000000710a00000, 0x0000000710c00000|  0%| F|  |TAMS 0x0000000710a00000| PB 0x0000000710a00000| Untracked 
| 106|0x0000000710c00000, 0x0000000710c00000, 0x0000000710e00000|  0%| F|  |TAMS 0x0000000710c00000| PB 0x0000000710c00000| Untracked 
| 107|0x0000000710e00000, 0x0000000710e00000, 0x0000000711000000|  0%| F|  |TAMS 0x0000000710e00000| PB 0x0000000710e00000| Untracked 
| 108|0x0000000711000000, 0x0000000711000000, 0x0000000711200000|  0%| F|  |TAMS 0x0000000711000000| PB 0x0000000711000000| Untracked 
| 109|0x0000000711200000, 0x0000000711200000, 0x0000000711400000|  0%| F|  |TAMS 0x0000000711200000| PB 0x0000000711200000| Untracked 
| 110|0x0000000711400000, 0x0000000711400000, 0x0000000711600000|  0%| F|  |TAMS 0x0000000711400000| PB 0x0000000711400000| Untracked 
| 111|0x0000000711600000, 0x0000000711600000, 0x0000000711800000|  0%| F|  |TAMS 0x0000000711600000| PB 0x0000000711600000| Untracked 
| 112|0x0000000711800000, 0x0000000711800000, 0x0000000711a00000|  0%| F|  |TAMS 0x0000000711800000| PB 0x0000000711800000| Untracked 
| 113|0x0000000711a00000, 0x0000000711a00000, 0x0000000711c00000|  0%| F|  |TAMS 0x0000000711a00000| PB 0x0000000711a00000| Untracked 
| 114|0x0000000711c00000, 0x0000000711c00000, 0x0000000711e00000|  0%| F|  |TAMS 0x0000000711c00000| PB 0x0000000711c00000| Untracked 
| 115|0x0000000711e00000, 0x0000000711e00000, 0x0000000712000000|  0%| F|  |TAMS 0x0000000711e00000| PB 0x0000000711e00000| Untracked 
| 116|0x0000000712000000, 0x0000000712000000, 0x0000000712200000|  0%| F|  |TAMS 0x0000000712000000| PB 0x0000000712000000| Untracked 
| 117|0x0000000712200000, 0x0000000712200000, 0x0000000712400000|  0%| F|  |TAMS 0x0000000712200000| PB 0x0000000712200000| Untracked 
| 118|0x0000000712400000, 0x0000000712400000, 0x0000000712600000|  0%| F|  |TAMS 0x0000000712400000| PB 0x0000000712400000| Untracked 
| 119|0x0000000712600000, 0x0000000712600000, 0x0000000712800000|  0%| F|  |TAMS 0x0000000712600000| PB 0x0000000712600000| Untracked 
| 120|0x0000000712800000, 0x0000000712800000, 0x0000000712a00000|  0%| F|  |TAMS 0x0000000712800000| PB 0x0000000712800000| Untracked 
| 121|0x0000000712a00000, 0x0000000712b54ed0, 0x0000000712c00000| 66%| E|  |TAMS 0x0000000712a00000| PB 0x0000000712a00000| Complete 
| 122|0x0000000712c00000, 0x0000000712e00000, 0x0000000712e00000|100%| E|CS|TAMS 0x0000000712c00000| PB 0x0000000712c00000| Complete 
| 123|0x0000000712e00000, 0x0000000713000000, 0x0000000713000000|100%| E|CS|TAMS 0x0000000712e00000| PB 0x0000000712e00000| Complete 
| 124|0x0000000713000000, 0x0000000713200000, 0x0000000713200000|100%| E|CS|TAMS 0x0000000713000000| PB 0x0000000713000000| Complete 
| 125|0x0000000713200000, 0x0000000713400000, 0x0000000713400000|100%| E|CS|TAMS 0x0000000713200000| PB 0x0000000713200000| Complete 
| 126|0x0000000713400000, 0x0000000713600000, 0x0000000713600000|100%| E|CS|TAMS 0x0000000713400000| PB 0x0000000713400000| Complete 

Card table byte_map: [0x000001fd20d00000,0x000001fd214f0000] _byte_map_base: 0x000001fd1d4e4000

Marking Bits: (CMBitMap*) 0x000001fd05743e50
 Bits: [0x000001fd214f0000, 0x000001fd25410000)

Polling page: 0x000001fd053d0000

Metaspace:

Usage:
  Non-class:      2.55 MB used.
      Class:    220.85 KB used.
       Both:      2.77 MB used.

Virtual space:
  Non-class space:       64.00 MB reserved,       2.62 MB (  4%) committed,  1 nodes.
      Class space:        1.00 GB reserved,     256.00 KB ( <1%) committed,  1 nodes.
             Both:        1.06 GB reserved,       2.88 MB ( <1%) committed. 

Chunk freelists:
   Non-Class:  11.12 MB
       Class:  15.63 MB
        Both:  26.75 MB

MaxMetaspaceSize: unlimited
CompressedClassSpaceSize: 1.00 GB
Initial GC threshold: 21.00 MB
Current GC threshold: 21.00 MB
CDS: on
 - commit_granule_bytes: 65536.
 - commit_granule_words: 8192.
 - virtual_space_node_default_size: 8388608.
 - enlarge_chunks_in_place: 1.
 - use_allocation_guard: 0.


Internal statistics:

num_allocs_failed_limit: 0.
num_arena_births: 68.
num_arena_deaths: 0.
num_vsnodes_births: 2.
num_vsnodes_deaths: 0.
num_space_committed: 46.
num_space_uncommitted: 0.
num_chunks_returned_to_freelist: 0.
num_chunks_taken_from_freelist: 131.
num_chunk_merges: 0.
num_chunk_splits: 82.
num_chunks_enlarged: 50.
num_inconsistent_stats: 0.

CodeHeap 'non-profiled nmethods': size=119488Kb used=187Kb max_used=187Kb free=119300Kb
 bounds [0x000001fd185f0000, 0x000001fd18860000, 0x000001fd1faa0000]
CodeHeap 'profiled nmethods': size=119424Kb used=1281Kb max_used=1281Kb free=118142Kb
 bounds [0x000001fd10aa0000, 0x000001fd10d10000, 0x000001fd17f40000]
CodeHeap 'non-nmethods': size=6848Kb used=2579Kb max_used=2581Kb free=4268Kb
 bounds [0x000001fd17f40000, 0x000001fd181d0000, 0x000001fd185f0000]
 total_blobs=1249 nmethods=790 adapters=374
 compilation: enabled
              stopped_count=0, restarted_count=0
 full_count=0

JVMCI Events (15 events):
Event: 0.059 Thread 0x000001fd052a35f0 created new Java JVMCI runtime -1 (0x000001fd056ed880)
Event: 0.309 Thread 0x000001fd6d1462a0 created new CompileBroker JVMCI runtime 0 (0x000001fd6d2d2790)
Event: 0.309 Thread 0x000001fd6d1462a0 attached to JVMCI runtime 0
Event: 0.316 Thread 0x000001fd6d1462a0 loaded JVMCI shared library from C:\Users\vostro\.jdks\graalvm-jdk-21.0.4\bin\jvmcicompiler.dll
Event: 0.327 Thread 0x000001fd6d1462a0 created JavaVM[1]@0x000001fd6df5d0b0 for JVMCI runtime 0
Event: 0.427 Thread 0x000001fd6d1462a0 initializing JVMCI runtime 0
Event: 0.427 Thread 0x000001fd6d1462a0 initializing JavaVM references in JVMCI runtime 0
Event: 0.427 Thread 0x000001fd6d1462a0 initialized JavaVM references in JVMCI runtime 0
Event: 0.595 Thread 0x000001fd6d1462a0 initialized JVMCI runtime 0
Event: 0.661 Thread 0x000001fd6d1462a0 compacted oop handles in JVMCI runtime 0 from 59 to 57
Event: 0.728 Thread 0x000001fd6d1462a0 compacted oop handles in JVMCI runtime 0 from 74 to 73
Event: 0.733 Thread 0x000001fd6d1462a0 compacted oop handles in JVMCI runtime 0 from 79 to 78
Event: 0.748 Thread 0x000001fd6d1462a0 compacted oop handles in JVMCI runtime 0 from 79 to 78
Event: 0.748 Thread 0x000001fd6d1462a0 compacted oop handles in JVMCI runtime 0 from 79 to 46
Event: 0.771 Thread 0x000001fd6d1462a0 compacted oop handles in JVMCI runtime 0 from 51 to 48

Compilation events (20 events):
Event: 0.844 Thread 0x000001fd6d147e10  783       3       jdk.internal.loader.URLClassPath::getResource (74 bytes)
Event: 0.845 Thread 0x000001fd6d147e10 nmethod 783 0x000001fd10bdf090 code [0x000001fd10bdf260, 0x000001fd10bdf710]
Event: 0.845 Thread 0x000001fd6d1462a0 nmethod 779 0x000001fd1861c210 code [0x000001fd1861c480, 0x000001fd1861c8b0]
Event: 0.845 Thread 0x000001fd6d1462a0  778       4       java.lang.String::length (11 bytes)
Event: 0.846 Thread 0x000001fd6d147070  784       3       java.util.zip.ZipUtils::LG (22 bytes)
Event: 0.846 Thread 0x000001fd6d147070 nmethod 784 0x000001fd10bdf890 code [0x000001fd10bdfa40, 0x000001fd10bdfcb0]
Event: 0.847 Thread 0x000001fd6d1462a0 nmethod 778 0x000001fd1861ca90 code [0x000001fd1861cc00, 0x000001fd1861ccc0]
Event: 0.847 Thread 0x000001fd6d1462a0  743       4       java.lang.AbstractStringBuilder::append (45 bytes)
Event: 0.852 Thread 0x000001fd6d147e10  787       1       java.nio.HeapByteBuffer::isReadOnly (2 bytes)
Event: 0.852 Thread 0x000001fd6d147e10 nmethod 787 0x000001fd1861cd90 code [0x000001fd1861cf20, 0x000001fd1861cfe8]
Event: 0.858 Thread 0x000001fd6d147e10  788       3       java.nio.Buffer::limit (65 bytes)
Event: 0.858 Thread 0x000001fd6d147e10 nmethod 788 0x000001fd10bdfe10 code [0x000001fd10bdffc0, 0x000001fd10be0290]
Event: 0.860 Thread 0x000001fd6d1462a0 nmethod 743 0x000001fd1861d090 code [0x000001fd1861d220, 0x000001fd1861dae8]
Event: 0.860 Thread 0x000001fd6d1462a0  786       4       java.lang.CharacterDataLatin1::toLowerCase (44 bytes)
Event: 0.861 Thread 0x000001fd6d147e10  789       3       java.lang.String::<init> (10 bytes)
Event: 0.861 Thread 0x000001fd6d1462a0 nmethod 786 0x000001fd1861dd90 code [0x000001fd1861df00, 0x000001fd1861e038]
Event: 0.861 Thread 0x000001fd6d1462a0  785       4       java.util.zip.ZipFile::ensureOpen (40 bytes)
Event: 0.861 Thread 0x000001fd6d147e10 nmethod 789 0x000001fd10be0390 code [0x000001fd10be0540, 0x000001fd10be06b0]
Event: 0.863 Thread 0x000001fd6d1462a0 nmethod 785 0x000001fd1861e110 code [0x000001fd1861e280, 0x000001fd1861e390]
Event: 0.863 Thread 0x000001fd6d1462a0  790       4       java.lang.StringLatin1::inflate (34 bytes)

GC Heap History (0 events):
No events

Dll operation events (10 events):
Event: 0.021 Loaded shared library C:\Users\vostro\.jdks\graalvm-jdk-21.0.4\bin\java.dll
Event: 0.088 Loaded shared library C:\Users\vostro\.jdks\graalvm-jdk-21.0.4\bin\jsvml.dll
Event: 0.316 Loaded shared library C:\Users\vostro\.jdks\graalvm-jdk-21.0.4\bin\jvmcicompiler.dll
Event: 0.453 Loaded shared library C:\Users\vostro\.jdks\graalvm-jdk-21.0.4\bin\zip.dll
Event: 0.456 Loaded shared library C:\Users\vostro\.jdks\graalvm-jdk-21.0.4\bin\net.dll
Event: 0.458 Loaded shared library C:\Users\vostro\.jdks\graalvm-jdk-21.0.4\bin\nio.dll
Event: 0.465 Loaded shared library C:\Users\vostro\.jdks\graalvm-jdk-21.0.4\bin\jimage.dll
Event: 0.600 Loaded shared library C:\Users\vostro\.jdks\graalvm-jdk-21.0.4\bin\verify.dll
Event: 0.669 Loaded shared library C:\Users\vostro\AppData\Local\Temp\libgdxvostro\e787ab0a\gdx64.dll
Event: 0.806 Loaded shared library C:\Users\vostro\AppData\Local\Temp\lwjglvostro\3.3.1-build-7\lwjgl.dll

Deoptimization events (14 events):
Event: 0.477 Thread 0x000001fd052a35f0 DEOPT PACKING pc=0x000001fd10b0ed64 sp=0x000000c3135fa640
Event: 0.477 Thread 0x000001fd052a35f0 DEOPT UNPACKING pc=0x000001fd17f94c43 sp=0x000000c3135f9ab0 mode 0
Event: 0.558 Thread 0x000001fd6d1462a0 DEOPT PACKING pc=0x000001fd10b380d1 sp=0x000000c3143fbd90
Event: 0.558 Thread 0x000001fd6d1462a0 DEOPT UNPACKING pc=0x000001fd17f94c43 sp=0x000000c3143fb370 mode 0
Event: 0.591 Thread 0x000001fd052a35f0 DEOPT PACKING pc=0x000001fd10b22d96 sp=0x000000c3135fb140
Event: 0.591 Thread 0x000001fd052a35f0 DEOPT UNPACKING pc=0x000001fd17f94c43 sp=0x000000c3135fa5b8 mode 0
Event: 0.673 Thread 0x000001fd052a35f0 DEOPT PACKING pc=0x000001fd10b23903 sp=0x000000c3135fadb0
Event: 0.674 Thread 0x000001fd052a35f0 DEOPT UNPACKING pc=0x000001fd17f94c43 sp=0x000000c3135fa280 mode 0
Event: 0.709 Thread 0x000001fd052a35f0 DEOPT PACKING pc=0x000001fd10ab2ff3 sp=0x000000c3135f79f0
Event: 0.709 Thread 0x000001fd052a35f0 DEOPT UNPACKING pc=0x000001fd17f94c43 sp=0x000000c3135f6e10 mode 0
Event: 0.750 Thread 0x000001fd052a35f0 DEOPT PACKING pc=0x000001fd10ab11d4 sp=0x000000c3135fbd00
Event: 0.750 Thread 0x000001fd052a35f0 DEOPT UNPACKING pc=0x000001fd17f94c43 sp=0x000000c3135fb168 mode 0
Event: 0.861 Thread 0x000001fd052a35f0 DEOPT PACKING pc=0x000001fd10b04fc9 sp=0x000000c3135fb200
Event: 0.861 Thread 0x000001fd052a35f0 DEOPT UNPACKING pc=0x000001fd17f94c43 sp=0x000000c3135fa678 mode 0

Classes loaded (20 events):
Event: 0.810 Loading class java/nio/DirectShortBufferU
Event: 0.810 Loading class java/nio/DirectShortBufferU done
Event: 0.811 Loading class java/nio/DirectCharBufferU
Event: 0.811 Loading class java/nio/DirectCharBufferU done
Event: 0.811 Loading class java/nio/DirectFloatBufferU
Event: 0.811 Loading class java/nio/DirectFloatBufferU done
Event: 0.812 Loading class java/nio/DirectDoubleBufferU
Event: 0.812 Loading class java/nio/DirectDoubleBufferU done
Event: 0.812 Loading class sun/misc/Unsafe
Event: 0.812 Loading class sun/misc/Unsafe done
Event: 0.813 Loading class java/lang/invoke/DirectMethodHandle$StaticAccessor
Event: 0.813 Loading class java/lang/invoke/DirectMethodHandle$StaticAccessor done
Event: 0.818 Loading class java/util/function/LongPredicate
Event: 0.818 Loading class java/util/function/LongPredicate done
Event: 0.821 Loading class java/lang/foreign/MemorySegment
Event: 0.821 Loading class java/lang/foreign/MemorySegment done
Event: 0.830 Loading class java/nio/InvalidMarkException
Event: 0.830 Loading class java/nio/InvalidMarkException done
Event: 0.830 Loading class java/nio/BufferUnderflowException
Event: 0.830 Loading class java/nio/BufferUnderflowException done

Classes unloaded (0 events):
No events

Classes redefined (0 events):
No events

Internal exceptions (18 events):
Event: 0.586 Thread 0x000001fd6d1462a0 Exception <a 'java/lang/NoSuchMethodError'{0x0000000712f4f658}: 'java.lang.Object java.lang.invoke.Invokers$Holder.invokeExact_MT(java.lang.Object, java.lang.Object, java.lang.Object, java.lang.Object, java.lang.Object, java.lang.Object)'> (0x0000000712f4f658) 
thrown [s\open\src\hotspot\share\interpreter\linkResolver.cpp, line 773]
Event: 0.719 Thread 0x000001fd052a35f0 Exception <a 'java/lang/NoSuchMethodError'{0x0000000712d8c7e8}: 'void java.lang.invoke.DirectMethodHandle$Holder.invokeStatic(java.lang.Object, java.lang.Object)'> (0x0000000712d8c7e8) 
thrown [s\open\src\hotspot\share\interpreter\linkResolver.cpp, line 773]
Event: 0.720 Thread 0x000001fd052a35f0 Exception <a 'java/lang/NoSuchMethodError'{0x0000000712d91438}: 'void java.lang.System.load(java.lang.String, java.lang.Class)'> (0x0000000712d91438) 
thrown [s\open\src\hotspot\share\interpreter\linkResolver.cpp, line 773]
Event: 0.721 Thread 0x000001fd052a35f0 Exception <a 'java/lang/NoSuchMethodError'{0x0000000712d91e90}: 'void java.lang.invoke.DirectMethodHandle$Holder.invokeSpecial(java.lang.Object, java.lang.Object, java.lang.Object)'> (0x0000000712d91e90) 
thrown [s\open\src\hotspot\share\interpreter\linkResolver.cpp, line 773]
Event: 0.727 Thread 0x000001fd052a35f0 Exception <a 'java/lang/NoSuchMethodError'{0x0000000712da29a8}: 'java.lang.Object java.lang.invoke.DirectMethodHandle$Holder.invokeStatic(java.lang.Object, java.lang.Object, int)'> (0x0000000712da29a8) 
thrown [s\open\src\hotspot\share\interpreter\linkResolver.cpp, line 773]
Event: 0.730 Thread 0x000001fd052a35f0 Exception <a 'java/lang/NoSuchMethodError'{0x0000000712dadfa0}: 'void java.lang.invoke.DelegatingMethodHandle$Holder.delegate(java.lang.Object, java.lang.Object, int, java.lang.Object)'> (0x0000000712dadfa0) 
thrown [s\open\src\hotspot\share\interpreter\linkResolver.cpp, line 773]
Event: 0.731 Thread 0x000001fd052a35f0 Exception <a 'java/lang/NoSuchMethodError'{0x0000000712db1c80}: 'int java.lang.invoke.DirectMethodHandle$Holder.invokeSpecial(java.lang.Object, java.lang.Object, java.lang.Object)'> (0x0000000712db1c80) 
thrown [s\open\src\hotspot\share\interpreter\linkResolver.cpp, line 773]
Event: 0.741 Thread 0x000001fd052a35f0 Exception <a 'java/lang/NoSuchMethodError'{0x0000000712dcbdd8}: 'void java.lang.System.loadLibrary(java.lang.String, java.lang.Class)'> (0x0000000712dcbdd8) 
thrown [s\open\src\hotspot\share\interpreter\linkResolver.cpp, line 773]
Event: 0.788 Thread 0x000001fd052a35f0 Exception <a 'sun/nio/fs/WindowsException'{0x0000000712a24538}> (0x0000000712a24538) 
thrown [s\open\src\hotspot\share\prims\jni.cpp, line 520]
Event: 0.803 Thread 0x000001fd052a35f0 Exception <a 'sun/nio/fs/WindowsException'{0x0000000712a24a78}> (0x0000000712a24a78) 
thrown [s\open\src\hotspot\share\prims\jni.cpp, line 520]
Event: 0.819 Thread 0x000001fd052a35f0 Exception <a 'java/lang/NoSuchMethodError'{0x0000000712a5a760}: 'int java.lang.invoke.DirectMethodHandle$Holder.invokeStaticInit(java.lang.Object, java.lang.Object, int, long)'> (0x0000000712a5a760) 
thrown [s\open\src\hotspot\share\interpreter\linkResolver.cpp, line 773]
Event: 0.820 Thread 0x000001fd052a35f0 Exception <a 'java/lang/NoSuchMethodError'{0x0000000712a5f788}: 'java.lang.Object java.lang.invoke.DirectMethodHandle$Holder.newInvokeSpecial(java.lang.Object, java.lang.Object, int)'> (0x0000000712a5f788) 
thrown [s\open\src\hotspot\share\interpreter\linkResolver.cpp, line 773]
Event: 0.824 Thread 0x000001fd052a35f0 Exception <a 'java/lang/NoSuchMethodError'{0x0000000712a70f50}: 'int java.lang.invoke.DirectMethodHandle$Holder.invokeStaticInit(java.lang.Object, java.lang.Object, long, long)'> (0x0000000712a70f50) 
thrown [s\open\src\hotspot\share\interpreter\linkResolver.cpp, line 773]
Event: 0.826 Thread 0x000001fd052a35f0 Exception <a 'java/lang/NoSuchMethodError'{0x0000000712a76a18}: 'java.lang.Object java.lang.invoke.DirectMethodHandle$Holder.newInvokeSpecial(java.lang.Object, java.lang.Object, long)'> (0x0000000712a76a18) 
thrown [s\open\src\hotspot\share\interpreter\linkResolver.cpp, line 773]
Event: 0.826 Thread 0x000001fd052a35f0 Exception <a 'java/lang/NoSuchMethodError'{0x0000000712a7a7d0}: 'java.lang.Object java.lang.invoke.Invokers$Holder.linkToTargetMethod(java.lang.Object, long, java.lang.Object)'> (0x0000000712a7a7d0) 
thrown [s\open\src\hotspot\share\interpreter\linkResolver.cpp, line 773]
Event: 0.828 Thread 0x000001fd052a35f0 Exception <a 'java/lang/NoSuchMethodError'{0x0000000712a81910}: 'int java.lang.invoke.DirectMethodHandle$Holder.invokeStaticInit(java.lang.Object, java.lang.Object, java.lang.Object, long)'> (0x0000000712a81910) 
thrown [s\open\src\hotspot\share\interpreter\linkResolver.cpp, line 773]
Event: 0.853 Thread 0x000001fd052a35f0 Exception <a 'sun/nio/fs/WindowsException'{0x0000000712b0a498}> (0x0000000712b0a498) 
thrown [s\open\src\hotspot\share\prims\jni.cpp, line 520]
Event: 0.853 Thread 0x000001fd052a35f0 Exception <a 'sun/nio/fs/WindowsException'{0x0000000712b0a840}> (0x0000000712b0a840) 
thrown [s\open\src\hotspot\share\prims\jni.cpp, line 520]

ZGC Phase Switch (0 events):
No events

VM Operations (10 events):
Event: 0.249 Executing VM operation: HandshakeAllThreads (Deoptimize)
Event: 0.249 Executing VM operation: HandshakeAllThreads (Deoptimize) done
Event: 0.460 Executing VM operation: HandshakeAllThreads (Deoptimize)
Event: 0.460 Executing VM operation: HandshakeAllThreads (Deoptimize) done
Event: 0.482 Executing VM operation: HandshakeAllThreads (Deoptimize)
Event: 0.482 Executing VM operation: HandshakeAllThreads (Deoptimize) done
Event: 0.663 Executing VM operation: HandshakeAllThreads (Deoptimize)
Event: 0.663 Executing VM operation: HandshakeAllThreads (Deoptimize) done
Event: 0.726 Executing VM operation: HandshakeAllThreads (Deoptimize)
Event: 0.726 Executing VM operation: HandshakeAllThreads (Deoptimize) done

Events (16 events):
Event: 0.054 Thread 0x000001fd052a35f0 Thread added: 0x000001fd052a35f0
Event: 0.083 Thread 0x000001fd6d11a8a0 Thread added: 0x000001fd6d11a8a0
Event: 0.083 Thread 0x000001fd6d11c220 Thread added: 0x000001fd6d11c220
Event: 0.084 Thread 0x000001fd6d12c1d0 Thread added: 0x000001fd6d12c1d0
Event: 0.084 Thread 0x000001fd6d126ff0 Thread added: 0x000001fd6d126ff0
Event: 0.084 Thread 0x000001fd6d1262d0 Thread added: 0x000001fd6d1262d0
Event: 0.084 Thread 0x000001fd6d127680 Thread added: 0x000001fd6d127680
Event: 0.084 Thread 0x000001fd6d1462a0 Thread added: 0x000001fd6d1462a0
Event: 0.085 Thread 0x000001fd6d147740 Thread added: 0x000001fd6d147740
Event: 0.234 Thread 0x000001fd6d124200 Thread added: 0x000001fd6d124200
Event: 0.248 Thread 0x000001fd6d147e10 Thread added: 0x000001fd6d147e10
Event: 0.249 Thread 0x000001fd6d147070 Thread added: 0x000001fd6d147070
Event: 0.321 Thread 0x000001fd6d32bc40 Thread added: 0x000001fd6d32bc40
Event: 0.321 Thread 0x000001fd6d30ae30 Thread added: 0x000001fd6d30ae30
Event: 0.329 Thread 0x000001fd6d32cf20 Thread added: 0x000001fd6d32cf20
Event: 0.427 Thread 0x000001fd6d125c40 Thread added: 0x000001fd6d125c40


Dynamic libraries:
0x00007ff628730000 - 0x00007ff628740000 	C:\Users\vostro\.jdks\graalvm-jdk-21.0.4\bin\java.exe
0x00007ffa5ed20000 - 0x00007ffa5ef89000 	C:\WINDOWS\SYSTEM32\ntdll.dll
0x00007ffa5e170000 - 0x00007ffa5e239000 	C:\WINDOWS\System32\KERNEL32.DLL
0x00007ffa5beb0000 - 0x00007ffa5c2a3000 	C:\WINDOWS\System32\KERNELBASE.dll
0x00007ffa5c580000 - 0x00007ffa5c6cb000 	C:\WINDOWS\System32\ucrtbase.dll
0x00007ffa58840000 - 0x00007ffa58859000 	C:\Users\vostro\.jdks\graalvm-jdk-21.0.4\bin\jli.dll
0x00007ffa4c0b0000 - 0x00007ffa4c0cb000 	C:\Users\vostro\.jdks\graalvm-jdk-21.0.4\bin\VCRUNTIME140.dll
0x00007ffa5e2f0000 - 0x00007ffa5e3a4000 	C:\WINDOWS\System32\ADVAPI32.dll
0x00007ffa5d260000 - 0x00007ffa5d309000 	C:\WINDOWS\System32\msvcrt.dll
0x00007ffa5d310000 - 0x00007ffa5d3b6000 	C:\WINDOWS\System32\sechost.dll
0x00007ffa5ea60000 - 0x00007ffa5eb78000 	C:\WINDOWS\System32\RPCRT4.dll
0x00007ffa5e790000 - 0x00007ffa5e954000 	C:\WINDOWS\System32\USER32.dll
0x00007ffa5c2b0000 - 0x00007ffa5c2d7000 	C:\WINDOWS\System32\win32u.dll
0x00007ffa41d00000 - 0x00007ffa41f93000 	C:\WINDOWS\WinSxS\amd64_microsoft.windows.common-controls_6595b64144ccf1df_6.0.26100.5074_none_3e0d6f78e32fd63f\COMCTL32.dll
0x00007ffa5e2c0000 - 0x00007ffa5e2eb000 	C:\WINDOWS\System32\GDI32.dll
0x00007ffa5c390000 - 0x00007ffa5c4bd000 	C:\WINDOWS\System32\gdi32full.dll
0x00007ffa5c2e0000 - 0x00007ffa5c383000 	C:\WINDOWS\System32\msvcp_win.dll
0x00007ffa4e610000 - 0x00007ffa4e61b000 	C:\WINDOWS\SYSTEM32\VERSION.dll
0x00007ffa5d450000 - 0x00007ffa5d47f000 	C:\WINDOWS\System32\IMM32.DLL
0x00007ffa541c0000 - 0x00007ffa541cc000 	C:\Users\vostro\.jdks\graalvm-jdk-21.0.4\bin\vcruntime140_1.dll
0x00007ffa38670000 - 0x00007ffa386fe000 	C:\Users\vostro\.jdks\graalvm-jdk-21.0.4\bin\msvcp140.dll
0x00007ff99e360000 - 0x00007ff99f07c000 	C:\Users\vostro\.jdks\graalvm-jdk-21.0.4\bin\server\jvm.dll
0x00007ffa5e6e0000 - 0x00007ffa5e754000 	C:\WINDOWS\System32\WS2_32.dll
0x00007ffa5bc60000 - 0x00007ffa5bcbe000 	C:\WINDOWS\SYSTEM32\POWRPROF.dll
0x00007ffa44180000 - 0x00007ffa441b5000 	C:\WINDOWS\SYSTEM32\WINMM.dll
0x00007ffa5bb60000 - 0x00007ffa5bb74000 	C:\WINDOWS\SYSTEM32\UMPDC.dll
0x00007ffa5ac90000 - 0x00007ffa5acab000 	C:\WINDOWS\SYSTEM32\kernel.appcore.dll
0x00007ffa4c0a0000 - 0x00007ffa4c0aa000 	C:\Users\vostro\.jdks\graalvm-jdk-21.0.4\bin\jimage.dll
0x00007ffa59680000 - 0x00007ffa598c2000 	C:\WINDOWS\SYSTEM32\DBGHELP.DLL
0x00007ffa5ddf0000 - 0x00007ffa5e16b000 	C:\WINDOWS\System32\combase.dll
0x00007ffa5d930000 - 0x00007ffa5da07000 	C:\WINDOWS\System32\OLEAUT32.dll
0x00007ffa3b590000 - 0x00007ffa3b5cd000 	C:\WINDOWS\SYSTEM32\dbgcore.DLL
0x00007ffa5c840000 - 0x00007ffa5c8d9000 	C:\WINDOWS\System32\bcryptPrimitives.dll
0x00007ffa36410000 - 0x00007ffa3644c000 	C:\Users\vostro\.jdks\graalvm-jdk-21.0.4\bin\jdwp.dll
0x00007ffa48d60000 - 0x00007ffa48d7f000 	C:\Users\vostro\.jdks\graalvm-jdk-21.0.4\bin\java.dll
0x00007ffa5caf0000 - 0x00007ffa5d23d000 	C:\WINDOWS\System32\SHELL32.dll
0x00007ffa5c6d0000 - 0x00007ffa5c83c000 	C:\WINDOWS\System32\wintypes.dll
0x00007ffa59b30000 - 0x00007ffa5a389000 	C:\WINDOWS\SYSTEM32\windows.storage.dll
0x00007ffa5e4c0000 - 0x00007ffa5e5b0000 	C:\WINDOWS\System32\SHCORE.dll
0x00007ffa5e960000 - 0x00007ffa5e9c2000 	C:\WINDOWS\System32\shlwapi.dll
0x00007ffa5bdd0000 - 0x00007ffa5bdf9000 	C:\WINDOWS\SYSTEM32\profapi.dll
0x00007ffa1f120000 - 0x00007ffa1f1f7000 	C:\Users\vostro\.jdks\graalvm-jdk-21.0.4\bin\jsvml.dll
0x00007ff9344a0000 - 0x00007ff93740c000 	C:\Users\vostro\.jdks\graalvm-jdk-21.0.4\bin\jvmcicompiler.dll
0x00007ffa5dde0000 - 0x00007ffa5dde8000 	C:\WINDOWS\System32\PSAPI.DLL
0x00007ffa5c8e0000 - 0x00007ffa5ca57000 	C:\WINDOWS\System32\CRYPT32.dll
0x00007ffa5b2b0000 - 0x00007ffa5b2db000 	C:\WINDOWS\SYSTEM32\USERENV.dll
0x00007ffa5b6d0000 - 0x00007ffa5b700000 	C:\WINDOWS\SYSTEM32\ncrypt.dll
0x00007ffa5a700000 - 0x00007ffa5a734000 	C:\WINDOWS\SYSTEM32\IPHLPAPI.DLL
0x00007ffa5b210000 - 0x00007ffa5b27b000 	C:\WINDOWS\SYSTEM32\MSWSOCK.dll
0x00007ffa5b680000 - 0x00007ffa5b6bf000 	C:\WINDOWS\SYSTEM32\NTASN1.dll
0x00007ffa53d40000 - 0x00007ffa53d4c000 	C:\Users\vostro\.jdks\graalvm-jdk-21.0.4\bin\dt_socket.dll
0x00007ffa41780000 - 0x00007ffa41798000 	C:\Users\vostro\.jdks\graalvm-jdk-21.0.4\bin\zip.dll
0x00007ffa4c080000 - 0x00007ffa4c090000 	C:\Users\vostro\.jdks\graalvm-jdk-21.0.4\bin\net.dll
0x00007ffa550a0000 - 0x00007ffa551bf000 	C:\WINDOWS\SYSTEM32\WINHTTP.dll
0x00007ffa38af0000 - 0x00007ffa38b06000 	C:\Users\vostro\.jdks\graalvm-jdk-21.0.4\bin\nio.dll
0x00007ffa41a20000 - 0x00007ffa41a30000 	C:\Users\vostro\.jdks\graalvm-jdk-21.0.4\bin\verify.dll
0x0000000063620000 - 0x0000000063649000 	C:\Users\vostro\AppData\Local\Temp\libgdxvostro\e787ab0a\gdx64.dll
0x00007ffa36330000 - 0x00007ffa363a5000 	C:\Users\vostro\AppData\Local\Temp\lwjglvostro\3.3.1-build-7\lwjgl.dll
0x00007ff9e62b0000 - 0x00007ff9e6509000 	C:\Users\vostro\AppData\Local\Temp\lwjglvostro\3.3.1-build-7\jemalloc.dll

dbghelp: loaded successfully - version: 4.0.5 - missing functions: none
symbol engine: initialized successfully - sym options: 0x614 - pdb path: .;C:\Users\vostro\.jdks\graalvm-jdk-21.0.4\bin;C:\WINDOWS\SYSTEM32;C:\WINDOWS\WinSxS\amd64_microsoft.windows.common-controls_6595b64144ccf1df_6.0.26100.5074_none_3e0d6f78e32fd63f;C:\Users\vostro\.jdks\graalvm-jdk-21.0.4\bin\server;C:\Users\vostro\AppData\Local\Temp\libgdxvostro\e787ab0a;C:\Users\vostro\AppData\Local\Temp\lwjglvostro\3.3.1-build-7

VM Arguments:
jvm_args: -XX:ThreadPriorityPolicy=1 -XX:+UnlockExperimentalVMOptions -XX:+EnableJVMCIProduct -XX:-UnlockExperimentalVMOptions -agentlib:jdwp=transport=dt_socket,server=n,suspend=y,address=127.0.0.1:54899 -Dfile.encoding=windows-1252 -Duser.country=AU -Duser.language=en -Duser.variant 
java_command: com.csse3200.game.desktop.DesktopLauncher
java_class_path (initial): C:\Users\vostro\Desktop\uni work\2nd year\sem2\csse3200\2025-studio-1\source\desktop\build\classes\java\main;C:\Users\vostro\Desktop\uni work\2nd year\sem2\csse3200\2025-studio-1\source\desktop\build\resources\main;C:\Users\vostro\.gradle\caches\modules-2\files-2.1\com.badlogicgames.gdx\gdx-backend-lwjgl3\1.11.0\58a96db4cd349be4292d547856aa1e1c5f065f4e\gdx-backend-lwjgl3-1.11.0.jar;C:\Users\vostro\.gradle\caches\modules-2\files-2.1\com.badlogicgames.gdx\gdx-platform\1.11.0\697fb13eada6d3c6ca648c9788692b0159add126\gdx-platform-1.11.0-natives-desktop.jar;C:\Users\vostro\.gradle\caches\modules-2\files-2.1\com.badlogicgames.gdx\gdx-box2d-platform\1.11.0\62ff9baa1e57a11e0a4428a38c9660bf9f312fdc\gdx-box2d-platform-1.11.0-natives-desktop.jar;C:\Users\vostro\.gradle\caches\modules-2\files-2.1\com.badlogicgames.gdx\gdx-tools\1.11.0\a5d30eafd0f2fbab314efdf6d98ebc27388b7c0a\gdx-tools-1.11.0.jar;C:\Users\vostro\.gradle\caches\modules-2\files-2.1\com.badlogicgames.gdx-controllers\gdx-controllers-desktop\2.2.2\625b3bdbe803e9c4af181b4791202cfcf776d805\gdx-controllers-desktop-2.2.2.jar;C:\Users\vostro\.gradle\caches\modules-2\files-2.1\com.badlogicgames.gdx\gdx-freetype-platform\1.11.0\420e2c2c206843a0d51010be28a141a1eb946235\gdx-freetype-platform-1.11.0-natives-desktop.jar;C:\Users\vostro\Desktop\uni work\2nd year\sem2\csse3200\2025-studio-1\source\core\build\libs\core-1.0.jar;C:\Users\vostro\.gradle\caches\modules-2\files-2.1\com.badlogicgames.gdx\gdx-backend-lwjgl\1.11.0\33555a2cf8b4d9db4122b2fe42e7674b343d8b4\gdx-backend-lwjgl-1.11.0.jar;C:\Users\vostro\.gradle\caches\modules-2\files-2.1\com.badlogicgames.gdx\gdx-freetype\1.11.0\a3634ad2e6c56d251268d6ab5c0f66eee2841f2c\gdx-freetype-1.11.0.jar;C:\Users\vostro\.gradle\caches\modules-2\files-2.1\com.badlogicgames.gdx\gdx-backend-headless\1.11.0\3c3d0c951db72891d894df1725d09179fd0bca00\gdx-backend-headless-1.11.0.jar;C:\Users\vostro\.gradle\caches\modules-2\files-2.1\com.badlogicgames.gdx-controllers\gdx-controllers-core\2.2.2\25473efe9273912a03a4871a9e1469b41d86face\gdx-controllers-core-2.2.2.jar;C:\Users\vostro\.gradle\caches\modules-2\files-2.1\net.dermetfan.libgdx-utils\libgdx-utils-box2d\0.13.4\918d79a20ea3c898cdb3611782c5b2bfa6ec575b\libgdx-utils-box2d-0.13.4.jar;C:\Users\vostro\.gradle\caches\modules-2\files-2.1\com.badlogicgames.gdx\gdx-box2d\1.11.0\ad4facee800dd945d6d6e93dea2936bc135b5f\gdx-box2d-1.11.0.jar;C:\Users\vostro\.gradle\caches\modules-2\files-2.1\net.dermetfan.libgdx-utils\libgdx-utils\0.13.4\27affad2873d1c9c366a2290fc51f3927f3a5f83\libgdx-utils-0.13.4.jar;C:\Users\vostro\.gradle\caches\modules-2\files-2.1\com.badlogicgames.gdx\gdx\1.11.0\ffe1206d1004cd9e40027e28964be0fea0399af7\gdx-1.11.0.jar;C:\Users\vostro\.gradle\caches\modules-2\files-2.1\org.lwjgl\lwjgl-glfw\3.3.1\cbac1b8d30cb4795149c1ef540f912671a8616d0\lwjgl-glfw-3.3.1.jar;C:\Users\vostro\.gradle\caches\modules-2\files-2.1\org.lwjgl\lwjgl-glfw\3.3.1\81716978214ecbda15050ca394b06ef61501a49e\lwjgl-glfw-3.3.1-natives-linux.jar;C:\Users\vostro\.gradle\caches\modules-2\files-2.1\org.lwjgl\lwjgl-glfw\3.3.1\816d935933f2dd743074c4e717cc25b55720f294\lwjgl-glfw-3.3.1-natives-linux-arm32.jar;C:\Users\vostro\.gradle\caches\modules-2\files-2.1\org.lwjgl\lwjgl-glfw\3.3.1\513eb39b866d0fe131a18d5c517087805433b029\lwjgl-glfw-3.3.1-natives-linux-arm64.jar;C:\Users\vostro\.gradle\caches\modules-2\files-2.1\org.lwjgl\lwjgl-glfw\3.3.1\9ec4ce1fc8c85fdef03ef4ff2aace6f5775fb280\lwjgl-glfw-3.3.1-natives-macos.jar;C:\Users\vostro\.gradle\caches\modules-2\files-2.1\org.lwjgl\lwjgl-glfw\3.3.1\cac0d3f712a3da7641fa174735a5f315de7ffe0a\lwjgl-glfw-3.3.1-natives-macos-arm64.jar;C:\Users\vostro\.gradle\caches\modules-2\files-2.1\org.lwjgl\lwjgl-glfw\3.3.1\ed892f945cf7e79c8756796f32d00fa4ceaf573b\lwjgl-glfw-3.3.1-natives-windows.jar;C:\Users\vostro\.gradle\caches\modules-2\files-2.1\org.lwjgl\lwjgl-glfw\3.3.1\b997e3391d6ce8f05487e7335d95c606043884a1\lwjgl-glfw-3.3.1-natives-windows-x86.jar;C:\Users\vostro\.gradle\caches\modules-2\files-2.1\org.lwjgl\lwjgl-jemalloc\3.3.1\a817bcf213db49f710603677457567c37d53e103\lwjgl-jemalloc-3.3.1.jar;C:\Users\vostro\.gradle\caches\modules-2\files-2.1\org.lwjgl\lwjgl-jemalloc\3.3.1\33dbb017b6ed6b25f993ad9d56741a49e7937718\lwjgl-jemalloc-3.3.1-natives-linux.jar;C:\Users\vostro\.gradle\caches\modules-2\files-2.1\org.lwjgl\lwjgl-jemalloc\3.3.1\a96a6d6cb3876d7813fcee53c3c24f246aeba3b3\lwjgl-jemalloc-3.3.1-natives-linux-arm32.jar;C:\Users\vostro\.gradle\caches\modules-2\files-2.1\org.lwjgl\lwjgl-jemalloc\3.3.1\c6606e57db075ad218a2e78d2416c159a53b6a0c\lwjgl-jemalloc-3.3.1-natives-linux-arm64.jar;C:\Users\vostro\.gradle\caches\modules-2\files-2.1\org.lwjgl\lwjgl-jemalloc\3.3.1\56424dc8db3cfb8e7b594aa6d59a4f4387b7f544\lwjgl-jemalloc-3.3.1-natives-macos.jar;C:\Users\vostro\.gradle\caches\modules-2\files-2.1\org.lwjgl\lwjgl-jemalloc\3.3.1\e577b87d8ad2ade361aaea2fcf226c660b15dee8\lwjgl-jemalloc-3.3.1-natives-macos-arm64.jar;C:\Users\vostro\.gradle\caches\modules-2\files-2.1\org.lwjgl\lwjgl-jemalloc\3.3.1\948a89b76a16aa324b046ae9308891216ffce5f9\lwjgl-jemalloc-3.3.1-natives-windows.jar;C:\Users\vostro\.gradle\caches\modules-2\files-2.1\org.lwjgl\lwjgl-jemalloc\3.3.1\fb476c8ec110e1c137ad3ce8a7f7bfe6b11c6324\lwjgl-jemalloc-3.3.1-natives-windows-x86.jar;C:\Users\vostro\.gradle\caches\modules-2\files-2.1\org.lwjgl\lwjgl-openal\3.3.1\2623a6b8ae1dfcd880738656a9f0243d2e6840bd\lwjgl-openal-3.3.1.jar;C:\Users\vostro\.gradle\caches\modules-2\files-2.1\org.lwjgl\lwjgl-openal\3.3.1\f906b6439f6daa66001182ea7727e3467a93681b\lwjgl-openal-3.3.1-natives-linux.jar;C:\Users\vostro\.gradle\caches\modules-2\files-2.1\org.lwjgl\lwjgl-openal\3.3.1\ffbe35d7fa5ec9b7eca136a7c71f24d4025a510b\lwjgl-openal-3.3.1-natives-linux-arm32.jar;C:\Users\vostro\.gradle\caches\modules-2\files-2.1\org.lwjgl\lwjgl-openal\3.3.1\cf4e303257e82981b8b2e31bba3d7f8f7b8f42b2\lwjgl-openal-3.3.1-natives-linux-arm64.jar;C:\Users\vostro\.gradle\caches\modules-2\files-2.1\org.lwjgl\lwjgl-openal\3.3.1\3a57b8911835fb58b5e558d0ca0d28157e263d45\lwjgl-openal-3.3.1-natives-macos.jar;C:\Users\vostro\.gradle\caches\modules-2\files-2.1\org.lwjgl\lwjgl-openal\3.3.1\23d55e7490b57495320f6c9e1936d78fd72c4ef8\lwjgl-openal-3.3.1-natives-macos-arm64.jar;C:\Users\vostro\.gradle\caches\modules-2\files-2.1\org.lwjgl\lwjgl-openal\3.3.1\30a474d0e57193d7bc128849a3ab66bc9316fdb1\lwjgl-openal-3.3.1-natives-windows.jar;C:\Users\vostro\.gradle\caches\modules-2\files-2.1\org.lwjgl\lwjgl-openal\3.3.1\888349f7b1be6fbae58bf8edfb9ef12def04c4e3\lwjgl-openal-3.3.1-natives-windows-x86.jar;C:\Users\vostro\.gradle\caches\modules-2\files-2.1\org.lwjgl\lwjgl-opengl\3.3.1\831a5533a21a5f4f81bbc51bb13e9899319b5411\lwjgl-opengl-3.3.1.jar;C:\Users\vostro\.gradle\caches\modules-2\files-2.1\org.lwjgl\lwjgl-opengl\3.3.1\ab9ab6fde3743e3550fa5d46d785ecb45b047d99\lwjgl-opengl-3.3.1-natives-linux.jar;C:\Users\vostro\.gradle\caches\modules-2\files-2.1\org.lwjgl\lwjgl-opengl\3.3.1\e3550fa91097fd56e361b4370fa822220fef3595\lwjgl-opengl-3.3.1-natives-linux-arm32.jar;C:\Users\vostro\.gradle\caches\modules-2\files-2.1\org.lwjgl\lwjgl-opengl\3.3.1\1c528fb258a6e63e8fceb4482d8db0f3af10a634\lwjgl-opengl-3.3.1-natives-linux-arm64.jar;C:\Users\vostro\.gradle\caches\modules-2\files-2.1\org.lwjgl\lwjgl-opengl\3.3.1\a0d12697ea019a7362eff26475b0531340e876a6\lwjgl-opengl-3.3.1-natives-macos.jar;C:\Users\vostro\.gradle\caches\modules-2\files-2.1\org.lwjgl\lwjgl-opengl\3.3.1\eafe34b871d966292e8db0f1f3d6b8b110d4e91d\lwjgl-opengl-3.3.1-natives-macos-arm64.jar;C:\Users\vostro\.gradle\caches\modules-2\files-2.1\org.lwjgl\lwjgl-opengl\3.3.1\c1807e9bd571402787d7e37e3029776ae2513bb8\lwjgl-opengl-3.3.1-natives-windows.jar;C:\Users\vostro\.gradle\caches\modules-2\files-2.1\org.lwjgl\lwjgl-opengl\3.3.1\deef3eb9b178ff2ff3ce893cc72ae741c3a17974\lwjgl-opengl-3.3.1-natives-windows-x86.jar;C:\Users\vostro\.gradle\caches\modules-2\files-2.1\org.lwjgl\lwjgl-stb\3.3.1\b119297cf8ed01f247abe8685857f8e7fcf5980f\lwjgl-stb-3.3.1.jar;C:\Users\vostro\.gradle\caches\modules-2\files-2.1\org.lwjgl\lwjgl-stb\3.3.1\3ee7aec8686e52867677110415566a5342a80230\lwjgl-stb-3.3.1-natives-linux.jar;C:\Users\vostro\.gradle\caches\modules-2\files-2.1\org.lwjgl\lwjgl-stb\3.3.1\b08226bab162c06ae69337d8a1b0ee0a3fdf0b90\lwjgl-stb-3.3.1-natives-linux-arm32.jar;C:\Users\vostro\.gradle\caches\modules-2\files-2.1\org.lwjgl\lwjgl-stb\3.3.1\8e8348a1813aad7f30aaf75ea197151ebb7beba9\lwjgl-stb-3.3.1-natives-linux-arm64.jar;C:\Users\vostro\.gradle\caches\modules-2\files-2.1\org.lwjgl\lwjgl-stb\3.3.1\def8879b8d38a47a4cc1d48b1f9a7b772e51258e\lwjgl-stb-3.3.1-natives-macos.jar;C:\Users\vostro\.gradle\caches\modules-2\files-2.1\org.lwjgl\lwjgl-stb\3.3.1\fcf073ed911752abdca5f0b00a53cfdf17ff8e8b\lwjgl-stb-3.3.1-natives-macos-arm64.jar;C:\Users\vostro\.gradle\caches\modules-2\files-2.1\org.lwjgl\lwjgl-stb\3.3.1\86315914ac119efdb02dc9e8e978ade84f1702af\lwjgl-stb-3.3.1-natives-windows.jar;C:\Users\vostro\.gradle\caches\modules-2\files-2.1\org.lwjgl\lwjgl-stb\3.3.1\a8d41f419eecb430b7c91ea2ce2c5c451cae2091\lwjgl-stb-3.3.1-natives-windows-x86.jar;C:\Users\vostro\.gradle\caches\modules-2\files-2.1\org.lwjgl\lwjgl\3.3.1\ae58664f88e18a9bb2c77b063833ca7aaec484cb\lwjgl-3.3.1.jar;C:\Users\vostro\.gradle\caches\modules-2\files-2.1\org.lwjgl\lwjgl\3.3.1\1de885aba434f934201b99f2f1afb142036ac189\lwjgl-3.3.1-natives-linux.jar;C:\Users\vostro\.gradle\caches\modules-2\files-2.1\org.lwjgl\lwjgl\3.3.1\41a3c1dd15d6b964eb8196dde69720a3e3e5e969\lwjgl-3.3.1-natives-linux-arm32.jar;C:\Users\vostro\.gradle\caches\modules-2\files-2.1\org.lwjgl\lwjgl\3.3.1\b597401014acb7196c76d97e15a6288f54f1f692\lwjgl-3.3.1-natives-linux-arm64.jar;C:\Users\vostro\.gradle\caches\modules-2\files-2.1\org.lwjgl\lwjgl\3.3.1\fc6bb723dec2cd031557dccb2a95f0ab80acb9db\lwjgl-3.3.1-natives-macos.jar;C:\Users\vostro\.gradle\caches\modules-2\files-2.1\org.lwjgl\lwjgl\3.3.1\71d0d5e469c9c95351eb949064497e3391616ac9\lwjgl-3.3.1-natives-macos-arm64.jar;C:\Users\vostro\.gradle\caches\modules-2\files-2.1\org.lwjgl\lwjgl\3.3.1\36c37f16ab611b3aa11f3bcf80b1d509b4ce6b\lwjgl-3.3.1-natives-windows.jar;C:\Users\vostro\.gradle\caches\modules-2\files-2.1\org.lwjgl\lwjgl\3.3.1\3b14f4beae9dd39791ec9e12190a9380cd8a3ce6\lwjgl-3.3.1-natives-windows-x86.jar;C:\Users\vostro\.gradle\caches\modules-2\files-2.1\com.badlogicgames.jlayer\jlayer\1.0.1-gdx\7cca83cec5c1b2f011362f4d85aabd71a73b049d\jlayer-1.0.1-gdx.jar;C:\Users\vostro\.gradle\caches\modules-2\files-2.1\org.jcraft\jorbis\0.0.17\8872d22b293e8f5d7d56ff92be966e6dc28ebdc6\jorbis-0.0.17.jar;C:\Users\vostro\.gradle\caches\modules-2\files-2.1\com.badlogicgames.jamepad\jamepad\2.0.20.0\55eb0007fd55c9914d106dac3387b9d444572cab\jamepad-2.0.20.0.jar;C:\Users\vostro\.gradle\caches\modules-2\files-2.1\org.slf4j\slf4j-jdk14\1.7.36\4a18af6554bfe48b0f76eec98119c417da23c7e1\slf4j-jdk14-1.7.36.jar;C:\Users\vostro\.gradle\caches\modules-2\files-2.1\org.slf4j\slf4j-api\1.7.36\6c62681a2f655b49963a5983b8b0950a6120ae14\slf4j-api-1.7.36.jar;C:\Users\vostro\.gradle\caches\modules-2\files-2.1\com.badlogicgames.gdx\gdx-jnigen-loader\2.3.1\2d472f69243631fbcb3d4c3f93dd2e137a6cb084\gdx-jnigen-loader-2.3.1.jar;C:\Users\vostro\.gradle\caches\modules-2\files-2.1\org.lwjgl.lwjgl\lwjgl\2.9.3\3df168ac74e4a8c96562cdff24ad352e255bf89c\lwjgl-2.9.3.jar;C:\Users\vostro\.gradle\caches\modules-2\files-2.1\org.lwjgl.lwjgl\lwjgl-platform\2.9.3\fbc2afb3e288578e9942578decb6291a490549a0\lwjgl-platform-2.9.3-natives-windows.jar;C:\Users\vostro\.gradle\caches\modules-2\files-2.1\org.lwjgl.lwjgl\lwjgl-platform\2.9.3\b1eafe80093381c56415731e1d64279e6140bcd0\lwjgl-platform-2.9.3-natives-linux.jar;C:\Users\vostro\.gradle\caches\modules-2\files-2.1\org.lwjgl.lwjgl\lwjgl-platform\2.9.3\6686cf6ddaa20b4290aa6599a09bc0d17369be05\lwjgl-platform-2.9.3-natives-osx.jar;C:\Users\vostro\.gradle\caches\modules-2\files-2.1\net.java.jinput\jinput\2.0.5\39c7796b469a600f72380316f6b1f11db6c2c7c4\jinput-2.0.5.jar;C:\Users\vostro\.gradle\caches\modules-2\files-2.1\net.java.jutils\jutils\1.0.0\e12fe1fda814bd348c1579329c86943d2cd3c6a6\jutils-1.0.0.jar;C:\Users\vostro\.gradle\caches\modules-2\files-2.1\net.java.jinput\jinput-platform\2.0.5\7ff832a6eb9ab6a767f1ade2b548092d0fa64795\jinput-platform-2.0.5-natives-linux.jar;C:\Users\vostro\.gradle\caches\modules-2\files-2.1\net.java.jinput\jinput-platform\2.0.5\385ee093e01f587f30ee1c8a2ee7d408fd732e16\jinput-platform-2.0.5-natives-windows.jar;C:\Users\vostro\.gradle\caches\modules-2\files-2.1\net.java.jinput\jinput-platform\2.0.5\53f9c919f34d2ca9de8c51fc4e1e8282029a9232\jinput-platform-2.0.5-natives-osx.jar
Launcher Type: SUN_STANDARD

[Global flags]
     intx CICompilerCount                          = 4                                         {product} {ergonomic}
     uint ConcGCThreads                            = 2                                         {product} {ergonomic}
     bool EnableJVMCIProduct                       = true                                {JVMCI product} {jimage}
     uint G1ConcRefinementThreads                  = 8                                         {product} {ergonomic}
   size_t G1HeapRegionSize                         = 2097152                                   {product} {ergonomic}
    uintx GCDrainStackTargetSize                   = 64                                        {product} {ergonomic}
   size_t InitialHeapSize                          = 266338304                                 {product} {ergonomic}
   size_t MarkStackSize                            = 4194304                                   {product} {ergonomic}
   size_t MaxHeapSize                              = 4236247040                                {product} {ergonomic}
   size_t MaxNewSize                               = 2541748224                                {product} {ergonomic}
   size_t MinHeapDeltaBytes                        = 2097152                                   {product} {ergonomic}
   size_t MinHeapSize                              = 8388608                                   {product} {ergonomic}
    uintx NonNMethodCodeHeapSize                   = 6979620                                {pd product} {ergonomic}
    uintx NonProfiledCodeHeapSize                  = 122339310                              {pd product} {ergonomic}
    uintx ProfiledCodeHeapSize                     = 122339310                              {pd product} {ergonomic}
    uintx ReservedCodeCacheSize                    = 251658240                              {pd product} {ergonomic}
     bool SegmentedCodeCache                       = true                                      {product} {ergonomic}
   size_t SoftMaxHeapSize                          = 4236247040                             {manageable} {ergonomic}
      int ThreadPriorityPolicy                     = 1                                         {product} {jimage}
     bool UseCompressedOops                        = true                           {product lp64_product} {ergonomic}
     bool UseG1GC                                  = true                                      {product} {ergonomic}
     bool UseLargePagesIndividualAllocation        = false                                  {pd product} {ergonomic}

Logging:
Log output configuration:
 #0: stdout all=warning uptime,level,tags foldmultilines=false
 #1: stderr all=off uptime,level,tags foldmultilines=false

Environment Variables:
PATH=C:\Program Files\Common Files\Oracle\Java\javapath;C:\Program Files (x86)\Common Files\Oracle\Java\java8path;C:\Program Files (x86)\Common Files\Oracle\Java\javapath;C:\WINDOWS\system32;C:\WINDOWS;C:\WINDOWS\System32\Wbem;C:\WINDOWS\System32\WindowsPowerShell\v1.0\;C:\WINDOWS\System32\OpenSSH\;C:\Program Files (x86)\gnupg\bin;C:\Program Files (x86)\Pololu\USB AVR Programmer v2\bin;C:\Program Files\Git\cmd;C:\Program Files\PuTTY\;C:\Program Files\Vim\vim91;C:\Program Files\dotnet\;C:MinGW\bin;C:\Users\vostro\Desktop\scripts;C:\Users\vostro\anaconda3;C:\Users\vostro\anaconda3\Scripts;C:\Program Files (x86)\Windows Kits\10\Windows Performance Toolkit\;C:\vclib\SDL2-2.32.4\lib\x64;C:\WINDOWS\system32\config\systemprofile\AppData\Local\Muse Hub\lib;C:\Program Files\nodejs\;C:\Users\vostro\AppData\Local\Programs\Python\Python312\Scripts\;C:\Users\vostro\AppData\Local\Programs\Python\Python312\;C:\Users\vostro\AppData\Local\Programs\Python\Launcher\;C:\Users\vostro\AppData\Local\Microsoft\WindowsApps;C:\Users\vostro\AppData\Local\Programs\Microsoft VS Code\bin;C:\MinGW\bin;C:\Users\vostro\AppData\Local\GitHubDesktop\bin;C:\Users\vostro\.dotnet\tools;;C:\ghcup\bin;C:\Users\vostro\AppData\Local\Muse Hub\lib;C:\Users\vostro\AppData\Roaming\npm
USERNAME=vostro
OS=Windows_NT
PROCESSOR_IDENTIFIER=Intel64 Family 6 Model 142 Stepping 12, GenuineIntel
TMP=C:\Users\vostro\AppData\Local\Temp
TEMP=C:\Users\vostro\AppData\Local\Temp




Periodic native trim disabled

---------------  S Y S T E M  ---------------

OS:
 Windows 11 , 64 bit Build 26100 (10.0.26100.5074)
OS uptime: 2 days 2:25 hours

CPU: total 8 (initial active 8) (4 cores per cpu, 2 threads per core) family 6 model 142 stepping 12 microcode 0xf8, cx8, cmov, fxsr, ht, mmx, 3dnowpref, sse, sse2, sse3, ssse3, sse4.1, sse4.2, popcnt, lzcnt, tsc, tscinvbit, avx, avx2, aes, erms, clmul, bmi1, bmi2, adx, fma, vzeroupper, clflush, clflushopt, rdtscp, f16c
Processor Information for processor 0
  Max Mhz: 2304, Current Mhz: 1502, Mhz Limit: 1797
Processor Information for processor 1
  Max Mhz: 2304, Current Mhz: 1502, Mhz Limit: 1797
Processor Information for processor 2
  Max Mhz: 2304, Current Mhz: 1803, Mhz Limit: 1797
Processor Information for processor 3
  Max Mhz: 2304, Current Mhz: 1502, Mhz Limit: 1797
Processor Information for processor 4
  Max Mhz: 2304, Current Mhz: 1502, Mhz Limit: 1797
Processor Information for processor 5
  Max Mhz: 2304, Current Mhz: 1502, Mhz Limit: 1797
Processor Information for processor 6
  Max Mhz: 2304, Current Mhz: 1803, Mhz Limit: 1797
Processor Information for processor 7
  Max Mhz: 2304, Current Mhz: 1502, Mhz Limit: 1797

Memory: 4k page, system-wide physical 16157M (2676M free)
TotalPageFile size 61213M (AvailPageFile size 36831M)
current process WorkingSet (physical memory assigned to process): 99M, peak: 99M
current process commit charge ("private bytes"): 377M, peak: 377M

vm_info: Java HotSpot(TM) 64-Bit Server VM (21.0.4+8-LTS-jvmci-23.1-b41) for windows-amd64 JRE (21.0.4+8-LTS-jvmci-23.1-b41), built on 2024-06-20T09:06:25Z by "Buildbot" with MS VC++ 17.6 (VS2022)

END.
