#
# A fatal error has been detected by the Java Runtime Environment:
#
#  EXCEPTION_ACCESS_VIOLATION (0xc0000005) at pc=0x0000000056afba43, pid=36152, tid=22560
#
# JRE version: OpenJDK Runtime Environment Microsoft-11933218 (21.0.8+9) (build 21.0.8+9-LTS)
# Java VM: OpenJDK 64-Bit Server VM Microsoft-11933218 (21.0.8+9-LTS, mixed mode, sharing, tiered, compressed oops, compressed class ptrs, g1 gc, windows-amd64)
# Problematic frame:
# C  [gdx-box2d64.dll+0xba43]
#
# No core dump will be written. Minidumps are not enabled by default on client versions of Windows
#
# If you would like to submit a bug report, please visit:
#   https://github.com/microsoft/openjdk/issues
# The crash happened outside the Java Virtual Machine in native code.
# See problematic frame for where to report the bug.
#

---------------  S U M M A R Y ------------

Command Line: -Dfile.encoding=UTF-8 -Duser.country=US -Duser.language=en -Duser.variant com.csse3200.game.desktop.DesktopLauncher

Host: 13th Gen Intel(R) Core(TM) i9-13900HX, 32 cores, 15G,  Windows 11 , 64 bit Build 26100 (10.0.26100.5074)
Time: Wed Sep 10 21:35:57 2025 E. Australia Standard Time elapsed time: 8.985517 seconds (0d 0h 0m 8s)

---------------  T H R E A D  ---------------

Current thread (0x000001cbc1ee3a70):  JavaThread "main"             [_thread_in_native, id=22560, stack(0x0000007f5bb00000,0x0000007f5bc00000) (1024K)]

Stack: [0x0000007f5bb00000,0x0000007f5bc00000],  sp=0x0000007f5bbfefb0,  free space=1019k
Native frames: (J=compiled Java code, j=interpreted, Vv=VM code, C=native code)
C  [gdx-box2d64.dll+0xba43]

Java frames: (J=compiled Java code, j=interpreted, Vv=VM code)
j  com.badlogic.gdx.physics.box2d.World.jniCreateBody(JIFFFFFFFFZZZZZF)J+0
j  com.badlogic.gdx.physics.box2d.World.createBody(Lcom/badlogic/gdx/physics/box2d/BodyDef;)Lcom/badlogic/gdx/physics/box2d/Body;+80
j  com.csse3200.game.physics.PhysicsEngine.createBody(Lcom/badlogic/gdx/physics/box2d/BodyDef;)Lcom/badlogic/gdx/physics/box2d/Body;+16
j  com.csse3200.game.physics.components.PhysicsComponent.<init>(Lcom/csse3200/game/physics/PhysicsEngine;)V+51
j  com.csse3200.game.physics.components.PhysicsComponent.<init>()V+7
j  com.csse3200.game.entities.factories.items.ItemFactory.createItem(Ljava/lang/String;)Lcom/csse3200/game/entities/Entity;+42
j  com.csse3200.game.areas.ForestGameArea.spawnItems()V+39
j  com.csse3200.game.areas.ForestGameArea.create()V+168
j  com.csse3200.game.areas.Floor2GameArea.loadPreviousLevel()V+114
j  com.csse3200.game.areas.Floor2GameArea$$Lambda+0x000001cb810f7bf0.run()V+4
j  com.badlogic.gdx.backends.lwjgl3.Lwjgl3Application.loop()V+247
j  com.badlogic.gdx.backends.lwjgl3.Lwjgl3Application.<init>(Lcom/badlogic/gdx/ApplicationListener;Lcom/badlogic/gdx/backends/lwjgl3/Lwjgl3ApplicationConfiguration;)V+269
j  com.csse3200.game.desktop.DesktopLauncher.main([Ljava/lang/String;)V+20
v  ~StubRoutines::call_stub 0x000001cbd3db100d

siginfo: EXCEPTION_ACCESS_VIOLATION (0xc0000005), reading address 0x0000003600000000


Registers:
RAX=0x0000000056b3f060, RBX=0x0000003600000000, RCX=0x000001cbec753870, RDX=0x00000000000000b8
RSP=0x0000007f5bbfefb0, RBP=0x000001cbec7538a0, RSI=0x000001cbec753870, RDI=0x000000000004b708
R8 =0x000001cbec753870, R9 =0x0000000000000002, R10=0x0000000000000001, R11=0x0000000000000001
R12=0x0000000000000006, R13=0x000001cbe692cda8, R14=0x0000007f5bbff288, R15=0x000001cbc1ee3a70
RIP=0x0000000056afba43, EFLAGS=0x0000000000010206

XMM[0]=0x0000000000000000 0x000000003f800000
XMM[1]=0x0000000000000000 0x0000007f5bbff3d0
XMM[2]=0x0000000000000000 0x3ff0000000000000
XMM[3]=0x0000000000000000 0x3ff0000000000000
XMM[4]=0x0000000000000000 0x0000000000000000
XMM[5]=0x0000000000000000 0x0000000000000000
XMM[6]=0x0000000000000000 0x00000000bb89ca9f
XMM[7]=0x0000000000000000 0x00000000bd00f000
XMM[8]=0x0000000000000000 0x00000000bc288a58
XMM[9]=0x0000000000000000 0x00000000bd95a000
XMM[10]=0x0000000000000000 0x00000000bc3b0b94
XMM[11]=0x0000000000000000 0x00000000bddef000
XMM[12]=0x0000000000000000 0x00000000bbc3c74b
XMM[13]=0x0000000000000000 0x00000000bf0b3800
XMM[14]=0x0000000000000000 0x000000003c784640
XMM[15]=0x0000000000000000 0x0000000046ff7800
  MXCSR=0x00001fa0


Register to memory mapping:

RAX=0x0000000056b3f060 gdx-box2d64.dll
RBX=0x0000003600000000 is an unknown value
RCX=0x000001cbec753870 points into unknown readable memory: 0x000001cbc21ad6f0 | f0 d6 1a c2 cb 01 00 00
RDX=0x00000000000000b8 is an unknown value
RSP=0x0000007f5bbfefb0 is pointing into the stack for thread: 0x000001cbc1ee3a70
RBP=0x000001cbec7538a0 points into unknown readable memory: 0x0000000000000000 | 00 00 00 00 00 00 00 00
RSI=0x000001cbec753870 points into unknown readable memory: 0x000001cbc21ad6f0 | f0 d6 1a c2 cb 01 00 00
RDI=0x000000000004b708 is an unknown value
R8 =0x000001cbec753870 points into unknown readable memory: 0x000001cbc21ad6f0 | f0 d6 1a c2 cb 01 00 00
R9 =0x0000000000000002 is an unknown value
R10=0x0000000000000001 is an unknown value
R11=0x0000000000000001 is an unknown value
R12=0x0000000000000006 is an unknown value
R13={method} {0x000001cbe692cdb0} 'jniCreateBody' '(JIFFFFFFFFZZZZZF)J' in 'com/badlogic/gdx/physics/box2d/World'
R14=0x0000007f5bbff288 is pointing into the stack for thread: 0x000001cbc1ee3a70
R15=0x000001cbc1ee3a70 is a thread

Top of Stack: (sp=0x0000007f5bbfefb0)
0x0000007f5bbfefb0:   0000007f5bbff288 00007ffe7f9f5a97
0x0000007f5bbfefc0:   0000000000000102 000001cbc1ee3a70
0x0000007f5bbfefd0:   0000007f5bbff0e0 000001cbec7aba30
0x0000007f5bbfefe0:   000001cbe692cda8 000001cbec753870
0x0000007f5bbfeff0:   0000007f5bbff090 000000000004b708
0x0000007f5bbff000:   0000007f5bbff1e0 0000000000000000
0x0000007f5bbff010:   000001cbe692cda8 0000000056b10e22
0x0000007f5bbff020:   000001cbe692cda8 000001cbc1ee3a70
0x0000007f5bbff030:   0000000100000012 0000000000000011
0x0000007f5bbff040:   0000007f5bbff1f8 0000007f5bbff170
0x0000007f5bbff050:   0000007f5bbff0d0 0000000000000001
0x0000007f5bbff060:   000001cbe6006910 0000000056b166e6
0x0000007f5bbff070:   000001cbc1ee3a70 0000007f5bbff288
0x0000007f5bbff080:   0000007f5bbff1e0 000001cbd3db8287
0x0000007f5bbff090:   0000000000000002 0000000000000000
0x0000007f5bbff0a0:   0000000000000000 40a0000000000000
0x0000007f5bbff0b0:   0001010100000000 0000007f5bbff200
0x0000007f5bbff0c0:   0000000000000000 000000003f800000
0x0000007f5bbff0d0:   000001cbe692cda8 000001cbd3dbce4b
0x0000007f5bbff0e0:   0000000000000000 0000000056b0e400
0x0000007f5bbff0f0:   000001cbc1ee3a70 00007ffe7fbcd46f
0x0000007f5bbff100:   0000000000000000 0000000000000000
0x0000007f5bbff110:   0000000000000000 0000000000000000
0x0000007f5bbff120:   0000000000000000 0000000000000000
0x0000007f5bbff130:   0000000040a00000 0000000000000000
0x0000007f5bbff140:   0000000000000001 0000000000000001
0x0000007f5bbff150:   0000000000000001 0000000000000000
0x0000007f5bbff160:   0000000000000000 000000003f800000
0x0000007f5bbff170:   000001cbc1ee3a70 00007ffe7fc81384
0x0000007f5bbff180:   000053269441076e 00000007143ed310
0x0000007f5bbff190:   000001cbc1ee3a70 0000007f5bbff198
0x0000007f5bbff1a0:   000001cbe692cda8 0000000000000015 

Instructions: (pc=0x0000000056afba43)
0x0000000056afb943:   f6 48 8d 2d b5 16 03 00 48 8d 3d 0e 37 04 00 4c
0x0000000056afb953:   8d 2d f7 31 03 00 4c 8d 25 55 32 03 00 eb 1a 83
0x0000000056afb963:   fe 0d 7e 11 41 b8 49 00 00 00 4c 89 ea 4c 89 e1
0x0000000056afb973:   e8 18 82 02 00 48 83 c3 01 48 63 c6 39 5c 85 00
0x0000000056afb983:   7d 03 83 c6 01 48 81 fb 80 02 00 00 40 88 34 1f
0x0000000056afb993:   75 cd c6 05 a4 36 04 00 01 48 83 c4 28 5b 5e 5f
0x0000000056afb9a3:   5d 41 5c 41 5d c3 90 66 0f 1f 44 00 00 57 56 53
0x0000000056afb9b3:   48 83 ec 20 8b 41 08 48 89 cf 85 c0 7e 1d 31 f6
0x0000000056afb9c3:   31 db 48 8b 07 83 c3 01 48 8b 4c 30 08 48 83 c6
0x0000000056afb9d3:   10 e8 a7 08 00 00 39 5f 08 7f e7 48 8b 0f 48 83
0x0000000056afb9e3:   c4 20 5b 5e 5f e9 93 08 00 00 90 66 90 41 55 41
0x0000000056afb9f3:   54 55 57 56 53 48 83 ec 38 48 63 da 48 89 ce 83
0x0000000056afba03:   fb 00 0f 84 95 01 00 00 0f 8e 6f 01 00 00 81 fb
0x0000000056afba13:   80 02 00 00 0f 8f 23 01 00 00 48 8d 05 3c 36 04
0x0000000056afba23:   00 44 0f b6 24 18 41 80 fc 0d 4c 89 e3 0f 87 da
0x0000000056afba33:   00 00 00 48 8d 2c de 48 8b 5d 10 48 85 db 74 1d
0x0000000056afba43:   48 8b 03 48 89 45 10 48 89 d8 48 83 c4 38 5b 5e
0x0000000056afba53:   5f 5d 41 5c 41 5d c3 66 0f 1f 44 00 00 48 63 46
0x0000000056afba63:   08 4c 8b 2e 3b 46 0c 0f 84 40 01 00 00 48 c1 e0
0x0000000056afba73:   04 b9 00 40 00 00 4d 63 e4 49 8d 7c 05 00 e8 ea
0x0000000056afba83:   07 00 00 48 89 c3 48 89 47 08 48 8d 05 6c 15 03
0x0000000056afba93:   00 46 8b 24 a0 b8 00 40 00 00 99 41 f7 fc 45 89
0x0000000056afbaa3:   e5 44 89 27 44 0f af e8 41 81 fd 00 40 00 00 0f
0x0000000056afbab3:   8f 9b 00 00 00 83 f8 01 7e 23 49 63 d4 83 e8 01
0x0000000056afbac3:   45 31 c0 49 89 d1 48 8d 0c 13 49 f7 d9 41 83 c0
0x0000000056afbad3:   01 4a 89 0c 09 48 01 d1 41 39 c0 75 f0 45 29 e5
0x0000000056afbae3:   4d 63 ed 4a c7 04 2b 00 00 00 00 48 8b 03 48 89
0x0000000056afbaf3:   45 10 83 46 08 01 48 89 d8 48 83 c4 38 5b 5e 5f
0x0000000056afbb03:   5d 41 5c 41 5d c3 0f 1f 80 00 00 00 00 48 8d 15
0x0000000056afbb13:   39 30 03 00 48 8d 0d b2 30 03 00 48 8d 2c de 41
0x0000000056afbb23:   b8 70 00 00 00 e8 63 80 02 00 48 8b 5d 10 48 85
0x0000000056afbb33:   db 0f 85 09 ff ff ff e9 21 ff ff ff 90 89 d9 48 


Stack slot to memory mapping:

stack at sp + 0 slots: 0x0000007f5bbff288 is pointing into the stack for thread: 0x000001cbc1ee3a70
stack at sp + 1 slots: 0x00007ffe7f9f5a97 jvm.dll
stack at sp + 2 slots: 0x0000000000000102 is an unknown value
stack at sp + 3 slots: 0x000001cbc1ee3a70 is a thread
stack at sp + 4 slots: 0x0000007f5bbff0e0 is pointing into the stack for thread: 0x000001cbc1ee3a70
stack at sp + 5 slots: 0x000001cbec7aba30 points into unknown readable memory: 0x416fd70a3f7d70a4 | a4 70 7d 3f 0a d7 6f 41
stack at sp + 6 slots: {method} {0x000001cbe692cdb0} 'jniCreateBody' '(JIFFFFFFFFZZZZZF)J' in 'com/badlogic/gdx/physics/box2d/World'
stack at sp + 7 slots: 0x000001cbec753870 points into unknown readable memory: 0x000001cbc21ad6f0 | f0 d6 1a c2 cb 01 00 00


---------------  P R O C E S S  ---------------

Threads class SMR info:
_java_thread_list=0x000001cc11d415c0, length=19, elements={
0x000001cbc1ee3a70, 0x000001cbe1e7c090, 0x000001cbe1e80cf0, 0x000001cbe1e85760,
0x000001cbe1e861b0, 0x000001cbe1e86c00, 0x000001cbe1e878b0, 0x000001cbe1e89f80,
0x000001cbe1e9ca30, 0x000001cbe58640f0, 0x000001cbe596d450, 0x000001cbe596acf0,
0x000001cbebf10a00, 0x000001cbec16bb20, 0x000001cbec16ced0, 0x000001cbec338f40,
0x000001cbec38a5d0, 0x000001cc12099870, 0x000001cbea1036d0
}

Java Threads: ( => current thread )
=>0x000001cbc1ee3a70 JavaThread "main"                              [_thread_in_native, id=22560, stack(0x0000007f5bb00000,0x0000007f5bc00000) (1024K)]
  0x000001cbe1e7c090 JavaThread "Reference Handler"          daemon [_thread_blocked, id=35476, stack(0x0000007f5c300000,0x0000007f5c400000) (1024K)]
  0x000001cbe1e80cf0 JavaThread "Finalizer"                  daemon [_thread_blocked, id=45220, stack(0x0000007f5c400000,0x0000007f5c500000) (1024K)]
  0x000001cbe1e85760 JavaThread "Signal Dispatcher"          daemon [_thread_blocked, id=4872, stack(0x0000007f5c500000,0x0000007f5c600000) (1024K)]
  0x000001cbe1e861b0 JavaThread "Attach Listener"            daemon [_thread_blocked, id=2748, stack(0x0000007f5c600000,0x0000007f5c700000) (1024K)]
  0x000001cbe1e86c00 JavaThread "Service Thread"             daemon [_thread_blocked, id=28076, stack(0x0000007f5c700000,0x0000007f5c800000) (1024K)]
  0x000001cbe1e878b0 JavaThread "Monitor Deflation Thread"   daemon [_thread_blocked, id=37124, stack(0x0000007f5c800000,0x0000007f5c900000) (1024K)]
  0x000001cbe1e89f80 JavaThread "C2 CompilerThread0"         daemon [_thread_blocked, id=41948, stack(0x0000007f5c900000,0x0000007f5ca00000) (1024K)]
  0x000001cbe1e9ca30 JavaThread "C1 CompilerThread0"         daemon [_thread_blocked, id=21920, stack(0x0000007f5ca00000,0x0000007f5cb00000) (1024K)]
  0x000001cbe58640f0 JavaThread "C1 CompilerThread1"         daemon [_thread_blocked, id=6848, stack(0x0000007f5cb00000,0x0000007f5cc00000) (1024K)]
  0x000001cbe596d450 JavaThread "Notification Thread"        daemon [_thread_blocked, id=9644, stack(0x0000007f5cd00000,0x0000007f5ce00000) (1024K)]
  0x000001cbe596acf0 JavaThread "Common-Cleaner"             daemon [_thread_blocked, id=18252, stack(0x0000007f5ce00000,0x0000007f5cf00000) (1024K)]
  0x000001cbebf10a00 JavaThread "AssetManager"               daemon [_thread_blocked, id=35568, stack(0x0000007f5db00000,0x0000007f5dc00000) (1024K)]
  0x000001cbec16bb20 JavaThread "LWJGL3 Timer"               daemon [_thread_blocked, id=4312, stack(0x0000007f5e400000,0x0000007f5e500000) (1024K)]
  0x000001cbec16ced0 JavaThread "AssetManager"               daemon [_thread_blocked, id=9972, stack(0x0000007f5cf00000,0x0000007f5d000000) (1024K)]
  0x000001cbec338f40 JavaThread "Timer"                      daemon [_thread_blocked, id=16968, stack(0x0000007f5e600000,0x0000007f5e700000) (1024K)]
  0x000001cbec38a5d0 JavaThread "C1 CompilerThread2"         daemon [_thread_blocked, id=41636, stack(0x0000007f5d900000,0x0000007f5da00000) (1024K)]
  0x000001cc12099870 JavaThread "C2 CompilerThread1"         daemon [_thread_in_native, id=43500, stack(0x0000007f5e500000,0x0000007f5e600000) (1024K)]
  0x000001cbea1036d0 JavaThread "C2 CompilerThread2"         daemon [_thread_blocked, id=36972, stack(0x0000007f5e700000,0x0000007f5e800000) (1024K)]
Total: 19

Other Threads:
  0x000001cbe1e650d0 VMThread "VM Thread"                           [id=43492, stack(0x0000007f5c200000,0x0000007f5c300000) (1024K)]
  0x000001cbe57d0af0 WatcherThread "VM Periodic Task Thread"        [id=43760, stack(0x0000007f5c100000,0x0000007f5c200000) (1024K)]
  0x000001cbc4315b30 WorkerThread "GC Thread#0"                     [id=20144, stack(0x0000007f5bc00000,0x0000007f5bd00000) (1024K)]
  0x000001cbebef9450 WorkerThread "GC Thread#1"                     [id=40328, stack(0x0000007f5da00000,0x0000007f5db00000) (1024K)]
  0x000001cbebfcae20 WorkerThread "GC Thread#2"                     [id=28644, stack(0x0000007f5dc00000,0x0000007f5dd00000) (1024K)]
  0x000001cbebfc10d0 WorkerThread "GC Thread#3"                     [id=40684, stack(0x0000007f5dd00000,0x0000007f5de00000) (1024K)]
  0x000001cbec113e10 WorkerThread "GC Thread#4"                     [id=36740, stack(0x0000007f5de00000,0x0000007f5df00000) (1024K)]
  0x000001cbec1141b0 WorkerThread "GC Thread#5"                     [id=35892, stack(0x0000007f5df00000,0x0000007f5e000000) (1024K)]
  0x000001cbebfc3d70 WorkerThread "GC Thread#6"                     [id=40092, stack(0x0000007f5e000000,0x0000007f5e100000) (1024K)]
  0x000001cbec06abe0 WorkerThread "GC Thread#7"                     [id=31548, stack(0x0000007f5e100000,0x0000007f5e200000) (1024K)]
  0x000001cbec0a4f00 WorkerThread "GC Thread#8"                     [id=37712, stack(0x0000007f5e200000,0x0000007f5e300000) (1024K)]
  0x000001cbec0a64c0 WorkerThread "GC Thread#9"                     [id=42324, stack(0x0000007f5e300000,0x0000007f5e400000) (1024K)]
  0x000001cbec0a5d80 WorkerThread "GC Thread#10"                    [id=15316, stack(0x0000007f5cc00000,0x0000007f5cd00000) (1024K)]
  0x000001cbc43235a0 ConcurrentGCThread "G1 Main Marker"            [id=36808, stack(0x0000007f5bd00000,0x0000007f5be00000) (1024K)]
  0x000001cbe1d127b0 WorkerThread "G1 Conc#0"                       [id=5428, stack(0x0000007f5be00000,0x0000007f5bf00000) (1024K)]
  0x000001cbe1da0ae0 ConcurrentGCThread "G1 Refine#0"               [id=33348, stack(0x0000007f5bf00000,0x0000007f5c000000) (1024K)]
  0x000001cbe1da2410 ConcurrentGCThread "G1 Service"                [id=44764, stack(0x0000007f5c000000,0x0000007f5c100000) (1024K)]
Total: 17

Threads with active compile tasks:
C2 CompilerThread1  9018 2741       4       javazoom.jl.decoder.LayerIIIDecoder::decode (572 bytes)
Total: 1

VM state: not at safepoint (normal execution)

VM Mutex/Monitor currently owned by a thread: None

Heap address: 0x0000000704e00000, size: 4018 MB, Compressed Oops mode: Zero based, Oop shift amount: 3

CDS archive(s) mapped at: [0x000001cb80000000-0x000001cb80c80000-0x000001cb80c80000), size 13107200, SharedBaseAddress: 0x000001cb80000000, ArchiveRelocationMode: 1.
Compressed class space mapped at: 0x000001cb81000000-0x000001cbc1000000, reserved size: 1073741824
Narrow klass base: 0x000001cb80000000, Narrow klass shift: 0, Narrow klass range: 0x100000000

GC Precious Log:
 CardTable entry size: 512
 Card Set container configuration: InlinePtr #cards 4 size 8 Array Of Cards #cards 16 size 48 Howl #buckets 8 coarsen threshold 3686 Howl Bitmap #cards 512 size 80 coarsen threshold 460 Card regions per heap region 1 cards per card region 4096
 CPUs: 32 total, 32 available
 Memory: 16068M
 Large Page Support: Disabled
 NUMA Support: Disabled
 Compressed Oops: Enabled (Zero based)
 Heap Region Size: 2M
 Heap Min Capacity: 8M
 Heap Initial Capacity: 252M
 Heap Max Capacity: 4018M
 Pre-touch: Disabled
 Parallel Workers: 23
 Concurrent Workers: 6
 Concurrent Refinement Workers: 23
 Periodic GC: Disabled

Heap:
 garbage-first heap   total 258048K, used 25445K [0x0000000704e00000, 0x0000000800000000)
  region size 2048K, 5 young (10240K), 1 survivors (2048K)
 Metaspace       used 10508K, committed 10752K, reserved 1114112K
  class space    used 905K, committed 1024K, reserved 1048576K

Heap Regions: E=young(eden), S=young(survivor), O=old, HS=humongous(starts), HC=humongous(continues), CS=collection set, F=free, TAMS=top-at-mark-start, PB=parsable bottom
|   0|0x0000000704e00000, 0x0000000705000000, 0x0000000705000000|100%|HS|  |TAMS 0x0000000704e00000| PB 0x0000000704e00000| Complete 
|   1|0x0000000705000000, 0x0000000705200000, 0x0000000705200000|100%|HS|  |TAMS 0x0000000705000000| PB 0x0000000705000000| Complete 
|   2|0x0000000705200000, 0x0000000705400000, 0x0000000705400000|100%|HS|  |TAMS 0x0000000705200000| PB 0x0000000705200000| Complete 
|   3|0x0000000705400000, 0x0000000705600000, 0x0000000705600000|100%|HC|  |TAMS 0x0000000705400000| PB 0x0000000705400000| Complete 
|   4|0x0000000705600000, 0x0000000705800000, 0x0000000705800000|100%|HS|  |TAMS 0x0000000705600000| PB 0x0000000705600000| Complete 
|   5|0x0000000705800000, 0x0000000705a00000, 0x0000000705a00000|100%|HS|  |TAMS 0x0000000705800000| PB 0x0000000705800000| Complete 
|   6|0x0000000705a00000, 0x0000000705c00000, 0x0000000705c00000|100%|HS|  |TAMS 0x0000000705a00000| PB 0x0000000705a00000| Complete 
|   7|0x0000000705c00000, 0x0000000705e00000, 0x0000000705e00000|100%|HC|  |TAMS 0x0000000705c00000| PB 0x0000000705c00000| Complete 
|   8|0x0000000705e00000, 0x0000000705e00000, 0x0000000706000000|  0%| F|  |TAMS 0x0000000705e00000| PB 0x0000000705e00000| Untracked 
|   9|0x0000000706000000, 0x0000000706000000, 0x0000000706200000|  0%| F|  |TAMS 0x0000000706000000| PB 0x0000000706000000| Untracked 
|  10|0x0000000706200000, 0x0000000706400000, 0x0000000706400000|100%| O|  |TAMS 0x0000000706200000| PB 0x0000000706200000| Untracked 
|  11|0x0000000706400000, 0x000000070651a840, 0x0000000706600000| 55%| O|  |TAMS 0x0000000706400000| PB 0x0000000706400000| Untracked 
|  12|0x0000000706600000, 0x0000000706600000, 0x0000000706800000|  0%| F|  |TAMS 0x0000000706600000| PB 0x0000000706600000| Untracked 
|  13|0x0000000706800000, 0x0000000706800000, 0x0000000706a00000|  0%| F|  |TAMS 0x0000000706800000| PB 0x0000000706800000| Untracked 
|  14|0x0000000706a00000, 0x0000000706a00000, 0x0000000706c00000|  0%| F|  |TAMS 0x0000000706a00000| PB 0x0000000706a00000| Untracked 
|  15|0x0000000706c00000, 0x0000000706c00000, 0x0000000706e00000|  0%| F|  |TAMS 0x0000000706c00000| PB 0x0000000706c00000| Untracked 
|  16|0x0000000706e00000, 0x0000000706e00000, 0x0000000707000000|  0%| F|  |TAMS 0x0000000706e00000| PB 0x0000000706e00000| Untracked 
|  17|0x0000000707000000, 0x0000000707000000, 0x0000000707200000|  0%| F|  |TAMS 0x0000000707000000| PB 0x0000000707000000| Untracked 
|  18|0x0000000707200000, 0x0000000707200000, 0x0000000707400000|  0%| F|  |TAMS 0x0000000707200000| PB 0x0000000707200000| Untracked 
|  19|0x0000000707400000, 0x0000000707400000, 0x0000000707600000|  0%| F|  |TAMS 0x0000000707400000| PB 0x0000000707400000| Untracked 
|  20|0x0000000707600000, 0x0000000707600000, 0x0000000707800000|  0%| F|  |TAMS 0x0000000707600000| PB 0x0000000707600000| Untracked 
|  21|0x0000000707800000, 0x0000000707800000, 0x0000000707a00000|  0%| F|  |TAMS 0x0000000707800000| PB 0x0000000707800000| Untracked 
|  22|0x0000000707a00000, 0x0000000707a00000, 0x0000000707c00000|  0%| F|  |TAMS 0x0000000707a00000| PB 0x0000000707a00000| Untracked 
|  23|0x0000000707c00000, 0x0000000707c00000, 0x0000000707e00000|  0%| F|  |TAMS 0x0000000707c00000| PB 0x0000000707c00000| Untracked 
|  24|0x0000000707e00000, 0x0000000707e00000, 0x0000000708000000|  0%| F|  |TAMS 0x0000000707e00000| PB 0x0000000707e00000| Untracked 
|  25|0x0000000708000000, 0x0000000708000000, 0x0000000708200000|  0%| F|  |TAMS 0x0000000708000000| PB 0x0000000708000000| Untracked 
|  26|0x0000000708200000, 0x0000000708200000, 0x0000000708400000|  0%| F|  |TAMS 0x0000000708200000| PB 0x0000000708200000| Untracked 
|  27|0x0000000708400000, 0x0000000708400000, 0x0000000708600000|  0%| F|  |TAMS 0x0000000708400000| PB 0x0000000708400000| Untracked 
|  28|0x0000000708600000, 0x0000000708600000, 0x0000000708800000|  0%| F|  |TAMS 0x0000000708600000| PB 0x0000000708600000| Untracked 
|  29|0x0000000708800000, 0x0000000708800000, 0x0000000708a00000|  0%| F|  |TAMS 0x0000000708800000| PB 0x0000000708800000| Untracked 
|  30|0x0000000708a00000, 0x0000000708a00000, 0x0000000708c00000|  0%| F|  |TAMS 0x0000000708a00000| PB 0x0000000708a00000| Untracked 
|  31|0x0000000708c00000, 0x0000000708c00000, 0x0000000708e00000|  0%| F|  |TAMS 0x0000000708c00000| PB 0x0000000708c00000| Untracked 
|  32|0x0000000708e00000, 0x0000000708e00000, 0x0000000709000000|  0%| F|  |TAMS 0x0000000708e00000| PB 0x0000000708e00000| Untracked 
|  33|0x0000000709000000, 0x0000000709000000, 0x0000000709200000|  0%| F|  |TAMS 0x0000000709000000| PB 0x0000000709000000| Untracked 
|  34|0x0000000709200000, 0x0000000709200000, 0x0000000709400000|  0%| F|  |TAMS 0x0000000709200000| PB 0x0000000709200000| Untracked 
|  35|0x0000000709400000, 0x0000000709400000, 0x0000000709600000|  0%| F|  |TAMS 0x0000000709400000| PB 0x0000000709400000| Untracked 
|  36|0x0000000709600000, 0x0000000709600000, 0x0000000709800000|  0%| F|  |TAMS 0x0000000709600000| PB 0x0000000709600000| Untracked 
|  37|0x0000000709800000, 0x0000000709800000, 0x0000000709a00000|  0%| F|  |TAMS 0x0000000709800000| PB 0x0000000709800000| Untracked 
|  38|0x0000000709a00000, 0x0000000709a00000, 0x0000000709c00000|  0%| F|  |TAMS 0x0000000709a00000| PB 0x0000000709a00000| Untracked 
|  39|0x0000000709c00000, 0x0000000709c00000, 0x0000000709e00000|  0%| F|  |TAMS 0x0000000709c00000| PB 0x0000000709c00000| Untracked 
|  40|0x0000000709e00000, 0x0000000709e00000, 0x000000070a000000|  0%| F|  |TAMS 0x0000000709e00000| PB 0x0000000709e00000| Untracked 
|  41|0x000000070a000000, 0x000000070a000000, 0x000000070a200000|  0%| F|  |TAMS 0x000000070a000000| PB 0x000000070a000000| Untracked 
|  42|0x000000070a200000, 0x000000070a200000, 0x000000070a400000|  0%| F|  |TAMS 0x000000070a200000| PB 0x000000070a200000| Untracked 
|  43|0x000000070a400000, 0x000000070a400000, 0x000000070a600000|  0%| F|  |TAMS 0x000000070a400000| PB 0x000000070a400000| Untracked 
|  44|0x000000070a600000, 0x000000070a600000, 0x000000070a800000|  0%| F|  |TAMS 0x000000070a600000| PB 0x000000070a600000| Untracked 
|  45|0x000000070a800000, 0x000000070a800000, 0x000000070aa00000|  0%| F|  |TAMS 0x000000070a800000| PB 0x000000070a800000| Untracked 
|  46|0x000000070aa00000, 0x000000070aa00000, 0x000000070ac00000|  0%| F|  |TAMS 0x000000070aa00000| PB 0x000000070aa00000| Untracked 
|  47|0x000000070ac00000, 0x000000070ac00000, 0x000000070ae00000|  0%| F|  |TAMS 0x000000070ac00000| PB 0x000000070ac00000| Untracked 
|  48|0x000000070ae00000, 0x000000070ae00000, 0x000000070b000000|  0%| F|  |TAMS 0x000000070ae00000| PB 0x000000070ae00000| Untracked 
|  49|0x000000070b000000, 0x000000070b000000, 0x000000070b200000|  0%| F|  |TAMS 0x000000070b000000| PB 0x000000070b000000| Untracked 
|  50|0x000000070b200000, 0x000000070b200000, 0x000000070b400000|  0%| F|  |TAMS 0x000000070b200000| PB 0x000000070b200000| Untracked 
|  51|0x000000070b400000, 0x000000070b400000, 0x000000070b600000|  0%| F|  |TAMS 0x000000070b400000| PB 0x000000070b400000| Untracked 
|  52|0x000000070b600000, 0x000000070b600000, 0x000000070b800000|  0%| F|  |TAMS 0x000000070b600000| PB 0x000000070b600000| Untracked 
|  53|0x000000070b800000, 0x000000070b800000, 0x000000070ba00000|  0%| F|  |TAMS 0x000000070b800000| PB 0x000000070b800000| Untracked 
|  54|0x000000070ba00000, 0x000000070ba00000, 0x000000070bc00000|  0%| F|  |TAMS 0x000000070ba00000| PB 0x000000070ba00000| Untracked 
|  55|0x000000070bc00000, 0x000000070bc00000, 0x000000070be00000|  0%| F|  |TAMS 0x000000070bc00000| PB 0x000000070bc00000| Untracked 
|  56|0x000000070be00000, 0x000000070be00000, 0x000000070c000000|  0%| F|  |TAMS 0x000000070be00000| PB 0x000000070be00000| Untracked 
|  57|0x000000070c000000, 0x000000070c000000, 0x000000070c200000|  0%| F|  |TAMS 0x000000070c000000| PB 0x000000070c000000| Untracked 
|  58|0x000000070c200000, 0x000000070c200000, 0x000000070c400000|  0%| F|  |TAMS 0x000000070c200000| PB 0x000000070c200000| Untracked 
|  59|0x000000070c400000, 0x000000070c400000, 0x000000070c600000|  0%| F|  |TAMS 0x000000070c400000| PB 0x000000070c400000| Untracked 
|  60|0x000000070c600000, 0x000000070c600000, 0x000000070c800000|  0%| F|  |TAMS 0x000000070c600000| PB 0x000000070c600000| Untracked 
|  61|0x000000070c800000, 0x000000070c800000, 0x000000070ca00000|  0%| F|  |TAMS 0x000000070c800000| PB 0x000000070c800000| Untracked 
|  62|0x000000070ca00000, 0x000000070ca00000, 0x000000070cc00000|  0%| F|  |TAMS 0x000000070ca00000| PB 0x000000070ca00000| Untracked 
|  63|0x000000070cc00000, 0x000000070cc00000, 0x000000070ce00000|  0%| F|  |TAMS 0x000000070cc00000| PB 0x000000070cc00000| Untracked 
|  64|0x000000070ce00000, 0x000000070ce00000, 0x000000070d000000|  0%| F|  |TAMS 0x000000070ce00000| PB 0x000000070ce00000| Untracked 
|  65|0x000000070d000000, 0x000000070d000000, 0x000000070d200000|  0%| F|  |TAMS 0x000000070d000000| PB 0x000000070d000000| Untracked 
|  66|0x000000070d200000, 0x000000070d200000, 0x000000070d400000|  0%| F|  |TAMS 0x000000070d200000| PB 0x000000070d200000| Untracked 
|  67|0x000000070d400000, 0x000000070d400000, 0x000000070d600000|  0%| F|  |TAMS 0x000000070d400000| PB 0x000000070d400000| Untracked 
|  68|0x000000070d600000, 0x000000070d600000, 0x000000070d800000|  0%| F|  |TAMS 0x000000070d600000| PB 0x000000070d600000| Untracked 
|  69|0x000000070d800000, 0x000000070d800000, 0x000000070da00000|  0%| F|  |TAMS 0x000000070d800000| PB 0x000000070d800000| Untracked 
|  70|0x000000070da00000, 0x000000070da00000, 0x000000070dc00000|  0%| F|  |TAMS 0x000000070da00000| PB 0x000000070da00000| Untracked 
|  71|0x000000070dc00000, 0x000000070dc00000, 0x000000070de00000|  0%| F|  |TAMS 0x000000070dc00000| PB 0x000000070dc00000| Untracked 
|  72|0x000000070de00000, 0x000000070de00000, 0x000000070e000000|  0%| F|  |TAMS 0x000000070de00000| PB 0x000000070de00000| Untracked 
|  73|0x000000070e000000, 0x000000070e000000, 0x000000070e200000|  0%| F|  |TAMS 0x000000070e000000| PB 0x000000070e000000| Untracked 
|  74|0x000000070e200000, 0x000000070e200000, 0x000000070e400000|  0%| F|  |TAMS 0x000000070e200000| PB 0x000000070e200000| Untracked 
|  75|0x000000070e400000, 0x000000070e400000, 0x000000070e600000|  0%| F|  |TAMS 0x000000070e400000| PB 0x000000070e400000| Untracked 
|  76|0x000000070e600000, 0x000000070e600000, 0x000000070e800000|  0%| F|  |TAMS 0x000000070e600000| PB 0x000000070e600000| Untracked 
|  77|0x000000070e800000, 0x000000070e800000, 0x000000070ea00000|  0%| F|  |TAMS 0x000000070e800000| PB 0x000000070e800000| Untracked 
|  78|0x000000070ea00000, 0x000000070ea00000, 0x000000070ec00000|  0%| F|  |TAMS 0x000000070ea00000| PB 0x000000070ea00000| Untracked 
|  79|0x000000070ec00000, 0x000000070ec00000, 0x000000070ee00000|  0%| F|  |TAMS 0x000000070ec00000| PB 0x000000070ec00000| Untracked 
|  80|0x000000070ee00000, 0x000000070ee00000, 0x000000070f000000|  0%| F|  |TAMS 0x000000070ee00000| PB 0x000000070ee00000| Untracked 
|  81|0x000000070f000000, 0x000000070f000000, 0x000000070f200000|  0%| F|  |TAMS 0x000000070f000000| PB 0x000000070f000000| Untracked 
|  82|0x000000070f200000, 0x000000070f200000, 0x000000070f400000|  0%| F|  |TAMS 0x000000070f200000| PB 0x000000070f200000| Untracked 
|  83|0x000000070f400000, 0x000000070f400000, 0x000000070f600000|  0%| F|  |TAMS 0x000000070f400000| PB 0x000000070f400000| Untracked 
|  84|0x000000070f600000, 0x000000070f600000, 0x000000070f800000|  0%| F|  |TAMS 0x000000070f600000| PB 0x000000070f600000| Untracked 
|  85|0x000000070f800000, 0x000000070f800000, 0x000000070fa00000|  0%| F|  |TAMS 0x000000070f800000| PB 0x000000070f800000| Untracked 
|  86|0x000000070fa00000, 0x000000070fa00000, 0x000000070fc00000|  0%| F|  |TAMS 0x000000070fa00000| PB 0x000000070fa00000| Untracked 
|  87|0x000000070fc00000, 0x000000070fc00000, 0x000000070fe00000|  0%| F|  |TAMS 0x000000070fc00000| PB 0x000000070fc00000| Untracked 
|  88|0x000000070fe00000, 0x000000070fe00000, 0x0000000710000000|  0%| F|  |TAMS 0x000000070fe00000| PB 0x000000070fe00000| Untracked 
|  89|0x0000000710000000, 0x0000000710000000, 0x0000000710200000|  0%| F|  |TAMS 0x0000000710000000| PB 0x0000000710000000| Untracked 
|  90|0x0000000710200000, 0x0000000710200000, 0x0000000710400000|  0%| F|  |TAMS 0x0000000710200000| PB 0x0000000710200000| Untracked 
|  91|0x0000000710400000, 0x0000000710400000, 0x0000000710600000|  0%| F|  |TAMS 0x0000000710400000| PB 0x0000000710400000| Untracked 
|  92|0x0000000710600000, 0x0000000710600000, 0x0000000710800000|  0%| F|  |TAMS 0x0000000710600000| PB 0x0000000710600000| Untracked 
|  93|0x0000000710800000, 0x0000000710800000, 0x0000000710a00000|  0%| F|  |TAMS 0x0000000710800000| PB 0x0000000710800000| Untracked 
|  94|0x0000000710a00000, 0x0000000710a00000, 0x0000000710c00000|  0%| F|  |TAMS 0x0000000710a00000| PB 0x0000000710a00000| Untracked 
|  95|0x0000000710c00000, 0x0000000710c00000, 0x0000000710e00000|  0%| F|  |TAMS 0x0000000710c00000| PB 0x0000000710c00000| Untracked 
|  96|0x0000000710e00000, 0x0000000710e00000, 0x0000000711000000|  0%| F|  |TAMS 0x0000000710e00000| PB 0x0000000710e00000| Untracked 
|  97|0x0000000711000000, 0x0000000711000000, 0x0000000711200000|  0%| F|  |TAMS 0x0000000711000000| PB 0x0000000711000000| Untracked 
|  98|0x0000000711200000, 0x0000000711200000, 0x0000000711400000|  0%| F|  |TAMS 0x0000000711200000| PB 0x0000000711200000| Untracked 
|  99|0x0000000711400000, 0x0000000711400000, 0x0000000711600000|  0%| F|  |TAMS 0x0000000711400000| PB 0x0000000711400000| Untracked 
| 100|0x0000000711600000, 0x0000000711600000, 0x0000000711800000|  0%| F|  |TAMS 0x0000000711600000| PB 0x0000000711600000| Untracked 
| 101|0x0000000711800000, 0x0000000711800000, 0x0000000711a00000|  0%| F|  |TAMS 0x0000000711800000| PB 0x0000000711800000| Untracked 
| 102|0x0000000711a00000, 0x0000000711a00000, 0x0000000711c00000|  0%| F|  |TAMS 0x0000000711a00000| PB 0x0000000711a00000| Untracked 
| 103|0x0000000711c00000, 0x0000000711c00000, 0x0000000711e00000|  0%| F|  |TAMS 0x0000000711c00000| PB 0x0000000711c00000| Untracked 
| 104|0x0000000711e00000, 0x0000000711e00000, 0x0000000712000000|  0%| F|  |TAMS 0x0000000711e00000| PB 0x0000000711e00000| Untracked 
| 105|0x0000000712000000, 0x0000000712000000, 0x0000000712200000|  0%| F|  |TAMS 0x0000000712000000| PB 0x0000000712000000| Untracked 
| 106|0x0000000712200000, 0x0000000712200000, 0x0000000712400000|  0%| F|  |TAMS 0x0000000712200000| PB 0x0000000712200000| Untracked 
| 107|0x0000000712400000, 0x0000000712400000, 0x0000000712600000|  0%| F|  |TAMS 0x0000000712400000| PB 0x0000000712400000| Untracked 
| 108|0x0000000712600000, 0x00000007127bedf0, 0x0000000712800000| 87%| S|CS|TAMS 0x0000000712600000| PB 0x0000000712600000| Complete 
| 109|0x0000000712800000, 0x0000000712800000, 0x0000000712a00000|  0%| F|  |TAMS 0x0000000712800000| PB 0x0000000712800000| Untracked 
| 110|0x0000000712a00000, 0x0000000712a00000, 0x0000000712c00000|  0%| F|  |TAMS 0x0000000712a00000| PB 0x0000000712a00000| Untracked 
| 111|0x0000000712c00000, 0x0000000712c00000, 0x0000000712e00000|  0%| F|  |TAMS 0x0000000712c00000| PB 0x0000000712c00000| Untracked 
| 112|0x0000000712e00000, 0x0000000712e00000, 0x0000000713000000|  0%| F|  |TAMS 0x0000000712e00000| PB 0x0000000712e00000| Untracked 
| 113|0x0000000713000000, 0x0000000713000000, 0x0000000713200000|  0%| F|  |TAMS 0x0000000713000000| PB 0x0000000713000000| Untracked 
| 114|0x0000000713200000, 0x0000000713200000, 0x0000000713400000|  0%| F|  |TAMS 0x0000000713200000| PB 0x0000000713200000| Untracked 
| 115|0x0000000713400000, 0x0000000713400000, 0x0000000713600000|  0%| F|  |TAMS 0x0000000713400000| PB 0x0000000713400000| Untracked 
| 116|0x0000000713600000, 0x0000000713600000, 0x0000000713800000|  0%| F|  |TAMS 0x0000000713600000| PB 0x0000000713600000| Untracked 
| 117|0x0000000713800000, 0x0000000713800000, 0x0000000713a00000|  0%| F|  |TAMS 0x0000000713800000| PB 0x0000000713800000| Untracked 
| 118|0x0000000713a00000, 0x0000000713a00000, 0x0000000713c00000|  0%| F|  |TAMS 0x0000000713a00000| PB 0x0000000713a00000| Untracked 
| 119|0x0000000713c00000, 0x0000000713c00000, 0x0000000713e00000|  0%| F|  |TAMS 0x0000000713c00000| PB 0x0000000713c00000| Untracked 
| 120|0x0000000713e00000, 0x0000000713e00000, 0x0000000714000000|  0%| F|  |TAMS 0x0000000713e00000| PB 0x0000000713e00000| Untracked 
| 121|0x0000000714000000, 0x0000000714000000, 0x0000000714200000|  0%| F|  |TAMS 0x0000000714000000| PB 0x0000000714000000| Untracked 
| 122|0x0000000714200000, 0x0000000714400000, 0x0000000714400000|100%| E|  |TAMS 0x0000000714200000| PB 0x0000000714200000| Complete 
| 123|0x0000000714400000, 0x0000000714600000, 0x0000000714600000|100%| E|  |TAMS 0x0000000714400000| PB 0x0000000714400000| Complete 
| 124|0x0000000714600000, 0x0000000714800000, 0x0000000714800000|100%| E|CS|TAMS 0x0000000714600000| PB 0x0000000714600000| Complete 
| 125|0x0000000714800000, 0x0000000714a00000, 0x0000000714a00000|100%| E|CS|TAMS 0x0000000714800000| PB 0x0000000714800000| Complete 

Card table byte_map: [0x000001cbdd4e0000,0x000001cbddcc0000] _byte_map_base: 0x000001cbd9cb9000

Marking Bits: (CMBitMap*) 0x000001cbc4316140
 Bits: [0x000001cbddcc0000, 0x000001cbe1b88000)

Polling page: 0x000001cbc1e60000

Metaspace:

Usage:
  Non-class:      9.38 MB used.
      Class:    905.16 KB used.
       Both:     10.26 MB used.

Virtual space:
  Non-class space:       64.00 MB reserved,       9.50 MB ( 15%) committed,  1 nodes.
      Class space:        1.00 GB reserved,       1.00 MB ( <1%) committed,  1 nodes.
             Both:        1.06 GB reserved,      10.50 MB ( <1%) committed. 

Chunk freelists:
   Non-Class:  5.39 MB
       Class:  15.02 MB
        Both:  20.41 MB

MaxMetaspaceSize: unlimited
CompressedClassSpaceSize: 1.00 GB
Initial GC threshold: 21.00 MB
Current GC threshold: 21.00 MB
CDS: on
 - commit_granule_bytes: 65536.
 - commit_granule_words: 8192.
 - virtual_space_node_default_size: 8388608.
 - enlarge_chunks_in_place: 1.
 - use_allocation_guard: 0.


Internal statistics:

num_allocs_failed_limit: 0.
num_arena_births: 174.
num_arena_deaths: 0.
num_vsnodes_births: 2.
num_vsnodes_deaths: 0.
num_space_committed: 166.
num_space_uncommitted: 0.
num_chunks_returned_to_freelist: 0.
num_chunks_taken_from_freelist: 482.
num_chunk_merges: 0.
num_chunk_splits: 341.
num_chunks_enlarged: 266.
num_inconsistent_stats: 0.

CodeHeap 'non-profiled nmethods': size=118848Kb used=1361Kb max_used=1361Kb free=117486Kb
 bounds [0x000001cbd4590000, 0x000001cbd4800000, 0x000001cbdb9a0000]
CodeHeap 'profiled nmethods': size=118848Kb used=5025Kb max_used=5025Kb free=113823Kb
 bounds [0x000001cbcc9a0000, 0x000001cbcce90000, 0x000001cbd3db0000]
CodeHeap 'non-nmethods': size=8064Kb used=3292Kb max_used=4459Kb free=4772Kb
 bounds [0x000001cbd3db0000, 0x000001cbd4210000, 0x000001cbd4590000]
CodeCache: size=245760Kb, used=9678Kb, max_used=10845Kb, free=236081Kb
 total_blobs=3874, nmethods=2749, adapters=1028, full_count=0
Compilation: enabled, stopped_count=0, restarted_count=0

Compilation events (20 events):
Event: 8.972 Thread 0x000001cbe58640f0 nmethod 2732 0x000001cbcce80390 code [0x000001cbcce80560, 0x000001cbcce80980]
Event: 8.972 Thread 0x000001cbe58640f0 2734       3       com.badlogic.gdx.utils.LongMap::put (128 bytes)
Event: 8.973 Thread 0x000001cbec38a5d0 2735       3       com.csse3200.game.events.EventHandler::registerListener (58 bytes)
Event: 8.973 Thread 0x000001cbe58640f0 nmethod 2734 0x000001cbcce80b90 code [0x000001cbcce80da0, 0x000001cbcce814a8]
Event: 8.973 Thread 0x000001cbe1e89f80 nmethod 2728 0x000001cbd46e0a90 code [0x000001cbd46e0c60, 0x000001cbd46e0ef8]
Event: 8.973 Thread 0x000001cbe1e89f80 2731       4       java.lang.Object::equals (11 bytes)
Event: 8.973 Thread 0x000001cbec38a5d0 nmethod 2735 0x000001cbcce81710 code [0x000001cbcce81920, 0x000001cbcce820e8]
Event: 8.973 Thread 0x000001cbe1e89f80 nmethod 2731 0x000001cbd46e1090 code [0x000001cbd46e1220, 0x000001cbd46e12b8]
Event: 8.974 Thread 0x000001cbec38a5d0 2736   !   3       java.util.concurrent.ConcurrentHashMap::replaceNode (437 bytes)
Event: 8.974 Thread 0x000001cbe58640f0 2737       3       java.util.concurrent.ConcurrentHashMap::remove (8 bytes)
Event: 8.974 Thread 0x000001cbe58640f0 nmethod 2737 0x000001cbcce82390 code [0x000001cbcce82540, 0x000001cbcce82690]
Event: 8.974 Thread 0x000001cbe58640f0 2738       3       java.lang.invoke.DirectMethodHandle::preparedLambdaForm (6 bytes)
Event: 8.975 Thread 0x000001cbe58640f0 nmethod 2738 0x000001cbcce82710 code [0x000001cbcce828c0, 0x000001cbcce829e0]
Event: 8.975 Thread 0x000001cbec38a5d0 nmethod 2736 0x000001cbcce82a90 code [0x000001cbcce82e00, 0x000001cbcce845e8]
Event: 8.975 Thread 0x000001cbec38a5d0 2739       3       javazoom.jl.decoder.LayerIIIDecoder::decode (572 bytes)
Event: 8.976 Thread 0x000001cbec38a5d0 nmethod 2739 0x000001cbcce85310 code [0x000001cbcce856c0, 0x000001cbcce86958]
Event: 8.976 Thread 0x000001cbe1e89f80 2740       4       javazoom.jl.decoder.LayerIIIDecoder::antialias (198 bytes)
Event: 8.979 Thread 0x000001cbec38a5d0 2748       3       com.badlogic.gdx.utils.IntMap$Values::<init> (6 bytes)
Event: 8.979 Thread 0x000001cbe1e9ca30 2749       3       com.badlogic.gdx.utils.IntMap$MapIterator::<init> (19 bytes)
Event: 8.979 Thread 0x000001cbe58640f0 2750       2       com.badlogic.gdx.utils.Array::add (48 bytes)

GC Heap History (4 events):
Event: 0.845 GC heap before
{Heap before GC invocations=0 (full 0):
 garbage-first heap   total 258048K, used 26624K [0x0000000704e00000, 0x0000000800000000)
  region size 2048K, 11 young (22528K), 0 survivors (0K)
 Metaspace       used 7088K, committed 7232K, reserved 1114112K
  class space    used 558K, committed 640K, reserved 1048576K
}
Event: 0.848 GC heap after
{Heap after GC invocations=1 (full 0):
 garbage-first heap   total 258048K, used 3795K [0x0000000704e00000, 0x0000000800000000)
  region size 2048K, 2 young (4096K), 2 survivors (4096K)
 Metaspace       used 7088K, committed 7232K, reserved 1114112K
  class space    used 558K, committed 640K, reserved 1048576K
}
Event: 8.496 GC heap before
{Heap before GC invocations=1 (full 0):
 garbage-first heap   total 258048K, used 52947K [0x0000000704e00000, 0x0000000800000000)
  region size 2048K, 17 young (34816K), 2 survivors (4096K)
 Metaspace       used 10422K, committed 10688K, reserved 1114112K
  class space    used 899K, committed 1024K, reserved 1048576K
}
Event: 8.499 GC heap after
{Heap after GC invocations=2 (full 0):
 garbage-first heap   total 258048K, used 4965K [0x0000000704e00000, 0x0000000800000000)
  region size 2048K, 1 young (2048K), 1 survivors (2048K)
 Metaspace       used 10422K, committed 10688K, reserved 1114112K
  class space    used 899K, committed 1024K, reserved 1048576K
}

Dll operation events (11 events):
Event: 0.004 Loaded shared library C:\Users\darie\.jdks\ms-21.0.8\bin\java.dll
Event: 0.021 Loaded shared library C:\Users\darie\.jdks\ms-21.0.8\bin\jsvml.dll
Event: 0.047 Loaded shared library C:\Users\darie\.jdks\ms-21.0.8\bin\net.dll
Event: 0.048 Loaded shared library C:\Users\darie\.jdks\ms-21.0.8\bin\nio.dll
Event: 0.049 Loaded shared library C:\Users\darie\.jdks\ms-21.0.8\bin\zip.dll
Event: 0.085 Loaded shared library C:\Users\darie\.jdks\ms-21.0.8\bin\verify.dll
Event: 0.088 Loaded shared library C:\Users\darie\.jdks\ms-21.0.8\bin\jimage.dll
Event: 0.108 Loaded shared library C:\Users\darie\AppData\Local\Temp\libgdxAbdul Qadir\e787ab0a\gdx64.dll
Event: 0.137 Loaded shared library C:\Users\darie\AppData\Local\Temp\lwjglAbdul Qadir\3.3.1-build-7\lwjgl.dll
Event: 0.328 Loaded shared library C:\Users\darie\AppData\Local\Temp\lwjglAbdul Qadir\3.3.1-build-7\lwjgl_opengl.dll
Event: 1.523 Loaded shared library C:\Users\darie\AppData\Local\Temp\libgdxAbdul Qadir\888fe1bc\gdx-box2d64.dll

Deoptimization events (20 events):
Event: 8.977 Thread 0x000001cbc1ee3a70 DEOPT PACKING pc=0x000001cbcce866e9 sp=0x0000007f5bbff1e0
Event: 8.977 Thread 0x000001cbc1ee3a70 DEOPT UNPACKING pc=0x000001cbd3e04e42 sp=0x0000007f5bbfe688 mode 0
Event: 8.977 Thread 0x000001cbc1ee3a70 DEOPT PACKING pc=0x000001cbcce866e9 sp=0x0000007f5bbff1e0
Event: 8.977 Thread 0x000001cbc1ee3a70 DEOPT UNPACKING pc=0x000001cbd3e04e42 sp=0x0000007f5bbfe688 mode 0
Event: 8.977 Thread 0x000001cbc1ee3a70 DEOPT PACKING pc=0x000001cbccd7c265 sp=0x0000007f5bbff190
Event: 8.977 Thread 0x000001cbc1ee3a70 DEOPT UNPACKING pc=0x000001cbd3e04e42 sp=0x0000007f5bbfe5f0 mode 0
Event: 8.977 Thread 0x000001cbc1ee3a70 DEOPT PACKING pc=0x000001cbcce86677 sp=0x0000007f5bbff1e0
Event: 8.977 Thread 0x000001cbc1ee3a70 DEOPT UNPACKING pc=0x000001cbd3e04e42 sp=0x0000007f5bbfe688 mode 0
Event: 8.977 Thread 0x000001cbc1ee3a70 DEOPT PACKING pc=0x000001cbcce86765 sp=0x0000007f5bbff1e0
Event: 8.977 Thread 0x000001cbc1ee3a70 DEOPT UNPACKING pc=0x000001cbd3e04e42 sp=0x0000007f5bbfe688 mode 0
Event: 8.978 Thread 0x000001cbc1ee3a70 DEOPT PACKING pc=0x000001cbcce86765 sp=0x0000007f5bbff1e0
Event: 8.978 Thread 0x000001cbc1ee3a70 DEOPT UNPACKING pc=0x000001cbd3e04e42 sp=0x0000007f5bbfe688 mode 0
Event: 8.978 Thread 0x000001cbc1ee3a70 DEOPT PACKING pc=0x000001cbcce86765 sp=0x0000007f5bbff1e0
Event: 8.978 Thread 0x000001cbc1ee3a70 DEOPT UNPACKING pc=0x000001cbd3e04e42 sp=0x0000007f5bbfe688 mode 0
Event: 8.978 Thread 0x000001cbc1ee3a70 DEOPT PACKING pc=0x000001cbcce86765 sp=0x0000007f5bbff1e0
Event: 8.978 Thread 0x000001cbc1ee3a70 DEOPT UNPACKING pc=0x000001cbd3e04e42 sp=0x0000007f5bbfe688 mode 0
Event: 8.978 Thread 0x000001cbc1ee3a70 DEOPT PACKING pc=0x000001cbccd7c265 sp=0x0000007f5bbff190
Event: 8.978 Thread 0x000001cbc1ee3a70 DEOPT UNPACKING pc=0x000001cbd3e04e42 sp=0x0000007f5bbfe5f0 mode 0
Event: 8.978 Thread 0x000001cbc1ee3a70 DEOPT PACKING pc=0x000001cbcce86765 sp=0x0000007f5bbff1e0
Event: 8.978 Thread 0x000001cbc1ee3a70 DEOPT UNPACKING pc=0x000001cbd3e04e42 sp=0x0000007f5bbfe688 mode 0

Classes loaded (20 events):
Event: 3.071 Loading class java/io/ClassCache$1
Event: 3.071 Loading class java/io/ClassCache$1 done
Event: 3.071 Loading class java/io/ObjectStreamClass$Caches$2
Event: 3.071 Loading class java/io/ObjectStreamClass$Caches$2 done
Event: 3.071 Loading class java/lang/reflect/Proxy
Event: 3.071 Loading class java/lang/reflect/Proxy done
Event: 3.071 Loading class java/lang/reflect/InvocationHandler
Event: 3.071 Loading class java/lang/reflect/InvocationHandler done
Event: 3.071 Loading class java/lang/reflect/Proxy$1
Event: 3.071 Loading class java/lang/reflect/Proxy$1 done
Event: 3.071 Loading class java/io/ObjectStreamClass$2
Event: 3.071 Loading class java/io/ObjectStreamClass$2 done
Event: 3.071 Loading class java/io/ClassCache$CacheRef
Event: 3.071 Loading class java/io/ClassCache$CacheRef done
Event: 3.071 Loading class java/io/ObjectStreamClass$FieldReflectorKey
Event: 3.071 Loading class java/io/ObjectStreamClass$FieldReflectorKey done
Event: 3.071 Loading class java/io/ObjectStreamClass$FieldReflector
Event: 3.071 Loading class java/io/ObjectStreamClass$FieldReflector done
Event: 3.071 Loading class java/io/ObjectStreamClass$ExceptionInfo
Event: 3.071 Loading class java/io/ObjectStreamClass$ExceptionInfo done

Classes unloaded (0 events):
No events

Classes redefined (0 events):
No events

Internal exceptions (20 events):
Event: 0.324 Thread 0x000001cbc1ee3a70 Exception <a 'java/lang/NoSuchMethodError'{0x0000000713f75878}: 'void java.lang.System.load(java.lang.String, java.lang.Class)'> (0x0000000713f75878) 
thrown [s\src\hotspot\share\interpreter\linkResolver.cpp, line 773]
Event: 0.325 Thread 0x000001cbc1ee3a70 Exception <a 'java/lang/NoSuchMethodError'{0x0000000713f782e8}: 'void java.lang.System.loadLibrary(java.lang.String, java.lang.Class)'> (0x0000000713f782e8) 
thrown [s\src\hotspot\share\interpreter\linkResolver.cpp, line 773]
Event: 0.327 Thread 0x000001cbc1ee3a70 Exception <a 'sun/nio/fs/WindowsException'{0x0000000713f87f48}> (0x0000000713f87f48) 
thrown [s\src\hotspot\share\prims\jni.cpp, line 520]
Event: 0.327 Thread 0x000001cbc1ee3a70 Exception <a 'sun/nio/fs/WindowsException'{0x0000000713f88308}> (0x0000000713f88308) 
thrown [s\src\hotspot\share\prims\jni.cpp, line 520]
Event: 0.328 Thread 0x000001cbc1ee3a70 Exception <a 'sun/nio/fs/WindowsException'{0x0000000713f8e9c0}> (0x0000000713f8e9c0) 
thrown [s\src\hotspot\share\prims\jni.cpp, line 520]
Event: 0.328 Thread 0x000001cbc1ee3a70 Exception <a 'sun/nio/fs/WindowsException'{0x0000000713f8ecc0}> (0x0000000713f8ecc0) 
thrown [s\src\hotspot\share\prims\jni.cpp, line 520]
Event: 0.561 Thread 0x000001cbc1ee3a70 Exception <a 'java/lang/ClassNotFoundException'{0x0000000713a8b308}: sun/util/logging/resources/spi/loggingProvider> (0x0000000713a8b308) 
thrown [s\src\hotspot\share\classfile\systemDictionary.cpp, line 312]
Event: 0.572 Thread 0x000001cbc1ee3a70 Exception <a 'java/io/FileNotFoundException'{0x0000000713b7b098}> (0x0000000713b7b098) 
thrown [s\src\hotspot\share\prims\jni.cpp, line 520]
Event: 0.592 Thread 0x000001cbc1ee3a70 Exception <a 'java/lang/NoSuchMethodError'{0x0000000713bdc8f8}: 'int java.lang.invoke.DirectMethodHandle$Holder.invokeVirtual(java.lang.Object, java.lang.Object)'> (0x0000000713bdc8f8) 
thrown [s\src\hotspot\share\interpreter\linkResolver.cpp, line 773]
Event: 0.594 Thread 0x000001cbc1ee3a70 Exception <a 'java/lang/NoSuchMethodError'{0x0000000713be62a8}: 'java.lang.Object java.lang.invoke.Invokers$Holder.invokeExact_MT(java.lang.Object, java.lang.Object, java.lang.Object, java.lang.Object, java.lang.Object, java.lang.Object)'> (0x0000000713be62a8) 
thrown [s\src\hotspot\share\interpreter\linkResolver.cpp, line 773]
Event: 0.883 Thread 0x000001cbc1ee3a70 Exception <a 'java/lang/NoSuchMethodError'{0x00000007146b4f30}: 'void java.lang.invoke.Invokers$Holder.invokeExact_MT(java.lang.Object, java.lang.Object, java.lang.Object, java.lang.Object)'> (0x00000007146b4f30) 
thrown [s\src\hotspot\share\interpreter\linkResolver.cpp, line 773]
Event: 1.528 Thread 0x000001cbc1ee3a70 Exception <a 'java/lang/NoSuchMethodError'{0x0000000714582270}: 'void java.lang.invoke.DirectMethodHandle$Holder.invokeStatic(java.lang.Object, java.lang.Object, java.lang.Object)'> (0x0000000714582270) 
thrown [s\src\hotspot\share\interpreter\linkResolver.cpp, line 773]
Event: 3.043 Thread 0x000001cbc1ee3a70 Exception <a 'java/lang/NoSuchMethodError'{0x0000000713746250}: 'void java.lang.invoke.DelegatingMethodHandle$Holder.reinvoke_L(java.lang.Object, java.lang.Object, int)'> (0x0000000713746250) 
thrown [s\src\hotspot\share\interpreter\linkResolver.cpp, line 773]
Event: 3.043 Thread 0x000001cbc1ee3a70 Exception <a 'java/lang/NoSuchMethodError'{0x000000071374cb70}: 'void java.lang.invoke.Invokers$Holder.invokeExact_MT(java.lang.Object, java.lang.Object, int, java.lang.Object)'> (0x000000071374cb70) 
thrown [s\src\hotspot\share\interpreter\linkResolver.cpp, line 773]
Event: 3.047 Thread 0x000001cbc1ee3a70 Exception <a 'java/lang/NoSuchMethodError'{0x000000071377d588}: 'void java.lang.invoke.DirectMethodHandle$Holder.invokeStatic(java.lang.Object, java.lang.Object, java.lang.Object, java.lang.Object)'> (0x000000071377d588) 
thrown [s\src\hotspot\share\interpreter\linkResolver.cpp, line 773]
Event: 3.047 Thread 0x000001cbc1ee3a70 Exception <a 'java/lang/NoSuchMethodError'{0x0000000713786460}: 'void java.lang.invoke.DirectMethodHandle$Holder.invokeVirtual(java.lang.Object, java.lang.Object)'> (0x0000000713786460) 
thrown [s\src\hotspot\share\interpreter\linkResolver.cpp, line 773]
Event: 3.049 Thread 0x000001cbc1ee3a70 Exception <a 'java/lang/NoSuchMethodError'{0x000000071379e168}: 'void java.lang.invoke.DirectMethodHandle$Holder.invokeVirtual(java.lang.Object, java.lang.Object, int)'> (0x000000071379e168) 
thrown [s\src\hotspot\share\interpreter\linkResolver.cpp, line 773]
Event: 3.051 Thread 0x000001cbc1ee3a70 Exception <a 'java/lang/NoSuchMethodError'{0x00000007137be8d0}: 'void java.lang.invoke.DirectMethodHandle$Holder.invokeVirtual(java.lang.Object, java.lang.Object, int, java.lang.Object)'> (0x00000007137be8d0) 
thrown [s\src\hotspot\share\interpreter\linkResolver.cpp, line 773]
Event: 3.052 Thread 0x000001cbc1ee3a70 Exception <a 'java/lang/NoSuchMethodError'{0x00000007137d4cd0}: 'void java.lang.invoke.DirectMethodHandle$Holder.invokeSpecial(java.lang.Object, java.lang.Object, int)'> (0x00000007137d4cd0) 
thrown [s\src\hotspot\share\interpreter\linkResolver.cpp, line 773]
Event: 7.907 Thread 0x000001cbc1ee3a70 Implicit null exception at 0x000001cbd46b62e3 to 0x000001cbd46b64fc

ZGC Phase Switch (0 events):
No events

VM Operations (20 events):
Event: 0.637 Executing VM operation: HandshakeAllThreads (Deoptimize)
Event: 0.637 Executing VM operation: HandshakeAllThreads (Deoptimize) done
Event: 0.845 Executing VM operation: G1CollectForAllocation (G1 Evacuation Pause)
Event: 0.848 Executing VM operation: G1CollectForAllocation (G1 Evacuation Pause) done
Event: 0.881 Executing VM operation: HandshakeAllThreads (Deoptimize)
Event: 0.881 Executing VM operation: HandshakeAllThreads (Deoptimize) done
Event: 0.897 Executing VM operation: HandshakeAllThreads (Deoptimize)
Event: 0.897 Executing VM operation: HandshakeAllThreads (Deoptimize) done
Event: 1.896 Executing VM operation: Cleanup
Event: 1.896 Executing VM operation: Cleanup done
Event: 2.896 Executing VM operation: Cleanup
Event: 2.896 Executing VM operation: Cleanup done
Event: 4.897 Executing VM operation: Cleanup
Event: 4.897 Executing VM operation: Cleanup done
Event: 6.897 Executing VM operation: Cleanup
Event: 6.897 Executing VM operation: Cleanup done
Event: 7.898 Executing VM operation: Cleanup
Event: 7.898 Executing VM operation: Cleanup done
Event: 8.496 Executing VM operation: G1CollectForAllocation (G1 Evacuation Pause)
Event: 8.499 Executing VM operation: G1CollectForAllocation (G1 Evacuation Pause) done

Memory protections (0 events):
No events

Nmethod flushes (0 events):
No events

Events (20 events):
Event: 1.097 Thread 0x000001cbec12b790 Thread exited: 0x000001cbec12b790
Event: 1.529 Thread 0x000001cbc1ee3a70 Thread added: 0x000001cbec16ced0
Event: 3.022 Thread 0x000001cbe1e89f80 Thread added: 0x000001cbec3cd080
Event: 3.047 Thread 0x000001cbc1ee3a70 Thread added: 0x000001cbec338f40
Event: 3.143 Thread 0x000001cbe1e9ca30 Thread added: 0x000001cc11ebb060
Event: 3.146 Thread 0x000001cbe586d6f0 Thread added: 0x000001cc11db64d0
Event: 3.438 Thread 0x000001cc11db64d0 Thread exited: 0x000001cc11db64d0
Event: 3.487 Thread 0x000001cbec3cd080 Thread exited: 0x000001cbec3cd080
Event: 3.888 Thread 0x000001cbe1e89f80 Thread added: 0x000001cc12195490
Event: 4.071 Thread 0x000001cc12195490 Thread exited: 0x000001cc12195490
Event: 7.075 Thread 0x000001cbe1e89f80 Thread added: 0x000001cbe5846cb0
Event: 7.075 Thread 0x000001cbe1e89f80 Thread added: 0x000001cc12169440
Event: 7.075 Thread 0x000001cbe1e89f80 Thread added: 0x000001cc12169ae0
Event: 7.254 Thread 0x000001cc12169ae0 Thread exited: 0x000001cc12169ae0
Event: 7.254 Thread 0x000001cc12169440 Thread exited: 0x000001cc12169440
Event: 7.254 Thread 0x000001cbe5846cb0 Thread exited: 0x000001cbe5846cb0
Event: 7.254 Thread 0x000001cc11ebb060 Thread exited: 0x000001cc11ebb060
Event: 7.321 Thread 0x000001cbe586d6f0 Thread exited: 0x000001cbe586d6f0
Event: 7.321 Thread 0x000001cbebe725c0 Thread exited: 0x000001cbebe725c0
Event: 8.804 Thread 0x000001cbe1e9ca30 Thread added: 0x000001cbec38a5d0


Dynamic libraries:
0x00007ff72e670000 - 0x00007ff72e67e000 	C:\Users\darie\.jdks\ms-21.0.8\bin\java.exe
0x00007fff8dde0000 - 0x00007fff8e049000 	C:\WINDOWS\SYSTEM32\ntdll.dll
0x00007fff8c1c0000 - 0x00007fff8c289000 	C:\WINDOWS\System32\KERNEL32.DLL
0x00007fff8b3b0000 - 0x00007fff8b7a3000 	C:\WINDOWS\System32\KERNELBASE.dll
0x00007fff8b8e0000 - 0x00007fff8ba2b000 	C:\WINDOWS\System32\ucrtbase.dll
0x00007fff69630000 - 0x00007fff69648000 	C:\Users\darie\.jdks\ms-21.0.8\bin\jli.dll
0x00007fff58290000 - 0x00007fff582ae000 	C:\Users\darie\.jdks\ms-21.0.8\bin\VCRUNTIME140.dll
0x00007fff8c560000 - 0x00007fff8c724000 	C:\WINDOWS\System32\USER32.dll
0x00007fff6c8e0000 - 0x00007fff6cb73000 	C:\WINDOWS\WinSxS\amd64_microsoft.windows.common-controls_6595b64144ccf1df_6.0.26100.5074_none_3e0d6f78e32fd63f\COMCTL32.dll
0x00007fff8baf0000 - 0x00007fff8bb17000 	C:\WINDOWS\System32\win32u.dll
0x00007fff8db90000 - 0x00007fff8dc39000 	C:\WINDOWS\System32\msvcrt.dll
0x00007fff8c530000 - 0x00007fff8c55b000 	C:\WINDOWS\System32\GDI32.dll
0x00007fff8b7b0000 - 0x00007fff8b8dd000 	C:\WINDOWS\System32\gdi32full.dll
0x00007fff8b010000 - 0x00007fff8b0b3000 	C:\WINDOWS\System32\msvcp_win.dll
0x00007fff8dd60000 - 0x00007fff8dd8f000 	C:\WINDOWS\System32\IMM32.DLL
0x00007fff817d0000 - 0x00007fff817dc000 	C:\Users\darie\.jdks\ms-21.0.8\bin\vcruntime140_1.dll
0x00007ffee5e80000 - 0x00007ffee5f09000 	C:\Users\darie\.jdks\ms-21.0.8\bin\msvcp140.dll
0x00007ffe7f610000 - 0x00007ffe803bc000 	C:\Users\darie\.jdks\ms-21.0.8\bin\server\jvm.dll
0x00007fff8c460000 - 0x00007fff8c514000 	C:\WINDOWS\System32\ADVAPI32.dll
0x00007fff8d920000 - 0x00007fff8d9c6000 	C:\WINDOWS\System32\sechost.dll
0x00007fff8dc40000 - 0x00007fff8dd58000 	C:\WINDOWS\System32\RPCRT4.dll
0x00007fff8c2e0000 - 0x00007fff8c354000 	C:\WINDOWS\System32\WS2_32.dll
0x00007fff89bb0000 - 0x00007fff89c0e000 	C:\WINDOWS\SYSTEM32\POWRPROF.dll
0x00007fff7d0e0000 - 0x00007fff7d115000 	C:\WINDOWS\SYSTEM32\WINMM.dll
0x00007fff80720000 - 0x00007fff8072b000 	C:\WINDOWS\SYSTEM32\VERSION.dll
0x00007fff89b90000 - 0x00007fff89ba4000 	C:\WINDOWS\SYSTEM32\UMPDC.dll
0x00007fff89e70000 - 0x00007fff89e8b000 	C:\WINDOWS\SYSTEM32\kernel.appcore.dll
0x00007fff7fdf0000 - 0x00007fff7fdfa000 	C:\Users\darie\.jdks\ms-21.0.8\bin\jimage.dll
0x00007fff884c0000 - 0x00007fff88702000 	C:\WINDOWS\SYSTEM32\DBGHELP.DLL
0x00007fff8bbb0000 - 0x00007fff8bf2b000 	C:\WINDOWS\System32\combase.dll
0x00007fff8d070000 - 0x00007fff8d147000 	C:\WINDOWS\System32\OLEAUT32.dll
0x00007fff4dad0000 - 0x00007fff4db0d000 	C:\WINDOWS\SYSTEM32\dbgcore.DLL
0x00007fff8af70000 - 0x00007fff8b009000 	C:\WINDOWS\System32\bcryptPrimitives.dll
0x00007fff15890000 - 0x00007fff158b1000 	C:\Users\darie\.jdks\ms-21.0.8\bin\java.dll
0x00007fff8c7c0000 - 0x00007fff8cf0d000 	C:\WINDOWS\System32\SHELL32.dll
0x00007fff8b240000 - 0x00007fff8b3ac000 	C:\WINDOWS\System32\wintypes.dll
0x00007fff88bc0000 - 0x00007fff89419000 	C:\WINDOWS\SYSTEM32\windows.storage.dll
0x00007fff8c360000 - 0x00007fff8c450000 	C:\WINDOWS\System32\SHCORE.dll
0x00007fff8d820000 - 0x00007fff8d882000 	C:\WINDOWS\System32\shlwapi.dll
0x00007fff8ae90000 - 0x00007fff8aeb9000 	C:\WINDOWS\SYSTEM32\profapi.dll
0x00007ffee2960000 - 0x00007ffee2a36000 	C:\Users\darie\.jdks\ms-21.0.8\bin\jsvml.dll
0x00007fff45090000 - 0x00007fff450a1000 	C:\Users\darie\.jdks\ms-21.0.8\bin\net.dll
0x00007fff81fe0000 - 0x00007fff820ff000 	C:\WINDOWS\SYSTEM32\WINHTTP.dll
0x00007fff8a3f0000 - 0x00007fff8a45b000 	C:\WINDOWS\system32\mswsock.dll
0x00007fff3c9a0000 - 0x00007fff3c9b6000 	C:\Users\darie\.jdks\ms-21.0.8\bin\nio.dll
0x00007fff4a350000 - 0x00007fff4a368000 	C:\Users\darie\.jdks\ms-21.0.8\bin\zip.dll
0x00007fff5c9c0000 - 0x00007fff5c9d0000 	C:\Users\darie\.jdks\ms-21.0.8\bin\verify.dll
0x0000000056b50000 - 0x0000000056b79000 	C:\Users\darie\AppData\Local\Temp\libgdxAbdul Qadir\e787ab0a\gdx64.dll
0x00007ffee5a50000 - 0x00007ffee5ac5000 	C:\Users\darie\AppData\Local\Temp\lwjglAbdul Qadir\3.3.1-build-7\lwjgl.dll
0x00007ffeb12a0000 - 0x00007ffeb14f9000 	C:\Users\darie\AppData\Local\Temp\lwjglAbdul Qadir\3.3.1-build-7\jemalloc.dll
0x00007ffee59e0000 - 0x00007ffee5a41000 	C:\Users\darie\AppData\Local\Temp\lwjglAbdul Qadir\3.3.1-build-7\glfw.dll
0x00007ffee5990000 - 0x00007ffee59db000 	C:\WINDOWS\SYSTEM32\dinput8.dll
0x00007fff7fbb0000 - 0x00007fff7fbc2000 	C:\WINDOWS\SYSTEM32\xinput1_4.dll
0x00007fff8abf0000 - 0x00007fff8ac47000 	C:\WINDOWS\SYSTEM32\cfgmgr32.dll
0x00007fff8ac50000 - 0x00007fff8ac7d000 	C:\WINDOWS\SYSTEM32\DEVOBJ.dll
0x00007fff87f00000 - 0x00007fff87f2b000 	C:\WINDOWS\SYSTEM32\dwmapi.dll
0x00007fff6ff80000 - 0x00007fff7015a000 	C:\WINDOWS\SYSTEM32\inputhost.dll
0x00007fff83ff0000 - 0x00007fff84115000 	C:\WINDOWS\SYSTEM32\CoreMessaging.dll
0x00007fff8a6b0000 - 0x00007fff8a6bc000 	C:\WINDOWS\SYSTEM32\CRYPTBASE.DLL
0x00007fff85350000 - 0x00007fff853f8000 	C:\WINDOWS\system32\uxtheme.dll
0x00007fff8cf10000 - 0x00007fff8d068000 	C:\WINDOWS\System32\MSCTF.dll
0x00007ffec2500000 - 0x00007ffec2697000 	C:\Users\darie\AppData\Local\Temp\lwjglAbdul Qadir\3.3.1-build-7\OpenAL.dll
0x00007fff8d150000 - 0x00007fff8d2e8000 	C:\WINDOWS\System32\ole32.dll
0x00007fff8d9d0000 - 0x00007fff8da81000 	C:\WINDOWS\System32\clbcatq.dll
0x00007fff801e0000 - 0x00007fff80279000 	C:\WINDOWS\System32\MMDevApi.dll
0x00007fff74b50000 - 0x00007fff74d0b000 	C:\WINDOWS\SYSTEM32\AUDIOSES.DLL
0x00007fff88890000 - 0x00007fff888a4000 	C:\WINDOWS\SYSTEM32\resourcepolicyclient.dll
0x00007ffee60e0000 - 0x00007ffee61ec000 	C:\WINDOWS\SYSTEM32\opengl32.dll
0x00007fff69730000 - 0x00007fff6975d000 	C:\WINDOWS\SYSTEM32\GLU32.dll
0x00007fff88190000 - 0x00007fff881d4000 	C:\WINDOWS\SYSTEM32\dxcore.dll
0x00007fff810b0000 - 0x00007fff81110000 	C:\WINDOWS\SYSTEM32\directxdatabasehelper.dll
0x00007fff72f80000 - 0x00007fff72f9a000 	C:\WINDOWS\SYSTEM32\windows.staterepositorycore.dll
0x00007ffe4a2c0000 - 0x00007ffe4b830000 	C:\WINDOWS\System32\DriverStore\FileRepository\iigd_dch.inf_amd64_7138826cfb63f3f9\igxelpicd64.dll
0x00007fff85620000 - 0x00007fff8575a000 	C:\WINDOWS\SYSTEM32\dxgi.dll
0x00007ffecf200000 - 0x00007ffecf223000 	C:\WINDOWS\SYSTEM32\d3d12.dll
0x00007fff184a0000 - 0x00007fff18642000 	C:\WINDOWS\System32\DriverStore\FileRepository\iigd_dch.inf_amd64_7138826cfb63f3f9\igdml64.dll
0x00007fff7c790000 - 0x00007fff7cd3a000 	C:\WINDOWS\System32\DriverStore\FileRepository\iigd_dch.inf_amd64_7138826cfb63f3f9\igdgmm64.dll
0x00007fff77120000 - 0x00007fff7c394000 	C:\WINDOWS\System32\DriverStore\FileRepository\iigd_dch.inf_amd64_7138826cfb63f3f9\igc64.dll
0x00007ffee2fd0000 - 0x00007ffee302d000 	C:\Users\darie\AppData\Local\Temp\lwjglAbdul Qadir\3.3.1-build-7\lwjgl_opengl.dll
0x00007fff70c50000 - 0x00007fff70d99000 	C:\WINDOWS\SYSTEM32\textinputframework.dll
0x00007fff7f180000 - 0x00007fff7f463000 	C:\WINDOWS\SYSTEM32\CoreUIComponents.dll
0x0000000056af0000 - 0x0000000056b4a000 	C:\Users\darie\AppData\Local\Temp\libgdxAbdul Qadir\888fe1bc\gdx-box2d64.dll

JVMTI agents: none

dbghelp: loaded successfully - version: 4.0.5 - missing functions: none
symbol engine: initialized successfully - sym options: 0x614 - pdb path: .;C:\Users\darie\.jdks\ms-21.0.8\bin;C:\WINDOWS\SYSTEM32;C:\WINDOWS\WinSxS\amd64_microsoft.windows.common-controls_6595b64144ccf1df_6.0.26100.5074_none_3e0d6f78e32fd63f;C:\Users\darie\.jdks\ms-21.0.8\bin\server;C:\Users\darie\AppData\Local\Temp\libgdxAbdul Qadir\e787ab0a;C:\Users\darie\AppData\Local\Temp\lwjglAbdul Qadir\3.3.1-build-7;C:\WINDOWS\System32\DriverStore\FileRepository\iigd_dch.inf_amd64_7138826cfb63f3f9;C:\Users\darie\AppData\Local\Temp\libgdxAbdul Qadir\888fe1bc

VM Arguments:
jvm_args: -Dfile.encoding=UTF-8 -Duser.country=US -Duser.language=en -Duser.variant 
java_command: com.csse3200.game.desktop.DesktopLauncher
java_class_path (initial): F:\Github Class\New PR git\source\desktop\build\classes\java\main;F:\Github Class\New PR git\source\desktop\build\resources\main;C:\Users\darie\.gradle\caches\modules-2\files-2.1\com.badlogicgames.gdx\gdx-backend-lwjgl3\1.11.0\58a96db4cd349be4292d547856aa1e1c5f065f4e\gdx-backend-lwjgl3-1.11.0.jar;C:\Users\darie\.gradle\caches\modules-2\files-2.1\com.badlogicgames.gdx\gdx-platform\1.11.0\697fb13eada6d3c6ca648c9788692b0159add126\gdx-platform-1.11.0-natives-desktop.jar;C:\Users\darie\.gradle\caches\modules-2\files-2.1\com.badlogicgames.gdx\gdx-box2d-platform\1.11.0\62ff9baa1e57a11e0a4428a38c9660bf9f312fdc\gdx-box2d-platform-1.11.0-natives-desktop.jar;C:\Users\darie\.gradle\caches\modules-2\files-2.1\com.badlogicgames.gdx\gdx-tools\1.11.0\a5d30eafd0f2fbab314efdf6d98ebc27388b7c0a\gdx-tools-1.11.0.jar;C:\Users\darie\.gradle\caches\modules-2\files-2.1\com.badlogicgames.gdx-controllers\gdx-controllers-desktop\2.2.2\625b3bdbe803e9c4af181b4791202cfcf776d805\gdx-controllers-desktop-2.2.2.jar;F:\Github Class\New PR git\source\core\build\libs\core-1.0.jar;C:\Users\darie\.gradle\caches\modules-2\files-2.1\com.badlogicgames.gdx\gdx-backend-lwjgl\1.11.0\33555a2cf8b4d9db4122b2fe42e7674b343d8b4\gdx-backend-lwjgl-1.11.0.jar;C:\Users\darie\.gradle\caches\modules-2\files-2.1\com.badlogicgames.gdx\gdx-freetype\1.11.0\a3634ad2e6c56d251268d6ab5c0f66eee2841f2c\gdx-freetype-1.11.0.jar;C:\Users\darie\.gradle\caches\modules-2\files-2.1\com.badlogicgames.gdx\gdx-backend-headless\1.11.0\3c3d0c951db72891d894df1725d09179fd0bca00\gdx-backend-headless-1.11.0.jar;C:\Users\darie\.gradle\caches\modules-2\files-2.1\com.badlogicgames.gdx-controllers\gdx-controllers-core\2.2.2\25473efe9273912a03a4871a9e1469b41d86face\gdx-controllers-core-2.2.2.jar;C:\Users\darie\.gradle\caches\modules-2\files-2.1\net.dermetfan.libgdx-utils\libgdx-utils-box2d\0.13.4\918d79a20ea3c898cdb3611782c5b2bfa6ec575b\libgdx-utils-box2d-0.13.4.jar;C:\Users\darie\.gradle\caches\modules-2\files-2.1\com.badlogicgames.gdx\gdx-box2d\1.11.0\ad4facee800dd945d6d6e93dea2936bc135b5f\gdx-box2d-1.11.0.jar;C:\Users\darie\.gradle\caches\modules-2\files-2.1\net.dermetfan.libgdx-utils\libgdx-utils\0.13.4\27affad2873d1c9c366a2290fc51f3927f3a5f83\libgdx-utils-0.13.4.jar;C:\Users\darie\.gradle\caches\modules-2\files-2.1\com.badlogicgames.gdx\gdx\1.11.0\ffe1206d1004cd9e40027e28964be0fea0399af7\gdx-1.11.0.jar;C:\Users\darie\.gradle\caches\modules-2\files-2.1\org.lwjgl\lwjgl-glfw\3.3.1\cbac1b8d30cb4795149c1ef540f912671a8616d0\lwjgl-glfw-3.3.1.jar;C:\Users\darie\.gradle\caches\modules-2\files-2.1\org.lwjgl\lwjgl-glfw\3.3.1\81716978214ecbda15050ca394b06ef61501a49e\lwjgl-glfw-3.3.1-natives-linux.jar;C:\Users\darie\.gradle\caches\modules-2\files-2.1\org.lwjgl\lwjgl-glfw\3.3.1\816d935933f2dd743074c4e717cc25b55720f294\lwjgl-glfw-3.3.1-natives-linux-arm32.jar;C:\Users\darie\.gradle\caches\modules-2\files-2.1\org.lwjgl\lwjgl-glfw\3.3.1\513eb39b866d0fe131a18d5c517087805433b029\lwjgl-glfw-3.3.1-natives-linux-arm64.jar;C:\Users\darie\.gradle\caches\modules-2\files-2.1\org.lwjgl\lwjgl-glfw\3.3.1\9ec4ce1fc8c85fdef03ef4ff2aace6f5775fb280\lwjgl-glfw-3.3.1-natives-macos.jar;C:\Users\darie\.gradle\caches\modules-2\files-2.1\org.lwjgl\lwjgl-glfw\3.3.1\cac0d3f712a3da7641fa174735a5f315de7ffe0a\lwjgl-glfw-3.3.1-natives-macos-arm64.jar;C:\Users\darie\.gradle\caches\modules-2\files-2.1\org.lwjgl\lwjgl-glfw\3.3.1\ed892f945cf7e79c8756796f32d00fa4ceaf573b\lwjgl-glfw-3.3.1-natives-windows.jar;C:\Users\darie\.gradle\caches\modules-2\files-2.1\org.lwjgl\lwjgl-glfw\3.3.1\b997e3391d6ce8f05487e7335d95c606043884a1\lwjgl-glfw-3.3.1-natives-windows-x86.jar;C:\Users\darie\.gradle\caches\modules-2\files-2.1\org.lwjgl\lwjgl-jemalloc\3.3.1\a817bcf213db49f710603677457567c37d53e103\lwjgl-jemalloc-3.3.1.jar;C:\Users\darie\.gradle\caches\modules-2\files-2.1\org.lwjgl\lwjgl-jemalloc\3.3.1\33dbb017b6ed6b25f993ad9d56741a49e7937718\lwjgl-jemalloc-3.3.1-natives-linux.jar;C:\Users\darie\.gradle\caches\modules-2\files-2.1\org.lwjgl\lwjgl-jemalloc\3.3.1\a96a6d6cb3876d7813fcee53c3c24f246aeba3b3\lwjgl-jemalloc-3.3.1-natives-linux-arm32.jar;C:\Users\darie\.gradle\caches\modules-2\files-2.1\org.lwjgl\lwjgl-jemalloc\3.3.1\c6606e57db075ad218a2e78d2416c159a53b6a0c\lwjgl-jemalloc-3.3.1-natives-linux-arm64.jar;C:\Users\darie\.gradle\caches\modules-2\files-2.1\org.lwjgl\lwjgl-jemalloc\3.3.1\56424dc8db3cfb8e7b594aa6d59a4f4387b7f544\lwjgl-jemalloc-3.3.1-natives-macos.jar;C:\Users\darie\.gradle\caches\modules-2\files-2.1\org.lwjgl\lwjgl-jemalloc\3.3.1\e577b87d8ad2ade361aaea2fcf226c660b15dee8\lwjgl-jemalloc-3.3.1-natives-macos-arm64.jar;C:\Users\darie\.gradle\caches\modules-2\files-2.1\org.lwjgl\lwjgl-jemalloc\3.3.1\948a89b76a16aa324b046ae9308891216ffce5f9\lwjgl-jemalloc-3.3.1-natives-windows.jar;C:\Users\darie\.gradle\caches\modules-2\files-2.1\org.lwjgl\lwjgl-jemalloc\3.3.1\fb476c8ec110e1c137ad3ce8a7f7bfe6b11c6324\lwjgl-jemalloc-3.3.1-natives-windows-x86.jar;C:\Users\darie\.gradle\caches\modules-2\files-2.1\org.lwjgl\lwjgl-openal\3.3.1\2623a6b8ae1dfcd880738656a9f0243d2e6840bd\lwjgl-openal-3.3.1.jar;C:\Users\darie\.gradle\caches\modules-2\files-2.1\org.lwjgl\lwjgl-openal\3.3.1\f906b6439f6daa66001182ea7727e3467a93681b\lwjgl-openal-3.3.1-natives-linux.jar;C:\Users\darie\.gradle\caches\modules-2\files-2.1\org.lwjgl\lwjgl-openal\3.3.1\ffbe35d7fa5ec9b7eca136a7c71f24d4025a510b\lwjgl-openal-3.3.1-natives-linux-arm32.jar;C:\Users\darie\.gradle\caches\modules-2\files-2.1\org.lwjgl\lwjgl-openal\3.3.1\cf4e303257e82981b8b2e31bba3d7f8f7b8f42b2\lwjgl-openal-3.3.1-natives-linux-arm64.jar;C:\Users\darie\.gradle\caches\modules-2\files-2.1\org.lwjgl\lwjgl-openal\3.3.1\3a57b8911835fb58b5e558d0ca0d28157e263d45\lwjgl-openal-3.3.1-natives-macos.jar;C:\Users\darie\.gradle\caches\modules-2\files-2.1\org.lwjgl\lwjgl-openal\3.3.1\23d55e7490b57495320f6c9e1936d78fd72c4ef8\lwjgl-openal-3.3.1-natives-macos-arm64.jar;C:\Users\darie\.gradle\caches\modules-2\files-2.1\org.lwjgl\lwjgl-openal\3.3.1\30a474d0e57193d7bc128849a3ab66bc9316fdb1\lwjgl-openal-3.3.1-natives-windows.jar;C:\Users\darie\.gradle\caches\modules-2\files-2.1\org.lwjgl\lwjgl-openal\3.3.1\888349f7b1be6fbae58bf8edfb9ef12def04c4e3\lwjgl-openal-3.3.1-natives-windows-x86.jar;C:\Users\darie\.gradle\caches\modules-2\files-2.1\org.lwjgl\lwjgl-opengl\3.3.1\831a5533a21a5f4f81bbc51bb13e9899319b5411\lwjgl-opengl-3.3.1.jar;C:\Users\darie\.gradle\caches\modules-2\files-2.1\org.lwjgl\lwjgl-opengl\3.3.1\ab9ab6fde3743e3550fa5d46d785ecb45b047d99\lwjgl-opengl-3.3.1-natives-linux.jar;C:\Users\darie\.gradle\caches\modules-2\files-2.1\org.lwjgl\lwjgl-opengl\3.3.1\e3550fa91097fd56e361b4370fa822220fef3595\lwjgl-opengl-3.3.1-natives-linux-arm32.jar;C:\Users\darie\.gradle\caches\modules-2\files-2.1\org.lwjgl\lwjgl-opengl\3.3.1\1c528fb258a6e63e8fceb4482d8db0f3af10a634\lwjgl-opengl-3.3.1-natives-linux-arm64.jar;C:\Users\darie\.gradle\caches\modules-2\files-2.1\org.lwjgl\lwjgl-opengl\3.3.1\a0d12697ea019a7362eff26475b0531340e876a6\lwjgl-opengl-3.3.1-natives-macos.jar;C:\Users\darie\.gradle\caches\modules-2\files-2.1\org.lwjgl\lwjgl-opengl\3.3.1\eafe34b871d966292e8db0f1f3d6b8b110d4e91d\lwjgl-opengl-3.3.1-natives-macos-arm64.jar;C:\Users\darie\.gradle\caches\modules-2\files-2.1\org.lwjgl\lwjgl-opengl\3.3.1\c1807e9bd571402787d7e37e3029776ae2513bb8\lwjgl-opengl-3.3.1-natives-windows.jar;C:\Users\darie\.gradle\caches\modules-2\files-2.1\org.lwjgl\lwjgl-opengl\3.3.1\deef3eb9b178ff2ff3ce893cc72ae741c3a17974\lwjgl-opengl-3.3.1-natives-windows-x86.jar;C:\Users\darie\.gradle\caches\modules-2\files-2.1\org.lwjgl\lwjgl-stb\3.3.1\b119297cf8ed01f247abe8685857f8e7fcf5980f\lwjgl-stb-3.3.1.jar;C:\Users\darie\.gradle\caches\modules-2\files-2.1\org.lwjgl\lwjgl-stb\3.3.1\3ee7aec8686e52867677110415566a5342a80230\lwjgl-stb-3.3.1-natives-linux.jar;C:\Users\darie\.gradle\caches\modules-2\files-2.1\org.lwjgl\lwjgl-stb\3.3.1\b08226bab162c06ae69337d8a1b0ee0a3fdf0b90\lwjgl-stb-3.3.1-natives-linux-arm32.jar;C:\Users\darie\.gradle\caches\modules-2\files-2.1\org.lwjgl\lwjgl-stb\3.3.1\8e8348a1813aad7f30aaf75ea197151ebb7beba9\lwjgl-stb-3.3.1-natives-linux-arm64.jar;C:\Users\darie\.gradle\caches\modules-2\files-2.1\org.lwjgl\lwjgl-stb\3.3.1\def8879b8d38a47a4cc1d48b1f9a7b772e51258e\lwjgl-stb-3.3.1-natives-macos.jar;C:\Users\darie\.gradle\caches\modules-2\files-2.1\org.lwjgl\lwjgl-stb\3.3.1\fcf073ed911752abdca5f0b00a53cfdf17ff8e8b\lwjgl-stb-3.3.1-natives-macos-arm64.jar;C:\Users\darie\.gradle\caches\modules-2\files-2.1\org.lwjgl\lwjgl-stb\3.3.1\86315914ac119efdb02dc9e8e978ade84f1702af\lwjgl-stb-3.3.1-natives-windows.jar;C:\Users\darie\.gradle\caches\modules-2\files-2.1\org.lwjgl\lwjgl-stb\3.3.1\a8d41f419eecb430b7c91ea2ce2c5c451cae2091\lwjgl-stb-3.3.1-natives-windows-x86.jar;C:\Users\darie\.gradle\caches\modules-2\files-2.1\org.lwjgl\lwjgl\3.3.1\ae58664f88e18a9bb2c77b063833ca7aaec484cb\lwjgl-3.3.1.jar;C:\Users\darie\.gradle\caches\modules-2\files-2.1\org.lwjgl\lwjgl\3.3.1\1de885aba434f934201b99f2f1afb142036ac189\lwjgl-3.3.1-natives-linux.jar;C:\Users\darie\.gradle\caches\modules-2\files-2.1\org.lwjgl\lwjgl\3.3.1\41a3c1dd15d6b964eb8196dde69720a3e3e5e969\lwjgl-3.3.1-natives-linux-arm32.jar;C:\Users\darie\.gradle\caches\modules-2\files-2.1\org.lwjgl\lwjgl\3.3.1\b597401014acb7196c76d97e15a6288f54f1f692\lwjgl-3.3.1-natives-linux-arm64.jar;C:\Users\darie\.gradle\caches\modules-2\files-2.1\org.lwjgl\lwjgl\3.3.1\fc6bb723dec2cd031557dccb2a95f0ab80acb9db\lwjgl-3.3.1-natives-macos.jar;C:\Users\darie\.gradle\caches\modules-2\files-2.1\org.lwjgl\lwjgl\3.3.1\71d0d5e469c9c95351eb949064497e3391616ac9\lwjgl-3.3.1-natives-macos-arm64.jar;C:\Users\darie\.gradle\caches\modules-2\files-2.1\org.lwjgl\lwjgl\3.3.1\36c37f16ab611b3aa11f3bcf80b1d509b4ce6b\lwjgl-3.3.1-natives-windows.jar;C:\Users\darie\.gradle\caches\modules-2\files-2.1\org.lwjgl\lwjgl\3.3.1\3b14f4beae9dd39791ec9e12190a9380cd8a3ce6\lwjgl-3.3.1-natives-windows-x86.jar;C:\Users\darie\.gradle\caches\modules-2\files-2.1\com.badlogicgames.jlayer\jlayer\1.0.1-gdx\7cca83cec5c1b2f011362f4d85aabd71a73b049d\jlayer-1.0.1-gdx.jar;C:\Users\darie\.gradle\caches\modules-2\files-2.1\org.jcraft\jorbis\0.0.17\8872d22b293e8f5d7d56ff92be966e6dc28ebdc6\jorbis-0.0.17.jar;C:\Users\darie\.gradle\caches\modules-2\files-2.1\com.badlogicgames.jamepad\jamepad\2.0.20.0\55eb0007fd55c9914d106dac3387b9d444572cab\jamepad-2.0.20.0.jar;C:\Users\darie\.gradle\caches\modules-2\files-2.1\org.slf4j\slf4j-jdk14\1.7.36\4a18af6554bfe48b0f76eec98119c417da23c7e1\slf4j-jdk14-1.7.36.jar;C:\Users\darie\.gradle\caches\modules-2\files-2.1\org.slf4j\slf4j-api\1.7.36\6c62681a2f655b49963a5983b8b0950a6120ae14\slf4j-api-1.7.36.jar;C:\Users\darie\.gradle\caches\modules-2\files-2.1\com.badlogicgames.gdx\gdx-jnigen-loader\2.3.1\2d472f69243631fbcb3d4c3f93dd2e137a6cb084\gdx-jnigen-loader-2.3.1.jar;C:\Users\darie\.gradle\caches\modules-2\files-2.1\org.lwjgl.lwjgl\lwjgl\2.9.3\3df168ac74e4a8c96562cdff24ad352e255bf89c\lwjgl-2.9.3.jar;C:\Users\darie\.gradle\caches\modules-2\files-2.1\org.lwjgl.lwjgl\lwjgl-platform\2.9.3\fbc2afb3e288578e9942578decb6291a490549a0\lwjgl-platform-2.9.3-natives-windows.jar;C:\Users\darie\.gradle\caches\modules-2\files-2.1\org.lwjgl.lwjgl\lwjgl-platform\2.9.3\b1eafe80093381c56415731e1d64279e6140bcd0\lwjgl-platform-2.9.3-natives-linux.jar;C:\Users\darie\.gradle\caches\modules-2\files-2.1\org.lwjgl.lwjgl\lwjgl-platform\2.9.3\6686cf6ddaa20b4290aa6599a09bc0d17369be05\lwjgl-platform-2.9.3-natives-osx.jar;C:\Users\darie\.gradle\caches\modules-2\files-2.1\net.java.jinput\jinput\2.0.5\39c7796b469a600f72380316f6b1f11db6c2c7c4\jinput-2.0.5.jar;C:\Users\darie\.gradle\caches\modules-2\files-2.1\net.java.jutils\jutils\1.0.0\e12fe1fda814bd348c1579329c86943d2cd3c6a6\jutils-1.0.0.jar;C:\Users\darie\.gradle\caches\modules-2\files-2.1\net.java.jinput\jinput-platform\2.0.5\7ff832a6eb9ab6a767f1ade2b548092d0fa64795\jinput-platform-2.0.5-natives-linux.jar;C:\Users\darie\.gradle\caches\modules-2\files-2.1\net.java.jinput\jinput-platform\2.0.5\385ee093e01f587f30ee1c8a2ee7d408fd732e16\jinput-platform-2.0.5-natives-windows.jar;C:\Users\darie\.gradle\caches\modules-2\files-2.1\net.java.jinput\jinput-platform\2.0.5\53f9c919f34d2ca9de8c51fc4e1e8282029a9232\jinput-platform-2.0.5-natives-osx.jar
Launcher Type: SUN_STANDARD

[Global flags]
     intx CICompilerCount                          = 15                                        {product} {ergonomic}
     uint ConcGCThreads                            = 6                                         {product} {ergonomic}
     uint G1ConcRefinementThreads                  = 23                                        {product} {ergonomic}
   size_t G1HeapRegionSize                         = 2097152                                   {product} {ergonomic}
    uintx GCDrainStackTargetSize                   = 64                                        {product} {ergonomic}
   size_t InitialHeapSize                          = 264241152                                 {product} {ergonomic}
   size_t MarkStackSize                            = 4194304                                   {product} {ergonomic}
   size_t MaxHeapSize                              = 4213178368                                {product} {ergonomic}
   size_t MaxNewSize                               = 2527068160                                {product} {ergonomic}
   size_t MinHeapDeltaBytes                        = 2097152                                   {product} {ergonomic}
   size_t MinHeapSize                              = 8388608                                   {product} {ergonomic}
    uintx NonNMethodCodeHeapSize                   = 8192380                                {pd product} {ergonomic}
    uintx NonProfiledCodeHeapSize                  = 121732930                              {pd product} {ergonomic}
    uintx ProfiledCodeHeapSize                     = 121732930                              {pd product} {ergonomic}
    uintx ReservedCodeCacheSize                    = 251658240                              {pd product} {ergonomic}
     bool SegmentedCodeCache                       = true                                      {product} {ergonomic}
   size_t SoftMaxHeapSize                          = 4213178368                             {manageable} {ergonomic}
     bool UseCompressedOops                        = true                           {product lp64_product} {ergonomic}
     bool UseG1GC                                  = true                                      {product} {ergonomic}
     bool UseLargePagesIndividualAllocation        = false                                  {pd product} {ergonomic}

Logging:
Log output configuration:
 #0: stdout all=warning uptime,level,tags foldmultilines=false
 #1: stderr all=off uptime,level,tags foldmultilines=false

Environment Variables:
PATH=C:\Windows\system32;C:\Windows;C:\Windows\System32\Wbem;C:\Windows\System32\WindowsPowerShell\v1.0\;C:\Windows\System32\OpenSSH\;C:\Program Files\dotnet\;C:\Program Files (x86)\NVIDIA Corporation\PhysX\Common;C:\Program Files\NVIDIA Corporation\NVIDIA NvDLISR;C:\Program Files\nodejs\;C:\WINDOWS\system32;C:\WINDOWS;C:\WINDOWS\System32\Wbem;C:\WINDOWS\System32\WindowsPowerShell\v1.0\;C:\WINDOWS\System32\OpenSSH\;C:\Program Files\Git\cmd;C:\Program Files (x86)\sox-14-4-2\sox.exe;C:\Users\darie\AppData\Local\Microsoft\WindowsApps;C:\Users\darie\AppData\Local\Programs\cursor\resources\app\bin;C:\Users\darie\AppData\Roaming\npm;C:\Users\darie\AppData\Local\Programs\Microsoft VS Code\bin;;C:\ghcup\bin;C:\Program Files\JetBrains\IntelliJ IDEA 2025.2\bin
USERNAME=Abdul Qadir
OS=Windows_NT
PROCESSOR_IDENTIFIER=Intel64 Family 6 Model 183 Stepping 1, GenuineIntel
TMP=C:\Users\darie\AppData\Local\Temp
TEMP=C:\Users\darie\AppData\Local\Temp




Periodic native trim disabled

---------------  S Y S T E M  ---------------

OS:
 Windows 11 , 64 bit Build 26100 (10.0.26100.5074)
OS uptime: 0 days 22:41 hours
Hyper-V role detected

CPU: total 32 (initial active 32) (16 cores per cpu, 2 threads per core) family 6 model 183 stepping 1 microcode 0x12c, cx8, cmov, fxsr, ht, mmx, 3dnowpref, sse, sse2, sse3, ssse3, sse4.1, sse4.2, popcnt, lzcnt, tsc, tscinvbit, avx, avx2, aes, erms, clmul, bmi1, bmi2, adx, sha, fma, vzeroupper, clflush, clflushopt, clwb, hv, serialize, rdtscp, rdpid, fsrm, f16c, cet_ibt, cet_ss
Processor Information for processor 0
  Max Mhz: 2200, Current Mhz: 2200, Mhz Limit: 2200
Processor Information for processor 1
  Max Mhz: 2200, Current Mhz: 2200, Mhz Limit: 2200
Processor Information for processor 2
  Max Mhz: 2200, Current Mhz: 2200, Mhz Limit: 2200
Processor Information for processor 3
  Max Mhz: 2200, Current Mhz: 2200, Mhz Limit: 2200
Processor Information for processor 4
  Max Mhz: 2200, Current Mhz: 2200, Mhz Limit: 2200
Processor Information for processor 5
  Max Mhz: 2200, Current Mhz: 2200, Mhz Limit: 2200
Processor Information for processor 6
  Max Mhz: 2200, Current Mhz: 2200, Mhz Limit: 2200
Processor Information for processor 7
  Max Mhz: 2200, Current Mhz: 2200, Mhz Limit: 2200
Processor Information for processor 8
  Max Mhz: 2200, Current Mhz: 2200, Mhz Limit: 2200
Processor Information for processor 9
  Max Mhz: 2200, Current Mhz: 2200, Mhz Limit: 2200
Processor Information for processor 10
  Max Mhz: 2200, Current Mhz: 2200, Mhz Limit: 2200
Processor Information for processor 11
  Max Mhz: 2200, Current Mhz: 2200, Mhz Limit: 2200
Processor Information for processor 12
  Max Mhz: 2200, Current Mhz: 2200, Mhz Limit: 2200
Processor Information for processor 13
  Max Mhz: 2200, Current Mhz: 2200, Mhz Limit: 2200
Processor Information for processor 14
  Max Mhz: 2200, Current Mhz: 2200, Mhz Limit: 2200
Processor Information for processor 15
  Max Mhz: 2200, Current Mhz: 2200, Mhz Limit: 2200
Processor Information for processor 16
  Max Mhz: 2200, Current Mhz: 2200, Mhz Limit: 2200
Processor Information for processor 17
  Max Mhz: 2200, Current Mhz: 2200, Mhz Limit: 2200
Processor Information for processor 18
  Max Mhz: 2200, Current Mhz: 2200, Mhz Limit: 2200
Processor Information for processor 19
  Max Mhz: 2200, Current Mhz: 1512, Mhz Limit: 2200
Processor Information for processor 20
  Max Mhz: 2200, Current Mhz: 2200, Mhz Limit: 2200
Processor Information for processor 21
  Max Mhz: 2200, Current Mhz: 1512, Mhz Limit: 2200
Processor Information for processor 22
  Max Mhz: 2200, Current Mhz: 2200, Mhz Limit: 2200
Processor Information for processor 23
  Max Mhz: 2200, Current Mhz: 2200, Mhz Limit: 2200
Processor Information for processor 24
  Max Mhz: 2200, Current Mhz: 2200, Mhz Limit: 2200
Processor Information for processor 25
  Max Mhz: 2200, Current Mhz: 1512, Mhz Limit: 2200
Processor Information for processor 26
  Max Mhz: 2200, Current Mhz: 2200, Mhz Limit: 2200
Processor Information for processor 27
  Max Mhz: 2200, Current Mhz: 2200, Mhz Limit: 2200
Processor Information for processor 28
  Max Mhz: 2200, Current Mhz: 1512, Mhz Limit: 2200
Processor Information for processor 29
  Max Mhz: 2200, Current Mhz: 1512, Mhz Limit: 2200
Processor Information for processor 30
  Max Mhz: 2200, Current Mhz: 2200, Mhz Limit: 2200
Processor Information for processor 31
  Max Mhz: 2200, Current Mhz: 2200, Mhz Limit: 2200

Memory: 4k page, system-wide physical 16068M (973M free)
TotalPageFile size 48836M (AvailPageFile size 14486M)
current process WorkingSet (physical memory assigned to process): 1016M, peak: 1030M
current process commit charge ("private bytes"): 1232M, peak: 1247M

vm_info: OpenJDK 64-Bit Server VM (21.0.8+9-LTS) for windows-amd64 JRE (21.0.8+9-LTS), built on 2025-07-10T20:22:44Z by "MicrosoftCorporation" with unknown MS VC++:1944

END.
